This file contains any messages produced by compilers while
running configure, to aid debugging if configure makes a mistake.

It was created by cloog configure 0.18.1, which was
generated by GNU Autoconf 2.69.  Invocation command line was

  $ /Volumes/ESPTools/esp-open-sdk/crosstool-NG/.build/src/cloog-0.18.1/configure --build=x86_64-build_apple-darwin14.0.0 --host=x86_64-build_apple-darwin14.0.0 --prefix=/Volumes/ESPTools/esp-open-sdk/crosstool-NG/.build/xtensa-lx106-elf/buildtools --with-bits=gmp --with-host-libstdcxx=-lstdc++ --disable-shared --enable-static --with-gmp=system --with-gmp-prefix=/Volumes/ESPTools/esp-open-sdk/crosstool-NG/.build/xtensa-lx106-elf/buildtools --with-isl=system --with-isl-prefix=/Volumes/ESPTools/esp-open-sdk/crosstool-NG/.build/xtensa-lx106-elf/buildtools --without-osl

## --------- ##
## Platform. ##
## --------- ##

hostname = Macintosh-2.local
uname -m = x86_64
uname -r = 14.0.0
uname -s = Darwin
uname -v = Darwin Kernel Version 14.0.0: Fri Sep 19 00:26:44 PDT 2014; root:xnu-2782.1.97~2/RELEASE_X86_64

/usr/bin/uname -p = i386
/bin/uname -X     = unknown

/bin/arch              = unknown
/usr/bin/arch -k       = unknown
/usr/convex/getsysinfo = unknown
/usr/bin/hostinfo      = Mach kernel version:
	 Darwin Kernel Version 14.0.0: Fri Sep 19 00:26:44 PDT 2014; root:xnu-2782.1.97~2/RELEASE_X86_64
Kernel configured for up to 8 processors.
4 processors are physically available.
8 processors are logically available.
Processor type: i486 (Intel 80486)
Processors active: 0 1 2 3 4 5 6 7
Primary memory available: 16.00 gigabytes
Default processor set: 308 tasks, 1615 threads, 8 processors
Load average: 3.34, Mach factor: 5.08
/bin/machine           = unknown
/usr/bin/oslevel       = unknown
/bin/universe          = unknown

PATH: /esptools/esp-open-sdk/xtensa-lx106-elf/bin
PATH: /Volumes/ESPTools/esp-open-sdk/crosstool-NG/.build/xtensa-lx106-elf/buildtools/bin
PATH: /Volumes/ESPTools/esp-open-sdk/crosstool-NG/.build/tools/bin
PATH: /opt/local/bin
PATH: /opt/local/sbin
PATH: /opt/local/bin
PATH: /opt/local/sbin
PATH: /usr/bin
PATH: /bin
PATH: /usr/sbin
PATH: /sbin
PATH: /usr/local/bin
PATH: /opt/local/bin/
PATH: /opt/X11/bin
PATH: /usr/local/git/bin
PATH: /usr/local/MacGPG2/bin


## ----------- ##
## Core tests. ##
## ----------- ##

configure:2427: checking for a BSD-compatible install
configure:2495: result: /Volumes/ESPTools/esp-open-sdk/crosstool-NG/.build/tools/bin/install -c
configure:2506: checking whether build environment is sane
configure:2556: result: yes
configure:2697: checking for a thread-safe mkdir -p
configure:2736: result: /Volumes/ESPTools/esp-open-sdk/crosstool-NG/.build/src/cloog-0.18.1/autoconf/install-sh -c -d
configure:2749: checking for gawk
configure:2765: found /opt/local/bin/gawk
configure:2776: result: gawk
configure:2787: checking whether make sets $(MAKE)
configure:2809: result: yes
configure:2900: checking whether make supports nested variables
configure:2917: result: yes
configure:2938: checking for x86_64-build_apple-darwin14.0.0-gcc
configure:2954: found /Volumes/ESPTools/esp-open-sdk/crosstool-NG/.build/xtensa-lx106-elf/buildtools/bin/x86_64-build_apple-darwin14.0.0-gcc
configure:2965: result: x86_64-build_apple-darwin14.0.0-gcc
configure:3234: checking for C compiler version
configure:3243: x86_64-build_apple-darwin14.0.0-gcc --version >&5
Apple LLVM version 6.0 (clang-600.0.57) (based on LLVM 3.5svn)
Target: x86_64-apple-darwin14.0.0
Thread model: posix
Configured with: --prefix=/Applications/Xcode.app/Contents/Developer/usr --with-gxx-include-dir=/usr/include/c++/4.2.1
configure:3254: $? = 0
configure:3243: x86_64-build_apple-darwin14.0.0-gcc -v >&5
Configured with: --prefix=/Applications/Xcode.app/Contents/Developer/usr --with-gxx-include-dir=/usr/include/c++/4.2.1
Apple LLVM version 6.0 (clang-600.0.57) (based on LLVM 3.5svn)
Target: x86_64-apple-darwin14.0.0
Thread model: posix
configure:3254: $? = 0
configure:3243: x86_64-build_apple-darwin14.0.0-gcc -V >&5
clang: error: argument to '-V' is missing (expected 1 value)
clang: error: no input files
configure:3254: $? = 1
configure:3243: x86_64-build_apple-darwin14.0.0-gcc -qversion >&5
clang: error: unknown argument: '-qversion'
clang: error: no input files
configure:3254: $? = 1
configure:3274: checking whether the C compiler works
configure:3296: x86_64-build_apple-darwin14.0.0-gcc -O2 -g -pipe     conftest.c -lm >&5
configure:3300: $? = 0
configure:3348: result: yes
configure:3351: checking for C compiler default output file name
configure:3353: result: a.out
configure:3359: checking for suffix of executables
configure:3366: x86_64-build_apple-darwin14.0.0-gcc -o conftest -O2 -g -pipe     conftest.c -lm >&5
configure:3370: $? = 0
configure:3392: result: 
configure:3414: checking whether we are cross compiling
configure:3422: x86_64-build_apple-darwin14.0.0-gcc -o conftest -O2 -g -pipe     conftest.c -lm >&5
configure:3426: $? = 0
configure:3433: ./conftest
configure:3437: $? = 0
configure:3452: result: no
configure:3457: checking for suffix of object files
configure:3479: x86_64-build_apple-darwin14.0.0-gcc -c -O2 -g -pipe   conftest.c >&5
configure:3483: $? = 0
configure:3504: result: o
configure:3508: checking whether we are using the GNU C compiler
configure:3527: x86_64-build_apple-darwin14.0.0-gcc -c -O2 -g -pipe   conftest.c >&5
configure:3527: $? = 0
configure:3536: result: yes
configure:3545: checking whether x86_64-build_apple-darwin14.0.0-gcc accepts -g
configure:3565: x86_64-build_apple-darwin14.0.0-gcc -c -g  conftest.c >&5
configure:3565: $? = 0
configure:3606: result: yes
configure:3623: checking for x86_64-build_apple-darwin14.0.0-gcc option to accept ISO C89
configure:3686: x86_64-build_apple-darwin14.0.0-gcc  -c -O2 -g -pipe   conftest.c >&5
configure:3686: $? = 0
configure:3699: result: none needed
configure:3730: checking for style of include used by make
configure:3758: result: GNU
configure:3784: checking dependency style of x86_64-build_apple-darwin14.0.0-gcc
configure:3895: result: gcc3
configure:3910: checking whether ln -s works
configure:3914: result: yes
configure:3921: checking whether make sets $(MAKE)
configure:3943: result: yes
configure:3954: checking for cd
configure:3970: found /usr/bin/cd
configure:3984: result: no
configure:4019: checking build system type
configure:4033: result: x86_64-build_apple-darwin14.0.0
configure:4053: checking host system type
configure:4066: result: x86_64-build_apple-darwin14.0.0
configure:4107: checking how to print strings
configure:4134: result: printf
configure:4155: checking for a sed that does not truncate output
configure:4219: result: /Volumes/ESPTools/esp-open-sdk/crosstool-NG/.build/tools/bin/sed
configure:4237: checking for grep that handles long lines and -e
configure:4295: result: /Volumes/ESPTools/esp-open-sdk/crosstool-NG/.build/tools/bin/grep
configure:4300: checking for egrep
configure:4362: result: /Volumes/ESPTools/esp-open-sdk/crosstool-NG/.build/tools/bin/grep -E
configure:4367: checking for fgrep
configure:4429: result: /Volumes/ESPTools/esp-open-sdk/crosstool-NG/.build/tools/bin/grep -F
configure:4464: checking for ld used by x86_64-build_apple-darwin14.0.0-gcc
configure:4531: result: /Applications/Xcode.app/Contents/Developer/Toolchains/XcodeDefault.xctoolchain/usr/bin/ld
configure:4538: checking if the linker (/Applications/Xcode.app/Contents/Developer/Toolchains/XcodeDefault.xctoolchain/usr/bin/ld) is GNU ld
configure:4553: result: no
configure:4565: checking for BSD- or MS-compatible name lister (nm)
configure:4614: result: /Volumes/ESPTools/esp-open-sdk/crosstool-NG/.build/xtensa-lx106-elf/buildtools/bin/x86_64-build_apple-darwin14.0.0-nm
configure:4744: checking the name lister (/Volumes/ESPTools/esp-open-sdk/crosstool-NG/.build/xtensa-lx106-elf/buildtools/bin/x86_64-build_apple-darwin14.0.0-nm) interface
configure:4751: x86_64-build_apple-darwin14.0.0-gcc -c -O2 -g -pipe   conftest.c >&5
configure:4754: /Volumes/ESPTools/esp-open-sdk/crosstool-NG/.build/xtensa-lx106-elf/buildtools/bin/x86_64-build_apple-darwin14.0.0-nm "conftest.o"
configure:4757: output
0000000000000278 S _some_variable
configure:4764: result: BSD nm
configure:4768: checking the maximum length of command line arguments
configure:4899: result: 196608
configure:4916: checking whether the shell understands some XSI constructs
configure:4926: result: yes
configure:4930: checking whether the shell understands "+="
configure:4936: result: yes
configure:4971: checking how to convert x86_64-build_apple-darwin14.0.0 file names to x86_64-build_apple-darwin14.0.0 format
configure:5011: result: func_convert_file_noop
configure:5018: checking how to convert x86_64-build_apple-darwin14.0.0 file names to toolchain format
configure:5038: result: func_convert_file_noop
configure:5045: checking for /Applications/Xcode.app/Contents/Developer/Toolchains/XcodeDefault.xctoolchain/usr/bin/ld option to reload object files
configure:5052: result: -r
configure:5086: checking for x86_64-build_apple-darwin14.0.0-objdump
configure:5102: found /Volumes/ESPTools/esp-open-sdk/crosstool-NG/.build/xtensa-lx106-elf/buildtools/bin/x86_64-build_apple-darwin14.0.0-objdump
configure:5113: result: x86_64-build_apple-darwin14.0.0-objdump
configure:5185: checking how to recognize dependent libraries
configure:5383: result: pass_all
configure:5428: checking for x86_64-build_apple-darwin14.0.0-dlltool
configure:5458: result: no
configure:5468: checking for dlltool
configure:5498: result: no
configure:5528: checking how to associate runtime and link libraries
configure:5555: result: printf %s\n
configure:5572: checking for x86_64-build_apple-darwin14.0.0-ar
configure:5588: found /Volumes/ESPTools/esp-open-sdk/crosstool-NG/.build/xtensa-lx106-elf/buildtools/bin/x86_64-build_apple-darwin14.0.0-ar
configure:5599: result: x86_64-build_apple-darwin14.0.0-ar
configure:5680: checking for archiver @FILE support
configure:5697: x86_64-build_apple-darwin14.0.0-gcc -c -O2 -g -pipe   conftest.c >&5
configure:5697: $? = 0
configure:5700: x86_64-build_apple-darwin14.0.0-ar cru libconftest.a @conftest.lst >&5
ar: @conftest.lst: No such file or directory
configure:5703: $? = 1
configure:5723: result: no
configure:5741: checking for x86_64-build_apple-darwin14.0.0-strip
configure:5757: found /Volumes/ESPTools/esp-open-sdk/crosstool-NG/.build/xtensa-lx106-elf/buildtools/bin/x86_64-build_apple-darwin14.0.0-strip
configure:5768: result: x86_64-build_apple-darwin14.0.0-strip
configure:5840: checking for x86_64-build_apple-darwin14.0.0-ranlib
configure:5856: found /Volumes/ESPTools/esp-open-sdk/crosstool-NG/.build/xtensa-lx106-elf/buildtools/bin/x86_64-build_apple-darwin14.0.0-ranlib
configure:5867: result: x86_64-build_apple-darwin14.0.0-ranlib
configure:6009: checking command to parse /Volumes/ESPTools/esp-open-sdk/crosstool-NG/.build/xtensa-lx106-elf/buildtools/bin/x86_64-build_apple-darwin14.0.0-nm output from x86_64-build_apple-darwin14.0.0-gcc object
configure:6129: x86_64-build_apple-darwin14.0.0-gcc -c -O2 -g -pipe   conftest.c >&5
configure:6132: $? = 0
configure:6136: /Volumes/ESPTools/esp-open-sdk/crosstool-NG/.build/xtensa-lx106-elf/buildtools/bin/x86_64-build_apple-darwin14.0.0-nm conftest.o \| sed -n -e 's/^.*[ ]\([BCDEGRST][BCDEGRST]*\)[ ][ ]*\([_A-Za-z][_A-Za-z0-9]*\)$/\1 \2 \2/p' | sed '/ __gnu_lto/d' \> conftest.nm
configure:6139: $? = 0
cannot find nm_test_var in conftest.nm
configure:6129: x86_64-build_apple-darwin14.0.0-gcc -c -O2 -g -pipe   conftest.c >&5
configure:6132: $? = 0
configure:6136: /Volumes/ESPTools/esp-open-sdk/crosstool-NG/.build/xtensa-lx106-elf/buildtools/bin/x86_64-build_apple-darwin14.0.0-nm conftest.o \| sed -n -e 's/^.*[ ]\([BCDEGRST][BCDEGRST]*\)[ ][ ]*_\([_A-Za-z][_A-Za-z0-9]*\)$/\1 _\2 \2/p' | sed '/ __gnu_lto/d' \> conftest.nm
configure:6139: $? = 0
configure:6205: x86_64-build_apple-darwin14.0.0-gcc -o conftest -O2 -g -pipe     conftest.c conftstm.o >&5
configure:6208: $? = 0
configure:6246: result: ok
configure:6283: checking for sysroot
configure:6313: result: no
configure:6536: checking for x86_64-build_apple-darwin14.0.0-mt
configure:6566: result: no
configure:6576: checking for mt
configure:6606: result: no
configure:6626: checking if : is a manifest tool
configure:6632: : '-?'
configure:6640: result: no
configure:6656: checking for x86_64-build_apple-darwin14.0.0-dsymutil
configure:6686: result: no
configure:6696: checking for dsymutil
configure:6712: found /usr/bin/dsymutil
configure:6723: result: dsymutil
configure:6748: checking for x86_64-build_apple-darwin14.0.0-nmedit
configure:6778: result: no
configure:6788: checking for nmedit
configure:6804: found /usr/bin/nmedit
configure:6815: result: nmedit
configure:6840: checking for x86_64-build_apple-darwin14.0.0-lipo
configure:6870: result: no
configure:6880: checking for lipo
configure:6896: found /usr/bin/lipo
configure:6907: result: lipo
configure:6932: checking for x86_64-build_apple-darwin14.0.0-otool
configure:6962: result: no
configure:6972: checking for otool
configure:6988: found /usr/bin/otool
configure:6999: result: otool
configure:7024: checking for x86_64-build_apple-darwin14.0.0-otool64
configure:7054: result: no
configure:7064: checking for otool64
configure:7094: result: no
configure:7139: checking for -single_module linker flag
x86_64-build_apple-darwin14.0.0-gcc -O2 -g -pipe    -o libconftest.dylib -dynamiclib -Wl,-single_module conftest.c
configure:7172: result: yes
configure:7175: checking for -exported_symbols_list linker flag
configure:7195: x86_64-build_apple-darwin14.0.0-gcc -o conftest -O2 -g -pipe     -Wl,-exported_symbols_list,conftest.sym conftest.c -lm >&5
configure:7195: $? = 0
configure:7205: result: yes
configure:7208: checking for -force_load linker flag
x86_64-build_apple-darwin14.0.0-gcc -O2 -g -pipe  -c -o conftest.o conftest.c
x86_64-build_apple-darwin14.0.0-ar cru libconftest.a conftest.o
x86_64-build_apple-darwin14.0.0-ranlib libconftest.a
x86_64-build_apple-darwin14.0.0-gcc -O2 -g -pipe    -o conftest conftest.c -Wl,-force_load,./libconftest.a
configure:7240: result: yes
configure:7282: checking how to run the C preprocessor
configure:7313: x86_64-build_apple-darwin14.0.0-gcc -E  conftest.c
configure:7313: $? = 0
configure:7327: x86_64-build_apple-darwin14.0.0-gcc -E  conftest.c
conftest.c:11:10: fatal error: 'ac_nonexistent.h' file not found
#include <ac_nonexistent.h>
         ^
1 error generated.
configure:7327: $? = 1
configure: failed program was:
| /* confdefs.h */
| #define PACKAGE_NAME "cloog"
| #define PACKAGE_TARNAME "cloog"
| #define PACKAGE_VERSION "0.18.1"
| #define PACKAGE_STRING "cloog 0.18.1"
| #define PACKAGE_BUGREPORT "cloog-development@googlegroups.com"
| #define PACKAGE_URL ""
| #define PACKAGE "cloog"
| #define VERSION "0.18.1"
| /* end confdefs.h.  */
| #include <ac_nonexistent.h>
configure:7352: result: x86_64-build_apple-darwin14.0.0-gcc -E
configure:7372: x86_64-build_apple-darwin14.0.0-gcc -E  conftest.c
configure:7372: $? = 0
configure:7386: x86_64-build_apple-darwin14.0.0-gcc -E  conftest.c
conftest.c:11:10: fatal error: 'ac_nonexistent.h' file not found
#include <ac_nonexistent.h>
         ^
1 error generated.
configure:7386: $? = 1
configure: failed program was:
| /* confdefs.h */
| #define PACKAGE_NAME "cloog"
| #define PACKAGE_TARNAME "cloog"
| #define PACKAGE_VERSION "0.18.1"
| #define PACKAGE_STRING "cloog 0.18.1"
| #define PACKAGE_BUGREPORT "cloog-development@googlegroups.com"
| #define PACKAGE_URL ""
| #define PACKAGE "cloog"
| #define VERSION "0.18.1"
| /* end confdefs.h.  */
| #include <ac_nonexistent.h>
configure:7415: checking for ANSI C header files
configure:7435: x86_64-build_apple-darwin14.0.0-gcc -c -O2 -g -pipe   conftest.c >&5
configure:7435: $? = 0
configure:7508: x86_64-build_apple-darwin14.0.0-gcc -o conftest -O2 -g -pipe     conftest.c -lm >&5
configure:7508: $? = 0
configure:7508: ./conftest
configure:7508: $? = 0
configure:7519: result: yes
configure:7532: checking for sys/types.h
configure:7532: x86_64-build_apple-darwin14.0.0-gcc -c -O2 -g -pipe   conftest.c >&5
configure:7532: $? = 0
configure:7532: result: yes
configure:7532: checking for sys/stat.h
configure:7532: x86_64-build_apple-darwin14.0.0-gcc -c -O2 -g -pipe   conftest.c >&5
configure:7532: $? = 0
configure:7532: result: yes
configure:7532: checking for stdlib.h
configure:7532: x86_64-build_apple-darwin14.0.0-gcc -c -O2 -g -pipe   conftest.c >&5
configure:7532: $? = 0
configure:7532: result: yes
configure:7532: checking for string.h
configure:7532: x86_64-build_apple-darwin14.0.0-gcc -c -O2 -g -pipe   conftest.c >&5
configure:7532: $? = 0
configure:7532: result: yes
configure:7532: checking for memory.h
configure:7532: x86_64-build_apple-darwin14.0.0-gcc -c -O2 -g -pipe   conftest.c >&5
configure:7532: $? = 0
configure:7532: result: yes
configure:7532: checking for strings.h
configure:7532: x86_64-build_apple-darwin14.0.0-gcc -c -O2 -g -pipe   conftest.c >&5
configure:7532: $? = 0
configure:7532: result: yes
configure:7532: checking for inttypes.h
configure:7532: x86_64-build_apple-darwin14.0.0-gcc -c -O2 -g -pipe   conftest.c >&5
configure:7532: $? = 0
configure:7532: result: yes
configure:7532: checking for stdint.h
configure:7532: x86_64-build_apple-darwin14.0.0-gcc -c -O2 -g -pipe   conftest.c >&5
configure:7532: $? = 0
configure:7532: result: yes
configure:7532: checking for unistd.h
configure:7532: x86_64-build_apple-darwin14.0.0-gcc -c -O2 -g -pipe   conftest.c >&5
configure:7532: $? = 0
configure:7532: result: yes
configure:7546: checking for dlfcn.h
configure:7546: x86_64-build_apple-darwin14.0.0-gcc -c -O2 -g -pipe   conftest.c >&5
configure:7546: $? = 0
configure:7546: result: yes
configure:7752: checking for objdir
configure:7767: result: .libs
configure:8038: checking if x86_64-build_apple-darwin14.0.0-gcc supports -fno-rtti -fno-exceptions
configure:8056: x86_64-build_apple-darwin14.0.0-gcc -c -O2 -g -pipe   -fno-rtti -fno-exceptions conftest.c >&5
configure:8060: $? = 0
configure:8073: result: yes
configure:8400: checking for x86_64-build_apple-darwin14.0.0-gcc option to produce PIC
configure:8407: result: -fno-common -DPIC
configure:8415: checking if x86_64-build_apple-darwin14.0.0-gcc PIC flag -fno-common -DPIC works
configure:8433: x86_64-build_apple-darwin14.0.0-gcc -c -O2 -g -pipe   -fno-common -DPIC -DPIC conftest.c >&5
configure:8437: $? = 0
configure:8450: result: yes
configure:8479: checking if x86_64-build_apple-darwin14.0.0-gcc static flag -static works
configure:8507: result: no
configure:8522: checking if x86_64-build_apple-darwin14.0.0-gcc supports -c -o file.o
configure:8543: x86_64-build_apple-darwin14.0.0-gcc -c -O2 -g -pipe   -o out/conftest2.o conftest.c >&5
configure:8547: $? = 0
configure:8569: result: yes
configure:8577: checking if x86_64-build_apple-darwin14.0.0-gcc supports -c -o file.o
configure:8624: result: yes
configure:8657: checking whether the x86_64-build_apple-darwin14.0.0-gcc linker (/Applications/Xcode.app/Contents/Developer/Toolchains/XcodeDefault.xctoolchain/usr/bin/ld) supports shared libraries
configure:9814: result: yes
configure:10054: checking dynamic linker characteristics
configure:10788: result: darwin14.0.0 dyld
configure:10895: checking how to hardcode library paths into programs
configure:10920: result: immediate
configure:11460: checking whether stripping libraries is possible
configure:11474: result: yes
configure:11500: checking if libtool supports shared libraries
configure:11502: result: yes
configure:11505: checking whether to build shared libraries
configure:11526: result: no
configure:11529: checking whether to build static libraries
configure:11533: result: yes
configure:11572: checking for texi2dvi
configure:11588: found /usr/bin/texi2dvi
configure:11599: result: texi2dvi
configure:11617: checking for C compiler vendor
configure:11641: x86_64-build_apple-darwin14.0.0-gcc -c -O2 -g -pipe   conftest.c >&5
conftest.c:29:7: error: use of undeclared identifier 'thisisanerror'
      thisisanerror;
      ^
1 error generated.
configure:11641: $? = 1
configure: failed program was:
| /* confdefs.h */
| #define PACKAGE_NAME "cloog"
| #define PACKAGE_TARNAME "cloog"
| #define PACKAGE_VERSION "0.18.1"
| #define PACKAGE_STRING "cloog 0.18.1"
| #define PACKAGE_BUGREPORT "cloog-development@googlegroups.com"
| #define PACKAGE_URL ""
| #define PACKAGE "cloog"
| #define VERSION "0.18.1"
| #define STDC_HEADERS 1
| #define HAVE_SYS_TYPES_H 1
| #define HAVE_SYS_STAT_H 1
| #define HAVE_STDLIB_H 1
| #define HAVE_STRING_H 1
| #define HAVE_MEMORY_H 1
| #define HAVE_STRINGS_H 1
| #define HAVE_INTTYPES_H 1
| #define HAVE_STDINT_H 1
| #define HAVE_UNISTD_H 1
| #define HAVE_DLFCN_H 1
| #define LT_OBJDIR ".libs/"
| /* end confdefs.h.  */
| 
| int
| main ()
| {
| 
| #if !(defined(__ICC) || defined(__ECC) || defined(__INTEL_COMPILER))
|       thisisanerror;
| #endif
| 
|   ;
|   return 0;
| }
configure:11641: x86_64-build_apple-darwin14.0.0-gcc -c -O2 -g -pipe   conftest.c >&5
conftest.c:29:7: error: use of undeclared identifier 'thisisanerror'
      thisisanerror;
      ^
1 error generated.
configure:11641: $? = 1
configure: failed program was:
| /* confdefs.h */
| #define PACKAGE_NAME "cloog"
| #define PACKAGE_TARNAME "cloog"
| #define PACKAGE_VERSION "0.18.1"
| #define PACKAGE_STRING "cloog 0.18.1"
| #define PACKAGE_BUGREPORT "cloog-development@googlegroups.com"
| #define PACKAGE_URL ""
| #define PACKAGE "cloog"
| #define VERSION "0.18.1"
| #define STDC_HEADERS 1
| #define HAVE_SYS_TYPES_H 1
| #define HAVE_SYS_STAT_H 1
| #define HAVE_STDLIB_H 1
| #define HAVE_STRING_H 1
| #define HAVE_MEMORY_H 1
| #define HAVE_STRINGS_H 1
| #define HAVE_INTTYPES_H 1
| #define HAVE_STDINT_H 1
| #define HAVE_UNISTD_H 1
| #define HAVE_DLFCN_H 1
| #define LT_OBJDIR ".libs/"
| /* end confdefs.h.  */
| 
| int
| main ()
| {
| 
| #if !(defined(__xlc__) || defined(__xlC__) || defined(__IBMC__) || defined(__IBMCPP__))
|       thisisanerror;
| #endif
| 
|   ;
|   return 0;
| }
configure:11641: x86_64-build_apple-darwin14.0.0-gcc -c -O2 -g -pipe   conftest.c >&5
conftest.c:29:7: error: use of undeclared identifier 'thisisanerror'
      thisisanerror;
      ^
1 error generated.
configure:11641: $? = 1
configure: failed program was:
| /* confdefs.h */
| #define PACKAGE_NAME "cloog"
| #define PACKAGE_TARNAME "cloog"
| #define PACKAGE_VERSION "0.18.1"
| #define PACKAGE_STRING "cloog 0.18.1"
| #define PACKAGE_BUGREPORT "cloog-development@googlegroups.com"
| #define PACKAGE_URL ""
| #define PACKAGE "cloog"
| #define VERSION "0.18.1"
| #define STDC_HEADERS 1
| #define HAVE_SYS_TYPES_H 1
| #define HAVE_SYS_STAT_H 1
| #define HAVE_STDLIB_H 1
| #define HAVE_STRING_H 1
| #define HAVE_MEMORY_H 1
| #define HAVE_STRINGS_H 1
| #define HAVE_INTTYPES_H 1
| #define HAVE_STDINT_H 1
| #define HAVE_UNISTD_H 1
| #define HAVE_DLFCN_H 1
| #define LT_OBJDIR ".libs/"
| /* end confdefs.h.  */
| 
| int
| main ()
| {
| 
| #if !(defined(__PATHCC__) || defined(__PATHSCALE__))
|       thisisanerror;
| #endif
| 
|   ;
|   return 0;
| }
configure:11641: x86_64-build_apple-darwin14.0.0-gcc -c -O2 -g -pipe   conftest.c >&5
configure:11641: $? = 0
configure:11648: result: gnu
configure:12475: checking CFLAGS_WARN for maximum warnings
configure:12502: x86_64-build_apple-darwin14.0.0-gcc -c -O2 -g -pipe  -pedantic  -Wall  conftest.c >&5
configure:12502: $? = 0
configure:12516: result: -Wall
configure:12529: : CFLAGS_WARN="$CFLAGS_WARN $ac_cv_cflags_warn_all"
configure:12532: $? = 0
configure:12540: checking for an ANSI C-conforming const
configure:12606: x86_64-build_apple-darwin14.0.0-gcc -c -O2 -g -pipe   conftest.c >&5
configure:12606: $? = 0
configure:12613: result: yes
configure:12621: checking for size_t
configure:12621: x86_64-build_apple-darwin14.0.0-gcc -c -O2 -g -pipe   conftest.c >&5
configure:12621: $? = 0
configure:12621: x86_64-build_apple-darwin14.0.0-gcc -c -O2 -g -pipe   conftest.c >&5
conftest.c:59:21: error: expected expression
if (sizeof ((size_t)))
                    ^
1 error generated.
configure:12621: $? = 1
configure: failed program was:
| /* confdefs.h */
| #define PACKAGE_NAME "cloog"
| #define PACKAGE_TARNAME "cloog"
| #define PACKAGE_VERSION "0.18.1"
| #define PACKAGE_STRING "cloog 0.18.1"
| #define PACKAGE_BUGREPORT "cloog-development@googlegroups.com"
| #define PACKAGE_URL ""
| #define PACKAGE "cloog"
| #define VERSION "0.18.1"
| #define STDC_HEADERS 1
| #define HAVE_SYS_TYPES_H 1
| #define HAVE_SYS_STAT_H 1
| #define HAVE_STDLIB_H 1
| #define HAVE_STRING_H 1
| #define HAVE_MEMORY_H 1
| #define HAVE_STRINGS_H 1
| #define HAVE_INTTYPES_H 1
| #define HAVE_STDINT_H 1
| #define HAVE_UNISTD_H 1
| #define HAVE_DLFCN_H 1
| #define LT_OBJDIR ".libs/"
| /* end confdefs.h.  */
| #include <stdio.h>
| #ifdef HAVE_SYS_TYPES_H
| # include <sys/types.h>
| #endif
| #ifdef HAVE_SYS_STAT_H
| # include <sys/stat.h>
| #endif
| #ifdef STDC_HEADERS
| # include <stdlib.h>
| # include <stddef.h>
| #else
| # ifdef HAVE_STDLIB_H
| #  include <stdlib.h>
| # endif
| #endif
| #ifdef HAVE_STRING_H
| # if !defined STDC_HEADERS && defined HAVE_MEMORY_H
| #  include <memory.h>
| # endif
| # include <string.h>
| #endif
| #ifdef HAVE_STRINGS_H
| # include <strings.h>
| #endif
| #ifdef HAVE_INTTYPES_H
| # include <inttypes.h>
| #endif
| #ifdef HAVE_STDINT_H
| # include <stdint.h>
| #endif
| #ifdef HAVE_UNISTD_H
| # include <unistd.h>
| #endif
| int
| main ()
| {
| if (sizeof ((size_t)))
| 	    return 0;
|   ;
|   return 0;
| }
configure:12621: result: yes
configure:12635: checking for ANSI C header files
configure:12739: result: yes
configure:12751: checking for strtol
configure:12751: x86_64-build_apple-darwin14.0.0-gcc -o conftest -O2 -g -pipe     conftest.c -lm >&5
configure:12751: $? = 0
configure:12751: result: yes
configure:12765: checking for getrusage
configure:12765: x86_64-build_apple-darwin14.0.0-gcc -o conftest -O2 -g -pipe     conftest.c -lm >&5
configure:12765: $? = 0
configure:12765: result: yes
configure:12852: checking which isl to use
configure:12854: result: system
configure:12936: checking which gmp to use
configure:12938: result: system
configure:12961: checking gmp.h usability
configure:12961: x86_64-build_apple-darwin14.0.0-gcc -c -O2 -g -pipe  -I/Volumes/ESPTools/esp-open-sdk/crosstool-NG/.build/xtensa-lx106-elf/buildtools/include  conftest.c >&5
configure:12961: $? = 0
configure:12961: result: yes
configure:12961: checking gmp.h presence
configure:12961: x86_64-build_apple-darwin14.0.0-gcc -E -I/Volumes/ESPTools/esp-open-sdk/crosstool-NG/.build/xtensa-lx106-elf/buildtools/include  conftest.c
configure:12961: $? = 0
configure:12961: result: yes
configure:12961: checking for gmp.h
configure:12961: result: yes
configure:12969: checking for __gmpz_init in -lgmp
configure:12994: x86_64-build_apple-darwin14.0.0-gcc -o conftest -O2 -g -pipe  -I/Volumes/ESPTools/esp-open-sdk/crosstool-NG/.build/xtensa-lx106-elf/buildtools/include  -L/Volumes/ESPTools/esp-open-sdk/crosstool-NG/.build/xtensa-lx106-elf/buildtools/lib   conftest.c -lgmp  -lm >&5
configure:12994: $? = 0
configure:13003: result: yes
configure:13011: checking whether mp_get_memory_functions is declared
configure:13011: x86_64-build_apple-darwin14.0.0-gcc -c -O2 -g -pipe  -I/Volumes/ESPTools/esp-open-sdk/crosstool-NG/.build/xtensa-lx106-elf/buildtools/include  conftest.c >&5
configure:13011: $? = 0
configure:13011: result: yes
configure:13156: checking which osl to use
configure:13158: result: no
configure:13234: checking our pkgconfig libname
configure:13242: result: cloog-isl
configure:13245: checking our pkgconfig version
configure:13253: result: 0.18.1
configure:13256: checking our pkgconfig_libdir
configure:13263: result: ${libdir}/pkgconfig
configure:13266: result: expanded our pkgconfig_libdir... /Volumes/ESPTools/esp-open-sdk/crosstool-NG/.build/xtensa-lx106-elf/buildtools/lib/pkgconfig
configure:13270: checking our pkgconfig_libfile
configure:13276: result: cloog-isl.pc
configure:13283: checking our package / suffix
configure:13287: result: cloog-isl / 
configure:13290: checking our pkgconfig description
configure:13297: result: cloog-isl Library
configure:13300: checking our pkgconfig requires
configure:13305: result: 
configure:13308: checking our pkgconfig ext libs
configure:13315: result: -lcloog-isl -lm -lgmp
configure:13318: checking our pkgconfig cppflags
configure:13323: result: -I/Volumes/ESPTools/esp-open-sdk/crosstool-NG/.build/xtensa-lx106-elf/buildtools/include -DCLOOG_INT_GMP=1
configure:13326: checking our pkgconfig ldflags
configure:13331: result: -L/Volumes/ESPTools/esp-open-sdk/crosstool-NG/.build/xtensa-lx106-elf/buildtools/lib
configure:13371: result: noninstalled pkgconfig -L /Volumes/ESPTools/esp-open-sdk/crosstool-NG/.build/xtensa-lx106-elf/build/build-cloog-host-x86_64-build_apple-darwin14.0.0/.libs
configure:13406: result: noninstalled pkgconfig -I //Volumes/ESPTools/esp-open-sdk/crosstool-NG/.build/src/cloog-0.18.1/include
configure:13631: creating ./config.status

## ---------------------- ##
## Running config.status. ##
## ---------------------- ##

This file was extended by cloog config.status 0.18.1, which was
generated by GNU Autoconf 2.69.  Invocation command line was

  CONFIG_FILES    = 
  CONFIG_HEADERS  = 
  CONFIG_LINKS    = 
  CONFIG_COMMANDS = 
  $ ./config.status 

on Macintosh-2.local

config.status:1063: creating Makefile
config.status:1063: creating test/Makefile
config.status:1063: creating autoconf/Doxyfile
config.status:1063: creating doc/Makefile
config.status:1063: creating source/version.c
config.status:1063: creating include/cloog/version.h
config.status:1063: creating genversion.sh
config.status:1220: executing depfiles commands
config.status:1220: executing libtool commands
config.status:1220: executing cloog-isl.pc commands
config.status:1961: creating cloog-isl.pc.in
config.status:1984: creating cloog-isl.pc
config.status:2010: creating cloog-isl-uninstalled.pc
config.status:2040: creating cloog-isl-uninstalled.sh
config.status:1220: executing version.h commands
config.status:1220: executing doc/gitversion.texi commands

## ---------------- ##
## Cache variables. ##
## ---------------- ##

ac_cv_build=x86_64-build_apple-darwin14.0.0
ac_cv_c_compiler_gnu=yes
ac_cv_c_const=yes
ac_cv_cflags_warn_all=-Wall
ac_cv_env_CC_set=
ac_cv_env_CC_value=
ac_cv_env_CFLAGS_set=set
ac_cv_env_CFLAGS_value='-O2 -g -pipe '
ac_cv_env_CPPFLAGS_set=
ac_cv_env_CPPFLAGS_value=
ac_cv_env_CPP_set=
ac_cv_env_CPP_value=
ac_cv_env_LDFLAGS_set=set
ac_cv_env_LDFLAGS_value=' '
ac_cv_env_LIBS_set=set
ac_cv_env_LIBS_value=-lm
ac_cv_env_build_alias_set=set
ac_cv_env_build_alias_value=x86_64-build_apple-darwin14.0.0
ac_cv_env_host_alias_set=set
ac_cv_env_host_alias_value=x86_64-build_apple-darwin14.0.0
ac_cv_env_target_alias_set=
ac_cv_env_target_alias_value=
ac_cv_func_getrusage=yes
ac_cv_func_strtol=yes
ac_cv_have_decl_mp_get_memory_functions=yes
ac_cv_header_dlfcn_h=yes
ac_cv_header_gmp_h=yes
ac_cv_header_inttypes_h=yes
ac_cv_header_memory_h=yes
ac_cv_header_stdc=yes
ac_cv_header_stdint_h=yes
ac_cv_header_stdlib_h=yes
ac_cv_header_string_h=yes
ac_cv_header_strings_h=yes
ac_cv_header_sys_stat_h=yes
ac_cv_header_sys_types_h=yes
ac_cv_header_unistd_h=yes
ac_cv_host=x86_64-build_apple-darwin14.0.0
ac_cv_lib_gmp___gmpz_init=yes
ac_cv_objext=o
ac_cv_path_EGREP='/Volumes/ESPTools/esp-open-sdk/crosstool-NG/.build/tools/bin/grep -E'
ac_cv_path_FGREP='/Volumes/ESPTools/esp-open-sdk/crosstool-NG/.build/tools/bin/grep -F'
ac_cv_path_GREP=/Volumes/ESPTools/esp-open-sdk/crosstool-NG/.build/tools/bin/grep
ac_cv_path_SED=/Volumes/ESPTools/esp-open-sdk/crosstool-NG/.build/tools/bin/sed
ac_cv_path_install='/Volumes/ESPTools/esp-open-sdk/crosstool-NG/.build/tools/bin/install -c'
ac_cv_prog_AR=x86_64-build_apple-darwin14.0.0-ar
ac_cv_prog_AWK=gawk
ac_cv_prog_CC=x86_64-build_apple-darwin14.0.0-gcc
ac_cv_prog_CD=
ac_cv_prog_CPP='x86_64-build_apple-darwin14.0.0-gcc -E'
ac_cv_prog_OBJDUMP=x86_64-build_apple-darwin14.0.0-objdump
ac_cv_prog_RANLIB=x86_64-build_apple-darwin14.0.0-ranlib
ac_cv_prog_STRIP=x86_64-build_apple-darwin14.0.0-strip
ac_cv_prog_TEXI2DVI=texi2dvi
ac_cv_prog_ac_ct_DSYMUTIL=dsymutil
ac_cv_prog_ac_ct_LIPO=lipo
ac_cv_prog_ac_ct_NMEDIT=nmedit
ac_cv_prog_ac_ct_OTOOL=otool
ac_cv_prog_cc_c89=
ac_cv_prog_cc_g=yes
ac_cv_prog_make_make_set=yes
ac_cv_type_size_t=yes
am_cv_CC_dependencies_compiler_type=gcc3
am_cv_make_support_nested_variables=yes
ax_cv_c_compiler_vendor=gnu
lt_cv_apple_cc_single_mod=yes
lt_cv_ar_at_file=no
lt_cv_deplibs_check_method=pass_all
lt_cv_file_magic_cmd='$MAGIC_CMD'
lt_cv_file_magic_test_file=
lt_cv_ld_exported_symbols_list=yes
lt_cv_ld_force_load=yes
lt_cv_ld_reload_flag=-r
lt_cv_nm_interface='BSD nm'
lt_cv_objdir=.libs
lt_cv_path_LD=/Applications/Xcode.app/Contents/Developer/Toolchains/XcodeDefault.xctoolchain/usr/bin/ld
lt_cv_path_NM=/Volumes/ESPTools/esp-open-sdk/crosstool-NG/.build/xtensa-lx106-elf/buildtools/bin/x86_64-build_apple-darwin14.0.0-nm
lt_cv_path_mainfest_tool=no
lt_cv_prog_compiler_c_o=yes
lt_cv_prog_compiler_pic='-fno-common -DPIC'
lt_cv_prog_compiler_pic_works=yes
lt_cv_prog_compiler_rtti_exceptions=yes
lt_cv_prog_compiler_static_works=no
lt_cv_prog_gnu_ld=no
lt_cv_sharedlib_from_linklib_cmd='printf %s\n'
lt_cv_sys_global_symbol_pipe='sed -n -e '\''s/^.*[	 ]\([BCDEGRST][BCDEGRST]*\)[	 ][	 ]*_\([_A-Za-z][_A-Za-z0-9]*\)$/\1 _\2 \2/p'\'' | sed '\''/ __gnu_lto/d'\'''
lt_cv_sys_global_symbol_to_c_name_address='sed -n -e '\''s/^: \([^ ]*\)[ ]*$/  {\"\1\", (void *) 0},/p'\'' -e '\''s/^[BCDEGRST]* \([^ ]*\) \([^ ]*\)$/  {"\2", (void *) \&\2},/p'\'''
lt_cv_sys_global_symbol_to_c_name_address_lib_prefix='sed -n -e '\''s/^: \([^ ]*\)[ ]*$/  {\"\1\", (void *) 0},/p'\'' -e '\''s/^[BCDEGRST]* \([^ ]*\) \(lib[^ ]*\)$/  {"\2", (void *) \&\2},/p'\'' -e '\''s/^[BCDEGRST]* \([^ ]*\) \([^ ]*\)$/  {"lib\2", (void *) \&\2},/p'\'''
lt_cv_sys_global_symbol_to_cdecl='sed -n -e '\''s/^T .* \(.*\)$/extern int \1();/p'\'' -e '\''s/^[BCDEGRST]* .* \(.*\)$/extern char \1;/p'\'''
lt_cv_sys_max_cmd_len=196608
lt_cv_to_host_file_cmd=func_convert_file_noop
lt_cv_to_tool_file_cmd=func_convert_file_noop

## ----------------- ##
## Output variables. ##
## ----------------- ##

ACLOCAL='${SHELL} /Volumes/ESPTools/esp-open-sdk/crosstool-NG/.build/src/cloog-0.18.1/autoconf/missing --run aclocal-1.11'
AMDEPBACKSLASH='\'
AMDEP_FALSE='#'
AMDEP_TRUE=''
AMTAR='$${TAR-tar}'
AM_BACKSLASH='\'
AM_DEFAULT_V='$(AM_DEFAULT_VERBOSITY)'
AM_DEFAULT_VERBOSITY='0'
AM_V='$(V)'
AR='x86_64-build_apple-darwin14.0.0-ar'
AUTOCONF='${SHELL} /Volumes/ESPTools/esp-open-sdk/crosstool-NG/.build/src/cloog-0.18.1/autoconf/missing --run autoconf'
AUTOHEADER='${SHELL} /Volumes/ESPTools/esp-open-sdk/crosstool-NG/.build/src/cloog-0.18.1/autoconf/missing --run autoheader'
AUTOMAKE='${SHELL} /Volumes/ESPTools/esp-open-sdk/crosstool-NG/.build/src/cloog-0.18.1/autoconf/missing --run automake-1.11'
AWK='gawk'
BITS='gmp'
BUNDLED_ISL_FALSE=''
BUNDLED_ISL_TRUE='#'
BUNDLED_OSL_FALSE=''
BUNDLED_OSL_TRUE='#'
CC='x86_64-build_apple-darwin14.0.0-gcc'
CCDEPMODE='depmode=gcc3'
CD=''
CFLAGS='-O2 -g -pipe '
CFLAGS_WARN=' -Wall'
CPP='x86_64-build_apple-darwin14.0.0-gcc -E'
CPPFLAGS='-I/Volumes/ESPTools/esp-open-sdk/crosstool-NG/.build/xtensa-lx106-elf/buildtools/include '
CYGPATH_W='echo'
DEFS='-DPACKAGE_NAME=\"cloog\" -DPACKAGE_TARNAME=\"cloog\" -DPACKAGE_VERSION=\"0.18.1\" -DPACKAGE_STRING=\"cloog\ 0.18.1\" -DPACKAGE_BUGREPORT=\"cloog-development@googlegroups.com\" -DPACKAGE_URL=\"\" -DPACKAGE=\"cloog\" -DVERSION=\"0.18.1\" -DSTDC_HEADERS=1 -DHAVE_SYS_TYPES_H=1 -DHAVE_SYS_STAT_H=1 -DHAVE_STDLIB_H=1 -DHAVE_STRING_H=1 -DHAVE_MEMORY_H=1 -DHAVE_STRINGS_H=1 -DHAVE_INTTYPES_H=1 -DHAVE_STDINT_H=1 -DHAVE_UNISTD_H=1 -DHAVE_DLFCN_H=1 -DLT_OBJDIR=\".libs/\" -DSTDC_HEADERS=1 -DHAVE_STRTOL=1 -DHAVE_GETRUSAGE=1 -DCLOOG_RUSAGE=/\*\*/ -DHAVE_DECL_MP_GET_MEMORY_FUNCTIONS=1 -DCLOOG_INT_GMP=1'
DEPDIR='.deps'
DLLTOOL='false'
DSYMUTIL='dsymutil'
DUMPBIN=''
ECHO_C=''
ECHO_N='-n'
ECHO_T=''
EGREP='/Volumes/ESPTools/esp-open-sdk/crosstool-NG/.build/tools/bin/grep -E'
EXEEXT=''
FGREP='/Volumes/ESPTools/esp-open-sdk/crosstool-NG/.build/tools/bin/grep -F'
GIT_INDEX=''
GREP='/Volumes/ESPTools/esp-open-sdk/crosstool-NG/.build/tools/bin/grep'
HAVE_TEXI2DVI_FALSE='#'
HAVE_TEXI2DVI_TRUE=''
INSTALL='/Volumes/ESPTools/esp-open-sdk/crosstool-NG/.build/tools/bin/install -c'
INSTALL_DATA='${INSTALL} -m 644'
INSTALL_PROGRAM='${INSTALL}'
INSTALL_SCRIPT='${INSTALL}'
INSTALL_STRIP_PROGRAM='$(install_sh) -c -s'
ISL_CPPFLAGS='-I/Volumes/ESPTools/esp-open-sdk/crosstool-NG/.build/xtensa-lx106-elf/buildtools/include'
ISL_LDFLAGS='-L/Volumes/ESPTools/esp-open-sdk/crosstool-NG/.build/xtensa-lx106-elf/buildtools/lib'
ISL_LIBS='-lisl'
LD='/Applications/Xcode.app/Contents/Developer/Toolchains/XcodeDefault.xctoolchain/usr/bin/ld'
LDFLAGS='-L/Volumes/ESPTools/esp-open-sdk/crosstool-NG/.build/xtensa-lx106-elf/buildtools/lib  '
LIBOBJS=''
LIBS='-lm -lgmp'
LIBTOOL='$(SHELL) $(top_builddir)/libtool'
LIPO='lipo'
LN_S='ln -s'
LTLIBOBJS=''
MAKEINFO='${SHELL} /Volumes/ESPTools/esp-open-sdk/crosstool-NG/.build/src/cloog-0.18.1/autoconf/missing --run makeinfo'
MANIFEST_TOOL=':'
MKDIR_P='/Volumes/ESPTools/esp-open-sdk/crosstool-NG/.build/src/cloog-0.18.1/autoconf/install-sh -c -d'
NEED_GET_MEMORY_FUNCTIONS_FALSE=''
NEED_GET_MEMORY_FUNCTIONS_TRUE='#'
NM='/Volumes/ESPTools/esp-open-sdk/crosstool-NG/.build/xtensa-lx106-elf/buildtools/bin/x86_64-build_apple-darwin14.0.0-nm'
NMEDIT='nmedit'
NO_ISL_FALSE=''
NO_ISL_TRUE='#'
NO_OSL_FALSE='#'
NO_OSL_TRUE=''
OBJDUMP='x86_64-build_apple-darwin14.0.0-objdump'
OBJEXT='o'
OSL_CPPFLAGS=''
OSL_LDFLAGS=''
OSL_LIBS=''
OTOOL64=':'
OTOOL='otool'
PACKAGE='cloog'
PACKAGE_BUGREPORT='cloog-development@googlegroups.com'
PACKAGE_NAME='cloog-isl'
PACKAGE_STRING='cloog 0.18.1'
PACKAGE_TARNAME='cloog'
PACKAGE_URL=''
PACKAGE_VERSION='0.18.1'
PATH_SEPARATOR=':'
PRTDIAG=''
RANLIB='x86_64-build_apple-darwin14.0.0-ranlib'
SED='/Volumes/ESPTools/esp-open-sdk/crosstool-NG/.build/tools/bin/sed'
SET_MAKE=''
SHELL='/bin/bash'
STRIP='x86_64-build_apple-darwin14.0.0-strip'
TEXI2DVI='texi2dvi'
VERSION='0.18.1'
VERSION_MAJOR='0'
VERSION_MINOR='18'
VERSION_REVISION='1'
ac_ct_AR=''
ac_ct_CC=''
ac_ct_DUMPBIN=''
am__EXEEXT_FALSE=''
am__EXEEXT_TRUE='#'
am__fastdepCC_FALSE='#'
am__fastdepCC_TRUE=''
am__include='include'
am__isrc=' -I$(srcdir)'
am__leading_dot='.'
am__nodep='_no'
am__quote=''
am__tar='$${TAR-tar} chof - "$$tardir"'
am__untar='$${TAR-tar} xf -'
bindir='${exec_prefix}/bin'
build='x86_64-build_apple-darwin14.0.0'
build_alias='x86_64-build_apple-darwin14.0.0'
build_cpu='x86_64'
build_os='darwin14.0.0'
build_vendor='build_apple'
datadir='${datarootdir}'
datarootdir='${prefix}/share'
docdir='${datarootdir}/doc/${PACKAGE_TARNAME}'
dvidir='${docdir}'
exec_prefix='${prefix}'
host='x86_64-build_apple-darwin14.0.0'
host_alias='x86_64-build_apple-darwin14.0.0'
host_cpu='x86_64'
host_os='darwin14.0.0'
host_vendor='build_apple'
htmldir='${docdir}'
includedir='${prefix}/include'
infodir='${datarootdir}/info'
install_sh='${SHELL} /Volumes/ESPTools/esp-open-sdk/crosstool-NG/.build/src/cloog-0.18.1/autoconf/install-sh'
libdir='${exec_prefix}/lib'
libexecdir='${exec_prefix}/libexec'
localedir='${datarootdir}/locale'
localstatedir='${prefix}/var'
mandir='${datarootdir}/man'
mkdir_p='/Volumes/ESPTools/esp-open-sdk/crosstool-NG/.build/src/cloog-0.18.1/autoconf/install-sh -c -d'
oldincludedir='/usr/include'
pdfdir='${docdir}'
pkgconfig_libdir='${libdir}/pkgconfig'
pkgconfig_libfile='cloog-isl.pc'
prefix='/Volumes/ESPTools/esp-open-sdk/crosstool-NG/.build/xtensa-lx106-elf/buildtools'
program_transform_name='s,x,x,'
psdir='${docdir}'
sbindir='${exec_prefix}/sbin'
sharedstatedir='${prefix}/com'
subdirs=''
sysconfdir='${prefix}/etc'
target_alias=''
versioninfo='4:0:0'

## ----------- ##
## confdefs.h. ##
## ----------- ##

/* confdefs.h */
#define PACKAGE_NAME "cloog"
#define PACKAGE_TARNAME "cloog"
#define PACKAGE_VERSION "0.18.1"
#define PACKAGE_STRING "cloog 0.18.1"
#define PACKAGE_BUGREPORT "cloog-development@googlegroups.com"
#define PACKAGE_URL ""
#define PACKAGE "cloog"
#define VERSION "0.18.1"
#define STDC_HEADERS 1
#define HAVE_SYS_TYPES_H 1
#define HAVE_SYS_STAT_H 1
#define HAVE_STDLIB_H 1
#define HAVE_STRING_H 1
#define HAVE_MEMORY_H 1
#define HAVE_STRINGS_H 1
#define HAVE_INTTYPES_H 1
#define HAVE_STDINT_H 1
#define HAVE_UNISTD_H 1
#define HAVE_DLFCN_H 1
#define LT_OBJDIR ".libs/"
#define STDC_HEADERS 1
#define HAVE_STRTOL 1
#define HAVE_GETRUSAGE 1
#define CLOOG_RUSAGE /**/
#define HAVE_DECL_MP_GET_MEMORY_FUNCTIONS 1
#define CLOOG_INT_GMP 1

configure: exit 0
