This file contains any messages produced by compilers while
running configure, to aid debugging if configure makes a mistake.

It was created by isl configure 0.12.2, which was
generated by GNU Autoconf 2.69.  Invocation command line was

  $ /Volumes/ESPTools/esp-open-sdk/crosstool-NG/.build/src/isl-0.12.2/configure --build=x86_64-build_apple-darwin14.0.0 --host=x86_64-build_apple-darwin14.0.0 --prefix=/Volumes/ESPTools/esp-open-sdk/crosstool-NG/.build/xtensa-lx106-elf/buildtools --with-libgmp-prefix=/Volumes/ESPTools/esp-open-sdk/crosstool-NG/.build/xtensa-lx106-elf/buildtools --with-libgmpxx-prefix=/Volumes/ESPTools/esp-open-sdk/crosstool-NG/.build/xtensa-lx106-elf/buildtools --with-gmp-prefix=/Volumes/ESPTools/esp-open-sdk/crosstool-NG/.build/xtensa-lx106-elf/buildtools --disable-shared --enable-static --with-gmp=system --with-gmp-prefix=/Volumes/ESPTools/esp-open-sdk/crosstool-NG/.build/xtensa-lx106-elf/buildtools --with-piplib=no --with-clang=no

## --------- ##
## Platform. ##
## --------- ##

hostname = Macintosh-2.local
uname -m = x86_64
uname -r = 14.0.0
uname -s = Darwin
uname -v = Darwin Kernel Version 14.0.0: Fri Sep 19 00:26:44 PDT 2014; root:xnu-2782.1.97~2/RELEASE_X86_64

/usr/bin/uname -p = i386
/bin/uname -X     = unknown

/bin/arch              = unknown
/usr/bin/arch -k       = unknown
/usr/convex/getsysinfo = unknown
/usr/bin/hostinfo      = Mach kernel version:
	 Darwin Kernel Version 14.0.0: Fri Sep 19 00:26:44 PDT 2014; root:xnu-2782.1.97~2/RELEASE_X86_64
Kernel configured for up to 8 processors.
4 processors are physically available.
8 processors are logically available.
Processor type: i486 (Intel 80486)
Processors active: 0 1 2 3 4 5 6 7
Primary memory available: 16.00 gigabytes
Default processor set: 308 tasks, 1611 threads, 8 processors
Load average: 4.46, Mach factor: 4.84
/bin/machine           = unknown
/usr/bin/oslevel       = unknown
/bin/universe          = unknown

PATH: /esptools/esp-open-sdk/xtensa-lx106-elf/bin
PATH: /Volumes/ESPTools/esp-open-sdk/crosstool-NG/.build/xtensa-lx106-elf/buildtools/bin
PATH: /Volumes/ESPTools/esp-open-sdk/crosstool-NG/.build/tools/bin
PATH: /opt/local/bin
PATH: /opt/local/sbin
PATH: /opt/local/bin
PATH: /opt/local/sbin
PATH: /usr/bin
PATH: /bin
PATH: /usr/sbin
PATH: /sbin
PATH: /usr/local/bin
PATH: /opt/local/bin/
PATH: /opt/X11/bin
PATH: /usr/local/git/bin
PATH: /usr/local/MacGPG2/bin


## ----------- ##
## Core tests. ##
## ----------- ##

configure:2879: checking for a BSD-compatible install
configure:2947: result: /Volumes/ESPTools/esp-open-sdk/crosstool-NG/.build/tools/bin/install -c
configure:2958: checking whether build environment is sane
configure:3008: result: yes
configure:3149: checking for a thread-safe mkdir -p
configure:3188: result: /Volumes/ESPTools/esp-open-sdk/crosstool-NG/.build/src/isl-0.12.2/./install-sh -c -d
configure:3201: checking for gawk
configure:3217: found /opt/local/bin/gawk
configure:3228: result: gawk
configure:3239: checking whether make sets $(MAKE)
configure:3261: result: yes
configure:3352: checking whether make supports nested variables
configure:3369: result: yes
configure:3403: checking for x86_64-build_apple-darwin14.0.0-gcc
configure:3419: found /Volumes/ESPTools/esp-open-sdk/crosstool-NG/.build/xtensa-lx106-elf/buildtools/bin/x86_64-build_apple-darwin14.0.0-gcc
configure:3430: result: x86_64-build_apple-darwin14.0.0-gcc
configure:3699: checking for C compiler version
configure:3708: x86_64-build_apple-darwin14.0.0-gcc --version >&5
Apple LLVM version 6.0 (clang-600.0.57) (based on LLVM 3.5svn)
Target: x86_64-apple-darwin14.0.0
Thread model: posix
Configured with: --prefix=/Applications/Xcode.app/Contents/Developer/usr --with-gxx-include-dir=/usr/include/c++/4.2.1
configure:3719: $? = 0
configure:3708: x86_64-build_apple-darwin14.0.0-gcc -v >&5
Configured with: --prefix=/Applications/Xcode.app/Contents/Developer/usr --with-gxx-include-dir=/usr/include/c++/4.2.1
Apple LLVM version 6.0 (clang-600.0.57) (based on LLVM 3.5svn)
Target: x86_64-apple-darwin14.0.0
Thread model: posix
configure:3719: $? = 0
configure:3708: x86_64-build_apple-darwin14.0.0-gcc -V >&5
clang: error: argument to '-V' is missing (expected 1 value)
clang: error: no input files
configure:3719: $? = 1
configure:3708: x86_64-build_apple-darwin14.0.0-gcc -qversion >&5
clang: error: unknown argument: '-qversion'
clang: error: no input files
configure:3719: $? = 1
configure:3739: checking whether the C compiler works
configure:3761: x86_64-build_apple-darwin14.0.0-gcc -O2 -g -pipe     conftest.c  >&5
configure:3765: $? = 0
configure:3813: result: yes
configure:3816: checking for C compiler default output file name
configure:3818: result: a.out
configure:3824: checking for suffix of executables
configure:3831: x86_64-build_apple-darwin14.0.0-gcc -o conftest -O2 -g -pipe     conftest.c  >&5
configure:3835: $? = 0
configure:3857: result: 
configure:3879: checking whether we are cross compiling
configure:3887: x86_64-build_apple-darwin14.0.0-gcc -o conftest -O2 -g -pipe     conftest.c  >&5
configure:3891: $? = 0
configure:3898: ./conftest
configure:3902: $? = 0
configure:3917: result: no
configure:3922: checking for suffix of object files
configure:3944: x86_64-build_apple-darwin14.0.0-gcc -c -O2 -g -pipe   conftest.c >&5
configure:3948: $? = 0
configure:3969: result: o
configure:3973: checking whether we are using the GNU C compiler
configure:3992: x86_64-build_apple-darwin14.0.0-gcc -c -O2 -g -pipe   conftest.c >&5
configure:3992: $? = 0
configure:4001: result: yes
configure:4010: checking whether x86_64-build_apple-darwin14.0.0-gcc accepts -g
configure:4030: x86_64-build_apple-darwin14.0.0-gcc -c -g  conftest.c >&5
configure:4030: $? = 0
configure:4071: result: yes
configure:4088: checking for x86_64-build_apple-darwin14.0.0-gcc option to accept ISO C89
configure:4151: x86_64-build_apple-darwin14.0.0-gcc  -c -O2 -g -pipe   conftest.c >&5
configure:4151: $? = 0
configure:4164: result: none needed
configure:4195: checking for style of include used by make
configure:4223: result: GNU
configure:4249: checking dependency style of x86_64-build_apple-darwin14.0.0-gcc
configure:4360: result: gcc3
configure:4389: checking for x86_64-build_apple-darwin14.0.0-g++
configure:4405: found /Volumes/ESPTools/esp-open-sdk/crosstool-NG/.build/xtensa-lx106-elf/buildtools/bin/x86_64-build_apple-darwin14.0.0-g++
configure:4416: result: x86_64-build_apple-darwin14.0.0-g++
configure:4487: checking for C++ compiler version
configure:4496: x86_64-build_apple-darwin14.0.0-g++ --version >&5
Apple LLVM version 6.0 (clang-600.0.57) (based on LLVM 3.5svn)
Target: x86_64-apple-darwin14.0.0
Thread model: posix
Configured with: --prefix=/Applications/Xcode.app/Contents/Developer/usr --with-gxx-include-dir=/usr/include/c++/4.2.1
configure:4507: $? = 0
configure:4496: x86_64-build_apple-darwin14.0.0-g++ -v >&5
Configured with: --prefix=/Applications/Xcode.app/Contents/Developer/usr --with-gxx-include-dir=/usr/include/c++/4.2.1
Apple LLVM version 6.0 (clang-600.0.57) (based on LLVM 3.5svn)
Target: x86_64-apple-darwin14.0.0
Thread model: posix
configure:4507: $? = 0
configure:4496: x86_64-build_apple-darwin14.0.0-g++ -V >&5
clang: error: argument to '-V' is missing (expected 1 value)
clang: error: no input files
configure:4507: $? = 1
configure:4496: x86_64-build_apple-darwin14.0.0-g++ -qversion >&5
clang: error: unknown argument: '-qversion'
clang: error: no input files
configure:4507: $? = 1
configure:4511: checking whether we are using the GNU C++ compiler
configure:4530: x86_64-build_apple-darwin14.0.0-g++ -c -O2 -g -pipe   conftest.cpp >&5
configure:4530: $? = 0
configure:4539: result: yes
configure:4548: checking whether x86_64-build_apple-darwin14.0.0-g++ accepts -g
configure:4568: x86_64-build_apple-darwin14.0.0-g++ -c -g  conftest.cpp >&5
configure:4568: $? = 0
configure:4609: result: yes
configure:4634: checking dependency style of x86_64-build_apple-darwin14.0.0-g++
configure:4745: result: gcc3
configure:4763: checking for C compiler vendor
configure:4787: x86_64-build_apple-darwin14.0.0-gcc -c -O2 -g -pipe   conftest.c >&5
conftest.c:17:7: error: use of undeclared identifier 'thisisanerror'
      thisisanerror;
      ^
1 error generated.
configure:4787: $? = 1
configure: failed program was:
| /* confdefs.h */
| #define PACKAGE_NAME "isl"
| #define PACKAGE_TARNAME "isl"
| #define PACKAGE_VERSION "0.12.2"
| #define PACKAGE_STRING "isl 0.12.2"
| #define PACKAGE_BUGREPORT "isl-development@googlegroups.com"
| #define PACKAGE_URL ""
| #define PACKAGE "isl"
| #define VERSION "0.12.2"
| /* end confdefs.h.  */
| 
| int
| main ()
| {
| 
| #if !(defined(__ICC) || defined(__ECC) || defined(__INTEL_COMPILER))
|       thisisanerror;
| #endif
| 
|   ;
|   return 0;
| }
configure:4787: x86_64-build_apple-darwin14.0.0-gcc -c -O2 -g -pipe   conftest.c >&5
conftest.c:17:7: error: use of undeclared identifier 'thisisanerror'
      thisisanerror;
      ^
1 error generated.
configure:4787: $? = 1
configure: failed program was:
| /* confdefs.h */
| #define PACKAGE_NAME "isl"
| #define PACKAGE_TARNAME "isl"
| #define PACKAGE_VERSION "0.12.2"
| #define PACKAGE_STRING "isl 0.12.2"
| #define PACKAGE_BUGREPORT "isl-development@googlegroups.com"
| #define PACKAGE_URL ""
| #define PACKAGE "isl"
| #define VERSION "0.12.2"
| /* end confdefs.h.  */
| 
| int
| main ()
| {
| 
| #if !(defined(__xlc__) || defined(__xlC__) || defined(__IBMC__) || defined(__IBMCPP__))
|       thisisanerror;
| #endif
| 
|   ;
|   return 0;
| }
configure:4787: x86_64-build_apple-darwin14.0.0-gcc -c -O2 -g -pipe   conftest.c >&5
conftest.c:17:7: error: use of undeclared identifier 'thisisanerror'
      thisisanerror;
      ^
1 error generated.
configure:4787: $? = 1
configure: failed program was:
| /* confdefs.h */
| #define PACKAGE_NAME "isl"
| #define PACKAGE_TARNAME "isl"
| #define PACKAGE_VERSION "0.12.2"
| #define PACKAGE_STRING "isl 0.12.2"
| #define PACKAGE_BUGREPORT "isl-development@googlegroups.com"
| #define PACKAGE_URL ""
| #define PACKAGE "isl"
| #define VERSION "0.12.2"
| /* end confdefs.h.  */
| 
| int
| main ()
| {
| 
| #if !(defined(__PATHCC__) || defined(__PATHSCALE__))
|       thisisanerror;
| #endif
| 
|   ;
|   return 0;
| }
configure:4787: x86_64-build_apple-darwin14.0.0-gcc -c -O2 -g -pipe   conftest.c >&5
configure:4787: $? = 0
configure:4794: result: clang
configure:4801: checking build system type
configure:4815: result: x86_64-build_apple-darwin14.0.0
configure:4835: checking host system type
configure:4848: result: x86_64-build_apple-darwin14.0.0
configure:5701: checking whether the compiler supports function __attribute__((__warn_unused_result__))
configure:5719: x86_64-build_apple-darwin14.0.0-gcc -c -O2 -g -pipe   conftest.c >&5
configure:5719: $? = 0
configure:5726: result: yes
configure:5735: checking for __attribute__
configure:5757: x86_64-build_apple-darwin14.0.0-gcc -c -O2 -g -pipe   conftest.c >&5
configure:5757: $? = 0
configure:5766: result: yes
configure:5821: checking how to print strings
configure:5848: result: printf
configure:5869: checking for a sed that does not truncate output
configure:5933: result: /Volumes/ESPTools/esp-open-sdk/crosstool-NG/.build/tools/bin/sed
configure:5951: checking for grep that handles long lines and -e
configure:6009: result: /Volumes/ESPTools/esp-open-sdk/crosstool-NG/.build/tools/bin/grep
configure:6014: checking for egrep
configure:6076: result: /Volumes/ESPTools/esp-open-sdk/crosstool-NG/.build/tools/bin/grep -E
configure:6081: checking for fgrep
configure:6143: result: /Volumes/ESPTools/esp-open-sdk/crosstool-NG/.build/tools/bin/grep -F
configure:6178: checking for ld used by x86_64-build_apple-darwin14.0.0-gcc
configure:6245: result: /Applications/Xcode.app/Contents/Developer/Toolchains/XcodeDefault.xctoolchain/usr/bin/ld
configure:6252: checking if the linker (/Applications/Xcode.app/Contents/Developer/Toolchains/XcodeDefault.xctoolchain/usr/bin/ld) is GNU ld
configure:6267: result: no
configure:6279: checking for BSD- or MS-compatible name lister (nm)
configure:6328: result: /Volumes/ESPTools/esp-open-sdk/crosstool-NG/.build/xtensa-lx106-elf/buildtools/bin/x86_64-build_apple-darwin14.0.0-nm
configure:6458: checking the name lister (/Volumes/ESPTools/esp-open-sdk/crosstool-NG/.build/xtensa-lx106-elf/buildtools/bin/x86_64-build_apple-darwin14.0.0-nm) interface
configure:6465: x86_64-build_apple-darwin14.0.0-gcc -c -O2 -g -pipe   conftest.c >&5
configure:6468: /Volumes/ESPTools/esp-open-sdk/crosstool-NG/.build/xtensa-lx106-elf/buildtools/bin/x86_64-build_apple-darwin14.0.0-nm "conftest.o"
configure:6471: output
0000000000000278 S _some_variable
configure:6478: result: BSD nm
configure:6481: checking whether ln -s works
configure:6485: result: yes
configure:6493: checking the maximum length of command line arguments
configure:6624: result: 196608
configure:6672: checking how to convert x86_64-build_apple-darwin14.0.0 file names to x86_64-build_apple-darwin14.0.0 format
configure:6712: result: func_convert_file_noop
configure:6719: checking how to convert x86_64-build_apple-darwin14.0.0 file names to toolchain format
configure:6739: result: func_convert_file_noop
configure:6746: checking for /Applications/Xcode.app/Contents/Developer/Toolchains/XcodeDefault.xctoolchain/usr/bin/ld option to reload object files
configure:6753: result: -r
configure:6787: checking for x86_64-build_apple-darwin14.0.0-objdump
configure:6803: found /Volumes/ESPTools/esp-open-sdk/crosstool-NG/.build/xtensa-lx106-elf/buildtools/bin/x86_64-build_apple-darwin14.0.0-objdump
configure:6814: result: x86_64-build_apple-darwin14.0.0-objdump
configure:6886: checking how to recognize dependent libraries
configure:7083: result: pass_all
configure:7128: checking for x86_64-build_apple-darwin14.0.0-dlltool
configure:7158: result: no
configure:7168: checking for dlltool
configure:7198: result: no
configure:7228: checking how to associate runtime and link libraries
configure:7255: result: printf %s\n
configure:7271: checking for x86_64-build_apple-darwin14.0.0-ar
configure:7287: found /Volumes/ESPTools/esp-open-sdk/crosstool-NG/.build/xtensa-lx106-elf/buildtools/bin/x86_64-build_apple-darwin14.0.0-ar
configure:7298: result: x86_64-build_apple-darwin14.0.0-ar
configure:7379: checking for archiver @FILE support
configure:7396: x86_64-build_apple-darwin14.0.0-gcc -c -O2 -g -pipe   conftest.c >&5
configure:7396: $? = 0
configure:7399: x86_64-build_apple-darwin14.0.0-ar cru libconftest.a @conftest.lst >&5
ar: @conftest.lst: No such file or directory
configure:7402: $? = 1
configure:7422: result: no
configure:7440: checking for x86_64-build_apple-darwin14.0.0-strip
configure:7456: found /Volumes/ESPTools/esp-open-sdk/crosstool-NG/.build/xtensa-lx106-elf/buildtools/bin/x86_64-build_apple-darwin14.0.0-strip
configure:7467: result: x86_64-build_apple-darwin14.0.0-strip
configure:7539: checking for x86_64-build_apple-darwin14.0.0-ranlib
configure:7555: found /Volumes/ESPTools/esp-open-sdk/crosstool-NG/.build/xtensa-lx106-elf/buildtools/bin/x86_64-build_apple-darwin14.0.0-ranlib
configure:7566: result: x86_64-build_apple-darwin14.0.0-ranlib
configure:7708: checking command to parse /Volumes/ESPTools/esp-open-sdk/crosstool-NG/.build/xtensa-lx106-elf/buildtools/bin/x86_64-build_apple-darwin14.0.0-nm output from x86_64-build_apple-darwin14.0.0-gcc object
configure:7861: x86_64-build_apple-darwin14.0.0-gcc -c -O2 -g -pipe   conftest.c >&5
configure:7864: $? = 0
configure:7868: /Volumes/ESPTools/esp-open-sdk/crosstool-NG/.build/xtensa-lx106-elf/buildtools/bin/x86_64-build_apple-darwin14.0.0-nm conftest.o \| sed -n -e 's/^.*[ ]\([BCDEGRST][BCDEGRST]*\)[ ][ ]*\([_A-Za-z][_A-Za-z0-9]*\)$/\1 \2 \2/p' | sed '/ __gnu_lto/d' \> conftest.nm
configure:7871: $? = 0
cannot find nm_test_var in conftest.nm
configure:7861: x86_64-build_apple-darwin14.0.0-gcc -c -O2 -g -pipe   conftest.c >&5
configure:7864: $? = 0
configure:7868: /Volumes/ESPTools/esp-open-sdk/crosstool-NG/.build/xtensa-lx106-elf/buildtools/bin/x86_64-build_apple-darwin14.0.0-nm conftest.o \| sed -n -e 's/^.*[ ]\([BCDEGRST][BCDEGRST]*\)[ ][ ]*_\([_A-Za-z][_A-Za-z0-9]*\)$/\1 _\2 \2/p' | sed '/ __gnu_lto/d' \> conftest.nm
configure:7871: $? = 0
configure:7937: x86_64-build_apple-darwin14.0.0-gcc -o conftest -O2 -g -pipe     conftest.c conftstm.o >&5
configure:7940: $? = 0
configure:7978: result: ok
configure:8025: checking for sysroot
configure:8055: result: no
configure:8328: checking for x86_64-build_apple-darwin14.0.0-mt
configure:8358: result: no
configure:8368: checking for mt
configure:8398: result: no
configure:8418: checking if : is a manifest tool
configure:8424: : '-?'
configure:8432: result: no
configure:8448: checking for x86_64-build_apple-darwin14.0.0-dsymutil
configure:8478: result: no
configure:8488: checking for dsymutil
configure:8504: found /usr/bin/dsymutil
configure:8515: result: dsymutil
configure:8540: checking for x86_64-build_apple-darwin14.0.0-nmedit
configure:8570: result: no
configure:8580: checking for nmedit
configure:8596: found /usr/bin/nmedit
configure:8607: result: nmedit
configure:8632: checking for x86_64-build_apple-darwin14.0.0-lipo
configure:8662: result: no
configure:8672: checking for lipo
configure:8688: found /usr/bin/lipo
configure:8699: result: lipo
configure:8724: checking for x86_64-build_apple-darwin14.0.0-otool
configure:8754: result: no
configure:8764: checking for otool
configure:8780: found /usr/bin/otool
configure:8791: result: otool
configure:8816: checking for x86_64-build_apple-darwin14.0.0-otool64
configure:8846: result: no
configure:8856: checking for otool64
configure:8886: result: no
configure:8931: checking for -single_module linker flag
x86_64-build_apple-darwin14.0.0-gcc -O2 -g -pipe    -o libconftest.dylib -dynamiclib -Wl,-single_module conftest.c
configure:8964: result: yes
configure:8967: checking for -exported_symbols_list linker flag
configure:8987: x86_64-build_apple-darwin14.0.0-gcc -o conftest -O2 -g -pipe     -Wl,-exported_symbols_list,conftest.sym conftest.c  >&5
configure:8987: $? = 0
configure:8997: result: yes
configure:9000: checking for -force_load linker flag
x86_64-build_apple-darwin14.0.0-gcc -O2 -g -pipe  -c -o conftest.o conftest.c
x86_64-build_apple-darwin14.0.0-ar cru libconftest.a conftest.o
x86_64-build_apple-darwin14.0.0-ranlib libconftest.a
x86_64-build_apple-darwin14.0.0-gcc -O2 -g -pipe    -o conftest conftest.c -Wl,-force_load,./libconftest.a
configure:9032: result: yes
configure:9074: checking how to run the C preprocessor
configure:9105: x86_64-build_apple-darwin14.0.0-gcc -E  conftest.c
configure:9105: $? = 0
configure:9119: x86_64-build_apple-darwin14.0.0-gcc -E  conftest.c
conftest.c:13:10: fatal error: 'ac_nonexistent.h' file not found
#include <ac_nonexistent.h>
         ^
1 error generated.
configure:9119: $? = 1
configure: failed program was:
| /* confdefs.h */
| #define PACKAGE_NAME "isl"
| #define PACKAGE_TARNAME "isl"
| #define PACKAGE_VERSION "0.12.2"
| #define PACKAGE_STRING "isl 0.12.2"
| #define PACKAGE_BUGREPORT "isl-development@googlegroups.com"
| #define PACKAGE_URL ""
| #define PACKAGE "isl"
| #define VERSION "0.12.2"
| #define GCC_WARN_UNUSED_RESULT __attribute__((__warn_unused_result__))
| #define HAVE___ATTRIBUTE__ 1
| /* end confdefs.h.  */
| #include <ac_nonexistent.h>
configure:9144: result: x86_64-build_apple-darwin14.0.0-gcc -E
configure:9164: x86_64-build_apple-darwin14.0.0-gcc -E  conftest.c
configure:9164: $? = 0
configure:9178: x86_64-build_apple-darwin14.0.0-gcc -E  conftest.c
conftest.c:13:10: fatal error: 'ac_nonexistent.h' file not found
#include <ac_nonexistent.h>
         ^
1 error generated.
configure:9178: $? = 1
configure: failed program was:
| /* confdefs.h */
| #define PACKAGE_NAME "isl"
| #define PACKAGE_TARNAME "isl"
| #define PACKAGE_VERSION "0.12.2"
| #define PACKAGE_STRING "isl 0.12.2"
| #define PACKAGE_BUGREPORT "isl-development@googlegroups.com"
| #define PACKAGE_URL ""
| #define PACKAGE "isl"
| #define VERSION "0.12.2"
| #define GCC_WARN_UNUSED_RESULT __attribute__((__warn_unused_result__))
| #define HAVE___ATTRIBUTE__ 1
| /* end confdefs.h.  */
| #include <ac_nonexistent.h>
configure:9207: checking for ANSI C header files
configure:9227: x86_64-build_apple-darwin14.0.0-gcc -c -O2 -g -pipe   conftest.c >&5
configure:9227: $? = 0
configure:9300: x86_64-build_apple-darwin14.0.0-gcc -o conftest -O2 -g -pipe     conftest.c  >&5
configure:9300: $? = 0
configure:9300: ./conftest
configure:9300: $? = 0
configure:9311: result: yes
configure:9324: checking for sys/types.h
configure:9324: x86_64-build_apple-darwin14.0.0-gcc -c -O2 -g -pipe   conftest.c >&5
configure:9324: $? = 0
configure:9324: result: yes
configure:9324: checking for sys/stat.h
configure:9324: x86_64-build_apple-darwin14.0.0-gcc -c -O2 -g -pipe   conftest.c >&5
configure:9324: $? = 0
configure:9324: result: yes
configure:9324: checking for stdlib.h
configure:9324: x86_64-build_apple-darwin14.0.0-gcc -c -O2 -g -pipe   conftest.c >&5
configure:9324: $? = 0
configure:9324: result: yes
configure:9324: checking for string.h
configure:9324: x86_64-build_apple-darwin14.0.0-gcc -c -O2 -g -pipe   conftest.c >&5
configure:9324: $? = 0
configure:9324: result: yes
configure:9324: checking for memory.h
configure:9324: x86_64-build_apple-darwin14.0.0-gcc -c -O2 -g -pipe   conftest.c >&5
configure:9324: $? = 0
configure:9324: result: yes
configure:9324: checking for strings.h
configure:9324: x86_64-build_apple-darwin14.0.0-gcc -c -O2 -g -pipe   conftest.c >&5
configure:9324: $? = 0
configure:9324: result: yes
configure:9324: checking for inttypes.h
configure:9324: x86_64-build_apple-darwin14.0.0-gcc -c -O2 -g -pipe   conftest.c >&5
configure:9324: $? = 0
configure:9324: result: yes
configure:9324: checking for stdint.h
configure:9324: x86_64-build_apple-darwin14.0.0-gcc -c -O2 -g -pipe   conftest.c >&5
configure:9324: $? = 0
configure:9324: result: yes
configure:9324: checking for unistd.h
configure:9324: x86_64-build_apple-darwin14.0.0-gcc -c -O2 -g -pipe   conftest.c >&5
configure:9324: $? = 0
configure:9324: result: yes
configure:9338: checking for dlfcn.h
configure:9338: x86_64-build_apple-darwin14.0.0-gcc -c -O2 -g -pipe   conftest.c >&5
configure:9338: $? = 0
configure:9338: result: yes
configure:9553: checking for objdir
configure:9568: result: .libs
configure:9839: checking if x86_64-build_apple-darwin14.0.0-gcc supports -fno-rtti -fno-exceptions
configure:9857: x86_64-build_apple-darwin14.0.0-gcc -c -O2 -g -pipe   -fno-rtti -fno-exceptions conftest.c >&5
configure:9861: $? = 0
configure:9874: result: yes
configure:10222: checking for x86_64-build_apple-darwin14.0.0-gcc option to produce PIC
configure:10229: result: -fno-common -DPIC
configure:10237: checking if x86_64-build_apple-darwin14.0.0-gcc PIC flag -fno-common -DPIC works
configure:10255: x86_64-build_apple-darwin14.0.0-gcc -c -O2 -g -pipe   -fno-common -DPIC -DPIC conftest.c >&5
configure:10259: $? = 0
configure:10272: result: yes
configure:10301: checking if x86_64-build_apple-darwin14.0.0-gcc static flag -static works
configure:10329: result: no
configure:10344: checking if x86_64-build_apple-darwin14.0.0-gcc supports -c -o file.o
configure:10365: x86_64-build_apple-darwin14.0.0-gcc -c -O2 -g -pipe   -o out/conftest2.o conftest.c >&5
configure:10369: $? = 0
configure:10391: result: yes
configure:10399: checking if x86_64-build_apple-darwin14.0.0-gcc supports -c -o file.o
configure:10446: result: yes
configure:10479: checking whether the x86_64-build_apple-darwin14.0.0-gcc linker (/Applications/Xcode.app/Contents/Developer/Toolchains/XcodeDefault.xctoolchain/usr/bin/ld) supports shared libraries
configure:11627: result: yes
configure:11867: checking dynamic linker characteristics
configure:12605: result: darwin14.0.0 dyld
configure:12712: checking how to hardcode library paths into programs
configure:12737: result: immediate
configure:13285: checking whether stripping libraries is possible
configure:13299: result: yes
configure:13325: checking if libtool supports shared libraries
configure:13327: result: yes
configure:13330: checking whether to build shared libraries
configure:13351: result: no
configure:13354: checking whether to build static libraries
configure:13358: result: yes
configure:13381: checking how to run the C++ preprocessor
configure:13408: x86_64-build_apple-darwin14.0.0-g++ -E  conftest.cpp
configure:13408: $? = 0
configure:13422: x86_64-build_apple-darwin14.0.0-g++ -E  conftest.cpp
conftest.cpp:25:10: fatal error: 'ac_nonexistent.h' file not found
#include <ac_nonexistent.h>
         ^
1 error generated.
configure:13422: $? = 1
configure: failed program was:
| /* confdefs.h */
| #define PACKAGE_NAME "isl"
| #define PACKAGE_TARNAME "isl"
| #define PACKAGE_VERSION "0.12.2"
| #define PACKAGE_STRING "isl 0.12.2"
| #define PACKAGE_BUGREPORT "isl-development@googlegroups.com"
| #define PACKAGE_URL ""
| #define PACKAGE "isl"
| #define VERSION "0.12.2"
| #define GCC_WARN_UNUSED_RESULT __attribute__((__warn_unused_result__))
| #define HAVE___ATTRIBUTE__ 1
| #define STDC_HEADERS 1
| #define HAVE_SYS_TYPES_H 1
| #define HAVE_SYS_STAT_H 1
| #define HAVE_STDLIB_H 1
| #define HAVE_STRING_H 1
| #define HAVE_MEMORY_H 1
| #define HAVE_STRINGS_H 1
| #define HAVE_INTTYPES_H 1
| #define HAVE_STDINT_H 1
| #define HAVE_UNISTD_H 1
| #define HAVE_DLFCN_H 1
| #define LT_OBJDIR ".libs/"
| /* end confdefs.h.  */
| #include <ac_nonexistent.h>
configure:13447: result: x86_64-build_apple-darwin14.0.0-g++ -E
configure:13467: x86_64-build_apple-darwin14.0.0-g++ -E  conftest.cpp
configure:13467: $? = 0
configure:13481: x86_64-build_apple-darwin14.0.0-g++ -E  conftest.cpp
conftest.cpp:25:10: fatal error: 'ac_nonexistent.h' file not found
#include <ac_nonexistent.h>
         ^
1 error generated.
configure:13481: $? = 1
configure: failed program was:
| /* confdefs.h */
| #define PACKAGE_NAME "isl"
| #define PACKAGE_TARNAME "isl"
| #define PACKAGE_VERSION "0.12.2"
| #define PACKAGE_STRING "isl 0.12.2"
| #define PACKAGE_BUGREPORT "isl-development@googlegroups.com"
| #define PACKAGE_URL ""
| #define PACKAGE "isl"
| #define VERSION "0.12.2"
| #define GCC_WARN_UNUSED_RESULT __attribute__((__warn_unused_result__))
| #define HAVE___ATTRIBUTE__ 1
| #define STDC_HEADERS 1
| #define HAVE_SYS_TYPES_H 1
| #define HAVE_SYS_STAT_H 1
| #define HAVE_STDLIB_H 1
| #define HAVE_STRING_H 1
| #define HAVE_MEMORY_H 1
| #define HAVE_STRINGS_H 1
| #define HAVE_INTTYPES_H 1
| #define HAVE_STDINT_H 1
| #define HAVE_UNISTD_H 1
| #define HAVE_DLFCN_H 1
| #define LT_OBJDIR ".libs/"
| /* end confdefs.h.  */
| #include <ac_nonexistent.h>
configure:13650: checking for ld used by x86_64-build_apple-darwin14.0.0-g++
configure:13717: result: /Applications/Xcode.app/Contents/Developer/Toolchains/XcodeDefault.xctoolchain/usr/bin/ld
configure:13724: checking if the linker (/Applications/Xcode.app/Contents/Developer/Toolchains/XcodeDefault.xctoolchain/usr/bin/ld) is GNU ld
configure:13739: result: no
configure:13794: checking whether the x86_64-build_apple-darwin14.0.0-g++ linker (/Applications/Xcode.app/Contents/Developer/Toolchains/XcodeDefault.xctoolchain/usr/bin/ld) supports shared libraries
configure:14792: result: yes
configure:14828: x86_64-build_apple-darwin14.0.0-g++ -c -O2 -g -pipe   conftest.cpp >&5
configure:14831: $? = 0
configure:15352: checking for x86_64-build_apple-darwin14.0.0-g++ option to produce PIC
configure:15359: result: -fno-common -DPIC
configure:15367: checking if x86_64-build_apple-darwin14.0.0-g++ PIC flag -fno-common -DPIC works
configure:15385: x86_64-build_apple-darwin14.0.0-g++ -c -O2 -g -pipe   -fno-common -DPIC -DPIC conftest.cpp >&5
configure:15389: $? = 0
configure:15402: result: yes
configure:15425: checking if x86_64-build_apple-darwin14.0.0-g++ static flag -static works
configure:15453: result: no
configure:15465: checking if x86_64-build_apple-darwin14.0.0-g++ supports -c -o file.o
configure:15486: x86_64-build_apple-darwin14.0.0-g++ -c -O2 -g -pipe   -o out/conftest2.o conftest.cpp >&5
configure:15490: $? = 0
configure:15512: result: yes
configure:15517: checking if x86_64-build_apple-darwin14.0.0-g++ supports -c -o file.o
configure:15564: result: yes
configure:15594: checking whether the x86_64-build_apple-darwin14.0.0-g++ linker (/Applications/Xcode.app/Contents/Developer/Toolchains/XcodeDefault.xctoolchain/usr/bin/ld) supports shared libraries
configure:15630: result: yes
configure:15771: checking dynamic linker characteristics
configure:16436: result: darwin14.0.0 dyld
configure:16489: checking how to hardcode library paths into programs
configure:16514: result: immediate
configure:16578: checking for perl
configure:16594: found /opt/local/bin/perl
configure:16605: result: perl
configure:16615: checking for pdflatex
configure:16645: result: no
configure:16652: checking for pod2html
configure:16668: found /opt/local/bin/pod2html
configure:16679: result: pod2html
configure:16698: checking for stdint types
configure:16721: x86_64-build_apple-darwin14.0.0-gcc -c   conftest.c >&5
configure:16721: $? = 0
configure:16765: result: stdint.h (shortcircuit)
configure:17152: result: make use of stdint.h in include/isl/stdint.h (assuming C99 compatible system)
configure:17242: checking which gmp to use
configure:17244: result: system
configure:17266: checking gmp.h usability
configure:17266: x86_64-build_apple-darwin14.0.0-gcc -c -O2 -g -pipe  -I/Volumes/ESPTools/esp-open-sdk/crosstool-NG/.build/xtensa-lx106-elf/buildtools/include  conftest.c >&5
configure:17266: $? = 0
configure:17266: result: yes
configure:17266: checking gmp.h presence
configure:17266: x86_64-build_apple-darwin14.0.0-gcc -E -I/Volumes/ESPTools/esp-open-sdk/crosstool-NG/.build/xtensa-lx106-elf/buildtools/include  conftest.c
configure:17266: $? = 0
configure:17266: result: yes
configure:17266: checking for gmp.h
configure:17266: result: yes
configure:17274: checking for main in -lgmp
configure:17293: x86_64-build_apple-darwin14.0.0-gcc -o conftest -O2 -g -pipe  -I/Volumes/ESPTools/esp-open-sdk/crosstool-NG/.build/xtensa-lx106-elf/buildtools/include  -L/Volumes/ESPTools/esp-open-sdk/crosstool-NG/.build/xtensa-lx106-elf/buildtools/lib   conftest.c -lgmp  -lgmp  >&5
configure:17293: $? = 0
configure:17302: result: yes
configure:17330: x86_64-build_apple-darwin14.0.0-gcc -o conftest -O2 -g -pipe  -I/Volumes/ESPTools/esp-open-sdk/crosstool-NG/.build/xtensa-lx106-elf/buildtools/include  -L/Volumes/ESPTools/esp-open-sdk/crosstool-NG/.build/xtensa-lx106-elf/buildtools/lib   conftest.c -lgmp -lgmp  >&5
ld: warning: PIE disabled. Absolute addressing (perhaps -mdynamic-no-pic) not allowed in code signed PIE, but used in ___gmpn_divexact_1 from /Volumes/ESPTools/esp-open-sdk/crosstool-NG/.build/xtensa-lx106-elf/buildtools/lib/libgmp.a(dive_1.o). To fix this warning, don't compile with -mdynamic-no-pic or link with -Wl,-no_pie
configure:17330: $? = 0
configure:17353: checking whether mp_get_memory_functions is declared
configure:17353: x86_64-build_apple-darwin14.0.0-gcc -c -O2 -g -pipe  -I/Volumes/ESPTools/esp-open-sdk/crosstool-NG/.build/xtensa-lx106-elf/buildtools/include  conftest.c >&5
configure:17353: $? = 0
configure:17353: result: yes
configure:17400: x86_64-build_apple-darwin14.0.0-gcc -o conftest -O2 -g -pipe  -I/Volumes/ESPTools/esp-open-sdk/crosstool-NG/.build/xtensa-lx106-elf/buildtools/include  -L/Volumes/ESPTools/esp-open-sdk/crosstool-NG/.build/xtensa-lx106-elf/buildtools/lib   conftest.c -lgmp  >&5
ld: warning: PIE disabled. Absolute addressing (perhaps -mdynamic-no-pic) not allowed in code signed PIE, but used in ___gmpn_divexact_1 from /Volumes/ESPTools/esp-open-sdk/crosstool-NG/.build/xtensa-lx106-elf/buildtools/lib/libgmp.a(dive_1.o). To fix this warning, don't compile with -mdynamic-no-pic or link with -Wl,-no_pie
configure:17400: $? = 0
configure:17400: ./conftest
configure:17400: $? = 0
configure:17425: checking whether ffs is declared
configure:17425: x86_64-build_apple-darwin14.0.0-gcc -c -O2 -g -pipe   conftest.c >&5
configure:17425: $? = 0
configure:17425: result: yes
configure:17437: checking whether __builtin_ffs is declared
configure:17437: x86_64-build_apple-darwin14.0.0-gcc -c -O2 -g -pipe   conftest.c >&5
conftest.c:68:10: error: builtin functions must be directly called
  (void) __builtin_ffs;
         ^
1 error generated.
configure:17437: $? = 1
configure: failed program was:
| /* confdefs.h */
| #define PACKAGE_NAME "isl"
| #define PACKAGE_TARNAME "isl"
| #define PACKAGE_VERSION "0.12.2"
| #define PACKAGE_STRING "isl 0.12.2"
| #define PACKAGE_BUGREPORT "isl-development@googlegroups.com"
| #define PACKAGE_URL ""
| #define PACKAGE "isl"
| #define VERSION "0.12.2"
| #define GCC_WARN_UNUSED_RESULT __attribute__((__warn_unused_result__))
| #define HAVE___ATTRIBUTE__ 1
| #define STDC_HEADERS 1
| #define HAVE_SYS_TYPES_H 1
| #define HAVE_SYS_STAT_H 1
| #define HAVE_STDLIB_H 1
| #define HAVE_STRING_H 1
| #define HAVE_MEMORY_H 1
| #define HAVE_STRINGS_H 1
| #define HAVE_INTTYPES_H 1
| #define HAVE_STDINT_H 1
| #define HAVE_UNISTD_H 1
| #define HAVE_DLFCN_H 1
| #define LT_OBJDIR ".libs/"
| #define HAVE_LIBGMP 1
| #define HAVE_DECL_MP_GET_MEMORY_FUNCTIONS 1
| #define HAVE_DECL_FFS 1
| /* end confdefs.h.  */
| #include <stdio.h>
| #ifdef HAVE_SYS_TYPES_H
| # include <sys/types.h>
| #endif
| #ifdef HAVE_SYS_STAT_H
| # include <sys/stat.h>
| #endif
| #ifdef STDC_HEADERS
| # include <stdlib.h>
| # include <stddef.h>
| #else
| # ifdef HAVE_STDLIB_H
| #  include <stdlib.h>
| # endif
| #endif
| #ifdef HAVE_STRING_H
| # if !defined STDC_HEADERS && defined HAVE_MEMORY_H
| #  include <memory.h>
| # endif
| # include <string.h>
| #endif
| #ifdef HAVE_STRINGS_H
| # include <strings.h>
| #endif
| #ifdef HAVE_INTTYPES_H
| # include <inttypes.h>
| #endif
| #ifdef HAVE_STDINT_H
| # include <stdint.h>
| #endif
| #ifdef HAVE_UNISTD_H
| # include <unistd.h>
| #endif
| int
| main ()
| {
| #ifndef __builtin_ffs
| #ifdef __cplusplus
|   (void) __builtin_ffs;
| #else
|   (void) __builtin_ffs;
| #endif
| #endif
| 
|   ;
|   return 0;
| }
configure:17437: result: no
configure:17531: checking which piplib to use
configure:17533: result: no
configure:17716: checking which clang to use
configure:17718: result: no
configure:18107: checking for C compiler vendor
configure:18138: result: clang
configure:18159: checking our pkgconfig libname
configure:18167: result: isl
configure:18170: checking our pkgconfig version
configure:18178: result: 0.12.2
configure:18181: checking our pkgconfig_libdir
configure:18188: result: ${libdir}/pkgconfig
configure:18191: result: expanded our pkgconfig_libdir... /Volumes/ESPTools/esp-open-sdk/crosstool-NG/.build/xtensa-lx106-elf/buildtools/lib/pkgconfig
configure:18195: checking our pkgconfig_libfile
configure:18201: result: isl.pc
configure:18208: checking our package / suffix
configure:18212: result: isl / 
configure:18215: checking our pkgconfig description
configure:18222: result: isl Library
configure:18225: checking our pkgconfig requires
configure:18230: result: 
configure:18233: checking our pkgconfig ext libs
configure:18240: result: -lisl -lgmp
configure:18243: checking our pkgconfig cppflags
configure:18248: result: -I/Volumes/ESPTools/esp-open-sdk/crosstool-NG/.build/xtensa-lx106-elf/buildtools/include
configure:18251: checking our pkgconfig ldflags
configure:18256: result: -L/Volumes/ESPTools/esp-open-sdk/crosstool-NG/.build/xtensa-lx106-elf/buildtools/lib
configure:18296: result: noninstalled pkgconfig -L /Volumes/ESPTools/esp-open-sdk/crosstool-NG/.build/xtensa-lx106-elf/build/build-isl-host-x86_64-build_apple-darwin14.0.0/.libs
configure:18331: result: noninstalled pkgconfig -I //Volumes/ESPTools/esp-open-sdk/crosstool-NG/.build/src/isl-0.12.2/include
configure:18538: creating ./config.status

## ---------------------- ##
## Running config.status. ##
## ---------------------- ##

This file was extended by isl config.status 0.12.2, which was
generated by GNU Autoconf 2.69.  Invocation command line was

  CONFIG_FILES    = 
  CONFIG_HEADERS  = 
  CONFIG_LINKS    = 
  CONFIG_COMMANDS = 
  $ ./config.status 

on Macintosh-2.local

config.status:1223: creating Makefile
config.status:1223: creating doc/Makefile
config.status:1223: creating bound_test.sh
config.status:1223: creating codegen_test.sh
config.status:1223: creating pip_test.sh
config.status:1223: creating isl_config.h
config.status:1223: creating include/isl/config.h
config.status:1437: executing depfiles commands
config.status:1437: executing libtool commands
config.status:1437: executing include/isl/stdint.h commands
config.status:2184: creating include/isl/stdint.h : _ISL_INCLUDE_ISL_STDINT_H
config.status:1437: executing isl.pc commands
config.status:2666: creating isl.pc.in
config.status:2689: creating isl.pc
config.status:2715: creating isl-uninstalled.pc
config.status:2745: creating isl-uninstalled.sh
configure:21528: WARNING: unrecognized options: --with-libgmp-prefix, --with-libgmpxx-prefix

## ---------------- ##
## Cache variables. ##
## ---------------- ##

ac_cv_build=x86_64-build_apple-darwin14.0.0
ac_cv_c_compiler_gnu=yes
ac_cv_cxx_compiler_gnu=yes
ac_cv_env_CCC_set=
ac_cv_env_CCC_value=
ac_cv_env_CC_set=
ac_cv_env_CC_value=
ac_cv_env_CFLAGS_set=set
ac_cv_env_CFLAGS_value='-O2 -g -pipe '
ac_cv_env_CPPFLAGS_set=
ac_cv_env_CPPFLAGS_value=
ac_cv_env_CPP_set=
ac_cv_env_CPP_value=
ac_cv_env_CXXCPP_set=
ac_cv_env_CXXCPP_value=
ac_cv_env_CXXFLAGS_set=set
ac_cv_env_CXXFLAGS_value='-O2 -g -pipe '
ac_cv_env_CXX_set=
ac_cv_env_CXX_value=
ac_cv_env_LDFLAGS_set=set
ac_cv_env_LDFLAGS_value=' '
ac_cv_env_LIBS_set=
ac_cv_env_LIBS_value=
ac_cv_env_build_alias_set=set
ac_cv_env_build_alias_value=x86_64-build_apple-darwin14.0.0
ac_cv_env_host_alias_set=set
ac_cv_env_host_alias_value=x86_64-build_apple-darwin14.0.0
ac_cv_env_target_alias_set=
ac_cv_env_target_alias_value=
ac_cv_have_decl___builtin_ffs=no
ac_cv_have_decl_ffs=yes
ac_cv_have_decl_mp_get_memory_functions=yes
ac_cv_header_dlfcn_h=yes
ac_cv_header_gmp_h=yes
ac_cv_header_inttypes_h=yes
ac_cv_header_memory_h=yes
ac_cv_header_stdc=yes
ac_cv_header_stdint=stdint.h
ac_cv_header_stdint_h=yes
ac_cv_header_stdint_t=stdint.h
ac_cv_header_stdlib_h=yes
ac_cv_header_string_h=yes
ac_cv_header_strings_h=yes
ac_cv_header_sys_stat_h=yes
ac_cv_header_sys_types_h=yes
ac_cv_header_unistd_h=yes
ac_cv_host=x86_64-build_apple-darwin14.0.0
ac_cv_lib_gmp_main=yes
ac_cv_objext=o
ac_cv_path_EGREP='/Volumes/ESPTools/esp-open-sdk/crosstool-NG/.build/tools/bin/grep -E'
ac_cv_path_FGREP='/Volumes/ESPTools/esp-open-sdk/crosstool-NG/.build/tools/bin/grep -F'
ac_cv_path_GREP=/Volumes/ESPTools/esp-open-sdk/crosstool-NG/.build/tools/bin/grep
ac_cv_path_SED=/Volumes/ESPTools/esp-open-sdk/crosstool-NG/.build/tools/bin/sed
ac_cv_path_install='/Volumes/ESPTools/esp-open-sdk/crosstool-NG/.build/tools/bin/install -c'
ac_cv_prog_AR=x86_64-build_apple-darwin14.0.0-ar
ac_cv_prog_AWK=gawk
ac_cv_prog_CC=x86_64-build_apple-darwin14.0.0-gcc
ac_cv_prog_CPP='x86_64-build_apple-darwin14.0.0-gcc -E'
ac_cv_prog_CXX=x86_64-build_apple-darwin14.0.0-g++
ac_cv_prog_CXXCPP='x86_64-build_apple-darwin14.0.0-g++ -E'
ac_cv_prog_OBJDUMP=x86_64-build_apple-darwin14.0.0-objdump
ac_cv_prog_PERL=perl
ac_cv_prog_POD2HTML=pod2html
ac_cv_prog_RANLIB=x86_64-build_apple-darwin14.0.0-ranlib
ac_cv_prog_STRIP=x86_64-build_apple-darwin14.0.0-strip
ac_cv_prog_ac_ct_DSYMUTIL=dsymutil
ac_cv_prog_ac_ct_LIPO=lipo
ac_cv_prog_ac_ct_NMEDIT=nmedit
ac_cv_prog_ac_ct_OTOOL=otool
ac_cv_prog_cc_c89=
ac_cv_prog_cc_g=yes
ac_cv_prog_cxx_g=yes
ac_cv_prog_make_make_set=yes
ac_cv_stdint_message='using gnu compiler Apple LLVM version 6.0 (clang-600.0.57) (based on LLVM 3.5svn)'
ac_cv_stdint_result='(assuming C99 compatible system)'
am_cv_CC_dependencies_compiler_type=gcc3
am_cv_CXX_dependencies_compiler_type=gcc3
am_cv_make_support_nested_variables=yes
ax_cv___attribute__=yes
ax_cv_c_compiler_vendor=clang
ax_cv_gcc_warn_unused_result=yes
lt_cv_apple_cc_single_mod=yes
lt_cv_ar_at_file=no
lt_cv_deplibs_check_method=pass_all
lt_cv_file_magic_cmd='$MAGIC_CMD'
lt_cv_file_magic_test_file=
lt_cv_ld_exported_symbols_list=yes
lt_cv_ld_force_load=yes
lt_cv_ld_reload_flag=-r
lt_cv_nm_interface='BSD nm'
lt_cv_objdir=.libs
lt_cv_path_LD=/Applications/Xcode.app/Contents/Developer/Toolchains/XcodeDefault.xctoolchain/usr/bin/ld
lt_cv_path_LDCXX=/Applications/Xcode.app/Contents/Developer/Toolchains/XcodeDefault.xctoolchain/usr/bin/ld
lt_cv_path_NM=/Volumes/ESPTools/esp-open-sdk/crosstool-NG/.build/xtensa-lx106-elf/buildtools/bin/x86_64-build_apple-darwin14.0.0-nm
lt_cv_path_mainfest_tool=no
lt_cv_prog_compiler_c_o=yes
lt_cv_prog_compiler_c_o_CXX=yes
lt_cv_prog_compiler_pic='-fno-common -DPIC'
lt_cv_prog_compiler_pic_CXX='-fno-common -DPIC'
lt_cv_prog_compiler_pic_works=yes
lt_cv_prog_compiler_pic_works_CXX=yes
lt_cv_prog_compiler_rtti_exceptions=yes
lt_cv_prog_compiler_static_works=no
lt_cv_prog_compiler_static_works_CXX=no
lt_cv_prog_gnu_ld=no
lt_cv_prog_gnu_ldcxx=no
lt_cv_sharedlib_from_linklib_cmd='printf %s\n'
lt_cv_sys_global_symbol_pipe='sed -n -e '\''s/^.*[	 ]\([BCDEGRST][BCDEGRST]*\)[	 ][	 ]*_\([_A-Za-z][_A-Za-z0-9]*\)$/\1 _\2 \2/p'\'' | sed '\''/ __gnu_lto/d'\'''
lt_cv_sys_global_symbol_to_c_name_address='sed -n -e '\''s/^: \(.*\) .*$/  {"\1", (void *) 0},/p'\'' -e '\''s/^[BCDEGRST][BCDEGRST]* .* \(.*\)$/  {"\1", (void *) \&\1},/p'\'''
lt_cv_sys_global_symbol_to_c_name_address_lib_prefix='sed -n -e '\''s/^: \(.*\) .*$/  {"\1", (void *) 0},/p'\'' -e '\''s/^[BCDEGRST][BCDEGRST]* .* \(lib.*\)$/  {"\1", (void *) \&\1},/p'\'' -e '\''s/^[BCDEGRST][BCDEGRST]* .* \(.*\)$/  {"lib\1", (void *) \&\1},/p'\'''
lt_cv_sys_global_symbol_to_cdecl='sed -n -e '\''s/^T .* \(.*\)$/extern int \1();/p'\'' -e '\''s/^[BCDEGRST][BCDEGRST]* .* \(.*\)$/extern char \1;/p'\'''
lt_cv_sys_global_symbol_to_import=
lt_cv_sys_max_cmd_len=196608
lt_cv_to_host_file_cmd=func_convert_file_noop
lt_cv_to_tool_file_cmd=func_convert_file_noop

## ----------------- ##
## Output variables. ##
## ----------------- ##

ACLOCAL='${SHELL} /Volumes/ESPTools/esp-open-sdk/crosstool-NG/.build/src/isl-0.12.2/missing --run aclocal-1.11'
AMDEPBACKSLASH='\'
AMDEP_FALSE='#'
AMDEP_TRUE=''
AMTAR='$${TAR-tar}'
AM_BACKSLASH='\'
AM_DEFAULT_V='$(AM_DEFAULT_VERBOSITY)'
AM_DEFAULT_VERBOSITY='0'
AM_V='$(V)'
AR='x86_64-build_apple-darwin14.0.0-ar'
AUTOCONF='${SHELL} /Volumes/ESPTools/esp-open-sdk/crosstool-NG/.build/src/isl-0.12.2/missing --run autoconf'
AUTOHEADER='${SHELL} /Volumes/ESPTools/esp-open-sdk/crosstool-NG/.build/src/isl-0.12.2/missing --run autoheader'
AUTOMAKE='${SHELL} /Volumes/ESPTools/esp-open-sdk/crosstool-NG/.build/src/isl-0.12.2/missing --run automake-1.11'
AWK='gawk'
CC='x86_64-build_apple-darwin14.0.0-gcc'
CCDEPMODE='depmode=gcc3'
CFLAGS='-O2 -g -pipe '
CLANG_CXXFLAGS=''
CLANG_LDFLAGS=''
CLANG_LIBS=''
CPP='x86_64-build_apple-darwin14.0.0-gcc -E'
CPPFLAGS=''
CXX='x86_64-build_apple-darwin14.0.0-g++'
CXXCPP='x86_64-build_apple-darwin14.0.0-g++ -E'
CXXDEPMODE='depmode=gcc3'
CXXFLAGS='-O2 -g -pipe '
CYGPATH_W='echo'
DEFS='-DHAVE_CONFIG_H'
DEPDIR='.deps'
DLLTOOL='false'
DSYMUTIL='dsymutil'
DUMPBIN=''
ECHO_C=''
ECHO_N='-n'
ECHO_T=''
EGREP='/Volumes/ESPTools/esp-open-sdk/crosstool-NG/.build/tools/bin/grep -E'
EXEEXT=''
FGREP='/Volumes/ESPTools/esp-open-sdk/crosstool-NG/.build/tools/bin/grep -F'
GENERATE_DOC_FALSE=''
GENERATE_DOC_TRUE='#'
GIT_HEAD=''
GIT_HEAD_ID='isl-0.12.2'
GIT_HEAD_VERSION='isl-0.12.2'
GMP_CPPFLAGS='-I/Volumes/ESPTools/esp-open-sdk/crosstool-NG/.build/xtensa-lx106-elf/buildtools/include'
GMP_LDFLAGS='-L/Volumes/ESPTools/esp-open-sdk/crosstool-NG/.build/xtensa-lx106-elf/buildtools/lib'
GMP_LIBS='-lgmp'
GREP='/Volumes/ESPTools/esp-open-sdk/crosstool-NG/.build/tools/bin/grep'
HAVE_CLANG_FALSE=''
HAVE_CLANG_TRUE='#'
HAVE_PIPLIB_FALSE=''
HAVE_PIPLIB_TRUE='#'
INSTALL_DATA='${INSTALL} -m 644'
INSTALL_PROGRAM='${INSTALL}'
INSTALL_SCRIPT='${INSTALL}'
INSTALL_STRIP_PROGRAM='$(install_sh) -c -s'
LD='/Applications/Xcode.app/Contents/Developer/Toolchains/XcodeDefault.xctoolchain/usr/bin/ld'
LDFLAGS=' '
LIBOBJS=''
LIBS=''
LIBTOOL='$(SHELL) $(top_builddir)/libtool'
LIB_CLANG_EDIT=''
LIPO='lipo'
LN_S='ln -s'
LTLIBOBJS=''
MAKEINFO='${SHELL} /Volumes/ESPTools/esp-open-sdk/crosstool-NG/.build/src/isl-0.12.2/missing --run makeinfo'
MANIFEST_TOOL=':'
MKDIR_P='/Volumes/ESPTools/esp-open-sdk/crosstool-NG/.build/src/isl-0.12.2/./install-sh -c -d'
NEED_GET_MEMORY_FUNCTIONS_FALSE=''
NEED_GET_MEMORY_FUNCTIONS_TRUE='#'
NM='/Volumes/ESPTools/esp-open-sdk/crosstool-NG/.build/xtensa-lx106-elf/buildtools/bin/x86_64-build_apple-darwin14.0.0-nm'
NMEDIT='nmedit'
OBJDUMP='x86_64-build_apple-darwin14.0.0-objdump'
OBJEXT='o'
OTOOL64=':'
OTOOL='otool'
PACKAGE='isl'
PACKAGE_BUGREPORT='isl-development@googlegroups.com'
PACKAGE_NAME='isl'
PACKAGE_STRING='isl 0.12.2'
PACKAGE_TARNAME='isl'
PACKAGE_URL=''
PACKAGE_VERSION='0.12.2'
PATH_SEPARATOR=':'
PDFLATEX=''
PERL='perl'
PIPLIB_CPPFLAGS=''
PIPLIB_LDFLAGS=''
PIPLIB_LIBS=''
POD2HTML='pod2html'
PRTDIAG=''
RANLIB='x86_64-build_apple-darwin14.0.0-ranlib'
SED='/Volumes/ESPTools/esp-open-sdk/crosstool-NG/.build/tools/bin/sed'
SET_MAKE=''
SHELL='/bin/bash'
STRIP='x86_64-build_apple-darwin14.0.0-strip'
VERSION='0.12.2'
WARNING_FLAGS='-Wall'
ac_ct_AR=''
ac_ct_CC=''
ac_ct_CXX=''
ac_ct_DUMPBIN=''
am__EXEEXT_FALSE=''
am__EXEEXT_TRUE='#'
am__fastdepCC_FALSE='#'
am__fastdepCC_TRUE=''
am__fastdepCXX_FALSE='#'
am__fastdepCXX_TRUE=''
am__include='include'
am__isrc=' -I$(srcdir)'
am__leading_dot='.'
am__nodep='_no'
am__quote=''
am__tar='$${TAR-tar} chof - "$$tardir"'
am__untar='$${TAR-tar} xf -'
bindir='${exec_prefix}/bin'
build='x86_64-build_apple-darwin14.0.0'
build_alias='x86_64-build_apple-darwin14.0.0'
build_cpu='x86_64'
build_os='darwin14.0.0'
build_vendor='build_apple'
datadir='${datarootdir}'
datarootdir='${prefix}/share'
docdir='${datarootdir}/doc/${PACKAGE_TARNAME}'
dvidir='${docdir}'
exec_prefix='${prefix}'
host='x86_64-build_apple-darwin14.0.0'
host_alias='x86_64-build_apple-darwin14.0.0'
host_cpu='x86_64'
host_os='darwin14.0.0'
host_vendor='build_apple'
htmldir='${docdir}'
includedir='${prefix}/include'
infodir='${datarootdir}/info'
install_sh='${SHELL} /Volumes/ESPTools/esp-open-sdk/crosstool-NG/.build/src/isl-0.12.2/install-sh'
libdir='${exec_prefix}/lib'
libexecdir='${exec_prefix}/libexec'
llvm_config_found=''
localedir='${datarootdir}/locale'
localstatedir='${prefix}/var'
mandir='${datarootdir}/man'
mkdir_p='/Volumes/ESPTools/esp-open-sdk/crosstool-NG/.build/src/isl-0.12.2/./install-sh -c -d'
oldincludedir='/usr/include'
pdfdir='${docdir}'
pkgconfig_libdir='${libdir}/pkgconfig'
pkgconfig_libfile='isl.pc'
prefix='/Volumes/ESPTools/esp-open-sdk/crosstool-NG/.build/xtensa-lx106-elf/buildtools'
program_transform_name='s,x,x,'
psdir='${docdir}'
sbindir='${exec_prefix}/sbin'
sharedstatedir='${prefix}/com'
sysconfdir='${prefix}/etc'
target_alias=''
versioninfo='12:2:2'

## ----------- ##
## confdefs.h. ##
## ----------- ##

/* confdefs.h */
#define PACKAGE_NAME "isl"
#define PACKAGE_TARNAME "isl"
#define PACKAGE_VERSION "0.12.2"
#define PACKAGE_STRING "isl 0.12.2"
#define PACKAGE_BUGREPORT "isl-development@googlegroups.com"
#define PACKAGE_URL ""
#define PACKAGE "isl"
#define VERSION "0.12.2"
#define GCC_WARN_UNUSED_RESULT __attribute__((__warn_unused_result__))
#define HAVE___ATTRIBUTE__ 1
#define STDC_HEADERS 1
#define HAVE_SYS_TYPES_H 1
#define HAVE_SYS_STAT_H 1
#define HAVE_STDLIB_H 1
#define HAVE_STRING_H 1
#define HAVE_MEMORY_H 1
#define HAVE_STRINGS_H 1
#define HAVE_INTTYPES_H 1
#define HAVE_STDINT_H 1
#define HAVE_UNISTD_H 1
#define HAVE_DLFCN_H 1
#define LT_OBJDIR ".libs/"
#define HAVE_LIBGMP 1
#define HAVE_DECL_MP_GET_MEMORY_FUNCTIONS 1
#define HAVE_DECL_FFS 1
#define HAVE_DECL___BUILTIN_FFS 0

configure: exit 0
