This file contains any messages produced by compilers while
running configure, to aid debugging if configure makes a mistake.

It was created by GNU C Runtime Library configure 1.0, which was
generated by GNU Autoconf 2.64.  Invocation command line was

  $ /Volumes/ESPTools/esp-open-sdk/crosstool-NG/.build/src/gcc-4.8.2/libgcc/configure --cache-file=./config.cache --with-cross-host=x86_64-build_apple-darwin14.0.0 --prefix=/esptools/esp-open-sdk/xtensa-lx106-elf --with-local-prefix=/esptools/esp-open-sdk/xtensa-lx106-elf/xtensa-lx106-elf/sysroot --with-sysroot=/esptools/esp-open-sdk/xtensa-lx106-elf/xtensa-lx106-elf/sysroot --with-newlib --enable-threads=no --disable-shared --with-pkgversion=crosstool-NG 1.20.0 --disable-__cxa_atexit --with-isl=/Volumes/ESPTools/esp-open-sdk/crosstool-NG/.build/xtensa-lx106-elf/buildtools --with-libelf=/Volumes/ESPTools/esp-open-sdk/crosstool-NG/.build/xtensa-lx106-elf/buildtools --enable-lto --enable-target-optspace --disable-libgomp --disable-libmudflap --disable-nls --disable-multilib --enable-languages=c,c++,lto --program-transform-name=s&^&xtensa-lx106-elf-& --disable-option-checking --with-target-subdir=xtensa-lx106-elf --build=x86_64-build_apple-darwin14.0.0 --host=xtensa-lx106-elf --target=xtensa-lx106-elf --srcdir=/Volumes/ESPTools/esp-open-sdk/crosstool-NG/.build/src/gcc-4.8.2/libgcc

## --------- ##
## Platform. ##
## --------- ##

hostname = Macintosh-2.local
uname -m = x86_64
uname -r = 14.0.0
uname -s = Darwin
uname -v = Darwin Kernel Version 14.0.0: Fri Sep 19 00:26:44 PDT 2014; root:xnu-2782.1.97~2/RELEASE_X86_64

/usr/bin/uname -p = i386
/bin/uname -X     = unknown

/bin/arch              = unknown
/usr/bin/arch -k       = unknown
/usr/convex/getsysinfo = unknown
/usr/bin/hostinfo      = Mach kernel version:
	 Darwin Kernel Version 14.0.0: Fri Sep 19 00:26:44 PDT 2014; root:xnu-2782.1.97~2/RELEASE_X86_64
Kernel configured for up to 8 processors.
4 processors are physically available.
8 processors are logically available.
Processor type: i486 (Intel 80486)
Processors active: 0 1 2 3 4 5 6 7
Primary memory available: 16.00 gigabytes
Default processor set: 319 tasks, 1664 threads, 8 processors
Load average: 2.66, Mach factor: 5.34
/bin/machine           = unknown
/usr/bin/oslevel       = unknown
/bin/universe          = unknown

PATH: /esptools/esp-open-sdk/xtensa-lx106-elf/bin
PATH: /Volumes/ESPTools/esp-open-sdk/crosstool-NG/.build/xtensa-lx106-elf/buildtools/bin
PATH: /Volumes/ESPTools/esp-open-sdk/crosstool-NG/.build/tools/bin
PATH: /opt/local/bin
PATH: /opt/local/sbin
PATH: /opt/local/bin
PATH: /opt/local/sbin
PATH: /usr/bin
PATH: /bin
PATH: /usr/sbin
PATH: /sbin
PATH: /usr/local/bin
PATH: /opt/local/bin/
PATH: /opt/X11/bin
PATH: /usr/local/git/bin
PATH: /usr/local/MacGPG2/bin


## ----------- ##
## Core tests. ##
## ----------- ##

configure:1977: creating cache ./config.cache
configure:2147: checking build system type
configure:2161: result: x86_64-build_apple-darwin14.0.0
configure:2181: checking host system type
configure:2194: result: xtensa-lx106-elf
configure:2292: checking for --enable-version-specific-runtime-libs
configure:2305: result: no
configure:2353: checking for a BSD-compatible install
configure:2421: result: /Volumes/ESPTools/esp-open-sdk/crosstool-NG/.build/tools/bin/install -c
configure:2437: checking for gawk
configure:2464: result: gawk
configure:2564: checking for xtensa-lx106-elf-ar
configure:2591: result: /esptools/esp-open-sdk/xtensa-lx106-elf/xtensa-lx106-elf/bin/ar
configure:2656: checking for xtensa-lx106-elf-lipo
configure:2683: result: xtensa-lx106-elf-lipo
configure:2748: checking for xtensa-lx106-elf-nm
configure:2775: result: /Volumes/ESPTools/esp-open-sdk/crosstool-NG/.build/xtensa-lx106-elf/build/build-cc-final/./gcc/nm
configure:2840: checking for xtensa-lx106-elf-ranlib
configure:2867: result: /esptools/esp-open-sdk/xtensa-lx106-elf/xtensa-lx106-elf/bin/ranlib
configure:2932: checking for xtensa-lx106-elf-strip
configure:2959: result: /esptools/esp-open-sdk/xtensa-lx106-elf/xtensa-lx106-elf/bin/strip
configure:3021: checking whether ln -s works
configure:3025: result: yes
configure:3042: checking for xtensa-lx106-elf-gcc
configure:3069: result:  /Volumes/ESPTools/esp-open-sdk/crosstool-NG/.build/xtensa-lx106-elf/build/build-cc-final/./gcc/xgcc -B/Volumes/ESPTools/esp-open-sdk/crosstool-NG/.build/xtensa-lx106-elf/build/build-cc-final/./gcc/ -B/esptools/esp-open-sdk/xtensa-lx106-elf/xtensa-lx106-elf/bin/ -B/esptools/esp-open-sdk/xtensa-lx106-elf/xtensa-lx106-elf/lib/ -isystem /esptools/esp-open-sdk/xtensa-lx106-elf/xtensa-lx106-elf/include -isystem /esptools/esp-open-sdk/xtensa-lx106-elf/xtensa-lx106-elf/sys-include   
configure:3338: checking for C compiler version
configure:3347:  /Volumes/ESPTools/esp-open-sdk/crosstool-NG/.build/xtensa-lx106-elf/build/build-cc-final/./gcc/xgcc -B/Volumes/ESPTools/esp-open-sdk/crosstool-NG/.build/xtensa-lx106-elf/build/build-cc-final/./gcc/ -B/esptools/esp-open-sdk/xtensa-lx106-elf/xtensa-lx106-elf/bin/ -B/esptools/esp-open-sdk/xtensa-lx106-elf/xtensa-lx106-elf/lib/ -isystem /esptools/esp-open-sdk/xtensa-lx106-elf/xtensa-lx106-elf/include -isystem /esptools/esp-open-sdk/xtensa-lx106-elf/xtensa-lx106-elf/sys-include    --version >&5
xgcc (crosstool-NG 1.20.0) 4.8.2
Copyright (C) 2013 Free Software Foundation, Inc.
This is free software; see the source for copying conditions.  There is NO
warranty; not even for MERCHANTABILITY or FITNESS FOR A PARTICULAR PURPOSE.

configure:3358: $? = 0
configure:3347:  /Volumes/ESPTools/esp-open-sdk/crosstool-NG/.build/xtensa-lx106-elf/build/build-cc-final/./gcc/xgcc -B/Volumes/ESPTools/esp-open-sdk/crosstool-NG/.build/xtensa-lx106-elf/build/build-cc-final/./gcc/ -B/esptools/esp-open-sdk/xtensa-lx106-elf/xtensa-lx106-elf/bin/ -B/esptools/esp-open-sdk/xtensa-lx106-elf/xtensa-lx106-elf/lib/ -isystem /esptools/esp-open-sdk/xtensa-lx106-elf/xtensa-lx106-elf/include -isystem /esptools/esp-open-sdk/xtensa-lx106-elf/xtensa-lx106-elf/sys-include    -v >&5
Reading specs from /Volumes/ESPTools/esp-open-sdk/crosstool-NG/.build/xtensa-lx106-elf/build/build-cc-final/./gcc/specs
COLLECT_GCC=/Volumes/ESPTools/esp-open-sdk/crosstool-NG/.build/xtensa-lx106-elf/build/build-cc-final/./gcc/xgcc
COLLECT_LTO_WRAPPER=/Volumes/ESPTools/esp-open-sdk/crosstool-NG/.build/xtensa-lx106-elf/build/build-cc-final/./gcc/lto-wrapper
Target: xtensa-lx106-elf
Configured with: /Volumes/ESPTools/esp-open-sdk/crosstool-NG/.build/src/gcc-4.8.2/configure --build=x86_64-build_apple-darwin14.0.0 --host=x86_64-build_apple-darwin14.0.0 --target=xtensa-lx106-elf --prefix=/esptools/esp-open-sdk/xtensa-lx106-elf --with-local-prefix=/esptools/esp-open-sdk/xtensa-lx106-elf/xtensa-lx106-elf/sysroot --disable-libmudflap --with-sysroot=/esptools/esp-open-sdk/xtensa-lx106-elf/xtensa-lx106-elf/sysroot --with-newlib --enable-threads=no --disable-shared --with-pkgversion='crosstool-NG 1.20.0' --disable-__cxa_atexit --with-gmp=/Volumes/ESPTools/esp-open-sdk/crosstool-NG/.build/xtensa-lx106-elf/buildtools --with-mpfr=/Volumes/ESPTools/esp-open-sdk/crosstool-NG/.build/xtensa-lx106-elf/buildtools --with-mpc=/Volumes/ESPTools/esp-open-sdk/crosstool-NG/.build/xtensa-lx106-elf/buildtools --with-isl=/Volumes/ESPTools/esp-open-sdk/crosstool-NG/.build/xtensa-lx106-elf/buildtools --with-cloog=/Volumes/ESPTools/esp-open-sdk/crosstool-NG/.build/xtensa-lx106-elf/buildtools --with-libelf=/Volumes/ESPTools/esp-open-sdk/crosstool-NG/.build/xtensa-lx106-elf/buildtools --enable-lto --enable-target-optspace --disable-libgomp --disable-libmudflap --disable-nls --disable-multilib --enable-languages=c,c++
Thread model: single
gcc version 4.8.2 (crosstool-NG 1.20.0) 
configure:3358: $? = 0
configure:3347:  /Volumes/ESPTools/esp-open-sdk/crosstool-NG/.build/xtensa-lx106-elf/build/build-cc-final/./gcc/xgcc -B/Volumes/ESPTools/esp-open-sdk/crosstool-NG/.build/xtensa-lx106-elf/build/build-cc-final/./gcc/ -B/esptools/esp-open-sdk/xtensa-lx106-elf/xtensa-lx106-elf/bin/ -B/esptools/esp-open-sdk/xtensa-lx106-elf/xtensa-lx106-elf/lib/ -isystem /esptools/esp-open-sdk/xtensa-lx106-elf/xtensa-lx106-elf/include -isystem /esptools/esp-open-sdk/xtensa-lx106-elf/xtensa-lx106-elf/sys-include    -V >&5
xgcc: error: unrecognized command line option '-V'
xgcc: fatal error: no input files
compilation terminated.
configure:3358: $? = 1
configure:3347:  /Volumes/ESPTools/esp-open-sdk/crosstool-NG/.build/xtensa-lx106-elf/build/build-cc-final/./gcc/xgcc -B/Volumes/ESPTools/esp-open-sdk/crosstool-NG/.build/xtensa-lx106-elf/build/build-cc-final/./gcc/ -B/esptools/esp-open-sdk/xtensa-lx106-elf/xtensa-lx106-elf/bin/ -B/esptools/esp-open-sdk/xtensa-lx106-elf/xtensa-lx106-elf/lib/ -isystem /esptools/esp-open-sdk/xtensa-lx106-elf/xtensa-lx106-elf/include -isystem /esptools/esp-open-sdk/xtensa-lx106-elf/xtensa-lx106-elf/sys-include    -qversion >&5
xgcc: error: unrecognized command line option '-qversion'
xgcc: fatal error: no input files
compilation terminated.
configure:3358: $? = 1
configure:3374:  /Volumes/ESPTools/esp-open-sdk/crosstool-NG/.build/xtensa-lx106-elf/build/build-cc-final/./gcc/xgcc -B/Volumes/ESPTools/esp-open-sdk/crosstool-NG/.build/xtensa-lx106-elf/build/build-cc-final/./gcc/ -B/esptools/esp-open-sdk/xtensa-lx106-elf/xtensa-lx106-elf/bin/ -B/esptools/esp-open-sdk/xtensa-lx106-elf/xtensa-lx106-elf/lib/ -isystem /esptools/esp-open-sdk/xtensa-lx106-elf/xtensa-lx106-elf/include -isystem /esptools/esp-open-sdk/xtensa-lx106-elf/xtensa-lx106-elf/sys-include    -o conftest -g -Os   conftest.c  >&5
/esptools/esp-open-sdk/xtensa-lx106-elf/xtensa-lx106-elf/bin/ld: cannot find crt1-sim.o: No such file or directory
/esptools/esp-open-sdk/xtensa-lx106-elf/xtensa-lx106-elf/bin/ld: cannot find crti.o: No such file or directory
/esptools/esp-open-sdk/xtensa-lx106-elf/xtensa-lx106-elf/bin/ld: cannot find crtbegin.o: No such file or directory
/esptools/esp-open-sdk/xtensa-lx106-elf/xtensa-lx106-elf/bin/ld: cannot find _vectors.o: No such file or directory
/esptools/esp-open-sdk/xtensa-lx106-elf/xtensa-lx106-elf/bin/ld: cannot find -lgcc
/esptools/esp-open-sdk/xtensa-lx106-elf/xtensa-lx106-elf/bin/ld: cannot find -lsim
/esptools/esp-open-sdk/xtensa-lx106-elf/xtensa-lx106-elf/bin/ld: cannot find -lhandlers-sim
/esptools/esp-open-sdk/xtensa-lx106-elf/xtensa-lx106-elf/bin/ld: cannot find -lhal
/esptools/esp-open-sdk/xtensa-lx106-elf/xtensa-lx106-elf/bin/ld: cannot find -lgcc
/esptools/esp-open-sdk/xtensa-lx106-elf/xtensa-lx106-elf/bin/ld: cannot find crtend.o: No such file or directory
/esptools/esp-open-sdk/xtensa-lx106-elf/xtensa-lx106-elf/bin/ld: cannot find crtn.o: No such file or directory
collect2: error: ld returned 1 exit status
configure:3377: $? = 1
configure:3565: checking for suffix of object files
configure:3587:  /Volumes/ESPTools/esp-open-sdk/crosstool-NG/.build/xtensa-lx106-elf/build/build-cc-final/./gcc/xgcc -B/Volumes/ESPTools/esp-open-sdk/crosstool-NG/.build/xtensa-lx106-elf/build/build-cc-final/./gcc/ -B/esptools/esp-open-sdk/xtensa-lx106-elf/xtensa-lx106-elf/bin/ -B/esptools/esp-open-sdk/xtensa-lx106-elf/xtensa-lx106-elf/lib/ -isystem /esptools/esp-open-sdk/xtensa-lx106-elf/xtensa-lx106-elf/include -isystem /esptools/esp-open-sdk/xtensa-lx106-elf/xtensa-lx106-elf/sys-include    -c -g -Os  conftest.c >&5
configure:3591: $? = 0
configure:3612: result: o
configure:3616: checking whether we are using the GNU C compiler
configure:3635:  /Volumes/ESPTools/esp-open-sdk/crosstool-NG/.build/xtensa-lx106-elf/build/build-cc-final/./gcc/xgcc -B/Volumes/ESPTools/esp-open-sdk/crosstool-NG/.build/xtensa-lx106-elf/build/build-cc-final/./gcc/ -B/esptools/esp-open-sdk/xtensa-lx106-elf/xtensa-lx106-elf/bin/ -B/esptools/esp-open-sdk/xtensa-lx106-elf/xtensa-lx106-elf/lib/ -isystem /esptools/esp-open-sdk/xtensa-lx106-elf/xtensa-lx106-elf/include -isystem /esptools/esp-open-sdk/xtensa-lx106-elf/xtensa-lx106-elf/sys-include    -c -g -Os  conftest.c >&5
configure:3635: $? = 0
configure:3644: result: yes
configure:3653: checking whether  /Volumes/ESPTools/esp-open-sdk/crosstool-NG/.build/xtensa-lx106-elf/build/build-cc-final/./gcc/xgcc -B/Volumes/ESPTools/esp-open-sdk/crosstool-NG/.build/xtensa-lx106-elf/build/build-cc-final/./gcc/ -B/esptools/esp-open-sdk/xtensa-lx106-elf/xtensa-lx106-elf/bin/ -B/esptools/esp-open-sdk/xtensa-lx106-elf/xtensa-lx106-elf/lib/ -isystem /esptools/esp-open-sdk/xtensa-lx106-elf/xtensa-lx106-elf/include -isystem /esptools/esp-open-sdk/xtensa-lx106-elf/xtensa-lx106-elf/sys-include    accepts -g
configure:3673:  /Volumes/ESPTools/esp-open-sdk/crosstool-NG/.build/xtensa-lx106-elf/build/build-cc-final/./gcc/xgcc -B/Volumes/ESPTools/esp-open-sdk/crosstool-NG/.build/xtensa-lx106-elf/build/build-cc-final/./gcc/ -B/esptools/esp-open-sdk/xtensa-lx106-elf/xtensa-lx106-elf/bin/ -B/esptools/esp-open-sdk/xtensa-lx106-elf/xtensa-lx106-elf/lib/ -isystem /esptools/esp-open-sdk/xtensa-lx106-elf/xtensa-lx106-elf/include -isystem /esptools/esp-open-sdk/xtensa-lx106-elf/xtensa-lx106-elf/sys-include    -c -g  conftest.c >&5
configure:3673: $? = 0
configure:3714: result: yes
configure:3731: checking for  /Volumes/ESPTools/esp-open-sdk/crosstool-NG/.build/xtensa-lx106-elf/build/build-cc-final/./gcc/xgcc -B/Volumes/ESPTools/esp-open-sdk/crosstool-NG/.build/xtensa-lx106-elf/build/build-cc-final/./gcc/ -B/esptools/esp-open-sdk/xtensa-lx106-elf/xtensa-lx106-elf/bin/ -B/esptools/esp-open-sdk/xtensa-lx106-elf/xtensa-lx106-elf/lib/ -isystem /esptools/esp-open-sdk/xtensa-lx106-elf/xtensa-lx106-elf/include -isystem /esptools/esp-open-sdk/xtensa-lx106-elf/xtensa-lx106-elf/sys-include    option to accept ISO C89
configure:3795:  /Volumes/ESPTools/esp-open-sdk/crosstool-NG/.build/xtensa-lx106-elf/build/build-cc-final/./gcc/xgcc -B/Volumes/ESPTools/esp-open-sdk/crosstool-NG/.build/xtensa-lx106-elf/build/build-cc-final/./gcc/ -B/esptools/esp-open-sdk/xtensa-lx106-elf/xtensa-lx106-elf/bin/ -B/esptools/esp-open-sdk/xtensa-lx106-elf/xtensa-lx106-elf/lib/ -isystem /esptools/esp-open-sdk/xtensa-lx106-elf/xtensa-lx106-elf/include -isystem /esptools/esp-open-sdk/xtensa-lx106-elf/xtensa-lx106-elf/sys-include     -c -g -Os  conftest.c >&5
configure:3795: $? = 0
configure:3808: result: none needed
configure:3833: checking how to run the C preprocessor
configure:3864:  /Volumes/ESPTools/esp-open-sdk/crosstool-NG/.build/xtensa-lx106-elf/build/build-cc-final/./gcc/xgcc -B/Volumes/ESPTools/esp-open-sdk/crosstool-NG/.build/xtensa-lx106-elf/build/build-cc-final/./gcc/ -B/esptools/esp-open-sdk/xtensa-lx106-elf/xtensa-lx106-elf/bin/ -B/esptools/esp-open-sdk/xtensa-lx106-elf/xtensa-lx106-elf/lib/ -isystem /esptools/esp-open-sdk/xtensa-lx106-elf/xtensa-lx106-elf/include -isystem /esptools/esp-open-sdk/xtensa-lx106-elf/xtensa-lx106-elf/sys-include    -E  conftest.c
configure:3864: $? = 0
configure:3878:  /Volumes/ESPTools/esp-open-sdk/crosstool-NG/.build/xtensa-lx106-elf/build/build-cc-final/./gcc/xgcc -B/Volumes/ESPTools/esp-open-sdk/crosstool-NG/.build/xtensa-lx106-elf/build/build-cc-final/./gcc/ -B/esptools/esp-open-sdk/xtensa-lx106-elf/xtensa-lx106-elf/bin/ -B/esptools/esp-open-sdk/xtensa-lx106-elf/xtensa-lx106-elf/lib/ -isystem /esptools/esp-open-sdk/xtensa-lx106-elf/xtensa-lx106-elf/include -isystem /esptools/esp-open-sdk/xtensa-lx106-elf/xtensa-lx106-elf/sys-include    -E  conftest.c
conftest.c:9:28: fatal error: ac_nonexistent.h: No such file or directory
 #include <ac_nonexistent.h>
                            ^
compilation terminated.
configure:3878: $? = 1
configure: failed program was:
| /* confdefs.h */
| #define PACKAGE_NAME "GNU C Runtime Library"
| #define PACKAGE_TARNAME "libgcc"
| #define PACKAGE_VERSION "1.0"
| #define PACKAGE_STRING "GNU C Runtime Library 1.0"
| #define PACKAGE_BUGREPORT ""
| #define PACKAGE_URL "http://www.gnu.org/software/libgcc/"
| /* end confdefs.h.  */
| #include <ac_nonexistent.h>
configure:3903: result:  /Volumes/ESPTools/esp-open-sdk/crosstool-NG/.build/xtensa-lx106-elf/build/build-cc-final/./gcc/xgcc -B/Volumes/ESPTools/esp-open-sdk/crosstool-NG/.build/xtensa-lx106-elf/build/build-cc-final/./gcc/ -B/esptools/esp-open-sdk/xtensa-lx106-elf/xtensa-lx106-elf/bin/ -B/esptools/esp-open-sdk/xtensa-lx106-elf/xtensa-lx106-elf/lib/ -isystem /esptools/esp-open-sdk/xtensa-lx106-elf/xtensa-lx106-elf/include -isystem /esptools/esp-open-sdk/xtensa-lx106-elf/xtensa-lx106-elf/sys-include    -E
configure:3923:  /Volumes/ESPTools/esp-open-sdk/crosstool-NG/.build/xtensa-lx106-elf/build/build-cc-final/./gcc/xgcc -B/Volumes/ESPTools/esp-open-sdk/crosstool-NG/.build/xtensa-lx106-elf/build/build-cc-final/./gcc/ -B/esptools/esp-open-sdk/xtensa-lx106-elf/xtensa-lx106-elf/bin/ -B/esptools/esp-open-sdk/xtensa-lx106-elf/xtensa-lx106-elf/lib/ -isystem /esptools/esp-open-sdk/xtensa-lx106-elf/xtensa-lx106-elf/include -isystem /esptools/esp-open-sdk/xtensa-lx106-elf/xtensa-lx106-elf/sys-include    -E  conftest.c
configure:3923: $? = 0
configure:3937:  /Volumes/ESPTools/esp-open-sdk/crosstool-NG/.build/xtensa-lx106-elf/build/build-cc-final/./gcc/xgcc -B/Volumes/ESPTools/esp-open-sdk/crosstool-NG/.build/xtensa-lx106-elf/build/build-cc-final/./gcc/ -B/esptools/esp-open-sdk/xtensa-lx106-elf/xtensa-lx106-elf/bin/ -B/esptools/esp-open-sdk/xtensa-lx106-elf/xtensa-lx106-elf/lib/ -isystem /esptools/esp-open-sdk/xtensa-lx106-elf/xtensa-lx106-elf/include -isystem /esptools/esp-open-sdk/xtensa-lx106-elf/xtensa-lx106-elf/sys-include    -E  conftest.c
conftest.c:9:28: fatal error: ac_nonexistent.h: No such file or directory
 #include <ac_nonexistent.h>
                            ^
compilation terminated.
configure:3937: $? = 1
configure: failed program was:
| /* confdefs.h */
| #define PACKAGE_NAME "GNU C Runtime Library"
| #define PACKAGE_TARNAME "libgcc"
| #define PACKAGE_VERSION "1.0"
| #define PACKAGE_STRING "GNU C Runtime Library 1.0"
| #define PACKAGE_BUGREPORT ""
| #define PACKAGE_URL "http://www.gnu.org/software/libgcc/"
| /* end confdefs.h.  */
| #include <ac_nonexistent.h>
configure:3974: checking size of double
configure:3979:  /Volumes/ESPTools/esp-open-sdk/crosstool-NG/.build/xtensa-lx106-elf/build/build-cc-final/./gcc/xgcc -B/Volumes/ESPTools/esp-open-sdk/crosstool-NG/.build/xtensa-lx106-elf/build/build-cc-final/./gcc/ -B/esptools/esp-open-sdk/xtensa-lx106-elf/xtensa-lx106-elf/bin/ -B/esptools/esp-open-sdk/xtensa-lx106-elf/xtensa-lx106-elf/lib/ -isystem /esptools/esp-open-sdk/xtensa-lx106-elf/xtensa-lx106-elf/include -isystem /esptools/esp-open-sdk/xtensa-lx106-elf/xtensa-lx106-elf/sys-include    -c -g -Os  conftest.c >&5
configure:3979: $? = 0
configure:3979:  /Volumes/ESPTools/esp-open-sdk/crosstool-NG/.build/xtensa-lx106-elf/build/build-cc-final/./gcc/xgcc -B/Volumes/ESPTools/esp-open-sdk/crosstool-NG/.build/xtensa-lx106-elf/build/build-cc-final/./gcc/ -B/esptools/esp-open-sdk/xtensa-lx106-elf/xtensa-lx106-elf/bin/ -B/esptools/esp-open-sdk/xtensa-lx106-elf/xtensa-lx106-elf/lib/ -isystem /esptools/esp-open-sdk/xtensa-lx106-elf/xtensa-lx106-elf/include -isystem /esptools/esp-open-sdk/xtensa-lx106-elf/xtensa-lx106-elf/sys-include    -c -g -Os  conftest.c >&5
conftest.c: In function 'main':
conftest.c:13:12: error: size of array 'test_array' is negative
 static int test_array [1 - 2 * !(((long int) (sizeof (double))) <= 0)];
            ^
configure:3979: $? = 1
configure: failed program was:
| /* confdefs.h */
| #define PACKAGE_NAME "GNU C Runtime Library"
| #define PACKAGE_TARNAME "libgcc"
| #define PACKAGE_VERSION "1.0"
| #define PACKAGE_STRING "GNU C Runtime Library 1.0"
| #define PACKAGE_BUGREPORT ""
| #define PACKAGE_URL "http://www.gnu.org/software/libgcc/"
| /* end confdefs.h.  */
| /* none */
| int
| main ()
| {
| static int test_array [1 - 2 * !(((long int) (sizeof (double))) <= 0)];
| test_array [0] = 0
| 
|   ;
|   return 0;
| }
configure:3979:  /Volumes/ESPTools/esp-open-sdk/crosstool-NG/.build/xtensa-lx106-elf/build/build-cc-final/./gcc/xgcc -B/Volumes/ESPTools/esp-open-sdk/crosstool-NG/.build/xtensa-lx106-elf/build/build-cc-final/./gcc/ -B/esptools/esp-open-sdk/xtensa-lx106-elf/xtensa-lx106-elf/bin/ -B/esptools/esp-open-sdk/xtensa-lx106-elf/xtensa-lx106-elf/lib/ -isystem /esptools/esp-open-sdk/xtensa-lx106-elf/xtensa-lx106-elf/include -isystem /esptools/esp-open-sdk/xtensa-lx106-elf/xtensa-lx106-elf/sys-include    -c -g -Os  conftest.c >&5
conftest.c: In function 'main':
conftest.c:13:12: error: size of array 'test_array' is negative
 static int test_array [1 - 2 * !(((long int) (sizeof (double))) <= 1)];
            ^
configure:3979: $? = 1
configure: failed program was:
| /* confdefs.h */
| #define PACKAGE_NAME "GNU C Runtime Library"
| #define PACKAGE_TARNAME "libgcc"
| #define PACKAGE_VERSION "1.0"
| #define PACKAGE_STRING "GNU C Runtime Library 1.0"
| #define PACKAGE_BUGREPORT ""
| #define PACKAGE_URL "http://www.gnu.org/software/libgcc/"
| /* end confdefs.h.  */
| /* none */
| int
| main ()
| {
| static int test_array [1 - 2 * !(((long int) (sizeof (double))) <= 1)];
| test_array [0] = 0
| 
|   ;
|   return 0;
| }
configure:3979:  /Volumes/ESPTools/esp-open-sdk/crosstool-NG/.build/xtensa-lx106-elf/build/build-cc-final/./gcc/xgcc -B/Volumes/ESPTools/esp-open-sdk/crosstool-NG/.build/xtensa-lx106-elf/build/build-cc-final/./gcc/ -B/esptools/esp-open-sdk/xtensa-lx106-elf/xtensa-lx106-elf/bin/ -B/esptools/esp-open-sdk/xtensa-lx106-elf/xtensa-lx106-elf/lib/ -isystem /esptools/esp-open-sdk/xtensa-lx106-elf/xtensa-lx106-elf/include -isystem /esptools/esp-open-sdk/xtensa-lx106-elf/xtensa-lx106-elf/sys-include    -c -g -Os  conftest.c >&5
conftest.c: In function 'main':
conftest.c:13:12: error: size of array 'test_array' is negative
 static int test_array [1 - 2 * !(((long int) (sizeof (double))) <= 3)];
            ^
configure:3979: $? = 1
configure: failed program was:
| /* confdefs.h */
| #define PACKAGE_NAME "GNU C Runtime Library"
| #define PACKAGE_TARNAME "libgcc"
| #define PACKAGE_VERSION "1.0"
| #define PACKAGE_STRING "GNU C Runtime Library 1.0"
| #define PACKAGE_BUGREPORT ""
| #define PACKAGE_URL "http://www.gnu.org/software/libgcc/"
| /* end confdefs.h.  */
| /* none */
| int
| main ()
| {
| static int test_array [1 - 2 * !(((long int) (sizeof (double))) <= 3)];
| test_array [0] = 0
| 
|   ;
|   return 0;
| }
configure:3979:  /Volumes/ESPTools/esp-open-sdk/crosstool-NG/.build/xtensa-lx106-elf/build/build-cc-final/./gcc/xgcc -B/Volumes/ESPTools/esp-open-sdk/crosstool-NG/.build/xtensa-lx106-elf/build/build-cc-final/./gcc/ -B/esptools/esp-open-sdk/xtensa-lx106-elf/xtensa-lx106-elf/bin/ -B/esptools/esp-open-sdk/xtensa-lx106-elf/xtensa-lx106-elf/lib/ -isystem /esptools/esp-open-sdk/xtensa-lx106-elf/xtensa-lx106-elf/include -isystem /esptools/esp-open-sdk/xtensa-lx106-elf/xtensa-lx106-elf/sys-include    -c -g -Os  conftest.c >&5
conftest.c: In function 'main':
conftest.c:13:12: error: size of array 'test_array' is negative
 static int test_array [1 - 2 * !(((long int) (sizeof (double))) <= 7)];
            ^
configure:3979: $? = 1
configure: failed program was:
| /* confdefs.h */
| #define PACKAGE_NAME "GNU C Runtime Library"
| #define PACKAGE_TARNAME "libgcc"
| #define PACKAGE_VERSION "1.0"
| #define PACKAGE_STRING "GNU C Runtime Library 1.0"
| #define PACKAGE_BUGREPORT ""
| #define PACKAGE_URL "http://www.gnu.org/software/libgcc/"
| /* end confdefs.h.  */
| /* none */
| int
| main ()
| {
| static int test_array [1 - 2 * !(((long int) (sizeof (double))) <= 7)];
| test_array [0] = 0
| 
|   ;
|   return 0;
| }
configure:3979:  /Volumes/ESPTools/esp-open-sdk/crosstool-NG/.build/xtensa-lx106-elf/build/build-cc-final/./gcc/xgcc -B/Volumes/ESPTools/esp-open-sdk/crosstool-NG/.build/xtensa-lx106-elf/build/build-cc-final/./gcc/ -B/esptools/esp-open-sdk/xtensa-lx106-elf/xtensa-lx106-elf/bin/ -B/esptools/esp-open-sdk/xtensa-lx106-elf/xtensa-lx106-elf/lib/ -isystem /esptools/esp-open-sdk/xtensa-lx106-elf/xtensa-lx106-elf/include -isystem /esptools/esp-open-sdk/xtensa-lx106-elf/xtensa-lx106-elf/sys-include    -c -g -Os  conftest.c >&5
configure:3979: $? = 0
configure:3979:  /Volumes/ESPTools/esp-open-sdk/crosstool-NG/.build/xtensa-lx106-elf/build/build-cc-final/./gcc/xgcc -B/Volumes/ESPTools/esp-open-sdk/crosstool-NG/.build/xtensa-lx106-elf/build/build-cc-final/./gcc/ -B/esptools/esp-open-sdk/xtensa-lx106-elf/xtensa-lx106-elf/bin/ -B/esptools/esp-open-sdk/xtensa-lx106-elf/xtensa-lx106-elf/lib/ -isystem /esptools/esp-open-sdk/xtensa-lx106-elf/xtensa-lx106-elf/include -isystem /esptools/esp-open-sdk/xtensa-lx106-elf/xtensa-lx106-elf/sys-include    -c -g -Os  conftest.c >&5
configure:3979: $? = 0
configure:3979:  /Volumes/ESPTools/esp-open-sdk/crosstool-NG/.build/xtensa-lx106-elf/build/build-cc-final/./gcc/xgcc -B/Volumes/ESPTools/esp-open-sdk/crosstool-NG/.build/xtensa-lx106-elf/build/build-cc-final/./gcc/ -B/esptools/esp-open-sdk/xtensa-lx106-elf/xtensa-lx106-elf/bin/ -B/esptools/esp-open-sdk/xtensa-lx106-elf/xtensa-lx106-elf/lib/ -isystem /esptools/esp-open-sdk/xtensa-lx106-elf/xtensa-lx106-elf/include -isystem /esptools/esp-open-sdk/xtensa-lx106-elf/xtensa-lx106-elf/sys-include    -c -g -Os  conftest.c >&5
configure:3979: $? = 0
configure:3979:  /Volumes/ESPTools/esp-open-sdk/crosstool-NG/.build/xtensa-lx106-elf/build/build-cc-final/./gcc/xgcc -B/Volumes/ESPTools/esp-open-sdk/crosstool-NG/.build/xtensa-lx106-elf/build/build-cc-final/./gcc/ -B/esptools/esp-open-sdk/xtensa-lx106-elf/xtensa-lx106-elf/bin/ -B/esptools/esp-open-sdk/xtensa-lx106-elf/xtensa-lx106-elf/lib/ -isystem /esptools/esp-open-sdk/xtensa-lx106-elf/xtensa-lx106-elf/include -isystem /esptools/esp-open-sdk/xtensa-lx106-elf/xtensa-lx106-elf/sys-include    -c -g -Os  conftest.c >&5
configure:3979: $? = 0
configure:3994: result: 8
configure:4008: checking size of long double
configure:4013:  /Volumes/ESPTools/esp-open-sdk/crosstool-NG/.build/xtensa-lx106-elf/build/build-cc-final/./gcc/xgcc -B/Volumes/ESPTools/esp-open-sdk/crosstool-NG/.build/xtensa-lx106-elf/build/build-cc-final/./gcc/ -B/esptools/esp-open-sdk/xtensa-lx106-elf/xtensa-lx106-elf/bin/ -B/esptools/esp-open-sdk/xtensa-lx106-elf/xtensa-lx106-elf/lib/ -isystem /esptools/esp-open-sdk/xtensa-lx106-elf/xtensa-lx106-elf/include -isystem /esptools/esp-open-sdk/xtensa-lx106-elf/xtensa-lx106-elf/sys-include    -c -g -Os  conftest.c >&5
configure:4013: $? = 0
configure:4013:  /Volumes/ESPTools/esp-open-sdk/crosstool-NG/.build/xtensa-lx106-elf/build/build-cc-final/./gcc/xgcc -B/Volumes/ESPTools/esp-open-sdk/crosstool-NG/.build/xtensa-lx106-elf/build/build-cc-final/./gcc/ -B/esptools/esp-open-sdk/xtensa-lx106-elf/xtensa-lx106-elf/bin/ -B/esptools/esp-open-sdk/xtensa-lx106-elf/xtensa-lx106-elf/lib/ -isystem /esptools/esp-open-sdk/xtensa-lx106-elf/xtensa-lx106-elf/include -isystem /esptools/esp-open-sdk/xtensa-lx106-elf/xtensa-lx106-elf/sys-include    -c -g -Os  conftest.c >&5
conftest.c: In function 'main':
conftest.c:14:12: error: size of array 'test_array' is negative
 static int test_array [1 - 2 * !(((long int) (sizeof (long double))) <= 0)];
            ^
configure:4013: $? = 1
configure: failed program was:
| /* confdefs.h */
| #define PACKAGE_NAME "GNU C Runtime Library"
| #define PACKAGE_TARNAME "libgcc"
| #define PACKAGE_VERSION "1.0"
| #define PACKAGE_STRING "GNU C Runtime Library 1.0"
| #define PACKAGE_BUGREPORT ""
| #define PACKAGE_URL "http://www.gnu.org/software/libgcc/"
| #define SIZEOF_DOUBLE 8
| /* end confdefs.h.  */
| /* none */
| int
| main ()
| {
| static int test_array [1 - 2 * !(((long int) (sizeof (long double))) <= 0)];
| test_array [0] = 0
| 
|   ;
|   return 0;
| }
configure:4013:  /Volumes/ESPTools/esp-open-sdk/crosstool-NG/.build/xtensa-lx106-elf/build/build-cc-final/./gcc/xgcc -B/Volumes/ESPTools/esp-open-sdk/crosstool-NG/.build/xtensa-lx106-elf/build/build-cc-final/./gcc/ -B/esptools/esp-open-sdk/xtensa-lx106-elf/xtensa-lx106-elf/bin/ -B/esptools/esp-open-sdk/xtensa-lx106-elf/xtensa-lx106-elf/lib/ -isystem /esptools/esp-open-sdk/xtensa-lx106-elf/xtensa-lx106-elf/include -isystem /esptools/esp-open-sdk/xtensa-lx106-elf/xtensa-lx106-elf/sys-include    -c -g -Os  conftest.c >&5
conftest.c: In function 'main':
conftest.c:14:12: error: size of array 'test_array' is negative
 static int test_array [1 - 2 * !(((long int) (sizeof (long double))) <= 1)];
            ^
configure:4013: $? = 1
configure: failed program was:
| /* confdefs.h */
| #define PACKAGE_NAME "GNU C Runtime Library"
| #define PACKAGE_TARNAME "libgcc"
| #define PACKAGE_VERSION "1.0"
| #define PACKAGE_STRING "GNU C Runtime Library 1.0"
| #define PACKAGE_BUGREPORT ""
| #define PACKAGE_URL "http://www.gnu.org/software/libgcc/"
| #define SIZEOF_DOUBLE 8
| /* end confdefs.h.  */
| /* none */
| int
| main ()
| {
| static int test_array [1 - 2 * !(((long int) (sizeof (long double))) <= 1)];
| test_array [0] = 0
| 
|   ;
|   return 0;
| }
configure:4013:  /Volumes/ESPTools/esp-open-sdk/crosstool-NG/.build/xtensa-lx106-elf/build/build-cc-final/./gcc/xgcc -B/Volumes/ESPTools/esp-open-sdk/crosstool-NG/.build/xtensa-lx106-elf/build/build-cc-final/./gcc/ -B/esptools/esp-open-sdk/xtensa-lx106-elf/xtensa-lx106-elf/bin/ -B/esptools/esp-open-sdk/xtensa-lx106-elf/xtensa-lx106-elf/lib/ -isystem /esptools/esp-open-sdk/xtensa-lx106-elf/xtensa-lx106-elf/include -isystem /esptools/esp-open-sdk/xtensa-lx106-elf/xtensa-lx106-elf/sys-include    -c -g -Os  conftest.c >&5
conftest.c: In function 'main':
conftest.c:14:12: error: size of array 'test_array' is negative
 static int test_array [1 - 2 * !(((long int) (sizeof (long double))) <= 3)];
            ^
configure:4013: $? = 1
configure: failed program was:
| /* confdefs.h */
| #define PACKAGE_NAME "GNU C Runtime Library"
| #define PACKAGE_TARNAME "libgcc"
| #define PACKAGE_VERSION "1.0"
| #define PACKAGE_STRING "GNU C Runtime Library 1.0"
| #define PACKAGE_BUGREPORT ""
| #define PACKAGE_URL "http://www.gnu.org/software/libgcc/"
| #define SIZEOF_DOUBLE 8
| /* end confdefs.h.  */
| /* none */
| int
| main ()
| {
| static int test_array [1 - 2 * !(((long int) (sizeof (long double))) <= 3)];
| test_array [0] = 0
| 
|   ;
|   return 0;
| }
configure:4013:  /Volumes/ESPTools/esp-open-sdk/crosstool-NG/.build/xtensa-lx106-elf/build/build-cc-final/./gcc/xgcc -B/Volumes/ESPTools/esp-open-sdk/crosstool-NG/.build/xtensa-lx106-elf/build/build-cc-final/./gcc/ -B/esptools/esp-open-sdk/xtensa-lx106-elf/xtensa-lx106-elf/bin/ -B/esptools/esp-open-sdk/xtensa-lx106-elf/xtensa-lx106-elf/lib/ -isystem /esptools/esp-open-sdk/xtensa-lx106-elf/xtensa-lx106-elf/include -isystem /esptools/esp-open-sdk/xtensa-lx106-elf/xtensa-lx106-elf/sys-include    -c -g -Os  conftest.c >&5
conftest.c: In function 'main':
conftest.c:14:12: error: size of array 'test_array' is negative
 static int test_array [1 - 2 * !(((long int) (sizeof (long double))) <= 7)];
            ^
configure:4013: $? = 1
configure: failed program was:
| /* confdefs.h */
| #define PACKAGE_NAME "GNU C Runtime Library"
| #define PACKAGE_TARNAME "libgcc"
| #define PACKAGE_VERSION "1.0"
| #define PACKAGE_STRING "GNU C Runtime Library 1.0"
| #define PACKAGE_BUGREPORT ""
| #define PACKAGE_URL "http://www.gnu.org/software/libgcc/"
| #define SIZEOF_DOUBLE 8
| /* end confdefs.h.  */
| /* none */
| int
| main ()
| {
| static int test_array [1 - 2 * !(((long int) (sizeof (long double))) <= 7)];
| test_array [0] = 0
| 
|   ;
|   return 0;
| }
configure:4013:  /Volumes/ESPTools/esp-open-sdk/crosstool-NG/.build/xtensa-lx106-elf/build/build-cc-final/./gcc/xgcc -B/Volumes/ESPTools/esp-open-sdk/crosstool-NG/.build/xtensa-lx106-elf/build/build-cc-final/./gcc/ -B/esptools/esp-open-sdk/xtensa-lx106-elf/xtensa-lx106-elf/bin/ -B/esptools/esp-open-sdk/xtensa-lx106-elf/xtensa-lx106-elf/lib/ -isystem /esptools/esp-open-sdk/xtensa-lx106-elf/xtensa-lx106-elf/include -isystem /esptools/esp-open-sdk/xtensa-lx106-elf/xtensa-lx106-elf/sys-include    -c -g -Os  conftest.c >&5
configure:4013: $? = 0
configure:4013:  /Volumes/ESPTools/esp-open-sdk/crosstool-NG/.build/xtensa-lx106-elf/build/build-cc-final/./gcc/xgcc -B/Volumes/ESPTools/esp-open-sdk/crosstool-NG/.build/xtensa-lx106-elf/build/build-cc-final/./gcc/ -B/esptools/esp-open-sdk/xtensa-lx106-elf/xtensa-lx106-elf/bin/ -B/esptools/esp-open-sdk/xtensa-lx106-elf/xtensa-lx106-elf/lib/ -isystem /esptools/esp-open-sdk/xtensa-lx106-elf/xtensa-lx106-elf/include -isystem /esptools/esp-open-sdk/xtensa-lx106-elf/xtensa-lx106-elf/sys-include    -c -g -Os  conftest.c >&5
configure:4013: $? = 0
configure:4013:  /Volumes/ESPTools/esp-open-sdk/crosstool-NG/.build/xtensa-lx106-elf/build/build-cc-final/./gcc/xgcc -B/Volumes/ESPTools/esp-open-sdk/crosstool-NG/.build/xtensa-lx106-elf/build/build-cc-final/./gcc/ -B/esptools/esp-open-sdk/xtensa-lx106-elf/xtensa-lx106-elf/bin/ -B/esptools/esp-open-sdk/xtensa-lx106-elf/xtensa-lx106-elf/lib/ -isystem /esptools/esp-open-sdk/xtensa-lx106-elf/xtensa-lx106-elf/include -isystem /esptools/esp-open-sdk/xtensa-lx106-elf/xtensa-lx106-elf/sys-include    -c -g -Os  conftest.c >&5
configure:4013: $? = 0
configure:4013:  /Volumes/ESPTools/esp-open-sdk/crosstool-NG/.build/xtensa-lx106-elf/build/build-cc-final/./gcc/xgcc -B/Volumes/ESPTools/esp-open-sdk/crosstool-NG/.build/xtensa-lx106-elf/build/build-cc-final/./gcc/ -B/esptools/esp-open-sdk/xtensa-lx106-elf/xtensa-lx106-elf/bin/ -B/esptools/esp-open-sdk/xtensa-lx106-elf/xtensa-lx106-elf/lib/ -isystem /esptools/esp-open-sdk/xtensa-lx106-elf/xtensa-lx106-elf/include -isystem /esptools/esp-open-sdk/xtensa-lx106-elf/xtensa-lx106-elf/sys-include    -c -g -Os  conftest.c >&5
configure:4013: $? = 0
configure:4028: result: 8
configure:4044: checking whether decimal floating point is supported
configure:4053:  /Volumes/ESPTools/esp-open-sdk/crosstool-NG/.build/xtensa-lx106-elf/build/build-cc-final/./gcc/xgcc -B/Volumes/ESPTools/esp-open-sdk/crosstool-NG/.build/xtensa-lx106-elf/build/build-cc-final/./gcc/ -B/esptools/esp-open-sdk/xtensa-lx106-elf/xtensa-lx106-elf/bin/ -B/esptools/esp-open-sdk/xtensa-lx106-elf/xtensa-lx106-elf/lib/ -isystem /esptools/esp-open-sdk/xtensa-lx106-elf/xtensa-lx106-elf/include -isystem /esptools/esp-open-sdk/xtensa-lx106-elf/xtensa-lx106-elf/sys-include    -c -g -Os  conftest.c >&5
conftest.c:11:1: error: decimal floating point not supported for this target
 _Decimal32 x;
 ^
configure:4053: $? = 1
configure: failed program was:
| /* confdefs.h */
| #define PACKAGE_NAME "GNU C Runtime Library"
| #define PACKAGE_TARNAME "libgcc"
| #define PACKAGE_VERSION "1.0"
| #define PACKAGE_STRING "GNU C Runtime Library 1.0"
| #define PACKAGE_BUGREPORT ""
| #define PACKAGE_URL "http://www.gnu.org/software/libgcc/"
| #define SIZEOF_DOUBLE 8
| #define SIZEOF_LONG_DOUBLE 8
| /* end confdefs.h.  */
| _Decimal32 x;
configure:4060: result: no
configure:4085: WARNING: decimal float is not supported for this target, ignored
configure:4118: checking whether fixed-point is supported
configure:4127:  /Volumes/ESPTools/esp-open-sdk/crosstool-NG/.build/xtensa-lx106-elf/build/build-cc-final/./gcc/xgcc -B/Volumes/ESPTools/esp-open-sdk/crosstool-NG/.build/xtensa-lx106-elf/build/build-cc-final/./gcc/ -B/esptools/esp-open-sdk/xtensa-lx106-elf/xtensa-lx106-elf/bin/ -B/esptools/esp-open-sdk/xtensa-lx106-elf/xtensa-lx106-elf/lib/ -isystem /esptools/esp-open-sdk/xtensa-lx106-elf/xtensa-lx106-elf/include -isystem /esptools/esp-open-sdk/xtensa-lx106-elf/xtensa-lx106-elf/sys-include    -c -g -Os  conftest.c >&5
conftest.c:11:6: error: fixed-point types not supported for this target
 _Sat _Fract x;
      ^
configure:4127: $? = 1
configure: failed program was:
| /* confdefs.h */
| #define PACKAGE_NAME "GNU C Runtime Library"
| #define PACKAGE_TARNAME "libgcc"
| #define PACKAGE_VERSION "1.0"
| #define PACKAGE_STRING "GNU C Runtime Library 1.0"
| #define PACKAGE_BUGREPORT ""
| #define PACKAGE_URL "http://www.gnu.org/software/libgcc/"
| #define SIZEOF_DOUBLE 8
| #define SIZEOF_LONG_DOUBLE 8
| /* end confdefs.h.  */
| _Sat _Fract x;
configure:4134: result: no
configure:4194: checking whether to use setjmp/longjmp exceptions
configure::  /Volumes/ESPTools/esp-open-sdk/crosstool-NG/.build/xtensa-lx106-elf/build/build-cc-final/./gcc/xgcc -B/Volumes/ESPTools/esp-open-sdk/crosstool-NG/.build/xtensa-lx106-elf/build/build-cc-final/./gcc/ -B/esptools/esp-open-sdk/xtensa-lx106-elf/xtensa-lx106-elf/bin/ -B/esptools/esp-open-sdk/xtensa-lx106-elf/xtensa-lx106-elf/lib/ -isystem /esptools/esp-open-sdk/xtensa-lx106-elf/xtensa-lx106-elf/include -isystem /esptools/esp-open-sdk/xtensa-lx106-elf/xtensa-lx106-elf/sys-include    -c --save-temps -fexceptions  conftest.c >&5
configure:: $? = 0
configure:4225: result: no
configure:4245: checking if the linker (/Volumes/ESPTools/esp-open-sdk/crosstool-NG/.build/xtensa-lx106-elf/build/build-cc-final/./gcc/collect-ld) is GNU ld
GNU ld (crosstool-NG 1.20.0) 2.24
configure:4257: result: yes
configure:4262: checking for thread model used by GCC
configure:4265: result: single
configure:4269: checking whether assembler supports CFI directives
configure:4282:  /Volumes/ESPTools/esp-open-sdk/crosstool-NG/.build/xtensa-lx106-elf/build/build-cc-final/./gcc/xgcc -B/Volumes/ESPTools/esp-open-sdk/crosstool-NG/.build/xtensa-lx106-elf/build/build-cc-final/./gcc/ -B/esptools/esp-open-sdk/xtensa-lx106-elf/xtensa-lx106-elf/bin/ -B/esptools/esp-open-sdk/xtensa-lx106-elf/xtensa-lx106-elf/lib/ -isystem /esptools/esp-open-sdk/xtensa-lx106-elf/xtensa-lx106-elf/include -isystem /esptools/esp-open-sdk/xtensa-lx106-elf/xtensa-lx106-elf/sys-include    -c -g -Os  conftest.c >&5
/var/folders/7w/ts_b1n417l73hs53v16rvz140000gn/T//ccn0zlxA.s: Assembler messages:
/var/folders/7w/ts_b1n417l73hs53v16rvz140000gn/T//ccn0zlxA.s:7: Error: CFI is not supported for this target
/var/folders/7w/ts_b1n417l73hs53v16rvz140000gn/T//ccn0zlxA.s:8: Error: CFI is not supported for this target
/var/folders/7w/ts_b1n417l73hs53v16rvz140000gn/T//ccn0zlxA.s:9: Error: CFI is not supported for this target
configure:4282: $? = 1
configure: failed program was:
| /* confdefs.h */
| #define PACKAGE_NAME "GNU C Runtime Library"
| #define PACKAGE_TARNAME "libgcc"
| #define PACKAGE_VERSION "1.0"
| #define PACKAGE_STRING "GNU C Runtime Library 1.0"
| #define PACKAGE_BUGREPORT ""
| #define PACKAGE_URL "http://www.gnu.org/software/libgcc/"
| #define SIZEOF_DOUBLE 8
| #define SIZEOF_LONG_DOUBLE 8
| #define HAVE_GETIPINFO 1
| /* end confdefs.h.  */
| asm("\n	.text\n	.cfi_startproc\n	.cfi_personality 0, symbol\n	.cfi_endproc");
configure:4289: result: no
configure:4331: checking for __attribute__((visibility("hidden")))
configure:4340:  /Volumes/ESPTools/esp-open-sdk/crosstool-NG/.build/xtensa-lx106-elf/build/build-cc-final/./gcc/xgcc -B/Volumes/ESPTools/esp-open-sdk/crosstool-NG/.build/xtensa-lx106-elf/build/build-cc-final/./gcc/ -B/esptools/esp-open-sdk/xtensa-lx106-elf/xtensa-lx106-elf/bin/ -B/esptools/esp-open-sdk/xtensa-lx106-elf/xtensa-lx106-elf/lib/ -isystem /esptools/esp-open-sdk/xtensa-lx106-elf/xtensa-lx106-elf/include -isystem /esptools/esp-open-sdk/xtensa-lx106-elf/xtensa-lx106-elf/sys-include    -Werror -S conftest.c -o conftest.s 1>&5
configure:4343: $? = 0
configure:4352: result: yes
configure:4380: checking whether the target assembler supports thread-local storage
configure:4390:  /Volumes/ESPTools/esp-open-sdk/crosstool-NG/.build/xtensa-lx106-elf/build/build-cc-final/./gcc/xgcc -B/Volumes/ESPTools/esp-open-sdk/crosstool-NG/.build/xtensa-lx106-elf/build/build-cc-final/./gcc/ -B/esptools/esp-open-sdk/xtensa-lx106-elf/xtensa-lx106-elf/bin/ -B/esptools/esp-open-sdk/xtensa-lx106-elf/xtensa-lx106-elf/lib/ -isystem /esptools/esp-open-sdk/xtensa-lx106-elf/xtensa-lx106-elf/include -isystem /esptools/esp-open-sdk/xtensa-lx106-elf/xtensa-lx106-elf/sys-include    -c -g -Os  conftest.c >&5
configure:4390: $? = 0
configure:4398: result: yes
configure:4408: checking whether the thread-local storage support is from emutls
configure:4417:  /Volumes/ESPTools/esp-open-sdk/crosstool-NG/.build/xtensa-lx106-elf/build/build-cc-final/./gcc/xgcc -B/Volumes/ESPTools/esp-open-sdk/crosstool-NG/.build/xtensa-lx106-elf/build/build-cc-final/./gcc/ -B/esptools/esp-open-sdk/xtensa-lx106-elf/xtensa-lx106-elf/bin/ -B/esptools/esp-open-sdk/xtensa-lx106-elf/xtensa-lx106-elf/lib/ -isystem /esptools/esp-open-sdk/xtensa-lx106-elf/xtensa-lx106-elf/include -isystem /esptools/esp-open-sdk/xtensa-lx106-elf/xtensa-lx106-elf/sys-include    -Werror -S -o conftest.s conftest.c 1>&5
configure:4420: $? = 0
configure:4429: result: yes
configure:4442: checking for init priority support
configure:4459:  /Volumes/ESPTools/esp-open-sdk/crosstool-NG/.build/xtensa-lx106-elf/build/build-cc-final/./gcc/xgcc -B/Volumes/ESPTools/esp-open-sdk/crosstool-NG/.build/xtensa-lx106-elf/build/build-cc-final/./gcc/ -B/esptools/esp-open-sdk/xtensa-lx106-elf/xtensa-lx106-elf/bin/ -B/esptools/esp-open-sdk/xtensa-lx106-elf/xtensa-lx106-elf/lib/ -isystem /esptools/esp-open-sdk/xtensa-lx106-elf/xtensa-lx106-elf/include -isystem /esptools/esp-open-sdk/xtensa-lx106-elf/xtensa-lx106-elf/sys-include    -c -g -Os  conftest.c >&5
conftest.c: In function 'main':
conftest.c:17:1: warning: constructor priorities from 0 to 100 are reserved for the implementation [enabled by default]
 void ip (void) __attribute__ ((constructor (1)));
 ^
configure:4459: $? = 0
configure:4466: result: yes
configure:4609: updating cache ./config.cache
configure:4646: creating ./config.status

## ---------------------- ##
## Running config.status. ##
## ---------------------- ##

This file was extended by GNU C Runtime Library config.status 1.0, which was
generated by GNU Autoconf 2.64.  Invocation command line was

  CONFIG_FILES    = 
  CONFIG_HEADERS  = 
  CONFIG_LINKS    = 
  CONFIG_COMMANDS = 
  $ ./config.status 

on Macintosh-2.local

config.status:875: creating Makefile
config.status:875: creating auto-target.h
config.status:1060: linking /Volumes/ESPTools/esp-open-sdk/crosstool-NG/.build/src/gcc-4.8.2/libgcc/enable-execute-stack-empty.c to enable-execute-stack.c
config.status:1060: linking /Volumes/ESPTools/esp-open-sdk/crosstool-NG/.build/src/gcc-4.8.2/libgcc/unwind-generic.h to unwind.h
config.status:1060: linking /Volumes/ESPTools/esp-open-sdk/crosstool-NG/.build/src/gcc-4.8.2/libgcc/config/no-unwind.h to md-unwind-support.h
config.status:1060: linking /Volumes/ESPTools/esp-open-sdk/crosstool-NG/.build/src/gcc-4.8.2/libgcc/config/no-sfp-machine.h to sfp-machine.h
config.status:1060: linking /Volumes/ESPTools/esp-open-sdk/crosstool-NG/.build/src/gcc-4.8.2/libgcc/gthr-single.h to gthr-default.h
config.status:1079: executing default commands

## ---------------- ##
## Cache variables. ##
## ---------------- ##

ac_cv_build=x86_64-build_apple-darwin14.0.0
ac_cv_c_compiler_gnu=yes
ac_cv_env_CC_set=set
ac_cv_env_CC_value=' /Volumes/ESPTools/esp-open-sdk/crosstool-NG/.build/xtensa-lx106-elf/build/build-cc-final/./gcc/xgcc -B/Volumes/ESPTools/esp-open-sdk/crosstool-NG/.build/xtensa-lx106-elf/build/build-cc-final/./gcc/ -B/esptools/esp-open-sdk/xtensa-lx106-elf/xtensa-lx106-elf/bin/ -B/esptools/esp-open-sdk/xtensa-lx106-elf/xtensa-lx106-elf/lib/ -isystem /esptools/esp-open-sdk/xtensa-lx106-elf/xtensa-lx106-elf/include -isystem /esptools/esp-open-sdk/xtensa-lx106-elf/xtensa-lx106-elf/sys-include   '
ac_cv_env_CFLAGS_set=set
ac_cv_env_CFLAGS_value='-g -Os'
ac_cv_env_CPPFLAGS_set=set
ac_cv_env_CPPFLAGS_value=
ac_cv_env_CPP_set=
ac_cv_env_CPP_value=
ac_cv_env_LDFLAGS_set=set
ac_cv_env_LDFLAGS_value=
ac_cv_env_LIBS_set=
ac_cv_env_LIBS_value=
ac_cv_env_build_alias_set=set
ac_cv_env_build_alias_value=x86_64-build_apple-darwin14.0.0
ac_cv_env_host_alias_set=set
ac_cv_env_host_alias_value=xtensa-lx106-elf
ac_cv_env_target_alias_set=set
ac_cv_env_target_alias_value=xtensa-lx106-elf
ac_cv_host=xtensa-lx106-elf
ac_cv_objext=o
ac_cv_path_install='/Volumes/ESPTools/esp-open-sdk/crosstool-NG/.build/tools/bin/install -c'
ac_cv_prog_AR=/esptools/esp-open-sdk/xtensa-lx106-elf/xtensa-lx106-elf/bin/ar
ac_cv_prog_AWK=gawk
ac_cv_prog_CC=' /Volumes/ESPTools/esp-open-sdk/crosstool-NG/.build/xtensa-lx106-elf/build/build-cc-final/./gcc/xgcc -B/Volumes/ESPTools/esp-open-sdk/crosstool-NG/.build/xtensa-lx106-elf/build/build-cc-final/./gcc/ -B/esptools/esp-open-sdk/xtensa-lx106-elf/xtensa-lx106-elf/bin/ -B/esptools/esp-open-sdk/xtensa-lx106-elf/xtensa-lx106-elf/lib/ -isystem /esptools/esp-open-sdk/xtensa-lx106-elf/xtensa-lx106-elf/include -isystem /esptools/esp-open-sdk/xtensa-lx106-elf/xtensa-lx106-elf/sys-include   '
ac_cv_prog_CPP=' /Volumes/ESPTools/esp-open-sdk/crosstool-NG/.build/xtensa-lx106-elf/build/build-cc-final/./gcc/xgcc -B/Volumes/ESPTools/esp-open-sdk/crosstool-NG/.build/xtensa-lx106-elf/build/build-cc-final/./gcc/ -B/esptools/esp-open-sdk/xtensa-lx106-elf/xtensa-lx106-elf/bin/ -B/esptools/esp-open-sdk/xtensa-lx106-elf/xtensa-lx106-elf/lib/ -isystem /esptools/esp-open-sdk/xtensa-lx106-elf/xtensa-lx106-elf/include -isystem /esptools/esp-open-sdk/xtensa-lx106-elf/xtensa-lx106-elf/sys-include    -E'
ac_cv_prog_LIPO=xtensa-lx106-elf-lipo
ac_cv_prog_NM=/Volumes/ESPTools/esp-open-sdk/crosstool-NG/.build/xtensa-lx106-elf/build/build-cc-final/./gcc/nm
ac_cv_prog_RANLIB=/esptools/esp-open-sdk/xtensa-lx106-elf/xtensa-lx106-elf/bin/ranlib
ac_cv_prog_STRIP=/esptools/esp-open-sdk/xtensa-lx106-elf/xtensa-lx106-elf/bin/strip
ac_cv_prog_cc_c89=
ac_cv_prog_cc_g=yes
ac_cv_sizeof_double=8
ac_cv_sizeof_long_double=8
acl_cv_prog_gnu_ld=yes
gcc_cv_have_cc_tls=yes
gcc_cv_use_emutls=yes
libgcc_cv_cfi=no
libgcc_cv_dfp=no
libgcc_cv_fixed_point=no
libgcc_cv_hidden_visibility_attribute=yes
libgcc_cv_init_priority=yes
libgcc_cv_lib_sjlj_exceptions=no

## ----------------- ##
## Output variables. ##
## ----------------- ##

AR='/esptools/esp-open-sdk/xtensa-lx106-elf/xtensa-lx106-elf/bin/ar'
AWK='gawk'
CC=' /Volumes/ESPTools/esp-open-sdk/crosstool-NG/.build/xtensa-lx106-elf/build/build-cc-final/./gcc/xgcc -B/Volumes/ESPTools/esp-open-sdk/crosstool-NG/.build/xtensa-lx106-elf/build/build-cc-final/./gcc/ -B/esptools/esp-open-sdk/xtensa-lx106-elf/xtensa-lx106-elf/bin/ -B/esptools/esp-open-sdk/xtensa-lx106-elf/xtensa-lx106-elf/lib/ -isystem /esptools/esp-open-sdk/xtensa-lx106-elf/xtensa-lx106-elf/include -isystem /esptools/esp-open-sdk/xtensa-lx106-elf/xtensa-lx106-elf/sys-include   '
CFLAGS='-g -Os'
CPP=' /Volumes/ESPTools/esp-open-sdk/crosstool-NG/.build/xtensa-lx106-elf/build/build-cc-final/./gcc/xgcc -B/Volumes/ESPTools/esp-open-sdk/crosstool-NG/.build/xtensa-lx106-elf/build/build-cc-final/./gcc/ -B/esptools/esp-open-sdk/xtensa-lx106-elf/xtensa-lx106-elf/bin/ -B/esptools/esp-open-sdk/xtensa-lx106-elf/xtensa-lx106-elf/lib/ -isystem /esptools/esp-open-sdk/xtensa-lx106-elf/xtensa-lx106-elf/include -isystem /esptools/esp-open-sdk/xtensa-lx106-elf/xtensa-lx106-elf/sys-include    -E'
CPPFLAGS=''
DEFS='-DHAVE_CONFIG_H'
ECHO_C=''
ECHO_N='-n'
ECHO_T=''
EXEEXT=''
INSTALL_DATA='${INSTALL} -m 644'
INSTALL_PROGRAM='${INSTALL}'
INSTALL_SCRIPT='${INSTALL}'
LDFLAGS=''
LIBOBJS=''
LIBS=''
LIPO='xtensa-lx106-elf-lipo'
LN_S='ln -s'
LTLIBOBJS=''
MAINT='#'
NM='/Volumes/ESPTools/esp-open-sdk/crosstool-NG/.build/xtensa-lx106-elf/build/build-cc-final/./gcc/nm'
OBJEXT='o'
PACKAGE_BUGREPORT=''
PACKAGE_NAME='GNU C Runtime Library'
PACKAGE_STRING='GNU C Runtime Library 1.0'
PACKAGE_TARNAME='libgcc'
PACKAGE_URL='http://www.gnu.org/software/libgcc/'
PACKAGE_VERSION='1.0'
PATH_SEPARATOR=':'
PICFLAG='-fPIC'
RANLIB='/esptools/esp-open-sdk/xtensa-lx106-elf/xtensa-lx106-elf/bin/ranlib'
SHELL='/bin/bash'
STRIP='/esptools/esp-open-sdk/xtensa-lx106-elf/xtensa-lx106-elf/bin/strip'
ac_ct_CC=''
asm_hidden_op='.hidden'
bindir='${exec_prefix}/bin'
build='x86_64-build_apple-darwin14.0.0'
build_alias='x86_64-build_apple-darwin14.0.0'
build_cpu='x86_64'
build_libsubdir='build-x86_64-build_apple-darwin14.0.0'
build_os='darwin14.0.0'
build_subdir='build-x86_64-build_apple-darwin14.0.0'
build_vendor='build_apple'
cpu_type='xtensa'
datadir='${datarootdir}'
datarootdir='${prefix}/share'
decimal_float='no'
docdir='${datarootdir}/doc/${PACKAGE_TARNAME}'
double_type_size='64'
dvidir='${docdir}'
enable_decimal_float='no'
enable_shared='no'
exec_prefix='${prefix}'
extra_parts='crtbegin.o crtend.o crti.o crtn.o'
fixed_point='no'
host='xtensa-lx106-elf'
host_alias='xtensa-lx106-elf'
host_cpu='xtensa'
host_noncanonical='xtensa-lx106-elf'
host_os='elf'
host_subdir='.'
host_vendor='lx106'
htmldir='${docdir}'
includedir='${prefix}/include'
infodir='${datarootdir}/info'
libdir='${exec_prefix}/lib'
libexecdir='${exec_prefix}/libexec'
libgcc_topdir='/Volumes/ESPTools/esp-open-sdk/crosstool-NG/.build/src/gcc-4.8.2/libgcc/..'
localedir='${datarootdir}/locale'
localstatedir='${prefix}/var'
long_double_type_size='64'
mandir='${datarootdir}/man'
oldincludedir='/usr/include'
pdfdir='${docdir}'
prefix='/esptools/esp-open-sdk/xtensa-lx106-elf'
program_transform_name='s&^&xtensa-lx106-elf-&'
psdir='${docdir}'
sbindir='${exec_prefix}/sbin'
set_have_cc_tls='-DHAVE_CC_TLS'
set_use_emutls='-DUSE_EMUTLS'
sfp_machine_header='no-sfp-machine.h'
sharedstatedir='${prefix}/com'
slibdir='$(exec_prefix)/$(host_noncanonical)/lib'
sysconfdir='${prefix}/etc'
target_alias='xtensa-lx106-elf'
target_noncanonical='xtensa-lx106-elf'
target_subdir='xtensa-lx106-elf'
thread_header='gthr-single.h'
tm_defines=''
tm_file=''
tmake_file=' $(srcdir)/config/xtensa/t-xtensa $(srcdir)/config/xtensa/t-elf'
toolexecdir='$(exec_prefix)/$(target_noncanonical)'
toolexeclibdir='$(toolexecdir)/lib'
vis_hide='-fvisibility=hidden -DHIDE_EXPORTS'

## ----------- ##
## confdefs.h. ##
## ----------- ##

/* confdefs.h */
#define PACKAGE_NAME "GNU C Runtime Library"
#define PACKAGE_TARNAME "libgcc"
#define PACKAGE_VERSION "1.0"
#define PACKAGE_STRING "GNU C Runtime Library 1.0"
#define PACKAGE_BUGREPORT ""
#define PACKAGE_URL "http://www.gnu.org/software/libgcc/"
#define SIZEOF_DOUBLE 8
#define SIZEOF_LONG_DOUBLE 8
#define HAVE_GETIPINFO 1
#define USE_EMUTLS 1
#define HAVE_INIT_PRIORITY 1

configure: exit 0
