This file contains any messages produced by compilers while
running configure, to aid debugging if configure makes a mistake.

It was created by configure, which was
generated by GNU Autoconf 2.64.  Invocation command line was

  $ /Volumes/ESPTools/esp-open-sdk/crosstool-NG/.build/src/gdb-7.5.1/configure --build=x86_64-build_apple-darwin14.0.0 --host=x86_64-build_apple-darwin14.0.0 --target=xtensa-lx106-elf --prefix=/esptools/esp-open-sdk/xtensa-lx106-elf --with-build-sysroot=/esptools/esp-open-sdk/xtensa-lx106-elf/xtensa-lx106-elf/sysroot --with-sysroot=/esptools/esp-open-sdk/xtensa-lx106-elf/xtensa-lx106-elf/sysroot --disable-werror --with-pkgversion=crosstool-NG 1.20.0 --enable-expat --with-expat=yes --disable-threads --with-python=no --disable-sim --disable-nls

## --------- ##
## Platform. ##
## --------- ##

hostname = Macintosh-2.local
uname -m = x86_64
uname -r = 14.0.0
uname -s = Darwin
uname -v = Darwin Kernel Version 14.0.0: Fri Sep 19 00:26:44 PDT 2014; root:xnu-2782.1.97~2/RELEASE_X86_64

/usr/bin/uname -p = i386
/bin/uname -X     = unknown

/bin/arch              = unknown
/usr/bin/arch -k       = unknown
/usr/convex/getsysinfo = unknown
/usr/bin/hostinfo      = Mach kernel version:
	 Darwin Kernel Version 14.0.0: Fri Sep 19 00:26:44 PDT 2014; root:xnu-2782.1.97~2/RELEASE_X86_64
Kernel configured for up to 8 processors.
4 processors are physically available.
8 processors are logically available.
Processor type: i486 (Intel 80486)
Processors active: 0 1 2 3 4 5 6 7
Primary memory available: 16.00 gigabytes
Default processor set: 316 tasks, 1635 threads, 8 processors
Load average: 3.80, Mach factor: 4.57
/bin/machine           = unknown
/usr/bin/oslevel       = unknown
/bin/universe          = unknown

PATH: /esptools/esp-open-sdk/xtensa-lx106-elf/bin
PATH: /Volumes/ESPTools/esp-open-sdk/crosstool-NG/.build/xtensa-lx106-elf/buildtools/bin
PATH: /Volumes/ESPTools/esp-open-sdk/crosstool-NG/.build/tools/bin
PATH: /opt/local/bin
PATH: /opt/local/sbin
PATH: /opt/local/bin
PATH: /opt/local/sbin
PATH: /usr/bin
PATH: /bin
PATH: /usr/sbin
PATH: /sbin
PATH: /usr/local/bin
PATH: /opt/local/bin/
PATH: /opt/X11/bin
PATH: /usr/local/git/bin
PATH: /usr/local/MacGPG2/bin


## ----------- ##
## Core tests. ##
## ----------- ##

configure:2237: checking build system type
configure:2251: result: x86_64-build_apple-darwin14.0.0
configure:2298: checking host system type
configure:2311: result: x86_64-build_apple-darwin14.0.0
configure:2331: checking target system type
configure:2344: result: xtensa-lx106-elf
configure:2398: checking for a BSD-compatible install
configure:2466: result: /Volumes/ESPTools/esp-open-sdk/crosstool-NG/.build/tools/bin/install -c
configure:2477: checking whether ln works
configure:2499: result: yes
configure:2503: checking whether ln -s works
configure:2507: result: yes
configure:2514: checking for a sed that does not truncate output
configure:2578: result: /Volumes/ESPTools/esp-open-sdk/crosstool-NG/.build/tools/bin/sed
configure:2587: checking for gawk
configure:2603: found /opt/local/bin/gawk
configure:2614: result: gawk
configure:3727: checking for x86_64-build_apple-darwin14.0.0-gcc
configure:3743: found /Volumes/ESPTools/esp-open-sdk/crosstool-NG/.build/xtensa-lx106-elf/buildtools/bin/x86_64-build_apple-darwin14.0.0-gcc
configure:3754: result: x86_64-build_apple-darwin14.0.0-gcc
configure:4023: checking for C compiler version
configure:4032: x86_64-build_apple-darwin14.0.0-gcc --version >&5
Apple LLVM version 6.0 (clang-600.0.57) (based on LLVM 3.5svn)
Target: x86_64-apple-darwin14.0.0
Thread model: posix
Configured with: --prefix=/Applications/Xcode.app/Contents/Developer/usr --with-gxx-include-dir=/usr/include/c++/4.2.1
configure:4043: $? = 0
configure:4032: x86_64-build_apple-darwin14.0.0-gcc -v >&5
Configured with: --prefix=/Applications/Xcode.app/Contents/Developer/usr --with-gxx-include-dir=/usr/include/c++/4.2.1
Apple LLVM version 6.0 (clang-600.0.57) (based on LLVM 3.5svn)
Target: x86_64-apple-darwin14.0.0
Thread model: posix
configure:4043: $? = 0
configure:4032: x86_64-build_apple-darwin14.0.0-gcc -V >&5
clang: error: argument to '-V' is missing (expected 1 value)
clang: error: no input files
configure:4043: $? = 1
configure:4032: x86_64-build_apple-darwin14.0.0-gcc -qversion >&5
clang: error: unknown argument: '-qversion'
clang: error: no input files
configure:4043: $? = 1
configure:4063: checking for C compiler default output file name
configure:4085: x86_64-build_apple-darwin14.0.0-gcc    conftest.c  >&5
configure:4089: $? = 0
configure:4126: result: a.out
configure:4142: checking whether the C compiler works
configure:4151: ./a.out
configure:4155: $? = 0
configure:4170: result: yes
configure:4177: checking whether we are cross compiling
configure:4179: result: no
configure:4182: checking for suffix of executables
configure:4189: x86_64-build_apple-darwin14.0.0-gcc -o conftest    conftest.c  >&5
configure:4193: $? = 0
configure:4215: result: 
configure:4221: checking for suffix of object files
configure:4243: x86_64-build_apple-darwin14.0.0-gcc -c   conftest.c >&5
configure:4247: $? = 0
configure:4268: result: o
configure:4272: checking whether we are using the GNU C compiler
configure:4291: x86_64-build_apple-darwin14.0.0-gcc -c   conftest.c >&5
configure:4291: $? = 0
configure:4300: result: yes
configure:4309: checking whether x86_64-build_apple-darwin14.0.0-gcc accepts -g
configure:4329: x86_64-build_apple-darwin14.0.0-gcc -c -g  conftest.c >&5
configure:4329: $? = 0
configure:4370: result: yes
configure:4387: checking for x86_64-build_apple-darwin14.0.0-gcc option to accept ISO C89
configure:4451: x86_64-build_apple-darwin14.0.0-gcc  -c -g -O2  conftest.c >&5
configure:4451: $? = 0
configure:4464: result: none needed
configure:4498: checking for x86_64-build_apple-darwin14.0.0-g++
configure:4514: found /Volumes/ESPTools/esp-open-sdk/crosstool-NG/.build/xtensa-lx106-elf/buildtools/bin/x86_64-build_apple-darwin14.0.0-g++
configure:4525: result: x86_64-build_apple-darwin14.0.0-g++
configure:4596: checking for C++ compiler version
configure:4605: x86_64-build_apple-darwin14.0.0-g++ --version >&5
Apple LLVM version 6.0 (clang-600.0.57) (based on LLVM 3.5svn)
Target: x86_64-apple-darwin14.0.0
Thread model: posix
Configured with: --prefix=/Applications/Xcode.app/Contents/Developer/usr --with-gxx-include-dir=/usr/include/c++/4.2.1
configure:4616: $? = 0
configure:4605: x86_64-build_apple-darwin14.0.0-g++ -v >&5
Configured with: --prefix=/Applications/Xcode.app/Contents/Developer/usr --with-gxx-include-dir=/usr/include/c++/4.2.1
Apple LLVM version 6.0 (clang-600.0.57) (based on LLVM 3.5svn)
Target: x86_64-apple-darwin14.0.0
Thread model: posix
configure:4616: $? = 0
configure:4605: x86_64-build_apple-darwin14.0.0-g++ -V >&5
clang: error: argument to '-V' is missing (expected 1 value)
clang: error: no input files
configure:4616: $? = 1
configure:4605: x86_64-build_apple-darwin14.0.0-g++ -qversion >&5
clang: error: unknown argument: '-qversion'
clang: error: no input files
configure:4616: $? = 1
configure:4620: checking whether we are using the GNU C++ compiler
configure:4639: x86_64-build_apple-darwin14.0.0-g++ -c   conftest.cpp >&5
configure:4639: $? = 0
configure:4648: result: yes
configure:4657: checking whether x86_64-build_apple-darwin14.0.0-g++ accepts -g
configure:4677: x86_64-build_apple-darwin14.0.0-g++ -c -g  conftest.cpp >&5
configure:4677: $? = 0
configure:4718: result: yes
configure:4767: checking for x86_64-build_apple-darwin14.0.0-gnatbind
configure:4797: result: no
configure:4807: checking for gnatbind
configure:4837: result: no
configure:4859: checking for x86_64-build_apple-darwin14.0.0-gnatmake
configure:4889: result: no
configure:4899: checking for gnatmake
configure:4929: result: no
configure:4948: checking whether compiler driver understands Ada
configure:4971: result: no
configure:4980: checking how to compare bootstrapped objects
configure:5005: result: cmp --ignore-initial=16 $$f1 $$f2
configure:5077: checking for objdir
configure:5092: result: .libs
configure:5641: checking for PWL_handle_timeout in -lpwl
configure:5666: x86_64-build_apple-darwin14.0.0-gcc -o conftest -g -O2   conftest.c -lpwl    -lstdc++ -lm >&5
ld: library not found for -lpwl
clang: error: linker command failed with exit code 1 (use -v to see invocation)
configure:5666: $? = 1
configure: failed program was:
| /* confdefs.h */
| #define PACKAGE_NAME ""
| #define PACKAGE_TARNAME ""
| #define PACKAGE_VERSION ""
| #define PACKAGE_STRING ""
| #define PACKAGE_BUGREPORT ""
| #define PACKAGE_URL ""
| #define LT_OBJDIR ".libs/"
| /* end confdefs.h.  */
| 
| /* Override any GCC internal prototype to avoid an error.
|    Use char because int might match the return type of a GCC
|    builtin and then its argument prototype would still apply.  */
| #ifdef __cplusplus
| extern "C"
| #endif
| char PWL_handle_timeout ();
| int
| main ()
| {
| return PWL_handle_timeout ();
|   ;
|   return 0;
| }
configure:5675: result: no
configure:5689: checking for version 0.11 (revision 0 or later) of PPL
configure:5706: x86_64-build_apple-darwin14.0.0-gcc -c -g -O2    conftest.c >&5
conftest.c:10:10: fatal error: 'ppl_c.h' file not found
#include "ppl_c.h"
         ^
1 error generated.
configure:5706: $? = 1
configure: failed program was:
| /* confdefs.h */
| #define PACKAGE_NAME ""
| #define PACKAGE_TARNAME ""
| #define PACKAGE_VERSION ""
| #define PACKAGE_STRING ""
| #define PACKAGE_BUGREPORT ""
| #define PACKAGE_URL ""
| #define LT_OBJDIR ".libs/"
| /* end confdefs.h.  */
| #include "ppl_c.h"
| int
| main ()
| {
| 
|     #if PPL_VERSION_MAJOR != 0 || PPL_VERSION_MINOR < 11
|     choke me
|     #endif
| 
|   ;
|   return 0;
| }
configure:5710: result: no
configure:7008: checking for default BUILD_CONFIG
configure:7040: result: 
configure:7529: checking for bison
configure:7545: found /usr/bin/bison
configure:7556: result: bison -y
configure:7576: checking for bison
configure:7592: found /usr/bin/bison
configure:7603: result: bison
configure:7623: checking for gm4
configure:7639: found /opt/local/bin/gm4
configure:7650: result: gm4
configure:7670: checking for flex
configure:7686: found /usr/bin/flex
configure:7697: result: flex
configure:7718: checking for flex
configure:7734: found /usr/bin/flex
configure:7745: result: flex
configure:7765: checking for makeinfo
configure:7781: found /Volumes/ESPTools/esp-open-sdk/crosstool-NG/.build/xtensa-lx106-elf/buildtools/bin/makeinfo
configure:7792: result: makeinfo
configure:7826: checking for expect
configure:7842: found /usr/bin/expect
configure:7853: result: expect
configure:7875: checking for runtest
configure:7905: result: no
configure:7981: checking for x86_64-build_apple-darwin14.0.0-ar
configure:7997: found /Volumes/ESPTools/esp-open-sdk/crosstool-NG/.build/xtensa-lx106-elf/buildtools/bin/x86_64-build_apple-darwin14.0.0-ar
configure:8008: result: x86_64-build_apple-darwin14.0.0-ar
configure:8122: checking for x86_64-build_apple-darwin14.0.0-as
configure:8138: found /Volumes/ESPTools/esp-open-sdk/crosstool-NG/.build/xtensa-lx106-elf/buildtools/bin/x86_64-build_apple-darwin14.0.0-as
configure:8149: result: x86_64-build_apple-darwin14.0.0-as
configure:8263: checking for x86_64-build_apple-darwin14.0.0-dlltool
configure:8293: result: no
configure:8302: checking for dlltool
configure:8332: result: no
configure:8362: checking for ld
configure:8389: result: /Applications/Xcode.app/Contents/Developer/Toolchains/XcodeDefault.xctoolchain/usr/bin/ld
configure:8404: checking for x86_64-build_apple-darwin14.0.0-ld
configure:8431: result: /Applications/Xcode.app/Contents/Developer/Toolchains/XcodeDefault.xctoolchain/usr/bin/ld
configure:8545: checking for x86_64-build_apple-darwin14.0.0-lipo
configure:8575: result: no
configure:8584: checking for lipo
configure:8600: found /usr/bin/lipo
configure:8611: result: lipo
configure:8686: checking for x86_64-build_apple-darwin14.0.0-nm
configure:8702: found /Volumes/ESPTools/esp-open-sdk/crosstool-NG/.build/xtensa-lx106-elf/buildtools/bin/x86_64-build_apple-darwin14.0.0-nm
configure:8713: result: x86_64-build_apple-darwin14.0.0-nm
configure:8827: checking for x86_64-build_apple-darwin14.0.0-ranlib
configure:8843: found /Volumes/ESPTools/esp-open-sdk/crosstool-NG/.build/xtensa-lx106-elf/buildtools/bin/x86_64-build_apple-darwin14.0.0-ranlib
configure:8854: result: x86_64-build_apple-darwin14.0.0-ranlib
configure:8963: checking for x86_64-build_apple-darwin14.0.0-strip
configure:8979: found /Volumes/ESPTools/esp-open-sdk/crosstool-NG/.build/xtensa-lx106-elf/buildtools/bin/x86_64-build_apple-darwin14.0.0-strip
configure:8990: result: x86_64-build_apple-darwin14.0.0-strip
configure:9099: checking for x86_64-build_apple-darwin14.0.0-windres
configure:9129: result: no
configure:9138: checking for windres
configure:9168: result: no
configure:9240: checking for x86_64-build_apple-darwin14.0.0-windmc
configure:9270: result: no
configure:9279: checking for windmc
configure:9309: result: no
configure:9381: checking for x86_64-build_apple-darwin14.0.0-objcopy
configure:9397: found /Volumes/ESPTools/esp-open-sdk/crosstool-NG/.build/xtensa-lx106-elf/buildtools/bin/x86_64-build_apple-darwin14.0.0-objcopy
configure:9408: result: x86_64-build_apple-darwin14.0.0-objcopy
configure:9522: checking for x86_64-build_apple-darwin14.0.0-objdump
configure:9538: found /Volumes/ESPTools/esp-open-sdk/crosstool-NG/.build/xtensa-lx106-elf/buildtools/bin/x86_64-build_apple-darwin14.0.0-objdump
configure:9549: result: x86_64-build_apple-darwin14.0.0-objdump
configure:9663: checking for x86_64-build_apple-darwin14.0.0-readelf
configure:9693: result: no
configure:9702: checking for readelf
configure:9718: found /Volumes/ESPTools/esp-open-sdk/crosstool-NG/.build/tools/bin/readelf
configure:9729: result: readelf
configure:9843: checking for xtensa-lx106-elf-cc
configure:9859: found /esptools/esp-open-sdk/xtensa-lx106-elf/bin/xtensa-lx106-elf-cc
configure:9870: result: xtensa-lx106-elf-cc
configure:10004: checking for xtensa-lx106-elf-c++
configure:10020: found /esptools/esp-open-sdk/xtensa-lx106-elf/bin/xtensa-lx106-elf-c++
configure:10031: result: xtensa-lx106-elf-c++
configure:10165: checking for xtensa-lx106-elf-gcc
configure:10181: found /esptools/esp-open-sdk/xtensa-lx106-elf/bin/xtensa-lx106-elf-gcc
configure:10192: result: xtensa-lx106-elf-gcc
configure:10321: checking for xtensa-lx106-elf-gcj
configure:10351: result: no
configure:10482: checking for xtensa-lx106-elf-gfortran
configure:10512: result: no
configure:10643: checking for xtensa-lx106-elf-gccgo
configure:10673: result: no
configure:10884: checking for xtensa-lx106-elf-ar
configure:10900: found /esptools/esp-open-sdk/xtensa-lx106-elf/bin/xtensa-lx106-elf-ar
configure:10911: result: xtensa-lx106-elf-ar
configure:11114: checking for xtensa-lx106-elf-as
configure:11130: found /esptools/esp-open-sdk/xtensa-lx106-elf/bin/xtensa-lx106-elf-as
configure:11141: result: xtensa-lx106-elf-as
configure:11344: checking for xtensa-lx106-elf-dlltool
configure:11374: result: no
configure:11574: checking for xtensa-lx106-elf-ld
configure:11590: found /esptools/esp-open-sdk/xtensa-lx106-elf/bin/xtensa-lx106-elf-ld
configure:11601: result: xtensa-lx106-elf-ld
configure:11804: checking for xtensa-lx106-elf-lipo
configure:11834: result: no
configure:12034: checking for xtensa-lx106-elf-nm
configure:12050: found /esptools/esp-open-sdk/xtensa-lx106-elf/bin/xtensa-lx106-elf-nm
configure:12061: result: xtensa-lx106-elf-nm
configure:12264: checking for xtensa-lx106-elf-objdump
configure:12280: found /esptools/esp-open-sdk/xtensa-lx106-elf/bin/xtensa-lx106-elf-objdump
configure:12291: result: xtensa-lx106-elf-objdump
configure:12494: checking for xtensa-lx106-elf-ranlib
configure:12510: found /esptools/esp-open-sdk/xtensa-lx106-elf/bin/xtensa-lx106-elf-ranlib
configure:12521: result: xtensa-lx106-elf-ranlib
configure:12724: checking for xtensa-lx106-elf-readelf
configure:12740: found /esptools/esp-open-sdk/xtensa-lx106-elf/bin/xtensa-lx106-elf-readelf
configure:12751: result: xtensa-lx106-elf-readelf
configure:12954: checking for xtensa-lx106-elf-strip
configure:12970: found /esptools/esp-open-sdk/xtensa-lx106-elf/bin/xtensa-lx106-elf-strip
configure:12981: result: xtensa-lx106-elf-strip
configure:13184: checking for xtensa-lx106-elf-windres
configure:13214: result: no
configure:13414: checking for xtensa-lx106-elf-windmc
configure:13444: result: no
configure:13511: checking where to find the target ar
configure:13548: result: pre-installed
configure:13553: checking where to find the target as
configure:13590: result: pre-installed
configure:13595: checking where to find the target cc
configure:13632: result: pre-installed
configure:13637: checking where to find the target c++
configure:13677: result: pre-installed
configure:13682: checking where to find the target c++ for libstdc++
configure:13722: result: pre-installed
configure:13727: checking where to find the target dlltool
configure:13764: result: pre-installed
configure:13769: checking where to find the target gcc
configure:13806: result: pre-installed
configure:13811: checking where to find the target gcj
configure:13851: result: pre-installed
configure:13856: checking where to find the target gfortran
configure:13896: result: pre-installed
configure:13901: checking where to find the target gccgo
configure:13941: result: pre-installed
configure:13946: checking where to find the target ld
configure:13983: result: pre-installed
configure:13988: checking where to find the target lipo
configure:14014: result: pre-installed
configure:14019: checking where to find the target nm
configure:14056: result: pre-installed
configure:14061: checking where to find the target objdump
configure:14098: result: pre-installed
configure:14103: checking where to find the target ranlib
configure:14140: result: pre-installed
configure:14145: checking where to find the target readelf
configure:14182: result: pre-installed
configure:14187: checking where to find the target strip
configure:14224: result: pre-installed
configure:14229: checking where to find the target windres
configure:14266: result: pre-installed
configure:14271: checking where to find the target windmc
configure:14308: result: pre-installed
configure:14341: checking whether to enable maintainer-specific portions of Makefiles
configure:14350: result: no
configure:14383: checking whether -fkeep-inline-functions is supported
configure:14402: x86_64-build_apple-darwin14.0.0-gcc -c -g -O2 -fkeep-inline-functions  conftest.c >&5
configure:14402: $? = 0
configure:14403: result: yes
configure:14609: creating ./config.status

## ---------------------- ##
## Running config.status. ##
## ---------------------- ##

This file was extended by config.status, which was
generated by GNU Autoconf 2.64.  Invocation command line was

  CONFIG_FILES    = 
  CONFIG_HEADERS  = 
  CONFIG_LINKS    = 
  CONFIG_COMMANDS = 
  $ ./config.status 

on Macintosh-2.local

config.status:942: creating Makefile

## ---------------- ##
## Cache variables. ##
## ---------------- ##

ac_cv_build=x86_64-build_apple-darwin14.0.0
ac_cv_c_compiler_gnu=yes
ac_cv_cxx_compiler_gnu=yes
ac_cv_env_AR_FOR_TARGET_set=
ac_cv_env_AR_FOR_TARGET_value=
ac_cv_env_AR_set=
ac_cv_env_AR_value=
ac_cv_env_AS_FOR_TARGET_set=
ac_cv_env_AS_FOR_TARGET_value=
ac_cv_env_AS_set=
ac_cv_env_AS_value=
ac_cv_env_CCC_set=
ac_cv_env_CCC_value=
ac_cv_env_CC_FOR_TARGET_set=
ac_cv_env_CC_FOR_TARGET_value=
ac_cv_env_CC_set=set
ac_cv_env_CC_value=
ac_cv_env_CFLAGS_set=
ac_cv_env_CFLAGS_value=
ac_cv_env_CPPFLAGS_set=
ac_cv_env_CPPFLAGS_value=
ac_cv_env_CXXFLAGS_set=
ac_cv_env_CXXFLAGS_value=
ac_cv_env_CXX_FOR_TARGET_set=
ac_cv_env_CXX_FOR_TARGET_value=
ac_cv_env_CXX_set=
ac_cv_env_CXX_value=
ac_cv_env_DLLTOOL_FOR_TARGET_set=
ac_cv_env_DLLTOOL_FOR_TARGET_value=
ac_cv_env_DLLTOOL_set=
ac_cv_env_DLLTOOL_value=
ac_cv_env_GCC_FOR_TARGET_set=
ac_cv_env_GCC_FOR_TARGET_value=
ac_cv_env_GCJ_FOR_TARGET_set=
ac_cv_env_GCJ_FOR_TARGET_value=
ac_cv_env_GFORTRAN_FOR_TARGET_set=
ac_cv_env_GFORTRAN_FOR_TARGET_value=
ac_cv_env_GOC_FOR_TARGET_set=
ac_cv_env_GOC_FOR_TARGET_value=
ac_cv_env_LDFLAGS_set=
ac_cv_env_LDFLAGS_value=
ac_cv_env_LD_FOR_TARGET_set=
ac_cv_env_LD_FOR_TARGET_value=
ac_cv_env_LD_set=set
ac_cv_env_LD_value=
ac_cv_env_LIBS_set=
ac_cv_env_LIBS_value=
ac_cv_env_LIPO_FOR_TARGET_set=
ac_cv_env_LIPO_FOR_TARGET_value=
ac_cv_env_LIPO_set=
ac_cv_env_LIPO_value=
ac_cv_env_NM_FOR_TARGET_set=
ac_cv_env_NM_FOR_TARGET_value=
ac_cv_env_NM_set=
ac_cv_env_NM_value=
ac_cv_env_OBJCOPY_set=
ac_cv_env_OBJCOPY_value=
ac_cv_env_OBJDUMP_FOR_TARGET_set=
ac_cv_env_OBJDUMP_FOR_TARGET_value=
ac_cv_env_OBJDUMP_set=
ac_cv_env_OBJDUMP_value=
ac_cv_env_RANLIB_FOR_TARGET_set=
ac_cv_env_RANLIB_FOR_TARGET_value=
ac_cv_env_RANLIB_set=
ac_cv_env_RANLIB_value=
ac_cv_env_READELF_FOR_TARGET_set=
ac_cv_env_READELF_FOR_TARGET_value=
ac_cv_env_READELF_set=
ac_cv_env_READELF_value=
ac_cv_env_STRIP_FOR_TARGET_set=
ac_cv_env_STRIP_FOR_TARGET_value=
ac_cv_env_STRIP_set=
ac_cv_env_STRIP_value=
ac_cv_env_WINDMC_FOR_TARGET_set=
ac_cv_env_WINDMC_FOR_TARGET_value=
ac_cv_env_WINDMC_set=
ac_cv_env_WINDMC_value=
ac_cv_env_WINDRES_FOR_TARGET_set=
ac_cv_env_WINDRES_FOR_TARGET_value=
ac_cv_env_WINDRES_set=
ac_cv_env_WINDRES_value=
ac_cv_env_build_alias_set=set
ac_cv_env_build_alias_value=x86_64-build_apple-darwin14.0.0
ac_cv_env_build_configargs_set=
ac_cv_env_build_configargs_value=
ac_cv_env_host_alias_set=set
ac_cv_env_host_alias_value=x86_64-build_apple-darwin14.0.0
ac_cv_env_host_configargs_set=
ac_cv_env_host_configargs_value=
ac_cv_env_target_alias_set=set
ac_cv_env_target_alias_value=xtensa-lx106-elf
ac_cv_env_target_configargs_set=
ac_cv_env_target_configargs_value=
ac_cv_host=x86_64-build_apple-darwin14.0.0
ac_cv_lib_pwl_PWL_handle_timeout=no
ac_cv_objext=o
ac_cv_path_SED=/Volumes/ESPTools/esp-open-sdk/crosstool-NG/.build/tools/bin/sed
ac_cv_path_install='/Volumes/ESPTools/esp-open-sdk/crosstool-NG/.build/tools/bin/install -c'
ac_cv_prog_AR=x86_64-build_apple-darwin14.0.0-ar
ac_cv_prog_AR_FOR_TARGET=xtensa-lx106-elf-ar
ac_cv_prog_AS=x86_64-build_apple-darwin14.0.0-as
ac_cv_prog_AS_FOR_TARGET=xtensa-lx106-elf-as
ac_cv_prog_AWK=gawk
ac_cv_prog_BISON=bison
ac_cv_prog_CC=x86_64-build_apple-darwin14.0.0-gcc
ac_cv_prog_CC_FOR_TARGET=xtensa-lx106-elf-cc
ac_cv_prog_CXX=x86_64-build_apple-darwin14.0.0-g++
ac_cv_prog_CXX_FOR_TARGET=xtensa-lx106-elf-c++
ac_cv_prog_EXPECT=expect
ac_cv_prog_FLEX=flex
ac_cv_prog_GCC_FOR_TARGET=xtensa-lx106-elf-gcc
ac_cv_prog_LD=/Applications/Xcode.app/Contents/Developer/Toolchains/XcodeDefault.xctoolchain/usr/bin/ld
ac_cv_prog_LD_FOR_TARGET=xtensa-lx106-elf-ld
ac_cv_prog_LEX=flex
ac_cv_prog_LIPO=lipo
ac_cv_prog_M4=gm4
ac_cv_prog_MAKEINFO=makeinfo
ac_cv_prog_NM=x86_64-build_apple-darwin14.0.0-nm
ac_cv_prog_NM_FOR_TARGET=xtensa-lx106-elf-nm
ac_cv_prog_OBJCOPY=x86_64-build_apple-darwin14.0.0-objcopy
ac_cv_prog_OBJDUMP=x86_64-build_apple-darwin14.0.0-objdump
ac_cv_prog_OBJDUMP_FOR_TARGET=xtensa-lx106-elf-objdump
ac_cv_prog_RANLIB=x86_64-build_apple-darwin14.0.0-ranlib
ac_cv_prog_RANLIB_FOR_TARGET=xtensa-lx106-elf-ranlib
ac_cv_prog_READELF=readelf
ac_cv_prog_READELF_FOR_TARGET=xtensa-lx106-elf-readelf
ac_cv_prog_STRIP=x86_64-build_apple-darwin14.0.0-strip
ac_cv_prog_STRIP_FOR_TARGET=xtensa-lx106-elf-strip
ac_cv_prog_YACC='bison -y'
ac_cv_prog_cc_c89=
ac_cv_prog_cc_g=yes
ac_cv_prog_cxx_g=yes
ac_cv_target=xtensa-lx106-elf
acx_cv_cc_gcc_supports_ada=no
acx_cv_prog_LN=ln
gcc_cv_prog_cmp_skip='cmp --ignore-initial=16 $$f1 $$f2'
gcc_cv_tool_dirs=
gcc_cv_tool_prefix=/esptools/esp-open-sdk/xtensa-lx106-elf
lt_cv_objdir=.libs

## ----------------- ##
## Output variables. ##
## ----------------- ##

AR='x86_64-build_apple-darwin14.0.0-ar'
AR_FOR_BUILD='$(AR)'
AR_FOR_TARGET='xtensa-lx106-elf-ar'
AS='x86_64-build_apple-darwin14.0.0-as'
AS_FOR_BUILD='$(AS)'
AS_FOR_TARGET='xtensa-lx106-elf-as'
AWK='gawk'
BISON='bison'
BUILD_CONFIG=''
CC='x86_64-build_apple-darwin14.0.0-gcc'
CC_FOR_BUILD='$(CC)'
CC_FOR_TARGET='xtensa-lx106-elf-cc'
CFLAGS='-g -O2'
CFLAGS_FOR_BUILD='-g -O2'
CFLAGS_FOR_TARGET='-g -O2'
COMPILER_AS_FOR_TARGET='$(AS_FOR_TARGET)'
COMPILER_LD_FOR_TARGET='$(LD_FOR_TARGET)'
COMPILER_NM_FOR_TARGET='$(NM_FOR_TARGET)'
CONFIGURE_GDB_TK=''
CPPFLAGS=''
CXX='x86_64-build_apple-darwin14.0.0-g++'
CXXFLAGS='-g -O2'
CXXFLAGS_FOR_BUILD='-g -O2'
CXXFLAGS_FOR_TARGET='-g -O2'
CXX_FOR_BUILD='$(CXX)'
CXX_FOR_TARGET='xtensa-lx106-elf-c++'
DEBUG_PREFIX_CFLAGS_FOR_TARGET=''
DEFS='-DPACKAGE_NAME=\"\" -DPACKAGE_TARNAME=\"\" -DPACKAGE_VERSION=\"\" -DPACKAGE_STRING=\"\" -DPACKAGE_BUGREPORT=\"\" -DPACKAGE_URL=\"\" -DLT_OBJDIR=\".libs/\"'
DLLTOOL='dlltool'
DLLTOOL_FOR_BUILD='$(DLLTOOL)'
DLLTOOL_FOR_TARGET='xtensa-lx106-elf-dlltool'
ECHO_C='\c'
ECHO_N=''
ECHO_T=''
EXEEXT=''
EXPECT='expect'
EXTRA_CONFIGARGS_LIBJAVA='--disable-static'
FLAGS_FOR_TARGET=''
FLEX='flex'
GCC_FOR_TARGET='xtensa-lx106-elf-gcc'
GCC_SHLIB_SUBDIR=''
GCJ_FOR_BUILD='$(GCJ)'
GCJ_FOR_TARGET='xtensa-lx106-elf-gcj'
GDB_TK=''
GFORTRAN_FOR_BUILD='$(GFORTRAN)'
GFORTRAN_FOR_TARGET='xtensa-lx106-elf-gfortran'
GNATBIND='no'
GNATMAKE='no'
GOC_FOR_BUILD='$(GOC)'
GOC_FOR_TARGET='xtensa-lx106-elf-gccgo'
INSTALL_DATA='${INSTALL} -m 644'
INSTALL_GDB_TK=''
INSTALL_PROGRAM='${INSTALL}'
INSTALL_SCRIPT='${INSTALL}'
LD='/Applications/Xcode.app/Contents/Developer/Toolchains/XcodeDefault.xctoolchain/usr/bin/ld'
LDFLAGS=''
LDFLAGS_FOR_BUILD=''
LDFLAGS_FOR_TARGET=''
LD_FOR_BUILD='$(LD)'
LD_FOR_TARGET='xtensa-lx106-elf-ld'
LEX='flex'
LIBOBJS=''
LIBS=''
LIPO='lipo'
LIPO_FOR_TARGET='xtensa-lx106-elf-lipo'
LN='ln'
LN_S='ln -s'
LTLIBOBJS=''
M4='gm4'
MAINT='#'
MAINTAINER_MODE_FALSE=''
MAINTAINER_MODE_TRUE='#'
MAKEINFO='makeinfo'
NM='x86_64-build_apple-darwin14.0.0-nm'
NM_FOR_BUILD='$(NM)'
NM_FOR_TARGET='xtensa-lx106-elf-nm'
OBJCOPY='x86_64-build_apple-darwin14.0.0-objcopy'
OBJDUMP='x86_64-build_apple-darwin14.0.0-objdump'
OBJDUMP_FOR_TARGET='xtensa-lx106-elf-objdump'
OBJEXT='o'
PACKAGE_BUGREPORT=''
PACKAGE_NAME=''
PACKAGE_STRING=''
PACKAGE_TARNAME=''
PACKAGE_URL=''
PACKAGE_VERSION=''
PATH_SEPARATOR=':'
POSTSTAGE1_CONFIGURE_FLAGS='--enable-build-with-cxx'
RANLIB='x86_64-build_apple-darwin14.0.0-ranlib'
RANLIB_FOR_BUILD='$(RANLIB)'
RANLIB_FOR_TARGET='xtensa-lx106-elf-ranlib'
RAW_CXX_FOR_TARGET='xtensa-lx106-elf-c++'
READELF='readelf'
READELF_FOR_TARGET='xtensa-lx106-elf-readelf'
RPATH_ENVVAR='DYLD_LIBRARY_PATH'
RUNTEST='runtest'
SED='/Volumes/ESPTools/esp-open-sdk/crosstool-NG/.build/tools/bin/sed'
SHELL='/bin/bash'
STRIP='x86_64-build_apple-darwin14.0.0-strip'
STRIP_FOR_TARGET='xtensa-lx106-elf-strip'
SYSROOT_CFLAGS_FOR_TARGET='--sysroot=/esptools/esp-open-sdk/xtensa-lx106-elf/xtensa-lx106-elf/sysroot'
TOPLEVEL_CONFIGURE_ARGUMENTS='/Volumes/ESPTools/esp-open-sdk/crosstool-NG/.build/src/gdb-7.5.1/configure --build=x86_64-build_apple-darwin14.0.0 --host=x86_64-build_apple-darwin14.0.0 --target=xtensa-lx106-elf --prefix=/esptools/esp-open-sdk/xtensa-lx106-elf --with-build-sysroot=/esptools/esp-open-sdk/xtensa-lx106-elf/xtensa-lx106-elf/sysroot --with-sysroot=/esptools/esp-open-sdk/xtensa-lx106-elf/xtensa-lx106-elf/sysroot --disable-werror --with-pkgversion='\''crosstool-NG 1.20.0'\'' --enable-expat --with-expat=yes --disable-threads --with-python=no --disable-sim --disable-nls'
WINDMC='windmc'
WINDMC_FOR_BUILD='$(WINDMC)'
WINDMC_FOR_TARGET='xtensa-lx106-elf-windmc'
WINDRES='windres'
WINDRES_FOR_BUILD='$(WINDRES)'
WINDRES_FOR_TARGET='xtensa-lx106-elf-windres'
YACC='bison -y'
ac_ct_CC=''
ac_ct_CXX=''
bindir='${exec_prefix}/bin'
build='x86_64-build_apple-darwin14.0.0'
build_alias='x86_64-build_apple-darwin14.0.0'
build_configargs=' --cache-file=../config.cache '\''--prefix=/esptools/esp-open-sdk/xtensa-lx106-elf'\'' '\''--with-build-sysroot=/esptools/esp-open-sdk/xtensa-lx106-elf/xtensa-lx106-elf/sysroot'\'' '\''--with-sysroot=/esptools/esp-open-sdk/xtensa-lx106-elf/xtensa-lx106-elf/sysroot'\'' '\''--disable-werror'\'' '\''--with-pkgversion=crosstool-NG 1.20.0'\'' '\''--enable-expat'\'' '\''--with-expat=yes'\'' '\''--disable-threads'\'' '\''--with-python=no'\'' '\''--disable-sim'\'' '\''--disable-nls'\'' --program-transform-name='\''s&^&xtensa-lx106-elf-&'\'' --disable-option-checking'
build_configdirs=' libiberty'
build_cpu='x86_64'
build_libsubdir='build-x86_64-build_apple-darwin14.0.0'
build_noncanonical='x86_64-build_apple-darwin14.0.0'
build_os='darwin14.0.0'
build_subdir='build-x86_64-build_apple-darwin14.0.0'
build_tooldir='${exec_prefix}/xtensa-lx106-elf'
build_vendor='build_apple'
clooginc=''
clooglibs=''
compare_exclusions='gcc/cc*-checksum$(objext) | gcc/ada/*tools/*'
configdirs=' intl libiberty opcodes bfd readline libdecnumber gdb etc'
datadir='${datarootdir}'
datarootdir='${prefix}/share'
do_compare='cmp --ignore-initial=16 $$f1 $$f2'
docdir='${datarootdir}/doc/${PACKAGE}'
dvidir='${docdir}'
exec_prefix='${prefix}'
extra_host_libiberty_configure_flags=''
extra_mpc_gmp_configure_flags=''
extra_mpc_mpfr_configure_flags=''
extra_mpfr_configure_flags=''
gmpinc=''
gmplibs='-lmpc -lmpfr -lgmp'
host='x86_64-build_apple-darwin14.0.0'
host_alias='x86_64-build_apple-darwin14.0.0'
host_configargs=' --cache-file=./config.cache  --with-system-zlib '\''--prefix=/esptools/esp-open-sdk/xtensa-lx106-elf'\'' '\''--with-build-sysroot=/esptools/esp-open-sdk/xtensa-lx106-elf/xtensa-lx106-elf/sysroot'\'' '\''--with-sysroot=/esptools/esp-open-sdk/xtensa-lx106-elf/xtensa-lx106-elf/sysroot'\'' '\''--disable-werror'\'' '\''--with-pkgversion=crosstool-NG 1.20.0'\'' '\''--enable-expat'\'' '\''--with-expat=yes'\'' '\''--disable-threads'\'' '\''--with-python=no'\'' '\''--disable-sim'\'' '\''--disable-nls'\'' --program-transform-name='\''s&^&xtensa-lx106-elf-&'\'' --disable-option-checking'
host_cpu='x86_64'
host_noncanonical='x86_64-build_apple-darwin14.0.0'
host_os='darwin14.0.0'
host_subdir='.'
host_vendor='build_apple'
htmldir='${docdir}'
includedir='${prefix}/include'
infodir='${datarootdir}/info'
libdir='${exec_prefix}/lib'
libexecdir='${exec_prefix}/libexec'
localedir='${datarootdir}/locale'
localstatedir='${prefix}/var'
mandir='${datarootdir}/man'
oldincludedir='/usr/include'
pdfdir='${docdir}'
poststage1_ldflags='-static-libstdc++ -static-libgcc'
poststage1_libs=''
pplinc=''
ppllibs=''
prefix='/esptools/esp-open-sdk/xtensa-lx106-elf'
program_transform_name='s&^&xtensa-lx106-elf-&'
psdir='${docdir}'
sbindir='${exec_prefix}/sbin'
sharedstatedir='${prefix}/com'
stage1_cflags='-g -fkeep-inline-functions'
stage1_checking='--enable-checking=yes,types'
stage1_languages=',c,'
stage1_ldflags=''
stage1_libs=''
stage2_werror_flag=''
sysconfdir='${prefix}/etc'
target='xtensa-lx106-elf'
target_alias='xtensa-lx106-elf'
target_configargs='--cache-file=./config.cache --enable-multilib --with-cross-host=x86_64-build_apple-darwin14.0.0   '\''--prefix=/esptools/esp-open-sdk/xtensa-lx106-elf'\'' '\''--with-build-sysroot=/esptools/esp-open-sdk/xtensa-lx106-elf/xtensa-lx106-elf/sysroot'\'' '\''--with-sysroot=/esptools/esp-open-sdk/xtensa-lx106-elf/xtensa-lx106-elf/sysroot'\'' '\''--disable-werror'\'' '\''--with-pkgversion=crosstool-NG 1.20.0'\'' '\''--enable-expat'\'' '\''--with-expat=yes'\'' '\''--disable-threads'\'' '\''--with-python=no'\'' '\''--disable-sim'\'' '\''--disable-nls'\'' --program-transform-name='\''s&^&xtensa-lx106-elf-&'\'' --disable-option-checking'
target_configdirs=''
target_cpu='xtensa'
target_noncanonical='xtensa-lx106-elf'
target_os='elf'
target_subdir='xtensa-lx106-elf'
target_vendor='lx106'
tooldir='${exec_prefix}/xtensa-lx106-elf'

## ------------------- ##
## File substitutions. ##
## ------------------- ##

alphaieee_frag='/dev/null'
host_makefile_frag='/Volumes/ESPTools/esp-open-sdk/crosstool-NG/.build/src/gdb-7.5.1/config/mh-darwin'
ospace_frag='/dev/null'
serialization_dependencies='serdep.tmp'
target_makefile_frag='/dev/null'

## ----------- ##
## confdefs.h. ##
## ----------- ##

/* confdefs.h */
#define PACKAGE_NAME ""
#define PACKAGE_TARNAME ""
#define PACKAGE_VERSION ""
#define PACKAGE_STRING ""
#define PACKAGE_BUGREPORT ""
#define PACKAGE_URL ""
#define LT_OBJDIR ".libs/"

configure: exit 0
