This file contains any messages produced by compilers while
running configure, to aid debugging if configure makes a mistake.

It was created by configure, which was
generated by GNU Autoconf 2.64.  Invocation command line was

  $ /Volumes/ESPTools/esp-open-sdk/crosstool-NG/.build/src/binutils-2.24/configure --build=x86_64-build_apple-darwin14.0.0 --host=x86_64-build_apple-darwin14.0.0 --target=xtensa-lx106-elf --prefix=/esptools/esp-open-sdk/xtensa-lx106-elf --disable-werror --enable-ld=yes --enable-gold=no --with-pkgversion=crosstool-NG 1.20.0 --disable-multilib --disable-nls --with-sysroot=/esptools/esp-open-sdk/xtensa-lx106-elf/xtensa-lx106-elf/sysroot

## --------- ##
## Platform. ##
## --------- ##

hostname = Macintosh-2.local
uname -m = x86_64
uname -r = 14.0.0
uname -s = Darwin
uname -v = Darwin Kernel Version 14.0.0: Fri Sep 19 00:26:44 PDT 2014; root:xnu-2782.1.97~2/RELEASE_X86_64

/usr/bin/uname -p = i386
/bin/uname -X     = unknown

/bin/arch              = unknown
/usr/bin/arch -k       = unknown
/usr/convex/getsysinfo = unknown
/usr/bin/hostinfo      = Mach kernel version:
	 Darwin Kernel Version 14.0.0: Fri Sep 19 00:26:44 PDT 2014; root:xnu-2782.1.97~2/RELEASE_X86_64
Kernel configured for up to 8 processors.
4 processors are physically available.
8 processors are logically available.
Processor type: i486 (Intel 80486)
Processors active: 0 1 2 3 4 5 6 7
Primary memory available: 16.00 gigabytes
Default processor set: 308 tasks, 1638 threads, 8 processors
Load average: 6.21, Mach factor: 4.63
/bin/machine           = unknown
/usr/bin/oslevel       = unknown
/bin/universe          = unknown

PATH: /esptools/esp-open-sdk/xtensa-lx106-elf/bin
PATH: /Volumes/ESPTools/esp-open-sdk/crosstool-NG/.build/xtensa-lx106-elf/buildtools/bin
PATH: /Volumes/ESPTools/esp-open-sdk/crosstool-NG/.build/tools/bin
PATH: /opt/local/bin
PATH: /opt/local/sbin
PATH: /opt/local/bin
PATH: /opt/local/sbin
PATH: /usr/bin
PATH: /bin
PATH: /usr/sbin
PATH: /sbin
PATH: /usr/local/bin
PATH: /opt/local/bin/
PATH: /opt/X11/bin
PATH: /usr/local/git/bin
PATH: /usr/local/MacGPG2/bin


## ----------- ##
## Core tests. ##
## ----------- ##

configure:2317: checking build system type
configure:2331: result: x86_64-build_apple-darwin14.0.0
configure:2378: checking host system type
configure:2391: result: x86_64-build_apple-darwin14.0.0
configure:2411: checking target system type
configure:2424: result: xtensa-lx106-elf
configure:2478: checking for a BSD-compatible install
configure:2546: result: /Volumes/ESPTools/esp-open-sdk/crosstool-NG/.build/tools/bin/install -c
configure:2557: checking whether ln works
configure:2579: result: yes
configure:2583: checking whether ln -s works
configure:2587: result: yes
configure:2594: checking for a sed that does not truncate output
configure:2658: result: /Volumes/ESPTools/esp-open-sdk/crosstool-NG/.build/tools/bin/sed
configure:2667: checking for gawk
configure:2683: found /opt/local/bin/gawk
configure:2694: result: gawk
configure:3922: checking for x86_64-build_apple-darwin14.0.0-gcc
configure:3938: found /Volumes/ESPTools/esp-open-sdk/crosstool-NG/.build/xtensa-lx106-elf/buildtools/bin/x86_64-build_apple-darwin14.0.0-gcc
configure:3949: result: x86_64-build_apple-darwin14.0.0-gcc
configure:4218: checking for C compiler version
configure:4227: x86_64-build_apple-darwin14.0.0-gcc --version >&5
Apple LLVM version 6.0 (clang-600.0.57) (based on LLVM 3.5svn)
Target: x86_64-apple-darwin14.0.0
Thread model: posix
Configured with: --prefix=/Applications/Xcode.app/Contents/Developer/usr --with-gxx-include-dir=/usr/include/c++/4.2.1
configure:4238: $? = 0
configure:4227: x86_64-build_apple-darwin14.0.0-gcc -v >&5
Configured with: --prefix=/Applications/Xcode.app/Contents/Developer/usr --with-gxx-include-dir=/usr/include/c++/4.2.1
Apple LLVM version 6.0 (clang-600.0.57) (based on LLVM 3.5svn)
Target: x86_64-apple-darwin14.0.0
Thread model: posix
configure:4238: $? = 0
configure:4227: x86_64-build_apple-darwin14.0.0-gcc -V >&5
clang: error: argument to '-V' is missing (expected 1 value)
clang: error: no input files
configure:4238: $? = 1
configure:4227: x86_64-build_apple-darwin14.0.0-gcc -qversion >&5
clang: error: unknown argument: '-qversion'
clang: error: no input files
configure:4238: $? = 1
configure:4258: checking for C compiler default output file name
configure:4280: x86_64-build_apple-darwin14.0.0-gcc -O2 -g -pipe     conftest.c  >&5
configure:4284: $? = 0
configure:4321: result: a.out
configure:4337: checking whether the C compiler works
configure:4346: ./a.out
configure:4350: $? = 0
configure:4365: result: yes
configure:4372: checking whether we are cross compiling
configure:4374: result: no
configure:4377: checking for suffix of executables
configure:4384: x86_64-build_apple-darwin14.0.0-gcc -o conftest -O2 -g -pipe     conftest.c  >&5
configure:4388: $? = 0
configure:4410: result: 
configure:4416: checking for suffix of object files
configure:4438: x86_64-build_apple-darwin14.0.0-gcc -c -O2 -g -pipe   conftest.c >&5
configure:4442: $? = 0
configure:4463: result: o
configure:4467: checking whether we are using the GNU C compiler
configure:4486: x86_64-build_apple-darwin14.0.0-gcc -c -O2 -g -pipe   conftest.c >&5
configure:4486: $? = 0
configure:4495: result: yes
configure:4504: checking whether x86_64-build_apple-darwin14.0.0-gcc accepts -g
configure:4524: x86_64-build_apple-darwin14.0.0-gcc -c -g  conftest.c >&5
configure:4524: $? = 0
configure:4565: result: yes
configure:4582: checking for x86_64-build_apple-darwin14.0.0-gcc option to accept ISO C89
configure:4646: x86_64-build_apple-darwin14.0.0-gcc  -c -O2 -g -pipe   conftest.c >&5
configure:4646: $? = 0
configure:4659: result: none needed
configure:4693: checking for x86_64-build_apple-darwin14.0.0-g++
configure:4709: found /Volumes/ESPTools/esp-open-sdk/crosstool-NG/.build/xtensa-lx106-elf/buildtools/bin/x86_64-build_apple-darwin14.0.0-g++
configure:4720: result: x86_64-build_apple-darwin14.0.0-g++
configure:4791: checking for C++ compiler version
configure:4800: x86_64-build_apple-darwin14.0.0-g++ --version >&5
Apple LLVM version 6.0 (clang-600.0.57) (based on LLVM 3.5svn)
Target: x86_64-apple-darwin14.0.0
Thread model: posix
Configured with: --prefix=/Applications/Xcode.app/Contents/Developer/usr --with-gxx-include-dir=/usr/include/c++/4.2.1
configure:4811: $? = 0
configure:4800: x86_64-build_apple-darwin14.0.0-g++ -v >&5
Configured with: --prefix=/Applications/Xcode.app/Contents/Developer/usr --with-gxx-include-dir=/usr/include/c++/4.2.1
Apple LLVM version 6.0 (clang-600.0.57) (based on LLVM 3.5svn)
Target: x86_64-apple-darwin14.0.0
Thread model: posix
configure:4811: $? = 0
configure:4800: x86_64-build_apple-darwin14.0.0-g++ -V >&5
clang: error: argument to '-V' is missing (expected 1 value)
clang: error: no input files
configure:4811: $? = 1
configure:4800: x86_64-build_apple-darwin14.0.0-g++ -qversion >&5
clang: error: unknown argument: '-qversion'
clang: error: no input files
configure:4811: $? = 1
configure:4815: checking whether we are using the GNU C++ compiler
configure:4834: x86_64-build_apple-darwin14.0.0-g++ -c -O2 -g -pipe   conftest.cpp >&5
configure:4834: $? = 0
configure:4843: result: yes
configure:4852: checking whether x86_64-build_apple-darwin14.0.0-g++ accepts -g
configure:4872: x86_64-build_apple-darwin14.0.0-g++ -c -g  conftest.cpp >&5
configure:4872: $? = 0
configure:4913: result: yes
configure:4962: checking whether g++ accepts -static-libstdc++ -static-libgcc
configure:4979: x86_64-build_apple-darwin14.0.0-g++ -o conftest -O2 -g -pipe     -static-libstdc++ -static-libgcc conftest.cpp  >&5
clang: error: unsupported option '-static-libgcc'
configure:4979: $? = 1
configure: failed program was:
| /* confdefs.h */
| #define PACKAGE_NAME ""
| #define PACKAGE_TARNAME ""
| #define PACKAGE_VERSION ""
| #define PACKAGE_STRING ""
| #define PACKAGE_BUGREPORT ""
| #define PACKAGE_URL ""
| /* end confdefs.h.  */
| 
| #if (__GNUC__ < 4) || (__GNUC__ == 4 && __GNUC_MINOR__ < 5)
| #error -static-libstdc++ not implemented
| #endif
| int main() {}
configure:4983: result: no
configure:5004: checking for x86_64-build_apple-darwin14.0.0-gnatbind
configure:5034: result: no
configure:5044: checking for gnatbind
configure:5074: result: no
configure:5096: checking for x86_64-build_apple-darwin14.0.0-gnatmake
configure:5126: result: no
configure:5136: checking for gnatmake
configure:5166: result: no
configure:5185: checking whether compiler driver understands Ada
configure:5208: result: no
configure:5217: checking how to compare bootstrapped objects
configure:5242: result: cmp --ignore-initial=16 $$f1 $$f2
configure:5296: checking for objdir
configure:5311: result: .libs
configure:5883: checking for version 0.10 of ISL
configure:5902: x86_64-build_apple-darwin14.0.0-gcc -o conftest -O2 -g -pipe        conftest.c  -lisl >&5
conftest.c:10:10: fatal error: 'isl/version.h' file not found
#include <isl/version.h>
         ^
1 error generated.
configure:5902: $? = 1
configure: program exited with status 1
configure: failed program was:
| /* confdefs.h */
| #define PACKAGE_NAME ""
| #define PACKAGE_TARNAME ""
| #define PACKAGE_VERSION ""
| #define PACKAGE_STRING ""
| #define PACKAGE_BUGREPORT ""
| #define PACKAGE_URL ""
| #define LT_OBJDIR ".libs/"
| /* end confdefs.h.  */
| #include <isl/version.h>
|    #include <string.h>
| int
| main ()
| {
| if (strncmp (isl_version (), "isl-0.10", strlen ("isl-0.10")) != 0)
|      return 1;
| 
|   ;
|   return 0;
| }
configure:5911: result: no
configure:5931: checking for version 0.11 of ISL
configure:5950: x86_64-build_apple-darwin14.0.0-gcc -o conftest -O2 -g -pipe        conftest.c  -lisl >&5
conftest.c:10:10: fatal error: 'isl/version.h' file not found
#include <isl/version.h>
         ^
1 error generated.
configure:5950: $? = 1
configure: program exited with status 1
configure: failed program was:
| /* confdefs.h */
| #define PACKAGE_NAME ""
| #define PACKAGE_TARNAME ""
| #define PACKAGE_VERSION ""
| #define PACKAGE_STRING ""
| #define PACKAGE_BUGREPORT ""
| #define PACKAGE_URL ""
| #define LT_OBJDIR ".libs/"
| /* end confdefs.h.  */
| #include <isl/version.h>
|    #include <string.h>
| int
| main ()
| {
| if (strncmp (isl_version (), "isl-0.11", strlen ("isl-0.11")) != 0)
|      return 1;
| 
|   ;
|   return 0;
| }
configure:5959: result: no
configure:7121: checking for default BUILD_CONFIG
configure:7153: result: 
configure:7642: checking for bison
configure:7658: found /usr/bin/bison
configure:7669: result: bison -y
configure:7689: checking for bison
configure:7705: found /usr/bin/bison
configure:7716: result: bison
configure:7736: checking for gm4
configure:7752: found /opt/local/bin/gm4
configure:7763: result: gm4
configure:7783: checking for flex
configure:7799: found /usr/bin/flex
configure:7810: result: flex
configure:7831: checking for flex
configure:7847: found /usr/bin/flex
configure:7858: result: flex
configure:7878: checking for makeinfo
configure:7894: found /Volumes/ESPTools/esp-open-sdk/crosstool-NG/.build/xtensa-lx106-elf/buildtools/bin/makeinfo
configure:7905: result: makeinfo
configure:7939: checking for expect
configure:7955: found /usr/bin/expect
configure:7966: result: expect
configure:7988: checking for runtest
configure:8018: result: no
configure:8094: checking for x86_64-build_apple-darwin14.0.0-ar
configure:8110: found /Volumes/ESPTools/esp-open-sdk/crosstool-NG/.build/xtensa-lx106-elf/buildtools/bin/x86_64-build_apple-darwin14.0.0-ar
configure:8121: result: x86_64-build_apple-darwin14.0.0-ar
configure:8235: checking for x86_64-build_apple-darwin14.0.0-as
configure:8251: found /Volumes/ESPTools/esp-open-sdk/crosstool-NG/.build/xtensa-lx106-elf/buildtools/bin/x86_64-build_apple-darwin14.0.0-as
configure:8262: result: x86_64-build_apple-darwin14.0.0-as
configure:8376: checking for x86_64-build_apple-darwin14.0.0-dlltool
configure:8406: result: no
configure:8415: checking for dlltool
configure:8445: result: no
configure:8475: checking for ld
configure:8502: result: /Applications/Xcode.app/Contents/Developer/Toolchains/XcodeDefault.xctoolchain/usr/bin/ld
configure:8517: checking for x86_64-build_apple-darwin14.0.0-ld
configure:8544: result: /Applications/Xcode.app/Contents/Developer/Toolchains/XcodeDefault.xctoolchain/usr/bin/ld
configure:8658: checking for x86_64-build_apple-darwin14.0.0-lipo
configure:8688: result: no
configure:8697: checking for lipo
configure:8713: found /usr/bin/lipo
configure:8724: result: lipo
configure:8799: checking for x86_64-build_apple-darwin14.0.0-nm
configure:8815: found /Volumes/ESPTools/esp-open-sdk/crosstool-NG/.build/xtensa-lx106-elf/buildtools/bin/x86_64-build_apple-darwin14.0.0-nm
configure:8826: result: x86_64-build_apple-darwin14.0.0-nm
configure:8940: checking for x86_64-build_apple-darwin14.0.0-ranlib
configure:8956: found /Volumes/ESPTools/esp-open-sdk/crosstool-NG/.build/xtensa-lx106-elf/buildtools/bin/x86_64-build_apple-darwin14.0.0-ranlib
configure:8967: result: x86_64-build_apple-darwin14.0.0-ranlib
configure:9076: checking for x86_64-build_apple-darwin14.0.0-strip
configure:9092: found /Volumes/ESPTools/esp-open-sdk/crosstool-NG/.build/xtensa-lx106-elf/buildtools/bin/x86_64-build_apple-darwin14.0.0-strip
configure:9103: result: x86_64-build_apple-darwin14.0.0-strip
configure:9212: checking for x86_64-build_apple-darwin14.0.0-windres
configure:9242: result: no
configure:9251: checking for windres
configure:9281: result: no
configure:9353: checking for x86_64-build_apple-darwin14.0.0-windmc
configure:9383: result: no
configure:9392: checking for windmc
configure:9422: result: no
configure:9494: checking for x86_64-build_apple-darwin14.0.0-objcopy
configure:9510: found /Volumes/ESPTools/esp-open-sdk/crosstool-NG/.build/xtensa-lx106-elf/buildtools/bin/x86_64-build_apple-darwin14.0.0-objcopy
configure:9521: result: x86_64-build_apple-darwin14.0.0-objcopy
configure:9635: checking for x86_64-build_apple-darwin14.0.0-objdump
configure:9651: found /Volumes/ESPTools/esp-open-sdk/crosstool-NG/.build/xtensa-lx106-elf/buildtools/bin/x86_64-build_apple-darwin14.0.0-objdump
configure:9662: result: x86_64-build_apple-darwin14.0.0-objdump
configure:9776: checking for x86_64-build_apple-darwin14.0.0-readelf
configure:9806: result: no
configure:9815: checking for readelf
configure:9831: found /Volumes/ESPTools/esp-open-sdk/crosstool-NG/.build/tools/bin/readelf
configure:9842: result: readelf
configure:9956: checking for xtensa-lx106-elf-cc
configure:9986: result: no
configure:9956: checking for xtensa-lx106-elf-gcc
configure:9986: result: no
configure:10117: checking for xtensa-lx106-elf-c++
configure:10147: result: no
configure:10117: checking for xtensa-lx106-elf-g++
configure:10147: result: no
configure:10117: checking for xtensa-lx106-elf-cxx
configure:10147: result: no
configure:10117: checking for xtensa-lx106-elf-gxx
configure:10147: result: no
configure:10278: checking for xtensa-lx106-elf-gcc
configure:10308: result: no
configure:10434: checking for xtensa-lx106-elf-gcj
configure:10464: result: no
configure:10595: checking for xtensa-lx106-elf-gfortran
configure:10625: result: no
configure:10756: checking for xtensa-lx106-elf-gccgo
configure:10786: result: no
configure:10997: checking for xtensa-lx106-elf-ar
configure:11027: result: no
configure:11227: checking for xtensa-lx106-elf-as
configure:11257: result: no
configure:11457: checking for xtensa-lx106-elf-dlltool
configure:11487: result: no
configure:11687: checking for xtensa-lx106-elf-ld
configure:11717: result: no
configure:11917: checking for xtensa-lx106-elf-lipo
configure:11947: result: no
configure:12147: checking for xtensa-lx106-elf-nm
configure:12177: result: no
configure:12377: checking for xtensa-lx106-elf-objdump
configure:12407: result: no
configure:12607: checking for xtensa-lx106-elf-ranlib
configure:12637: result: no
configure:12837: checking for xtensa-lx106-elf-readelf
configure:12867: result: no
configure:13067: checking for xtensa-lx106-elf-strip
configure:13097: result: no
configure:13297: checking for xtensa-lx106-elf-windres
configure:13327: result: no
configure:13527: checking for xtensa-lx106-elf-windmc
configure:13557: result: no
configure:13624: checking where to find the target ar
configure:13647: result: just compiled
configure:13666: checking where to find the target as
configure:13689: result: just compiled
configure:13708: checking where to find the target cc
configure:13745: result: pre-installed
configure:13750: checking where to find the target c++
configure:13790: result: pre-installed
configure:13795: checking where to find the target c++ for libstdc++
configure:13835: result: pre-installed
configure:13840: checking where to find the target dlltool
configure:13863: result: just compiled
configure:13882: checking where to find the target gcc
configure:13919: result: pre-installed
configure:13924: checking where to find the target gcj
configure:13964: result: pre-installed
configure:13969: checking where to find the target gfortran
configure:14009: result: pre-installed
configure:14014: checking where to find the target gccgo
configure:14054: result: pre-installed
configure:14059: checking where to find the target ld
configure:14082: result: just compiled
configure:14101: checking where to find the target lipo
configure:14127: result: pre-installed
configure:14132: checking where to find the target nm
configure:14155: result: just compiled
configure:14174: checking where to find the target objdump
configure:14197: result: just compiled
configure:14216: checking where to find the target ranlib
configure:14239: result: just compiled
configure:14258: checking where to find the target readelf
configure:14281: result: just compiled
configure:14300: checking where to find the target strip
configure:14323: result: just compiled
configure:14342: checking where to find the target windres
configure:14365: result: just compiled
configure:14384: checking where to find the target windmc
configure:14407: result: just compiled
configure:14454: checking whether to enable maintainer-specific portions of Makefiles
configure:14463: result: no
configure:14674: creating ./config.status

## ---------------------- ##
## Running config.status. ##
## ---------------------- ##

This file was extended by config.status, which was
generated by GNU Autoconf 2.64.  Invocation command line was

  CONFIG_FILES    = 
  CONFIG_HEADERS  = 
  CONFIG_LINKS    = 
  CONFIG_COMMANDS = 
  $ ./config.status 

on Macintosh-2.local

config.status:941: creating Makefile

## ---------------- ##
## Cache variables. ##
## ---------------- ##

ac_cv_build=x86_64-build_apple-darwin14.0.0
ac_cv_c_compiler_gnu=yes
ac_cv_cxx_compiler_gnu=yes
ac_cv_env_AR_FOR_TARGET_set=
ac_cv_env_AR_FOR_TARGET_value=
ac_cv_env_AR_set=
ac_cv_env_AR_value=
ac_cv_env_AS_FOR_TARGET_set=
ac_cv_env_AS_FOR_TARGET_value=
ac_cv_env_AS_set=
ac_cv_env_AS_value=
ac_cv_env_CCC_set=
ac_cv_env_CCC_value=
ac_cv_env_CC_FOR_TARGET_set=
ac_cv_env_CC_FOR_TARGET_value=
ac_cv_env_CC_set=
ac_cv_env_CC_value=
ac_cv_env_CFLAGS_set=set
ac_cv_env_CFLAGS_value='-O2 -g -pipe '
ac_cv_env_CPPFLAGS_set=
ac_cv_env_CPPFLAGS_value=
ac_cv_env_CXXFLAGS_set=set
ac_cv_env_CXXFLAGS_value='-O2 -g -pipe '
ac_cv_env_CXX_FOR_TARGET_set=
ac_cv_env_CXX_FOR_TARGET_value=
ac_cv_env_CXX_set=
ac_cv_env_CXX_value=
ac_cv_env_DLLTOOL_FOR_TARGET_set=
ac_cv_env_DLLTOOL_FOR_TARGET_value=
ac_cv_env_DLLTOOL_set=
ac_cv_env_DLLTOOL_value=
ac_cv_env_GCC_FOR_TARGET_set=
ac_cv_env_GCC_FOR_TARGET_value=
ac_cv_env_GCJ_FOR_TARGET_set=
ac_cv_env_GCJ_FOR_TARGET_value=
ac_cv_env_GFORTRAN_FOR_TARGET_set=
ac_cv_env_GFORTRAN_FOR_TARGET_value=
ac_cv_env_GOC_FOR_TARGET_set=
ac_cv_env_GOC_FOR_TARGET_value=
ac_cv_env_LDFLAGS_set=set
ac_cv_env_LDFLAGS_value=' '
ac_cv_env_LD_FOR_TARGET_set=
ac_cv_env_LD_FOR_TARGET_value=
ac_cv_env_LD_set=
ac_cv_env_LD_value=
ac_cv_env_LIBS_set=
ac_cv_env_LIBS_value=
ac_cv_env_LIPO_FOR_TARGET_set=
ac_cv_env_LIPO_FOR_TARGET_value=
ac_cv_env_LIPO_set=
ac_cv_env_LIPO_value=
ac_cv_env_NM_FOR_TARGET_set=
ac_cv_env_NM_FOR_TARGET_value=
ac_cv_env_NM_set=
ac_cv_env_NM_value=
ac_cv_env_OBJCOPY_set=
ac_cv_env_OBJCOPY_value=
ac_cv_env_OBJDUMP_FOR_TARGET_set=
ac_cv_env_OBJDUMP_FOR_TARGET_value=
ac_cv_env_OBJDUMP_set=
ac_cv_env_OBJDUMP_value=
ac_cv_env_RANLIB_FOR_TARGET_set=
ac_cv_env_RANLIB_FOR_TARGET_value=
ac_cv_env_RANLIB_set=
ac_cv_env_RANLIB_value=
ac_cv_env_READELF_FOR_TARGET_set=
ac_cv_env_READELF_FOR_TARGET_value=
ac_cv_env_READELF_set=
ac_cv_env_READELF_value=
ac_cv_env_STRIP_FOR_TARGET_set=
ac_cv_env_STRIP_FOR_TARGET_value=
ac_cv_env_STRIP_set=
ac_cv_env_STRIP_value=
ac_cv_env_WINDMC_FOR_TARGET_set=
ac_cv_env_WINDMC_FOR_TARGET_value=
ac_cv_env_WINDMC_set=
ac_cv_env_WINDMC_value=
ac_cv_env_WINDRES_FOR_TARGET_set=
ac_cv_env_WINDRES_FOR_TARGET_value=
ac_cv_env_WINDRES_set=
ac_cv_env_WINDRES_value=
ac_cv_env_build_alias_set=set
ac_cv_env_build_alias_value=x86_64-build_apple-darwin14.0.0
ac_cv_env_build_configargs_set=
ac_cv_env_build_configargs_value=
ac_cv_env_host_alias_set=set
ac_cv_env_host_alias_value=x86_64-build_apple-darwin14.0.0
ac_cv_env_host_configargs_set=
ac_cv_env_host_configargs_value=
ac_cv_env_target_alias_set=set
ac_cv_env_target_alias_value=xtensa-lx106-elf
ac_cv_env_target_configargs_set=
ac_cv_env_target_configargs_value=
ac_cv_host=x86_64-build_apple-darwin14.0.0
ac_cv_objext=o
ac_cv_path_SED=/Volumes/ESPTools/esp-open-sdk/crosstool-NG/.build/tools/bin/sed
ac_cv_path_install='/Volumes/ESPTools/esp-open-sdk/crosstool-NG/.build/tools/bin/install -c'
ac_cv_prog_AR=x86_64-build_apple-darwin14.0.0-ar
ac_cv_prog_AS=x86_64-build_apple-darwin14.0.0-as
ac_cv_prog_AWK=gawk
ac_cv_prog_BISON=bison
ac_cv_prog_CC=x86_64-build_apple-darwin14.0.0-gcc
ac_cv_prog_CXX=x86_64-build_apple-darwin14.0.0-g++
ac_cv_prog_EXPECT=expect
ac_cv_prog_FLEX=flex
ac_cv_prog_LD=/Applications/Xcode.app/Contents/Developer/Toolchains/XcodeDefault.xctoolchain/usr/bin/ld
ac_cv_prog_LEX=flex
ac_cv_prog_LIPO=lipo
ac_cv_prog_M4=gm4
ac_cv_prog_MAKEINFO=makeinfo
ac_cv_prog_NM=x86_64-build_apple-darwin14.0.0-nm
ac_cv_prog_OBJCOPY=x86_64-build_apple-darwin14.0.0-objcopy
ac_cv_prog_OBJDUMP=x86_64-build_apple-darwin14.0.0-objdump
ac_cv_prog_RANLIB=x86_64-build_apple-darwin14.0.0-ranlib
ac_cv_prog_READELF=readelf
ac_cv_prog_STRIP=x86_64-build_apple-darwin14.0.0-strip
ac_cv_prog_YACC='bison -y'
ac_cv_prog_cc_c89=
ac_cv_prog_cc_g=yes
ac_cv_prog_cxx_g=yes
ac_cv_target=xtensa-lx106-elf
acx_cv_cc_gcc_supports_ada=no
acx_cv_prog_LN=ln
gcc_cv_isl=no
gcc_cv_prog_cmp_skip='cmp --ignore-initial=16 $$f1 $$f2'
gcc_cv_tool_dirs=
gcc_cv_tool_prefix=/esptools/esp-open-sdk/xtensa-lx106-elf
lt_cv_objdir=.libs

## ----------------- ##
## Output variables. ##
## ----------------- ##

AR='x86_64-build_apple-darwin14.0.0-ar'
AR_FOR_BUILD='$(AR)'
AR_FOR_TARGET='$$r/$(HOST_SUBDIR)/binutils/ar'
AS='x86_64-build_apple-darwin14.0.0-as'
AS_FOR_BUILD='$(AS)'
AS_FOR_TARGET='$$r/$(HOST_SUBDIR)/gas/as-new'
AWK='gawk'
BISON='bison'
BUILD_CONFIG=''
CC='x86_64-build_apple-darwin14.0.0-gcc'
CC_FOR_BUILD='$(CC)'
CC_FOR_TARGET='xtensa-lx106-elf-cc'
CFLAGS='-O2 -g -pipe '
CFLAGS_FOR_BUILD='-O2 -g -pipe '
CFLAGS_FOR_TARGET='-O2 -g -pipe '
COMPILER_AS_FOR_TARGET='$(AS_FOR_TARGET)'
COMPILER_LD_FOR_TARGET='$(LD_FOR_TARGET)'
COMPILER_NM_FOR_TARGET='$(NM_FOR_TARGET)'
CONFIGURE_GDB_TK=''
CPPFLAGS=''
CXX='x86_64-build_apple-darwin14.0.0-g++'
CXXFLAGS='-O2 -g -pipe '
CXXFLAGS_FOR_BUILD='-O2 -g -pipe '
CXXFLAGS_FOR_TARGET='-O2 -g -pipe '
CXX_FOR_BUILD='$(CXX)'
CXX_FOR_TARGET='xtensa-lx106-elf-c++'
DEBUG_PREFIX_CFLAGS_FOR_TARGET=''
DEFS='-DPACKAGE_NAME=\"\" -DPACKAGE_TARNAME=\"\" -DPACKAGE_VERSION=\"\" -DPACKAGE_STRING=\"\" -DPACKAGE_BUGREPORT=\"\" -DPACKAGE_URL=\"\" -DLT_OBJDIR=\".libs/\"'
DLLTOOL='dlltool'
DLLTOOL_FOR_BUILD='$(DLLTOOL)'
DLLTOOL_FOR_TARGET='$$r/$(HOST_SUBDIR)/binutils/dlltool'
ECHO_C='\c'
ECHO_N=''
ECHO_T=''
EXEEXT=''
EXPECT='expect'
EXTRA_CONFIGARGS_LIBJAVA='--disable-static'
FLAGS_FOR_TARGET=' -L$$r/$(HOST_SUBDIR)/ld'
FLEX='flex'
GCC_FOR_TARGET='xtensa-lx106-elf-gcc'
GCC_SHLIB_SUBDIR=''
GCJ_FOR_BUILD='$(GCJ)'
GCJ_FOR_TARGET='xtensa-lx106-elf-gcj'
GDB_TK=''
GFORTRAN_FOR_BUILD='$(GFORTRAN)'
GFORTRAN_FOR_TARGET='xtensa-lx106-elf-gfortran'
GNATBIND='no'
GNATMAKE='no'
GOC_FOR_BUILD='$(GOC)'
GOC_FOR_TARGET='xtensa-lx106-elf-gccgo'
INSTALL_DATA='${INSTALL} -m 644'
INSTALL_GDB_TK=''
INSTALL_PROGRAM='${INSTALL}'
INSTALL_SCRIPT='${INSTALL}'
LD='/Applications/Xcode.app/Contents/Developer/Toolchains/XcodeDefault.xctoolchain/usr/bin/ld'
LDFLAGS=' '
LDFLAGS_FOR_BUILD=' '
LDFLAGS_FOR_TARGET=''
LD_FOR_BUILD='$(LD)'
LD_FOR_TARGET='$$r/$(HOST_SUBDIR)/ld/ld-new'
LEX='flex'
LIBOBJS=''
LIBS=''
LIPO='lipo'
LIPO_FOR_TARGET='xtensa-lx106-elf-lipo'
LN='ln'
LN_S='ln -s'
LTLIBOBJS=''
M4='gm4'
MAINT='#'
MAINTAINER_MODE_FALSE=''
MAINTAINER_MODE_TRUE='#'
MAKEINFO='makeinfo'
NM='x86_64-build_apple-darwin14.0.0-nm'
NM_FOR_BUILD='$(NM)'
NM_FOR_TARGET='$$r/$(HOST_SUBDIR)/binutils/nm-new'
OBJCOPY='x86_64-build_apple-darwin14.0.0-objcopy'
OBJDUMP='x86_64-build_apple-darwin14.0.0-objdump'
OBJDUMP_FOR_TARGET='$$r/$(HOST_SUBDIR)/binutils/objdump'
OBJEXT='o'
PACKAGE_BUGREPORT=''
PACKAGE_NAME=''
PACKAGE_STRING=''
PACKAGE_TARNAME=''
PACKAGE_URL=''
PACKAGE_VERSION=''
PATH_SEPARATOR=':'
RANLIB='x86_64-build_apple-darwin14.0.0-ranlib'
RANLIB_FOR_BUILD='$(RANLIB)'
RANLIB_FOR_TARGET='$$r/$(HOST_SUBDIR)/binutils/ranlib'
RAW_CXX_FOR_TARGET='xtensa-lx106-elf-c++'
READELF='readelf'
READELF_FOR_TARGET='$$r/$(HOST_SUBDIR)/binutils/readelf'
RPATH_ENVVAR='DYLD_LIBRARY_PATH'
RUNTEST='runtest'
SED='/Volumes/ESPTools/esp-open-sdk/crosstool-NG/.build/tools/bin/sed'
SHELL='/bin/bash'
STRIP='x86_64-build_apple-darwin14.0.0-strip'
STRIP_FOR_TARGET='$$r/$(HOST_SUBDIR)/binutils/strip-new'
SYSROOT_CFLAGS_FOR_TARGET=''
TOPLEVEL_CONFIGURE_ARGUMENTS='/Volumes/ESPTools/esp-open-sdk/crosstool-NG/.build/src/binutils-2.24/configure --build=x86_64-build_apple-darwin14.0.0 --host=x86_64-build_apple-darwin14.0.0 --target=xtensa-lx106-elf --prefix=/esptools/esp-open-sdk/xtensa-lx106-elf --disable-werror --enable-ld=yes --enable-gold=no --with-pkgversion='\''crosstool-NG 1.20.0'\'' --disable-multilib --disable-nls --with-sysroot=/esptools/esp-open-sdk/xtensa-lx106-elf/xtensa-lx106-elf/sysroot'
WINDMC='windmc'
WINDMC_FOR_BUILD='$(WINDMC)'
WINDMC_FOR_TARGET='$$r/$(HOST_SUBDIR)/binutils/windmc'
WINDRES='windres'
WINDRES_FOR_BUILD='$(WINDRES)'
WINDRES_FOR_TARGET='$$r/$(HOST_SUBDIR)/binutils/windres'
YACC='bison -y'
ac_ct_CC=''
ac_ct_CXX=''
bindir='${exec_prefix}/bin'
build='x86_64-build_apple-darwin14.0.0'
build_alias='x86_64-build_apple-darwin14.0.0'
build_configargs=' --cache-file=../config.cache '\''--prefix=/esptools/esp-open-sdk/xtensa-lx106-elf'\'' '\''--disable-werror'\'' '\''--enable-ld=yes'\'' '\''--enable-gold=no'\'' '\''--with-pkgversion=crosstool-NG 1.20.0'\'' '\''--disable-multilib'\'' '\''--disable-nls'\'' '\''--with-sysroot=/esptools/esp-open-sdk/xtensa-lx106-elf/xtensa-lx106-elf/sysroot'\'' --program-transform-name='\''s&^&xtensa-lx106-elf-&'\'' --disable-option-checking'
build_configdirs=' libiberty'
build_cpu='x86_64'
build_libsubdir='build-x86_64-build_apple-darwin14.0.0'
build_noncanonical='x86_64-build_apple-darwin14.0.0'
build_os='darwin14.0.0'
build_subdir='build-x86_64-build_apple-darwin14.0.0'
build_tooldir='${exec_prefix}/xtensa-lx106-elf'
build_vendor='build_apple'
clooginc=''
clooglibs=''
compare_exclusions='gcc/cc*-checksum$(objext) | gcc/ada/*tools/*'
configdirs=' intl libiberty opcodes bfd binutils gas ld gprof etc'
datadir='${datarootdir}'
datarootdir='${prefix}/share'
do_compare='cmp --ignore-initial=16 $$f1 $$f2'
docdir='${datarootdir}/doc/${PACKAGE}'
dvidir='${docdir}'
exec_prefix='${prefix}'
extra_host_libiberty_configure_flags=''
extra_isl_gmp_configure_flags=''
extra_mpc_gmp_configure_flags=''
extra_mpc_mpfr_configure_flags=''
extra_mpfr_configure_flags=''
gmpinc=''
gmplibs='-lmpc -lmpfr -lgmp'
host='x86_64-build_apple-darwin14.0.0'
host_alias='x86_64-build_apple-darwin14.0.0'
host_configargs=' --cache-file=./config.cache  --with-gnu-as --with-gnu-ld --with-system-zlib '\''--prefix=/esptools/esp-open-sdk/xtensa-lx106-elf'\'' '\''--disable-werror'\'' '\''--enable-ld=yes'\'' '\''--enable-gold=no'\'' '\''--with-pkgversion=crosstool-NG 1.20.0'\'' '\''--disable-multilib'\'' '\''--disable-nls'\'' '\''--with-sysroot=/esptools/esp-open-sdk/xtensa-lx106-elf/xtensa-lx106-elf/sysroot'\'' --program-transform-name='\''s&^&xtensa-lx106-elf-&'\'' --disable-option-checking'
host_cpu='x86_64'
host_noncanonical='x86_64-build_apple-darwin14.0.0'
host_os='darwin14.0.0'
host_subdir='.'
host_vendor='build_apple'
htmldir='${docdir}'
includedir='${prefix}/include'
infodir='${datarootdir}/info'
islinc=''
libdir='${exec_prefix}/lib'
libexecdir='${exec_prefix}/libexec'
localedir='${datarootdir}/locale'
localstatedir='${prefix}/var'
mandir='${datarootdir}/man'
oldincludedir='/usr/include'
pdfdir='${docdir}'
poststage1_ldflags='-static-libstdc++ -static-libgcc'
poststage1_libs=''
prefix='/esptools/esp-open-sdk/xtensa-lx106-elf'
program_transform_name='s&^&xtensa-lx106-elf-&'
psdir='${docdir}'
sbindir='${exec_prefix}/sbin'
sharedstatedir='${prefix}/com'
stage1_cflags='-g'
stage1_checking='--enable-checking=yes,types'
stage1_languages=',c,'
stage1_ldflags=''
stage1_libs=''
stage2_werror_flag=''
sysconfdir='${prefix}/etc'
target='xtensa-lx106-elf'
target_alias='xtensa-lx106-elf'
target_configargs='--cache-file=./config.cache --with-cross-host=x86_64-build_apple-darwin14.0.0   '\''--prefix=/esptools/esp-open-sdk/xtensa-lx106-elf'\'' '\''--disable-werror'\'' '\''--enable-ld=yes'\'' '\''--enable-gold=no'\'' '\''--with-pkgversion=crosstool-NG 1.20.0'\'' '\''--disable-multilib'\'' '\''--disable-nls'\'' '\''--with-sysroot=/esptools/esp-open-sdk/xtensa-lx106-elf/xtensa-lx106-elf/sysroot'\'' --program-transform-name='\''s&^&xtensa-lx106-elf-&'\'' --disable-option-checking'
target_configdirs=''
target_cpu='xtensa'
target_noncanonical='xtensa-lx106-elf'
target_os='elf'
target_subdir='xtensa-lx106-elf'
target_vendor='lx106'
tooldir='${exec_prefix}/xtensa-lx106-elf'

## ------------------- ##
## File substitutions. ##
## ------------------- ##

alphaieee_frag='/dev/null'
host_makefile_frag='/Volumes/ESPTools/esp-open-sdk/crosstool-NG/.build/src/binutils-2.24/config/mh-darwin'
ospace_frag='/dev/null'
serialization_dependencies='serdep.tmp'
target_makefile_frag='/dev/null'

## ----------- ##
## confdefs.h. ##
## ----------- ##

/* confdefs.h */
#define PACKAGE_NAME ""
#define PACKAGE_TARNAME ""
#define PACKAGE_VERSION ""
#define PACKAGE_STRING ""
#define PACKAGE_BUGREPORT ""
#define PACKAGE_URL ""
#define LT_OBJDIR ".libs/"

configure: exit 0
