This file contains any messages produced by compilers while
running configure, to aid debugging if configure makes a mistake.

It was created by mpc configure 1.0.2, which was
generated by GNU Autoconf 2.69.  Invocation command line was

  $ /Volumes/ESPTools/esp-open-sdk/crosstool-NG/.build/src/mpc-1.0.2/configure --build=x86_64-build_apple-darwin14.0.0 --host=x86_64-build_apple-darwin14.0.0 --prefix=/Volumes/ESPTools/esp-open-sdk/crosstool-NG/.build/xtensa-lx106-elf/buildtools --with-gmp=/Volumes/ESPTools/esp-open-sdk/crosstool-NG/.build/xtensa-lx106-elf/buildtools --with-mpfr=/Volumes/ESPTools/esp-open-sdk/crosstool-NG/.build/xtensa-lx106-elf/buildtools --disable-shared --enable-static

## --------- ##
## Platform. ##
## --------- ##

hostname = Macintosh-2.local
uname -m = x86_64
uname -r = 14.0.0
uname -s = Darwin
uname -v = Darwin Kernel Version 14.0.0: Fri Sep 19 00:26:44 PDT 2014; root:xnu-2782.1.97~2/RELEASE_X86_64

/usr/bin/uname -p = i386
/bin/uname -X     = unknown

/bin/arch              = unknown
/usr/bin/arch -k       = unknown
/usr/convex/getsysinfo = unknown
/usr/bin/hostinfo      = Mach kernel version:
	 Darwin Kernel Version 14.0.0: Fri Sep 19 00:26:44 PDT 2014; root:xnu-2782.1.97~2/RELEASE_X86_64
Kernel configured for up to 8 processors.
4 processors are physically available.
8 processors are logically available.
Processor type: i486 (Intel 80486)
Processors active: 0 1 2 3 4 5 6 7
Primary memory available: 16.00 gigabytes
Default processor set: 308 tasks, 1614 threads, 8 processors
Load average: 2.68, Mach factor: 5.40
/bin/machine           = unknown
/usr/bin/oslevel       = unknown
/bin/universe          = unknown

PATH: /esptools/esp-open-sdk/xtensa-lx106-elf/bin
PATH: /Volumes/ESPTools/esp-open-sdk/crosstool-NG/.build/xtensa-lx106-elf/buildtools/bin
PATH: /Volumes/ESPTools/esp-open-sdk/crosstool-NG/.build/tools/bin
PATH: /opt/local/bin
PATH: /opt/local/sbin
PATH: /opt/local/bin
PATH: /opt/local/sbin
PATH: /usr/bin
PATH: /bin
PATH: /usr/sbin
PATH: /sbin
PATH: /usr/local/bin
PATH: /opt/local/bin/
PATH: /opt/X11/bin
PATH: /usr/local/git/bin
PATH: /usr/local/MacGPG2/bin


## ----------- ##
## Core tests. ##
## ----------- ##

configure:2332: checking for a BSD-compatible install
configure:2400: result: /Volumes/ESPTools/esp-open-sdk/crosstool-NG/.build/tools/bin/install -c
configure:2411: checking whether build environment is sane
configure:2466: result: yes
configure:2617: checking for a thread-safe mkdir -p
configure:2656: result: /Volumes/ESPTools/esp-open-sdk/crosstool-NG/.build/src/mpc-1.0.2/install-sh -c -d
configure:2663: checking for gawk
configure:2679: found /opt/local/bin/gawk
configure:2690: result: gawk
configure:2701: checking whether make sets $(MAKE)
configure:2723: result: yes
configure:2810: checking whether to enable maintainer-specific portions of Makefiles
configure:2819: result: no
configure:2840: checking build system type
configure:2854: result: x86_64-build_apple-darwin14.0.0
configure:2874: checking host system type
configure:2887: result: x86_64-build_apple-darwin14.0.0
configure:3068: checking for grep that handles long lines and -e
configure:3126: result: /Volumes/ESPTools/esp-open-sdk/crosstool-NG/.build/tools/bin/grep
configure:3131: checking for egrep
configure:3193: result: /Volumes/ESPTools/esp-open-sdk/crosstool-NG/.build/tools/bin/grep -E
configure:3198: checking for a sed that does not truncate output
configure:3262: result: /Volumes/ESPTools/esp-open-sdk/crosstool-NG/.build/tools/bin/sed
configure:3328: checking for x86_64-build_apple-darwin14.0.0-gcc
configure:3344: found /Volumes/ESPTools/esp-open-sdk/crosstool-NG/.build/xtensa-lx106-elf/buildtools/bin/x86_64-build_apple-darwin14.0.0-gcc
configure:3355: result: x86_64-build_apple-darwin14.0.0-gcc
configure:3624: checking for C compiler version
configure:3633: x86_64-build_apple-darwin14.0.0-gcc --version >&5
Apple LLVM version 6.0 (clang-600.0.57) (based on LLVM 3.5svn)
Target: x86_64-apple-darwin14.0.0
Thread model: posix
Configured with: --prefix=/Applications/Xcode.app/Contents/Developer/usr --with-gxx-include-dir=/usr/include/c++/4.2.1
configure:3644: $? = 0
configure:3633: x86_64-build_apple-darwin14.0.0-gcc -v >&5
Configured with: --prefix=/Applications/Xcode.app/Contents/Developer/usr --with-gxx-include-dir=/usr/include/c++/4.2.1
Apple LLVM version 6.0 (clang-600.0.57) (based on LLVM 3.5svn)
Target: x86_64-apple-darwin14.0.0
Thread model: posix
configure:3644: $? = 0
configure:3633: x86_64-build_apple-darwin14.0.0-gcc -V >&5
clang: error: argument to '-V' is missing (expected 1 value)
clang: error: no input files
configure:3644: $? = 1
configure:3633: x86_64-build_apple-darwin14.0.0-gcc -qversion >&5
clang: error: unknown argument: '-qversion'
clang: error: no input files
configure:3644: $? = 1
configure:3664: checking whether the C compiler works
configure:3686: x86_64-build_apple-darwin14.0.0-gcc -O2 -g -pipe  -I/Volumes/ESPTools/esp-open-sdk/crosstool-NG/.build/xtensa-lx106-elf/buildtools/include -I/Volumes/ESPTools/esp-open-sdk/crosstool-NG/.build/xtensa-lx106-elf/buildtools/include  -L/Volumes/ESPTools/esp-open-sdk/crosstool-NG/.build/xtensa-lx106-elf/buildtools/lib -L/Volumes/ESPTools/esp-open-sdk/crosstool-NG/.build/xtensa-lx106-elf/buildtools/lib   conftest.c  >&5
configure:3690: $? = 0
configure:3738: result: yes
configure:3741: checking for C compiler default output file name
configure:3743: result: a.out
configure:3749: checking for suffix of executables
configure:3756: x86_64-build_apple-darwin14.0.0-gcc -o conftest -O2 -g -pipe  -I/Volumes/ESPTools/esp-open-sdk/crosstool-NG/.build/xtensa-lx106-elf/buildtools/include -I/Volumes/ESPTools/esp-open-sdk/crosstool-NG/.build/xtensa-lx106-elf/buildtools/include  -L/Volumes/ESPTools/esp-open-sdk/crosstool-NG/.build/xtensa-lx106-elf/buildtools/lib -L/Volumes/ESPTools/esp-open-sdk/crosstool-NG/.build/xtensa-lx106-elf/buildtools/lib   conftest.c  >&5
configure:3760: $? = 0
configure:3782: result: 
configure:3804: checking whether we are cross compiling
configure:3812: x86_64-build_apple-darwin14.0.0-gcc -o conftest -O2 -g -pipe  -I/Volumes/ESPTools/esp-open-sdk/crosstool-NG/.build/xtensa-lx106-elf/buildtools/include -I/Volumes/ESPTools/esp-open-sdk/crosstool-NG/.build/xtensa-lx106-elf/buildtools/include  -L/Volumes/ESPTools/esp-open-sdk/crosstool-NG/.build/xtensa-lx106-elf/buildtools/lib -L/Volumes/ESPTools/esp-open-sdk/crosstool-NG/.build/xtensa-lx106-elf/buildtools/lib   conftest.c  >&5
configure:3816: $? = 0
configure:3823: ./conftest
configure:3827: $? = 0
configure:3842: result: no
configure:3847: checking for suffix of object files
configure:3869: x86_64-build_apple-darwin14.0.0-gcc -c -O2 -g -pipe  -I/Volumes/ESPTools/esp-open-sdk/crosstool-NG/.build/xtensa-lx106-elf/buildtools/include -I/Volumes/ESPTools/esp-open-sdk/crosstool-NG/.build/xtensa-lx106-elf/buildtools/include  conftest.c >&5
configure:3873: $? = 0
configure:3894: result: o
configure:3898: checking whether we are using the GNU C compiler
configure:3917: x86_64-build_apple-darwin14.0.0-gcc -c -O2 -g -pipe  -I/Volumes/ESPTools/esp-open-sdk/crosstool-NG/.build/xtensa-lx106-elf/buildtools/include -I/Volumes/ESPTools/esp-open-sdk/crosstool-NG/.build/xtensa-lx106-elf/buildtools/include  conftest.c >&5
configure:3917: $? = 0
configure:3926: result: yes
configure:3935: checking whether x86_64-build_apple-darwin14.0.0-gcc accepts -g
configure:3955: x86_64-build_apple-darwin14.0.0-gcc -c -g -I/Volumes/ESPTools/esp-open-sdk/crosstool-NG/.build/xtensa-lx106-elf/buildtools/include -I/Volumes/ESPTools/esp-open-sdk/crosstool-NG/.build/xtensa-lx106-elf/buildtools/include  conftest.c >&5
configure:3955: $? = 0
configure:3996: result: yes
configure:4013: checking for x86_64-build_apple-darwin14.0.0-gcc option to accept ISO C89
configure:4076: x86_64-build_apple-darwin14.0.0-gcc  -c -O2 -g -pipe  -I/Volumes/ESPTools/esp-open-sdk/crosstool-NG/.build/xtensa-lx106-elf/buildtools/include -I/Volumes/ESPTools/esp-open-sdk/crosstool-NG/.build/xtensa-lx106-elf/buildtools/include  conftest.c >&5
configure:4076: $? = 0
configure:4089: result: none needed
configure:4120: checking for style of include used by make
configure:4148: result: GNU
configure:4174: checking dependency style of x86_64-build_apple-darwin14.0.0-gcc
configure:4285: result: gcc3
configure:4314: checking for x86_64-build_apple-darwin14.0.0-ar
configure:4330: found /Volumes/ESPTools/esp-open-sdk/crosstool-NG/.build/xtensa-lx106-elf/buildtools/bin/x86_64-build_apple-darwin14.0.0-ar
configure:4341: result: x86_64-build_apple-darwin14.0.0-ar
configure:4411: checking the archiver (x86_64-build_apple-darwin14.0.0-ar) interface
configure:4421: x86_64-build_apple-darwin14.0.0-gcc -c -O2 -g -pipe  -I/Volumes/ESPTools/esp-open-sdk/crosstool-NG/.build/xtensa-lx106-elf/buildtools/include -I/Volumes/ESPTools/esp-open-sdk/crosstool-NG/.build/xtensa-lx106-elf/buildtools/include  conftest.c >&5
configure:4421: $? = 0
configure:4423: x86_64-build_apple-darwin14.0.0-ar cru libconftest.a conftest.o >&5
configure:4426: $? = 0
configure:4449: result: ar
configure:4517: checking how to print strings
configure:4544: result: printf
configure:4565: checking for a sed that does not truncate output
configure:4629: result: /Volumes/ESPTools/esp-open-sdk/crosstool-NG/.build/tools/bin/sed
configure:4647: checking for fgrep
configure:4709: result: /Volumes/ESPTools/esp-open-sdk/crosstool-NG/.build/tools/bin/grep -F
configure:4744: checking for ld used by x86_64-build_apple-darwin14.0.0-gcc
configure:4811: result: /Applications/Xcode.app/Contents/Developer/Toolchains/XcodeDefault.xctoolchain/usr/bin/ld
configure:4818: checking if the linker (/Applications/Xcode.app/Contents/Developer/Toolchains/XcodeDefault.xctoolchain/usr/bin/ld) is GNU ld
configure:4833: result: no
configure:4845: checking for BSD- or MS-compatible name lister (nm)
configure:4894: result: /Volumes/ESPTools/esp-open-sdk/crosstool-NG/.build/xtensa-lx106-elf/buildtools/bin/x86_64-build_apple-darwin14.0.0-nm
configure:5024: checking the name lister (/Volumes/ESPTools/esp-open-sdk/crosstool-NG/.build/xtensa-lx106-elf/buildtools/bin/x86_64-build_apple-darwin14.0.0-nm) interface
configure:5031: x86_64-build_apple-darwin14.0.0-gcc -c -O2 -g -pipe  -I/Volumes/ESPTools/esp-open-sdk/crosstool-NG/.build/xtensa-lx106-elf/buildtools/include -I/Volumes/ESPTools/esp-open-sdk/crosstool-NG/.build/xtensa-lx106-elf/buildtools/include  conftest.c >&5
configure:5034: /Volumes/ESPTools/esp-open-sdk/crosstool-NG/.build/xtensa-lx106-elf/buildtools/bin/x86_64-build_apple-darwin14.0.0-nm "conftest.o"
configure:5037: output
0000000000000278 S _some_variable
configure:5044: result: BSD nm
configure:5047: checking whether ln -s works
configure:5051: result: yes
configure:5059: checking the maximum length of command line arguments
configure:5184: result: 196608
configure:5201: checking whether the shell understands some XSI constructs
configure:5211: result: yes
configure:5215: checking whether the shell understands "+="
configure:5221: result: yes
configure:5256: checking how to convert x86_64-build_apple-darwin14.0.0 file names to x86_64-build_apple-darwin14.0.0 format
configure:5296: result: func_convert_file_noop
configure:5303: checking how to convert x86_64-build_apple-darwin14.0.0 file names to toolchain format
configure:5323: result: func_convert_file_noop
configure:5330: checking for /Applications/Xcode.app/Contents/Developer/Toolchains/XcodeDefault.xctoolchain/usr/bin/ld option to reload object files
configure:5337: result: -r
configure:5371: checking for x86_64-build_apple-darwin14.0.0-objdump
configure:5387: found /Volumes/ESPTools/esp-open-sdk/crosstool-NG/.build/xtensa-lx106-elf/buildtools/bin/x86_64-build_apple-darwin14.0.0-objdump
configure:5398: result: x86_64-build_apple-darwin14.0.0-objdump
configure:5470: checking how to recognize dependent libraries
configure:5672: result: pass_all
configure:5717: checking for x86_64-build_apple-darwin14.0.0-dlltool
configure:5747: result: no
configure:5757: checking for dlltool
configure:5787: result: no
configure:5817: checking how to associate runtime and link libraries
configure:5844: result: printf %s\n
configure:5860: checking for x86_64-build_apple-darwin14.0.0-ar
configure:5887: result: x86_64-build_apple-darwin14.0.0-ar
configure:5968: checking for archiver @FILE support
configure:5985: x86_64-build_apple-darwin14.0.0-gcc -c -O2 -g -pipe  -I/Volumes/ESPTools/esp-open-sdk/crosstool-NG/.build/xtensa-lx106-elf/buildtools/include -I/Volumes/ESPTools/esp-open-sdk/crosstool-NG/.build/xtensa-lx106-elf/buildtools/include  conftest.c >&5
configure:5985: $? = 0
configure:5988: x86_64-build_apple-darwin14.0.0-ar cru libconftest.a @conftest.lst >&5
ar: @conftest.lst: No such file or directory
configure:5991: $? = 1
configure:6011: result: no
configure:6029: checking for x86_64-build_apple-darwin14.0.0-strip
configure:6045: found /Volumes/ESPTools/esp-open-sdk/crosstool-NG/.build/xtensa-lx106-elf/buildtools/bin/x86_64-build_apple-darwin14.0.0-strip
configure:6056: result: x86_64-build_apple-darwin14.0.0-strip
configure:6128: checking for x86_64-build_apple-darwin14.0.0-ranlib
configure:6144: found /Volumes/ESPTools/esp-open-sdk/crosstool-NG/.build/xtensa-lx106-elf/buildtools/bin/x86_64-build_apple-darwin14.0.0-ranlib
configure:6155: result: x86_64-build_apple-darwin14.0.0-ranlib
configure:6297: checking command to parse /Volumes/ESPTools/esp-open-sdk/crosstool-NG/.build/xtensa-lx106-elf/buildtools/bin/x86_64-build_apple-darwin14.0.0-nm output from x86_64-build_apple-darwin14.0.0-gcc object
configure:6416: x86_64-build_apple-darwin14.0.0-gcc -c -O2 -g -pipe  -I/Volumes/ESPTools/esp-open-sdk/crosstool-NG/.build/xtensa-lx106-elf/buildtools/include -I/Volumes/ESPTools/esp-open-sdk/crosstool-NG/.build/xtensa-lx106-elf/buildtools/include  conftest.c >&5
configure:6419: $? = 0
configure:6423: /Volumes/ESPTools/esp-open-sdk/crosstool-NG/.build/xtensa-lx106-elf/buildtools/bin/x86_64-build_apple-darwin14.0.0-nm conftest.o \| sed -n -e 's/^.*[ ]\([BCDEGRST][BCDEGRST]*\)[ ][ ]*\([_A-Za-z][_A-Za-z0-9]*\)$/\1 \2 \2/p' | sed '/ __gnu_lto/d' \> conftest.nm
configure:6426: $? = 0
cannot find nm_test_var in conftest.nm
configure:6416: x86_64-build_apple-darwin14.0.0-gcc -c -O2 -g -pipe  -I/Volumes/ESPTools/esp-open-sdk/crosstool-NG/.build/xtensa-lx106-elf/buildtools/include -I/Volumes/ESPTools/esp-open-sdk/crosstool-NG/.build/xtensa-lx106-elf/buildtools/include  conftest.c >&5
configure:6419: $? = 0
configure:6423: /Volumes/ESPTools/esp-open-sdk/crosstool-NG/.build/xtensa-lx106-elf/buildtools/bin/x86_64-build_apple-darwin14.0.0-nm conftest.o \| sed -n -e 's/^.*[ ]\([BCDEGRST][BCDEGRST]*\)[ ][ ]*_\([_A-Za-z][_A-Za-z0-9]*\)$/\1 _\2 \2/p' | sed '/ __gnu_lto/d' \> conftest.nm
configure:6426: $? = 0
configure:6492: x86_64-build_apple-darwin14.0.0-gcc -o conftest -O2 -g -pipe  -I/Volumes/ESPTools/esp-open-sdk/crosstool-NG/.build/xtensa-lx106-elf/buildtools/include -I/Volumes/ESPTools/esp-open-sdk/crosstool-NG/.build/xtensa-lx106-elf/buildtools/include  -L/Volumes/ESPTools/esp-open-sdk/crosstool-NG/.build/xtensa-lx106-elf/buildtools/lib -L/Volumes/ESPTools/esp-open-sdk/crosstool-NG/.build/xtensa-lx106-elf/buildtools/lib   conftest.c conftstm.o >&5
configure:6495: $? = 0
configure:6533: result: ok
configure:6570: checking for sysroot
configure:6600: result: no
configure:6803: checking for x86_64-build_apple-darwin14.0.0-mt
configure:6833: result: no
configure:6843: checking for mt
configure:6873: result: no
configure:6893: checking if : is a manifest tool
configure:6899: : '-?'
configure:6907: result: no
configure:6923: checking for x86_64-build_apple-darwin14.0.0-dsymutil
configure:6953: result: no
configure:6963: checking for dsymutil
configure:6979: found /usr/bin/dsymutil
configure:6990: result: dsymutil
configure:7015: checking for x86_64-build_apple-darwin14.0.0-nmedit
configure:7045: result: no
configure:7055: checking for nmedit
configure:7071: found /usr/bin/nmedit
configure:7082: result: nmedit
configure:7107: checking for x86_64-build_apple-darwin14.0.0-lipo
configure:7137: result: no
configure:7147: checking for lipo
configure:7163: found /usr/bin/lipo
configure:7174: result: lipo
configure:7199: checking for x86_64-build_apple-darwin14.0.0-otool
configure:7229: result: no
configure:7239: checking for otool
configure:7255: found /usr/bin/otool
configure:7266: result: otool
configure:7291: checking for x86_64-build_apple-darwin14.0.0-otool64
configure:7321: result: no
configure:7331: checking for otool64
configure:7361: result: no
configure:7406: checking for -single_module linker flag
x86_64-build_apple-darwin14.0.0-gcc -O2 -g -pipe  -L/Volumes/ESPTools/esp-open-sdk/crosstool-NG/.build/xtensa-lx106-elf/buildtools/lib -L/Volumes/ESPTools/esp-open-sdk/crosstool-NG/.build/xtensa-lx106-elf/buildtools/lib   -o libconftest.dylib -dynamiclib -Wl,-single_module conftest.c
configure:7433: result: yes
configure:7435: checking for -exported_symbols_list linker flag
configure:7455: x86_64-build_apple-darwin14.0.0-gcc -o conftest -O2 -g -pipe  -I/Volumes/ESPTools/esp-open-sdk/crosstool-NG/.build/xtensa-lx106-elf/buildtools/include -I/Volumes/ESPTools/esp-open-sdk/crosstool-NG/.build/xtensa-lx106-elf/buildtools/include  -L/Volumes/ESPTools/esp-open-sdk/crosstool-NG/.build/xtensa-lx106-elf/buildtools/lib -L/Volumes/ESPTools/esp-open-sdk/crosstool-NG/.build/xtensa-lx106-elf/buildtools/lib   -Wl,-exported_symbols_list,conftest.sym conftest.c  >&5
configure:7455: $? = 0
configure:7465: result: yes
configure:7467: checking for -force_load linker flag
x86_64-build_apple-darwin14.0.0-gcc -O2 -g -pipe  -c -o conftest.o conftest.c
x86_64-build_apple-darwin14.0.0-ar cru libconftest.a conftest.o
x86_64-build_apple-darwin14.0.0-ranlib libconftest.a
x86_64-build_apple-darwin14.0.0-gcc -O2 -g -pipe  -L/Volumes/ESPTools/esp-open-sdk/crosstool-NG/.build/xtensa-lx106-elf/buildtools/lib -L/Volumes/ESPTools/esp-open-sdk/crosstool-NG/.build/xtensa-lx106-elf/buildtools/lib   -o conftest conftest.c -Wl,-force_load,./libconftest.a
configure:7497: result: yes
configure:7539: checking how to run the C preprocessor
configure:7570: x86_64-build_apple-darwin14.0.0-gcc -E -I/Volumes/ESPTools/esp-open-sdk/crosstool-NG/.build/xtensa-lx106-elf/buildtools/include -I/Volumes/ESPTools/esp-open-sdk/crosstool-NG/.build/xtensa-lx106-elf/buildtools/include  conftest.c
configure:7570: $? = 0
configure:7584: x86_64-build_apple-darwin14.0.0-gcc -E -I/Volumes/ESPTools/esp-open-sdk/crosstool-NG/.build/xtensa-lx106-elf/buildtools/include -I/Volumes/ESPTools/esp-open-sdk/crosstool-NG/.build/xtensa-lx106-elf/buildtools/include  conftest.c
conftest.c:11:10: fatal error: 'ac_nonexistent.h' file not found
#include <ac_nonexistent.h>
         ^
1 error generated.
configure:7584: $? = 1
configure: failed program was:
| /* confdefs.h */
| #define PACKAGE_NAME "mpc"
| #define PACKAGE_TARNAME "mpc"
| #define PACKAGE_VERSION "1.0.2"
| #define PACKAGE_STRING "mpc 1.0.2"
| #define PACKAGE_BUGREPORT "mpc-discuss@lists.gforge.inria.fr"
| #define PACKAGE_URL ""
| #define PACKAGE "mpc"
| #define VERSION "1.0.2"
| /* end confdefs.h.  */
| #include <ac_nonexistent.h>
configure:7609: result: x86_64-build_apple-darwin14.0.0-gcc -E
configure:7629: x86_64-build_apple-darwin14.0.0-gcc -E -I/Volumes/ESPTools/esp-open-sdk/crosstool-NG/.build/xtensa-lx106-elf/buildtools/include -I/Volumes/ESPTools/esp-open-sdk/crosstool-NG/.build/xtensa-lx106-elf/buildtools/include  conftest.c
configure:7629: $? = 0
configure:7643: x86_64-build_apple-darwin14.0.0-gcc -E -I/Volumes/ESPTools/esp-open-sdk/crosstool-NG/.build/xtensa-lx106-elf/buildtools/include -I/Volumes/ESPTools/esp-open-sdk/crosstool-NG/.build/xtensa-lx106-elf/buildtools/include  conftest.c
conftest.c:11:10: fatal error: 'ac_nonexistent.h' file not found
#include <ac_nonexistent.h>
         ^
1 error generated.
configure:7643: $? = 1
configure: failed program was:
| /* confdefs.h */
| #define PACKAGE_NAME "mpc"
| #define PACKAGE_TARNAME "mpc"
| #define PACKAGE_VERSION "1.0.2"
| #define PACKAGE_STRING "mpc 1.0.2"
| #define PACKAGE_BUGREPORT "mpc-discuss@lists.gforge.inria.fr"
| #define PACKAGE_URL ""
| #define PACKAGE "mpc"
| #define VERSION "1.0.2"
| /* end confdefs.h.  */
| #include <ac_nonexistent.h>
configure:7672: checking for ANSI C header files
configure:7692: x86_64-build_apple-darwin14.0.0-gcc -c -O2 -g -pipe  -I/Volumes/ESPTools/esp-open-sdk/crosstool-NG/.build/xtensa-lx106-elf/buildtools/include -I/Volumes/ESPTools/esp-open-sdk/crosstool-NG/.build/xtensa-lx106-elf/buildtools/include  conftest.c >&5
configure:7692: $? = 0
configure:7765: x86_64-build_apple-darwin14.0.0-gcc -o conftest -O2 -g -pipe  -I/Volumes/ESPTools/esp-open-sdk/crosstool-NG/.build/xtensa-lx106-elf/buildtools/include -I/Volumes/ESPTools/esp-open-sdk/crosstool-NG/.build/xtensa-lx106-elf/buildtools/include  -L/Volumes/ESPTools/esp-open-sdk/crosstool-NG/.build/xtensa-lx106-elf/buildtools/lib -L/Volumes/ESPTools/esp-open-sdk/crosstool-NG/.build/xtensa-lx106-elf/buildtools/lib   conftest.c  >&5
configure:7765: $? = 0
configure:7765: ./conftest
configure:7765: $? = 0
configure:7776: result: yes
configure:7789: checking for sys/types.h
configure:7789: x86_64-build_apple-darwin14.0.0-gcc -c -O2 -g -pipe  -I/Volumes/ESPTools/esp-open-sdk/crosstool-NG/.build/xtensa-lx106-elf/buildtools/include -I/Volumes/ESPTools/esp-open-sdk/crosstool-NG/.build/xtensa-lx106-elf/buildtools/include  conftest.c >&5
configure:7789: $? = 0
configure:7789: result: yes
configure:7789: checking for sys/stat.h
configure:7789: x86_64-build_apple-darwin14.0.0-gcc -c -O2 -g -pipe  -I/Volumes/ESPTools/esp-open-sdk/crosstool-NG/.build/xtensa-lx106-elf/buildtools/include -I/Volumes/ESPTools/esp-open-sdk/crosstool-NG/.build/xtensa-lx106-elf/buildtools/include  conftest.c >&5
configure:7789: $? = 0
configure:7789: result: yes
configure:7789: checking for stdlib.h
configure:7789: x86_64-build_apple-darwin14.0.0-gcc -c -O2 -g -pipe  -I/Volumes/ESPTools/esp-open-sdk/crosstool-NG/.build/xtensa-lx106-elf/buildtools/include -I/Volumes/ESPTools/esp-open-sdk/crosstool-NG/.build/xtensa-lx106-elf/buildtools/include  conftest.c >&5
configure:7789: $? = 0
configure:7789: result: yes
configure:7789: checking for string.h
configure:7789: x86_64-build_apple-darwin14.0.0-gcc -c -O2 -g -pipe  -I/Volumes/ESPTools/esp-open-sdk/crosstool-NG/.build/xtensa-lx106-elf/buildtools/include -I/Volumes/ESPTools/esp-open-sdk/crosstool-NG/.build/xtensa-lx106-elf/buildtools/include  conftest.c >&5
configure:7789: $? = 0
configure:7789: result: yes
configure:7789: checking for memory.h
configure:7789: x86_64-build_apple-darwin14.0.0-gcc -c -O2 -g -pipe  -I/Volumes/ESPTools/esp-open-sdk/crosstool-NG/.build/xtensa-lx106-elf/buildtools/include -I/Volumes/ESPTools/esp-open-sdk/crosstool-NG/.build/xtensa-lx106-elf/buildtools/include  conftest.c >&5
configure:7789: $? = 0
configure:7789: result: yes
configure:7789: checking for strings.h
configure:7789: x86_64-build_apple-darwin14.0.0-gcc -c -O2 -g -pipe  -I/Volumes/ESPTools/esp-open-sdk/crosstool-NG/.build/xtensa-lx106-elf/buildtools/include -I/Volumes/ESPTools/esp-open-sdk/crosstool-NG/.build/xtensa-lx106-elf/buildtools/include  conftest.c >&5
configure:7789: $? = 0
configure:7789: result: yes
configure:7789: checking for inttypes.h
configure:7789: x86_64-build_apple-darwin14.0.0-gcc -c -O2 -g -pipe  -I/Volumes/ESPTools/esp-open-sdk/crosstool-NG/.build/xtensa-lx106-elf/buildtools/include -I/Volumes/ESPTools/esp-open-sdk/crosstool-NG/.build/xtensa-lx106-elf/buildtools/include  conftest.c >&5
configure:7789: $? = 0
configure:7789: result: yes
configure:7789: checking for stdint.h
configure:7789: x86_64-build_apple-darwin14.0.0-gcc -c -O2 -g -pipe  -I/Volumes/ESPTools/esp-open-sdk/crosstool-NG/.build/xtensa-lx106-elf/buildtools/include -I/Volumes/ESPTools/esp-open-sdk/crosstool-NG/.build/xtensa-lx106-elf/buildtools/include  conftest.c >&5
configure:7789: $? = 0
configure:7789: result: yes
configure:7789: checking for unistd.h
configure:7789: x86_64-build_apple-darwin14.0.0-gcc -c -O2 -g -pipe  -I/Volumes/ESPTools/esp-open-sdk/crosstool-NG/.build/xtensa-lx106-elf/buildtools/include -I/Volumes/ESPTools/esp-open-sdk/crosstool-NG/.build/xtensa-lx106-elf/buildtools/include  conftest.c >&5
configure:7789: $? = 0
configure:7789: result: yes
configure:7803: checking for dlfcn.h
configure:7803: x86_64-build_apple-darwin14.0.0-gcc -c -O2 -g -pipe  -I/Volumes/ESPTools/esp-open-sdk/crosstool-NG/.build/xtensa-lx106-elf/buildtools/include -I/Volumes/ESPTools/esp-open-sdk/crosstool-NG/.build/xtensa-lx106-elf/buildtools/include  conftest.c >&5
configure:7803: $? = 0
configure:7803: result: yes
configure:7990: checking for objdir
configure:8005: result: .libs
configure:8276: checking if x86_64-build_apple-darwin14.0.0-gcc supports -fno-rtti -fno-exceptions
configure:8294: x86_64-build_apple-darwin14.0.0-gcc -c -O2 -g -pipe  -I/Volumes/ESPTools/esp-open-sdk/crosstool-NG/.build/xtensa-lx106-elf/buildtools/include -I/Volumes/ESPTools/esp-open-sdk/crosstool-NG/.build/xtensa-lx106-elf/buildtools/include  -fno-rtti -fno-exceptions conftest.c >&5
configure:8298: $? = 0
configure:8311: result: yes
configure:8621: checking for x86_64-build_apple-darwin14.0.0-gcc option to produce PIC
configure:8628: result: -fno-common -DPIC
configure:8636: checking if x86_64-build_apple-darwin14.0.0-gcc PIC flag -fno-common -DPIC works
configure:8654: x86_64-build_apple-darwin14.0.0-gcc -c -O2 -g -pipe  -I/Volumes/ESPTools/esp-open-sdk/crosstool-NG/.build/xtensa-lx106-elf/buildtools/include -I/Volumes/ESPTools/esp-open-sdk/crosstool-NG/.build/xtensa-lx106-elf/buildtools/include  -fno-common -DPIC -DPIC conftest.c >&5
configure:8658: $? = 0
configure:8671: result: yes
configure:8700: checking if x86_64-build_apple-darwin14.0.0-gcc static flag -static works
configure:8728: result: no
configure:8743: checking if x86_64-build_apple-darwin14.0.0-gcc supports -c -o file.o
configure:8764: x86_64-build_apple-darwin14.0.0-gcc -c -O2 -g -pipe  -I/Volumes/ESPTools/esp-open-sdk/crosstool-NG/.build/xtensa-lx106-elf/buildtools/include -I/Volumes/ESPTools/esp-open-sdk/crosstool-NG/.build/xtensa-lx106-elf/buildtools/include  -o out/conftest2.o conftest.c >&5
configure:8768: $? = 0
configure:8790: result: yes
configure:8798: checking if x86_64-build_apple-darwin14.0.0-gcc supports -c -o file.o
configure:8845: result: yes
configure:8878: checking whether the x86_64-build_apple-darwin14.0.0-gcc linker (/Applications/Xcode.app/Contents/Developer/Toolchains/XcodeDefault.xctoolchain/usr/bin/ld) supports shared libraries
configure:10040: result: yes
configure:10285: checking dynamic linker characteristics
configure:11034: result: darwin14.0.0 dyld
configure:11141: checking how to hardcode library paths into programs
configure:11166: result: immediate
configure:11706: checking whether stripping libraries is possible
configure:11720: result: yes
configure:11746: checking if libtool supports shared libraries
configure:11748: result: yes
configure:11751: checking whether to build shared libraries
configure:11772: result: no
configure:11775: checking whether to build static libraries
configure:11779: result: yes
configure:11816: checking for gmp.h
configure:11824: x86_64-build_apple-darwin14.0.0-gcc -c -O2 -g -pipe  -I/Volumes/ESPTools/esp-open-sdk/crosstool-NG/.build/xtensa-lx106-elf/buildtools/include -I/Volumes/ESPTools/esp-open-sdk/crosstool-NG/.build/xtensa-lx106-elf/buildtools/include  conftest.c >&5
configure:11824: $? = 0
configure:11825: result: yes
configure:12844: checking for ANSI C header files
configure:12948: result: yes
configure:12959: checking locale.h usability
configure:12959: x86_64-build_apple-darwin14.0.0-gcc -c -O2 -g -pipe  -I/Volumes/ESPTools/esp-open-sdk/crosstool-NG/.build/xtensa-lx106-elf/buildtools/include -I/Volumes/ESPTools/esp-open-sdk/crosstool-NG/.build/xtensa-lx106-elf/buildtools/include  conftest.c >&5
configure:12959: $? = 0
configure:12959: result: yes
configure:12959: checking locale.h presence
configure:12959: x86_64-build_apple-darwin14.0.0-gcc -E -I/Volumes/ESPTools/esp-open-sdk/crosstool-NG/.build/xtensa-lx106-elf/buildtools/include -I/Volumes/ESPTools/esp-open-sdk/crosstool-NG/.build/xtensa-lx106-elf/buildtools/include  conftest.c
configure:12959: $? = 0
configure:12959: result: yes
configure:12959: checking for locale.h
configure:12959: result: yes
configure:12959: checking for inttypes.h
configure:12959: result: yes
configure:12959: checking for stdint.h
configure:12959: result: yes
configure:12959: checking limits.h usability
configure:12959: x86_64-build_apple-darwin14.0.0-gcc -c -O2 -g -pipe  -I/Volumes/ESPTools/esp-open-sdk/crosstool-NG/.build/xtensa-lx106-elf/buildtools/include -I/Volumes/ESPTools/esp-open-sdk/crosstool-NG/.build/xtensa-lx106-elf/buildtools/include  conftest.c >&5
configure:12959: $? = 0
configure:12959: result: yes
configure:12959: checking limits.h presence
configure:12959: x86_64-build_apple-darwin14.0.0-gcc -E -I/Volumes/ESPTools/esp-open-sdk/crosstool-NG/.build/xtensa-lx106-elf/buildtools/include -I/Volumes/ESPTools/esp-open-sdk/crosstool-NG/.build/xtensa-lx106-elf/buildtools/include  conftest.c
configure:12959: $? = 0
configure:12959: result: yes
configure:12959: checking for limits.h
configure:12959: result: yes
configure:12959: checking for unistd.h
configure:12959: result: yes
configure:12959: checking sys/time.h usability
configure:12959: x86_64-build_apple-darwin14.0.0-gcc -c -O2 -g -pipe  -I/Volumes/ESPTools/esp-open-sdk/crosstool-NG/.build/xtensa-lx106-elf/buildtools/include -I/Volumes/ESPTools/esp-open-sdk/crosstool-NG/.build/xtensa-lx106-elf/buildtools/include  conftest.c >&5
configure:12959: $? = 0
configure:12959: result: yes
configure:12959: checking sys/time.h presence
configure:12959: x86_64-build_apple-darwin14.0.0-gcc -E -I/Volumes/ESPTools/esp-open-sdk/crosstool-NG/.build/xtensa-lx106-elf/buildtools/include -I/Volumes/ESPTools/esp-open-sdk/crosstool-NG/.build/xtensa-lx106-elf/buildtools/include  conftest.c
configure:12959: $? = 0
configure:12959: result: yes
configure:12959: checking for sys/time.h
configure:12959: result: yes
configure:12969: checking whether time.h and sys/time.h may both be included
configure:12989: x86_64-build_apple-darwin14.0.0-gcc -c -O2 -g -pipe  -I/Volumes/ESPTools/esp-open-sdk/crosstool-NG/.build/xtensa-lx106-elf/buildtools/include -I/Volumes/ESPTools/esp-open-sdk/crosstool-NG/.build/xtensa-lx106-elf/buildtools/include  conftest.c >&5
configure:12989: $? = 0
configure:12996: result: yes
configure:13005: checking complex.h usability
configure:13005: x86_64-build_apple-darwin14.0.0-gcc -c -O2 -g -pipe  -I/Volumes/ESPTools/esp-open-sdk/crosstool-NG/.build/xtensa-lx106-elf/buildtools/include -I/Volumes/ESPTools/esp-open-sdk/crosstool-NG/.build/xtensa-lx106-elf/buildtools/include  conftest.c >&5
configure:13005: $? = 0
configure:13005: result: yes
configure:13005: checking complex.h presence
configure:13005: x86_64-build_apple-darwin14.0.0-gcc -E -I/Volumes/ESPTools/esp-open-sdk/crosstool-NG/.build/xtensa-lx106-elf/buildtools/include -I/Volumes/ESPTools/esp-open-sdk/crosstool-NG/.build/xtensa-lx106-elf/buildtools/include  conftest.c
configure:13005: $? = 0
configure:13005: result: yes
configure:13005: checking for complex.h
configure:13005: result: yes
configure:13010: checking for library containing creal
configure:13041: x86_64-build_apple-darwin14.0.0-gcc -o conftest -O2 -g -pipe  -I/Volumes/ESPTools/esp-open-sdk/crosstool-NG/.build/xtensa-lx106-elf/buildtools/include -I/Volumes/ESPTools/esp-open-sdk/crosstool-NG/.build/xtensa-lx106-elf/buildtools/include  -L/Volumes/ESPTools/esp-open-sdk/crosstool-NG/.build/xtensa-lx106-elf/buildtools/lib -L/Volumes/ESPTools/esp-open-sdk/crosstool-NG/.build/xtensa-lx106-elf/buildtools/lib   conftest.c  >&5
conftest.c:38:6: warning: incompatible redeclaration of library function 'creal' [-Wincompatible-library-redeclaration]
char creal ();
     ^
conftest.c:38:6: note: 'creal' is a builtin with type 'double (_Complex double)'
1 warning generated.
configure:13041: $? = 0
configure:13058: result: none required
configure:13067: checking whether creal, cimag and I can be used
configure:13084: x86_64-build_apple-darwin14.0.0-gcc -o conftest -O2 -g -pipe  -I/Volumes/ESPTools/esp-open-sdk/crosstool-NG/.build/xtensa-lx106-elf/buildtools/include -I/Volumes/ESPTools/esp-open-sdk/crosstool-NG/.build/xtensa-lx106-elf/buildtools/include  -L/Volumes/ESPTools/esp-open-sdk/crosstool-NG/.build/xtensa-lx106-elf/buildtools/lib -L/Volumes/ESPTools/esp-open-sdk/crosstool-NG/.build/xtensa-lx106-elf/buildtools/lib   conftest.c  >&5
configure:13084: $? = 0
configure:13086: result: yes
configure:13109: checking for an ANSI C-conforming const
configure:13175: x86_64-build_apple-darwin14.0.0-gcc -c -O2 -g -pipe  -I/Volumes/ESPTools/esp-open-sdk/crosstool-NG/.build/xtensa-lx106-elf/buildtools/include -I/Volumes/ESPTools/esp-open-sdk/crosstool-NG/.build/xtensa-lx106-elf/buildtools/include  conftest.c >&5
configure:13175: $? = 0
configure:13182: result: yes
configure:13190: checking for size_t
configure:13190: x86_64-build_apple-darwin14.0.0-gcc -c -O2 -g -pipe  -I/Volumes/ESPTools/esp-open-sdk/crosstool-NG/.build/xtensa-lx106-elf/buildtools/include -I/Volumes/ESPTools/esp-open-sdk/crosstool-NG/.build/xtensa-lx106-elf/buildtools/include  conftest.c >&5
configure:13190: $? = 0
configure:13190: x86_64-build_apple-darwin14.0.0-gcc -c -O2 -g -pipe  -I/Volumes/ESPTools/esp-open-sdk/crosstool-NG/.build/xtensa-lx106-elf/buildtools/include -I/Volumes/ESPTools/esp-open-sdk/crosstool-NG/.build/xtensa-lx106-elf/buildtools/include  conftest.c >&5
conftest.c:68:21: error: expected expression
if (sizeof ((size_t)))
                    ^
1 error generated.
configure:13190: $? = 1
configure: failed program was:
| /* confdefs.h */
| #define PACKAGE_NAME "mpc"
| #define PACKAGE_TARNAME "mpc"
| #define PACKAGE_VERSION "1.0.2"
| #define PACKAGE_STRING "mpc 1.0.2"
| #define PACKAGE_BUGREPORT "mpc-discuss@lists.gforge.inria.fr"
| #define PACKAGE_URL ""
| #define PACKAGE "mpc"
| #define VERSION "1.0.2"
| #define STDC_HEADERS 1
| #define HAVE_SYS_TYPES_H 1
| #define HAVE_SYS_STAT_H 1
| #define HAVE_STDLIB_H 1
| #define HAVE_STRING_H 1
| #define HAVE_MEMORY_H 1
| #define HAVE_STRINGS_H 1
| #define HAVE_INTTYPES_H 1
| #define HAVE_STDINT_H 1
| #define HAVE_UNISTD_H 1
| #define HAVE_DLFCN_H 1
| #define LT_OBJDIR ".libs/"
| #define STDC_HEADERS 1
| #define HAVE_LOCALE_H 1
| #define HAVE_INTTYPES_H 1
| #define HAVE_STDINT_H 1
| #define HAVE_LIMITS_H 1
| #define HAVE_UNISTD_H 1
| #define HAVE_SYS_TIME_H 1
| #define TIME_WITH_SYS_TIME 1
| #define HAVE_COMPLEX_H 1
| /* end confdefs.h.  */
| #include <stdio.h>
| #ifdef HAVE_SYS_TYPES_H
| # include <sys/types.h>
| #endif
| #ifdef HAVE_SYS_STAT_H
| # include <sys/stat.h>
| #endif
| #ifdef STDC_HEADERS
| # include <stdlib.h>
| # include <stddef.h>
| #else
| # ifdef HAVE_STDLIB_H
| #  include <stdlib.h>
| # endif
| #endif
| #ifdef HAVE_STRING_H
| # if !defined STDC_HEADERS && defined HAVE_MEMORY_H
| #  include <memory.h>
| # endif
| # include <string.h>
| #endif
| #ifdef HAVE_STRINGS_H
| # include <strings.h>
| #endif
| #ifdef HAVE_INTTYPES_H
| # include <inttypes.h>
| #endif
| #ifdef HAVE_STDINT_H
| # include <stdint.h>
| #endif
| #ifdef HAVE_UNISTD_H
| # include <unistd.h>
| #endif
| int
| main ()
| {
| if (sizeof ((size_t)))
| 	    return 0;
|   ;
|   return 0;
| }
configure:13190: result: yes
configure:13206: checking for gettimeofday
configure:13206: x86_64-build_apple-darwin14.0.0-gcc -o conftest -O2 -g -pipe  -I/Volumes/ESPTools/esp-open-sdk/crosstool-NG/.build/xtensa-lx106-elf/buildtools/include -I/Volumes/ESPTools/esp-open-sdk/crosstool-NG/.build/xtensa-lx106-elf/buildtools/include  -L/Volumes/ESPTools/esp-open-sdk/crosstool-NG/.build/xtensa-lx106-elf/buildtools/lib -L/Volumes/ESPTools/esp-open-sdk/crosstool-NG/.build/xtensa-lx106-elf/buildtools/lib   conftest.c  >&5
configure:13206: $? = 0
configure:13206: result: yes
configure:13206: checking for localeconv
configure:13206: x86_64-build_apple-darwin14.0.0-gcc -o conftest -O2 -g -pipe  -I/Volumes/ESPTools/esp-open-sdk/crosstool-NG/.build/xtensa-lx106-elf/buildtools/include -I/Volumes/ESPTools/esp-open-sdk/crosstool-NG/.build/xtensa-lx106-elf/buildtools/include  -L/Volumes/ESPTools/esp-open-sdk/crosstool-NG/.build/xtensa-lx106-elf/buildtools/lib -L/Volumes/ESPTools/esp-open-sdk/crosstool-NG/.build/xtensa-lx106-elf/buildtools/lib   conftest.c  >&5
configure:13206: $? = 0
configure:13206: result: yes
configure:13206: checking for setlocale
configure:13206: x86_64-build_apple-darwin14.0.0-gcc -o conftest -O2 -g -pipe  -I/Volumes/ESPTools/esp-open-sdk/crosstool-NG/.build/xtensa-lx106-elf/buildtools/include -I/Volumes/ESPTools/esp-open-sdk/crosstool-NG/.build/xtensa-lx106-elf/buildtools/include  -L/Volumes/ESPTools/esp-open-sdk/crosstool-NG/.build/xtensa-lx106-elf/buildtools/lib -L/Volumes/ESPTools/esp-open-sdk/crosstool-NG/.build/xtensa-lx106-elf/buildtools/lib   conftest.c  >&5
configure:13206: $? = 0
configure:13206: result: yes
configure:13218: checking for dup
configure:13218: x86_64-build_apple-darwin14.0.0-gcc -o conftest -O2 -g -pipe  -I/Volumes/ESPTools/esp-open-sdk/crosstool-NG/.build/xtensa-lx106-elf/buildtools/include -I/Volumes/ESPTools/esp-open-sdk/crosstool-NG/.build/xtensa-lx106-elf/buildtools/include  -L/Volumes/ESPTools/esp-open-sdk/crosstool-NG/.build/xtensa-lx106-elf/buildtools/lib -L/Volumes/ESPTools/esp-open-sdk/crosstool-NG/.build/xtensa-lx106-elf/buildtools/lib   conftest.c  >&5
configure:13218: $? = 0
configure:13218: result: yes
configure:13218: checking for dup2
configure:13218: x86_64-build_apple-darwin14.0.0-gcc -o conftest -O2 -g -pipe  -I/Volumes/ESPTools/esp-open-sdk/crosstool-NG/.build/xtensa-lx106-elf/buildtools/include -I/Volumes/ESPTools/esp-open-sdk/crosstool-NG/.build/xtensa-lx106-elf/buildtools/include  -L/Volumes/ESPTools/esp-open-sdk/crosstool-NG/.build/xtensa-lx106-elf/buildtools/lib -L/Volumes/ESPTools/esp-open-sdk/crosstool-NG/.build/xtensa-lx106-elf/buildtools/lib   conftest.c  >&5
configure:13218: $? = 0
configure:13218: result: yes
configure:13232: checking for __gmpz_init in -lgmp
configure:13257: x86_64-build_apple-darwin14.0.0-gcc -o conftest -O2 -g -pipe  -I/Volumes/ESPTools/esp-open-sdk/crosstool-NG/.build/xtensa-lx106-elf/buildtools/include -I/Volumes/ESPTools/esp-open-sdk/crosstool-NG/.build/xtensa-lx106-elf/buildtools/include  -L/Volumes/ESPTools/esp-open-sdk/crosstool-NG/.build/xtensa-lx106-elf/buildtools/lib -L/Volumes/ESPTools/esp-open-sdk/crosstool-NG/.build/xtensa-lx106-elf/buildtools/lib   conftest.c -lgmp   >&5
configure:13257: $? = 0
configure:13266: result: yes
configure:13275: checking for MPFR
configure:13290: x86_64-build_apple-darwin14.0.0-gcc -o conftest -O2 -g -pipe  -I/Volumes/ESPTools/esp-open-sdk/crosstool-NG/.build/xtensa-lx106-elf/buildtools/include -I/Volumes/ESPTools/esp-open-sdk/crosstool-NG/.build/xtensa-lx106-elf/buildtools/include  -L/Volumes/ESPTools/esp-open-sdk/crosstool-NG/.build/xtensa-lx106-elf/buildtools/lib -L/Volumes/ESPTools/esp-open-sdk/crosstool-NG/.build/xtensa-lx106-elf/buildtools/lib   conftest.c -lmpfr -lgmp  >&5
configure:13290: $? = 0
configure:13291: result: yes
configure:13309: checking for recent GMP
configure:13321: x86_64-build_apple-darwin14.0.0-gcc -c -O2 -g -pipe  -I/Volumes/ESPTools/esp-open-sdk/crosstool-NG/.build/xtensa-lx106-elf/buildtools/include -I/Volumes/ESPTools/esp-open-sdk/crosstool-NG/.build/xtensa-lx106-elf/buildtools/include  conftest.c >&5
configure:13321: $? = 0
configure:13322: result: yes
configure:13336: checking for recent MPFR
configure:13348: x86_64-build_apple-darwin14.0.0-gcc -c -O2 -g -pipe  -I/Volumes/ESPTools/esp-open-sdk/crosstool-NG/.build/xtensa-lx106-elf/buildtools/include -I/Volumes/ESPTools/esp-open-sdk/crosstool-NG/.build/xtensa-lx106-elf/buildtools/include  conftest.c >&5
configure:13348: $? = 0
configure:13349: result: yes
configure:13870: checking if gcc accepts -dumpversion option
configure:13895: cat conftest.c 1>&5
int main()
{
	return 0;
}
configure:13898: $? = 0
configure:13902: x86_64-build_apple-darwin14.0.0-gcc  -dumpversion -c conftest.c 1>&5
4.2.1
configure:13905: $? = 0
configure:13908: result: yes
configure:13935: checking gcc version
configure:13949: result: 4.2.1
configure:14139: checking that generated files are newer than configure
configure:14145: result: done
configure:14172: creating ./config.status

## ---------------------- ##
## Running config.status. ##
## ---------------------- ##

This file was extended by mpc config.status 1.0.2, which was
generated by GNU Autoconf 2.69.  Invocation command line was

  CONFIG_FILES    = 
  CONFIG_HEADERS  = 
  CONFIG_LINKS    = 
  CONFIG_COMMANDS = 
  $ ./config.status 

on Macintosh-2.local

config.status:1106: creating Makefile
config.status:1106: creating src/Makefile
config.status:1106: creating tests/Makefile
config.status:1106: creating doc/Makefile
config.status:1106: creating config.h
config.status:1320: executing depfiles commands
config.status:1320: executing libtool commands

## ---------------- ##
## Cache variables. ##
## ---------------- ##

ac_cv_build=x86_64-build_apple-darwin14.0.0
ac_cv_c_compiler_gnu=yes
ac_cv_c_const=yes
ac_cv_env_CC_set=
ac_cv_env_CC_value=
ac_cv_env_CFLAGS_set=set
ac_cv_env_CFLAGS_value='-O2 -g -pipe '
ac_cv_env_CPPFLAGS_set=
ac_cv_env_CPPFLAGS_value=
ac_cv_env_CPP_set=
ac_cv_env_CPP_value=
ac_cv_env_LDFLAGS_set=set
ac_cv_env_LDFLAGS_value=' '
ac_cv_env_LIBS_set=
ac_cv_env_LIBS_value=
ac_cv_env_build_alias_set=set
ac_cv_env_build_alias_value=x86_64-build_apple-darwin14.0.0
ac_cv_env_host_alias_set=set
ac_cv_env_host_alias_value=x86_64-build_apple-darwin14.0.0
ac_cv_env_target_alias_set=
ac_cv_env_target_alias_value=
ac_cv_func_dup2=yes
ac_cv_func_dup=yes
ac_cv_func_gettimeofday=yes
ac_cv_func_localeconv=yes
ac_cv_func_setlocale=yes
ac_cv_header_complex_h=yes
ac_cv_header_dlfcn_h=yes
ac_cv_header_inttypes_h=yes
ac_cv_header_limits_h=yes
ac_cv_header_locale_h=yes
ac_cv_header_memory_h=yes
ac_cv_header_stdc=yes
ac_cv_header_stdint_h=yes
ac_cv_header_stdlib_h=yes
ac_cv_header_string_h=yes
ac_cv_header_strings_h=yes
ac_cv_header_sys_stat_h=yes
ac_cv_header_sys_time_h=yes
ac_cv_header_sys_types_h=yes
ac_cv_header_time=yes
ac_cv_header_unistd_h=yes
ac_cv_host=x86_64-build_apple-darwin14.0.0
ac_cv_lib_gmp___gmpz_init=yes
ac_cv_objext=o
ac_cv_path_EGREP='/Volumes/ESPTools/esp-open-sdk/crosstool-NG/.build/tools/bin/grep -E'
ac_cv_path_FGREP='/Volumes/ESPTools/esp-open-sdk/crosstool-NG/.build/tools/bin/grep -F'
ac_cv_path_GREP=/Volumes/ESPTools/esp-open-sdk/crosstool-NG/.build/tools/bin/grep
ac_cv_path_SED=/Volumes/ESPTools/esp-open-sdk/crosstool-NG/.build/tools/bin/sed
ac_cv_path_install='/Volumes/ESPTools/esp-open-sdk/crosstool-NG/.build/tools/bin/install -c'
ac_cv_prog_AR=x86_64-build_apple-darwin14.0.0-ar
ac_cv_prog_AWK=gawk
ac_cv_prog_CC=x86_64-build_apple-darwin14.0.0-gcc
ac_cv_prog_CPP='x86_64-build_apple-darwin14.0.0-gcc -E'
ac_cv_prog_OBJDUMP=x86_64-build_apple-darwin14.0.0-objdump
ac_cv_prog_RANLIB=x86_64-build_apple-darwin14.0.0-ranlib
ac_cv_prog_STRIP=x86_64-build_apple-darwin14.0.0-strip
ac_cv_prog_ac_ct_DSYMUTIL=dsymutil
ac_cv_prog_ac_ct_LIPO=lipo
ac_cv_prog_ac_ct_NMEDIT=nmedit
ac_cv_prog_ac_ct_OTOOL=otool
ac_cv_prog_cc_c89=
ac_cv_prog_cc_g=yes
ac_cv_prog_make_make_set=yes
ac_cv_search_creal='none required'
ac_cv_type_size_t=yes
am_cv_CC_dependencies_compiler_type=gcc3
am_cv_ar_interface=ar
ax_cv_gcc_version=4.2.1
lt_cv_apple_cc_single_mod=yes
lt_cv_ar_at_file=no
lt_cv_deplibs_check_method=pass_all
lt_cv_file_magic_cmd='$MAGIC_CMD'
lt_cv_file_magic_test_file=
lt_cv_ld_exported_symbols_list=yes
lt_cv_ld_force_load=yes
lt_cv_ld_reload_flag=-r
lt_cv_nm_interface='BSD nm'
lt_cv_objdir=.libs
lt_cv_path_LD=/Applications/Xcode.app/Contents/Developer/Toolchains/XcodeDefault.xctoolchain/usr/bin/ld
lt_cv_path_NM=/Volumes/ESPTools/esp-open-sdk/crosstool-NG/.build/xtensa-lx106-elf/buildtools/bin/x86_64-build_apple-darwin14.0.0-nm
lt_cv_path_mainfest_tool=no
lt_cv_prog_compiler_c_o=yes
lt_cv_prog_compiler_pic='-fno-common -DPIC'
lt_cv_prog_compiler_pic_works=yes
lt_cv_prog_compiler_rtti_exceptions=yes
lt_cv_prog_compiler_static_works=no
lt_cv_prog_gnu_ld=no
lt_cv_sharedlib_from_linklib_cmd='printf %s\n'
lt_cv_sys_global_symbol_pipe='sed -n -e '\''s/^.*[	 ]\([BCDEGRST][BCDEGRST]*\)[	 ][	 ]*_\([_A-Za-z][_A-Za-z0-9]*\)$/\1 _\2 \2/p'\'' | sed '\''/ __gnu_lto/d'\'''
lt_cv_sys_global_symbol_to_c_name_address='sed -n -e '\''s/^: \([^ ]*\)[ ]*$/  {\"\1\", (void *) 0},/p'\'' -e '\''s/^[BCDEGRST]* \([^ ]*\) \([^ ]*\)$/  {"\2", (void *) \&\2},/p'\'''
lt_cv_sys_global_symbol_to_c_name_address_lib_prefix='sed -n -e '\''s/^: \([^ ]*\)[ ]*$/  {\"\1\", (void *) 0},/p'\'' -e '\''s/^[BCDEGRST]* \([^ ]*\) \(lib[^ ]*\)$/  {"\2", (void *) \&\2},/p'\'' -e '\''s/^[BCDEGRST]* \([^ ]*\) \([^ ]*\)$/  {"lib\2", (void *) \&\2},/p'\'''
lt_cv_sys_global_symbol_to_cdecl='sed -n -e '\''s/^T .* \(.*\)$/extern int \1();/p'\'' -e '\''s/^[BCDEGRST]* .* \(.*\)$/extern char \1;/p'\'''
lt_cv_sys_max_cmd_len=196608
lt_cv_to_host_file_cmd=func_convert_file_noop
lt_cv_to_tool_file_cmd=func_convert_file_noop

## ----------------- ##
## Output variables. ##
## ----------------- ##

ACLOCAL='${SHELL} /Volumes/ESPTools/esp-open-sdk/crosstool-NG/.build/src/mpc-1.0.2/missing --run aclocal-1.12'
AMDEPBACKSLASH='\'
AMDEP_FALSE='#'
AMDEP_TRUE=''
AMTAR='$${TAR-tar}'
AR='x86_64-build_apple-darwin14.0.0-ar'
AS='as'
AUTOCONF='${SHELL} /Volumes/ESPTools/esp-open-sdk/crosstool-NG/.build/src/mpc-1.0.2/missing --run autoconf'
AUTOHEADER='${SHELL} /Volumes/ESPTools/esp-open-sdk/crosstool-NG/.build/src/mpc-1.0.2/missing --run autoheader'
AUTOMAKE='${SHELL} /Volumes/ESPTools/esp-open-sdk/crosstool-NG/.build/src/mpc-1.0.2/missing --run automake-1.12'
AWK='gawk'
CC='x86_64-build_apple-darwin14.0.0-gcc'
CCDEPMODE='depmode=gcc3'
CFLAGS='-O2 -g -pipe '
CPP='x86_64-build_apple-darwin14.0.0-gcc -E'
CPPFLAGS='-I/Volumes/ESPTools/esp-open-sdk/crosstool-NG/.build/xtensa-lx106-elf/buildtools/include -I/Volumes/ESPTools/esp-open-sdk/crosstool-NG/.build/xtensa-lx106-elf/buildtools/include '
CYGPATH_W='echo'
DEFS='-DHAVE_CONFIG_H'
DEPDIR='.deps'
DLLTOOL='false'
DSYMUTIL='dsymutil'
DUMPBIN=''
ECHO_C=''
ECHO_N='-n'
ECHO_T=''
EGREP='/Volumes/ESPTools/esp-open-sdk/crosstool-NG/.build/tools/bin/grep -E'
EXEEXT=''
FGREP='/Volumes/ESPTools/esp-open-sdk/crosstool-NG/.build/tools/bin/grep -F'
GCC_VERSION='4.2.1'
GREP='/Volumes/ESPTools/esp-open-sdk/crosstool-NG/.build/tools/bin/grep'
HASSVNVERSION=''
INSTALL_DATA='${INSTALL} -m 644'
INSTALL_PROGRAM='${INSTALL}'
INSTALL_SCRIPT='${INSTALL}'
INSTALL_STRIP_PROGRAM='$(install_sh) -c -s'
LD='/Applications/Xcode.app/Contents/Developer/Toolchains/XcodeDefault.xctoolchain/usr/bin/ld'
LDFLAGS='-L/Volumes/ESPTools/esp-open-sdk/crosstool-NG/.build/xtensa-lx106-elf/buildtools/lib -L/Volumes/ESPTools/esp-open-sdk/crosstool-NG/.build/xtensa-lx106-elf/buildtools/lib  '
LIBOBJS=''
LIBS='-lmpfr -lgmp '
LIBTOOL='$(SHELL) $(top_builddir)/libtool'
LIPO='lipo'
LN_S='ln -s'
LTLIBOBJS=''
MAINT='#'
MAINTAINER_MODE_FALSE=''
MAINTAINER_MODE_TRUE='#'
MAKEINFO='${SHELL} /Volumes/ESPTools/esp-open-sdk/crosstool-NG/.build/src/mpc-1.0.2/missing --run makeinfo'
MANIFEST_TOOL=':'
MKDIR_P='/Volumes/ESPTools/esp-open-sdk/crosstool-NG/.build/src/mpc-1.0.2/install-sh -c -d'
MPC_LDFLAGS=''
MPC_LOG_H=''
NM='/Volumes/ESPTools/esp-open-sdk/crosstool-NG/.build/xtensa-lx106-elf/buildtools/bin/x86_64-build_apple-darwin14.0.0-nm'
NMEDIT='nmedit'
OBJDUMP='x86_64-build_apple-darwin14.0.0-objdump'
OBJEXT='o'
OTOOL64=':'
OTOOL='otool'
PACKAGE='mpc'
PACKAGE_BUGREPORT='mpc-discuss@lists.gforge.inria.fr'
PACKAGE_NAME='mpc'
PACKAGE_STRING='mpc 1.0.2'
PACKAGE_TARNAME='mpc'
PACKAGE_URL=''
PACKAGE_VERSION='1.0.2'
PATH_SEPARATOR=':'
RANLIB='x86_64-build_apple-darwin14.0.0-ranlib'
SED='/Volumes/ESPTools/esp-open-sdk/crosstool-NG/.build/tools/bin/sed'
SET_MAKE=''
SHELL='/bin/bash'
STRIP='x86_64-build_apple-darwin14.0.0-strip'
SVNVERSION=''
VALGRIND=''
VERSION='1.0.2'
ac_ct_AR=''
ac_ct_CC=''
ac_ct_DUMPBIN=''
am__EXEEXT_FALSE=''
am__EXEEXT_TRUE='#'
am__fastdepCC_FALSE='#'
am__fastdepCC_TRUE=''
am__include='include'
am__isrc=' -I$(srcdir)'
am__leading_dot='.'
am__nodep='_no'
am__quote=''
am__tar='$${TAR-tar} chof - "$$tardir"'
am__untar='$${TAR-tar} xf -'
bindir='${exec_prefix}/bin'
build='x86_64-build_apple-darwin14.0.0'
build_alias='x86_64-build_apple-darwin14.0.0'
build_cpu='x86_64'
build_os='darwin14.0.0'
build_vendor='build_apple'
datadir='${datarootdir}'
datarootdir='${prefix}/share'
docdir='${datarootdir}/doc/${PACKAGE_TARNAME}'
dvidir='${docdir}'
exec_prefix='${prefix}'
host='x86_64-build_apple-darwin14.0.0'
host_alias='x86_64-build_apple-darwin14.0.0'
host_cpu='x86_64'
host_os='darwin14.0.0'
host_vendor='build_apple'
htmldir='${docdir}'
includedir='${prefix}/include'
infodir='${datarootdir}/info'
install_sh='${SHELL} /Volumes/ESPTools/esp-open-sdk/crosstool-NG/.build/src/mpc-1.0.2/install-sh'
libdir='${exec_prefix}/lib'
libexecdir='${exec_prefix}/libexec'
localedir='${datarootdir}/locale'
localstatedir='${prefix}/var'
mandir='${datarootdir}/man'
mkdir_p='$(MKDIR_P)'
oldincludedir='/usr/include'
pdfdir='${docdir}'
prefix='/Volumes/ESPTools/esp-open-sdk/crosstool-NG/.build/xtensa-lx106-elf/buildtools'
program_transform_name='s,x,x,'
psdir='${docdir}'
sbindir='${exec_prefix}/sbin'
sharedstatedir='${prefix}/com'
sysconfdir='${prefix}/etc'
target_alias=''

## ----------- ##
## confdefs.h. ##
## ----------- ##

/* confdefs.h */
#define PACKAGE_NAME "mpc"
#define PACKAGE_TARNAME "mpc"
#define PACKAGE_VERSION "1.0.2"
#define PACKAGE_STRING "mpc 1.0.2"
#define PACKAGE_BUGREPORT "mpc-discuss@lists.gforge.inria.fr"
#define PACKAGE_URL ""
#define PACKAGE "mpc"
#define VERSION "1.0.2"
#define STDC_HEADERS 1
#define HAVE_SYS_TYPES_H 1
#define HAVE_SYS_STAT_H 1
#define HAVE_STDLIB_H 1
#define HAVE_STRING_H 1
#define HAVE_MEMORY_H 1
#define HAVE_STRINGS_H 1
#define HAVE_INTTYPES_H 1
#define HAVE_STDINT_H 1
#define HAVE_UNISTD_H 1
#define HAVE_DLFCN_H 1
#define LT_OBJDIR ".libs/"
#define STDC_HEADERS 1
#define HAVE_LOCALE_H 1
#define HAVE_INTTYPES_H 1
#define HAVE_STDINT_H 1
#define HAVE_LIMITS_H 1
#define HAVE_UNISTD_H 1
#define HAVE_SYS_TIME_H 1
#define TIME_WITH_SYS_TIME 1
#define HAVE_COMPLEX_H 1
#define HAVE_GETTIMEOFDAY 1
#define HAVE_LOCALECONV 1
#define HAVE_SETLOCALE 1
#define HAVE_DUP 1
#define HAVE_DUP2 1
#define MPC_GCC "yes"
#define MPC_CC "x86_64-build_apple-darwin14.0.0-gcc"
#define MPC_GCC_VERSION "4.2.1"

configure: exit 0
