This file contains any messages produced by compilers while
running configure, to aid debugging if configure makes a mistake.

It was created by configure, which was
generated by GNU Autoconf 2.64.  Invocation command line was

  $ /Volumes/ESPTools/esp-open-sdk/crosstool-NG/.build/src/newlib-2.0.0/configure --host=x86_64-build_apple-darwin14.0.0 --target=xtensa-lx106-elf --prefix=/esptools/esp-open-sdk/xtensa-lx106-elf --disable-newlib-io-c99-formats --disable-newlib-io-long-long --disable-newlib-io-float --disable-newlib-io-long-double --enable-newlib-supplied-syscalls --enable-target-optspace

## --------- ##
## Platform. ##
## --------- ##

hostname = Macintosh-2.local
uname -m = x86_64
uname -r = 14.0.0
uname -s = Darwin
uname -v = Darwin Kernel Version 14.0.0: Fri Sep 19 00:26:44 PDT 2014; root:xnu-2782.1.97~2/RELEASE_X86_64

/usr/bin/uname -p = i386
/bin/uname -X     = unknown

/bin/arch              = unknown
/usr/bin/arch -k       = unknown
/usr/convex/getsysinfo = unknown
/usr/bin/hostinfo      = Mach kernel version:
	 Darwin Kernel Version 14.0.0: Fri Sep 19 00:26:44 PDT 2014; root:xnu-2782.1.97~2/RELEASE_X86_64
Kernel configured for up to 8 processors.
4 processors are physically available.
8 processors are logically available.
Processor type: i486 (Intel 80486)
Processors active: 0 1 2 3 4 5 6 7
Primary memory available: 16.00 gigabytes
Default processor set: 309 tasks, 1612 threads, 8 processors
Load average: 2.88, Mach factor: 5.12
/bin/machine           = unknown
/usr/bin/oslevel       = unknown
/bin/universe          = unknown

PATH: /esptools/esp-open-sdk/xtensa-lx106-elf/bin
PATH: /Volumes/ESPTools/esp-open-sdk/crosstool-NG/.build/xtensa-lx106-elf/buildtools/bin
PATH: /Volumes/ESPTools/esp-open-sdk/crosstool-NG/.build/tools/bin
PATH: /opt/local/bin
PATH: /opt/local/sbin
PATH: /opt/local/bin
PATH: /opt/local/sbin
PATH: /usr/bin
PATH: /bin
PATH: /usr/sbin
PATH: /sbin
PATH: /usr/local/bin
PATH: /opt/local/bin/
PATH: /opt/X11/bin
PATH: /usr/local/git/bin
PATH: /usr/local/MacGPG2/bin


## ----------- ##
## Core tests. ##
## ----------- ##

configure:2317: checking build system type
configure:2331: result: x86_64-apple-darwin14.0.0
configure:2378: checking host system type
configure:2391: result: x86_64-build_apple-darwin14.0.0
configure:2411: checking target system type
configure:2424: result: xtensa-lx106-elf
configure:2478: checking for a BSD-compatible install
configure:2546: result: /Volumes/ESPTools/esp-open-sdk/crosstool-NG/.build/tools/bin/install -c
configure:2557: checking whether ln works
configure:2579: result: yes
configure:2583: checking whether ln -s works
configure:2587: result: yes
configure:2594: checking for a sed that does not truncate output
configure:2658: result: /Volumes/ESPTools/esp-open-sdk/crosstool-NG/.build/tools/bin/sed
configure:2667: checking for gawk
configure:2683: found /opt/local/bin/gawk
configure:2694: result: gawk
configure:3878: checking for x86_64-build_apple-darwin14.0.0-gcc
configure:3894: found /Volumes/ESPTools/esp-open-sdk/crosstool-NG/.build/xtensa-lx106-elf/buildtools/bin/x86_64-build_apple-darwin14.0.0-gcc
configure:3905: result: x86_64-build_apple-darwin14.0.0-gcc
configure:4174: checking for C compiler version
configure:4183: x86_64-build_apple-darwin14.0.0-gcc --version >&5
Apple LLVM version 6.0 (clang-600.0.57) (based on LLVM 3.5svn)
Target: x86_64-apple-darwin14.0.0
Thread model: posix
Configured with: --prefix=/Applications/Xcode.app/Contents/Developer/usr --with-gxx-include-dir=/usr/include/c++/4.2.1
configure:4194: $? = 0
configure:4183: x86_64-build_apple-darwin14.0.0-gcc -v >&5
Configured with: --prefix=/Applications/Xcode.app/Contents/Developer/usr --with-gxx-include-dir=/usr/include/c++/4.2.1
Apple LLVM version 6.0 (clang-600.0.57) (based on LLVM 3.5svn)
Target: x86_64-apple-darwin14.0.0
Thread model: posix
configure:4194: $? = 0
configure:4183: x86_64-build_apple-darwin14.0.0-gcc -V >&5
clang: error: argument to '-V' is missing (expected 1 value)
clang: error: no input files
configure:4194: $? = 1
configure:4183: x86_64-build_apple-darwin14.0.0-gcc -qversion >&5
clang: error: unknown argument: '-qversion'
clang: error: no input files
configure:4194: $? = 1
configure:4214: checking for C compiler default output file name
configure:4236: x86_64-build_apple-darwin14.0.0-gcc    conftest.c  >&5
configure:4240: $? = 0
configure:4277: result: a.out
configure:4293: checking whether the C compiler works
configure:4302: ./a.out
configure:4306: $? = 0
configure:4321: result: yes
configure:4328: checking whether we are cross compiling
configure:4330: result: no
configure:4333: checking for suffix of executables
configure:4340: x86_64-build_apple-darwin14.0.0-gcc -o conftest    conftest.c  >&5
configure:4344: $? = 0
configure:4366: result: 
configure:4372: checking for suffix of object files
configure:4394: x86_64-build_apple-darwin14.0.0-gcc -c   conftest.c >&5
configure:4398: $? = 0
configure:4419: result: o
configure:4423: checking whether we are using the GNU C compiler
configure:4442: x86_64-build_apple-darwin14.0.0-gcc -c   conftest.c >&5
configure:4442: $? = 0
configure:4451: result: yes
configure:4460: checking whether x86_64-build_apple-darwin14.0.0-gcc accepts -g
configure:4480: x86_64-build_apple-darwin14.0.0-gcc -c -g  conftest.c >&5
configure:4480: $? = 0
configure:4521: result: yes
configure:4538: checking for x86_64-build_apple-darwin14.0.0-gcc option to accept ISO C89
configure:4602: x86_64-build_apple-darwin14.0.0-gcc  -c -g -O2  conftest.c >&5
configure:4602: $? = 0
configure:4615: result: none needed
configure:4649: checking for x86_64-build_apple-darwin14.0.0-g++
configure:4665: found /Volumes/ESPTools/esp-open-sdk/crosstool-NG/.build/xtensa-lx106-elf/buildtools/bin/x86_64-build_apple-darwin14.0.0-g++
configure:4676: result: x86_64-build_apple-darwin14.0.0-g++
configure:4747: checking for C++ compiler version
configure:4756: x86_64-build_apple-darwin14.0.0-g++ --version >&5
Apple LLVM version 6.0 (clang-600.0.57) (based on LLVM 3.5svn)
Target: x86_64-apple-darwin14.0.0
Thread model: posix
Configured with: --prefix=/Applications/Xcode.app/Contents/Developer/usr --with-gxx-include-dir=/usr/include/c++/4.2.1
configure:4767: $? = 0
configure:4756: x86_64-build_apple-darwin14.0.0-g++ -v >&5
Configured with: --prefix=/Applications/Xcode.app/Contents/Developer/usr --with-gxx-include-dir=/usr/include/c++/4.2.1
Apple LLVM version 6.0 (clang-600.0.57) (based on LLVM 3.5svn)
Target: x86_64-apple-darwin14.0.0
Thread model: posix
configure:4767: $? = 0
configure:4756: x86_64-build_apple-darwin14.0.0-g++ -V >&5
clang: error: argument to '-V' is missing (expected 1 value)
clang: error: no input files
configure:4767: $? = 1
configure:4756: x86_64-build_apple-darwin14.0.0-g++ -qversion >&5
clang: error: unknown argument: '-qversion'
clang: error: no input files
configure:4767: $? = 1
configure:4771: checking whether we are using the GNU C++ compiler
configure:4790: x86_64-build_apple-darwin14.0.0-g++ -c   conftest.cpp >&5
configure:4790: $? = 0
configure:4799: result: yes
configure:4808: checking whether x86_64-build_apple-darwin14.0.0-g++ accepts -g
configure:4828: x86_64-build_apple-darwin14.0.0-g++ -c -g  conftest.cpp >&5
configure:4828: $? = 0
configure:4869: result: yes
configure:4918: checking whether g++ accepts -static-libstdc++ -static-libgcc
configure:4935: x86_64-build_apple-darwin14.0.0-g++ -o conftest -g -O2   -static-libstdc++ -static-libgcc conftest.cpp  >&5
clang: error: unsupported option '-static-libgcc'
configure:4935: $? = 1
configure: failed program was:
| /* confdefs.h */
| #define PACKAGE_NAME ""
| #define PACKAGE_TARNAME ""
| #define PACKAGE_VERSION ""
| #define PACKAGE_STRING ""
| #define PACKAGE_BUGREPORT ""
| #define PACKAGE_URL ""
| /* end confdefs.h.  */
| 
| #if (__GNUC__ < 4) || (__GNUC__ == 4 && __GNUC_MINOR__ < 5)
| #error -static-libstdc++ not implemented
| #endif
| int main() {}
configure:4939: result: no
configure:4960: checking for x86_64-build_apple-darwin14.0.0-gnatbind
configure:4990: result: no
configure:5000: checking for gnatbind
configure:5030: result: no
configure:5052: checking for x86_64-build_apple-darwin14.0.0-gnatmake
configure:5082: result: no
configure:5092: checking for gnatmake
configure:5122: result: no
configure:5141: checking whether compiler driver understands Ada
configure:5164: result: no
configure:5173: checking how to compare bootstrapped objects
configure:5198: result: cmp --ignore-initial=16 $$f1 $$f2
configure:5252: checking for objdir
configure:5267: result: .libs
configure:5838: checking for version 0.10 of ISL
configure:5860: x86_64-build_apple-darwin14.0.0-gcc -o conftest -g -O2      conftest.c  -lisl >&5
conftest.c:10:10: fatal error: 'isl/version.h' file not found
#include <isl/version.h>
         ^
1 error generated.
configure:5860: $? = 1
configure: program exited with status 1
configure: failed program was:
| /* confdefs.h */
| #define PACKAGE_NAME ""
| #define PACKAGE_TARNAME ""
| #define PACKAGE_VERSION ""
| #define PACKAGE_STRING ""
| #define PACKAGE_BUGREPORT ""
| #define PACKAGE_URL ""
| #define LT_OBJDIR ".libs/"
| /* end confdefs.h.  */
| #include <isl/version.h>
|    #include <string.h>
| int
| main ()
| {
| if (strncmp (isl_version (), "isl-0.10", strlen ("isl-0.10")) != 0)
|      return 1;
| 
|   ;
|   return 0;
| }
configure:5870: result: no
configure:6984: checking for default BUILD_CONFIG
configure:7016: result: 
configure:7505: checking for bison
configure:7521: found /usr/bin/bison
configure:7532: result: bison -y
configure:7552: checking for bison
configure:7568: found /usr/bin/bison
configure:7579: result: bison
configure:7599: checking for gm4
configure:7615: found /opt/local/bin/gm4
configure:7626: result: gm4
configure:7646: checking for flex
configure:7662: found /usr/bin/flex
configure:7673: result: flex
configure:7694: checking for flex
configure:7710: found /usr/bin/flex
configure:7721: result: flex
configure:7741: checking for makeinfo
configure:7757: found /Volumes/ESPTools/esp-open-sdk/crosstool-NG/.build/xtensa-lx106-elf/buildtools/bin/makeinfo
configure:7768: result: makeinfo
configure:7802: checking for expect
configure:7818: found /usr/bin/expect
configure:7829: result: expect
configure:7851: checking for runtest
configure:7881: result: no
configure:7915: checking for ar
configure:7942: result: xtensa-lx106-elf-ar
configure:7957: checking for x86_64-build_apple-darwin14.0.0-ar
configure:7984: result: xtensa-lx106-elf-ar
configure:8098: checking for x86_64-build_apple-darwin14.0.0-as
configure:8114: found /Volumes/ESPTools/esp-open-sdk/crosstool-NG/.build/xtensa-lx106-elf/buildtools/bin/x86_64-build_apple-darwin14.0.0-as
configure:8125: result: x86_64-build_apple-darwin14.0.0-as
configure:8239: checking for x86_64-build_apple-darwin14.0.0-dlltool
configure:8269: result: no
configure:8338: checking for ld
configure:8365: result: /Applications/Xcode.app/Contents/Developer/Toolchains/XcodeDefault.xctoolchain/usr/bin/ld
configure:8380: checking for x86_64-build_apple-darwin14.0.0-ld
configure:8407: result: /Applications/Xcode.app/Contents/Developer/Toolchains/XcodeDefault.xctoolchain/usr/bin/ld
configure:8521: checking for x86_64-build_apple-darwin14.0.0-lipo
configure:8551: result: no
configure:8662: checking for x86_64-build_apple-darwin14.0.0-nm
configure:8678: found /Volumes/ESPTools/esp-open-sdk/crosstool-NG/.build/xtensa-lx106-elf/buildtools/bin/x86_64-build_apple-darwin14.0.0-nm
configure:8689: result: x86_64-build_apple-darwin14.0.0-nm
configure:8761: checking for ranlib
configure:8788: result: xtensa-lx106-elf-ranlib
configure:8803: checking for x86_64-build_apple-darwin14.0.0-ranlib
configure:8830: result: xtensa-lx106-elf-ranlib
configure:8939: checking for x86_64-build_apple-darwin14.0.0-strip
configure:8955: found /Volumes/ESPTools/esp-open-sdk/crosstool-NG/.build/xtensa-lx106-elf/buildtools/bin/x86_64-build_apple-darwin14.0.0-strip
configure:8966: result: x86_64-build_apple-darwin14.0.0-strip
configure:9075: checking for x86_64-build_apple-darwin14.0.0-windres
configure:9105: result: no
configure:9216: checking for x86_64-build_apple-darwin14.0.0-windmc
configure:9246: result: no
configure:9357: checking for x86_64-build_apple-darwin14.0.0-objcopy
configure:9373: found /Volumes/ESPTools/esp-open-sdk/crosstool-NG/.build/xtensa-lx106-elf/buildtools/bin/x86_64-build_apple-darwin14.0.0-objcopy
configure:9384: result: x86_64-build_apple-darwin14.0.0-objcopy
configure:9498: checking for x86_64-build_apple-darwin14.0.0-objdump
configure:9514: found /Volumes/ESPTools/esp-open-sdk/crosstool-NG/.build/xtensa-lx106-elf/buildtools/bin/x86_64-build_apple-darwin14.0.0-objdump
configure:9525: result: x86_64-build_apple-darwin14.0.0-objdump
configure:9639: checking for x86_64-build_apple-darwin14.0.0-readelf
configure:9669: result: no
configure:9819: checking for xtensa-lx106-elf-cc
configure:9835: found /Volumes/ESPTools/esp-open-sdk/crosstool-NG/.build/xtensa-lx106-elf/buildtools/bin/xtensa-lx106-elf-cc
configure:9846: result: xtensa-lx106-elf-cc
configure:9980: checking for xtensa-lx106-elf-c++
configure:10010: result: no
configure:9980: checking for xtensa-lx106-elf-g++
configure:10010: result: no
configure:9980: checking for xtensa-lx106-elf-cxx
configure:10010: result: no
configure:9980: checking for xtensa-lx106-elf-gxx
configure:10010: result: no
configure:10141: checking for xtensa-lx106-elf-gcc
configure:10157: found /Volumes/ESPTools/esp-open-sdk/crosstool-NG/.build/xtensa-lx106-elf/buildtools/bin/xtensa-lx106-elf-gcc
configure:10168: result: xtensa-lx106-elf-gcc
configure:10297: checking for xtensa-lx106-elf-gcj
configure:10327: result: no
configure:10458: checking for xtensa-lx106-elf-gfortran
configure:10488: result: no
configure:10619: checking for xtensa-lx106-elf-gccgo
configure:10649: result: no
configure:11320: checking for xtensa-lx106-elf-dlltool
configure:11350: result: no
configure:11780: checking for xtensa-lx106-elf-lipo
configure:11810: result: no
configure:12010: checking for xtensa-lx106-elf-nm
configure:12026: found /esptools/esp-open-sdk/xtensa-lx106-elf/bin/xtensa-lx106-elf-nm
configure:12037: result: xtensa-lx106-elf-nm
configure:12240: checking for xtensa-lx106-elf-objdump
configure:12256: found /esptools/esp-open-sdk/xtensa-lx106-elf/bin/xtensa-lx106-elf-objdump
configure:12267: result: xtensa-lx106-elf-objdump
configure:12700: checking for xtensa-lx106-elf-readelf
configure:12716: found /esptools/esp-open-sdk/xtensa-lx106-elf/bin/xtensa-lx106-elf-readelf
configure:12727: result: xtensa-lx106-elf-readelf
configure:13160: checking for xtensa-lx106-elf-windres
configure:13190: result: no
configure:13390: checking for xtensa-lx106-elf-windmc
configure:13420: result: no
configure:13487: checking where to find the target ar
configure:13493: result: pre-installed in /Volumes/ESPTools/esp-open-sdk/crosstool-NG/.build/xtensa-lx106-elf/buildtools/lib/gcc/xtensa-lx106-elf/4.8.2/../../../../xtensa-lx106-elf/bin
configure:13529: checking where to find the target as
configure:13535: result: pre-installed in /Volumes/ESPTools/esp-open-sdk/crosstool-NG/.build/xtensa-lx106-elf/buildtools/lib/gcc/xtensa-lx106-elf/4.8.2/../../../../xtensa-lx106-elf/bin
configure:13571: checking where to find the target cc
configure:13581: result: pre-installed
configure:13613: checking where to find the target c++
configure:13623: result: pre-installed
configure:13658: checking where to find the target c++ for libstdc++
configure:13668: result: pre-installed
configure:13703: checking where to find the target dlltool
configure:13713: result: pre-installed
configure:13745: checking where to find the target gcc
configure:13755: result: pre-installed
configure:13787: checking where to find the target gcj
configure:13797: result: pre-installed
configure:13832: checking where to find the target gfortran
configure:13842: result: pre-installed
configure:13877: checking where to find the target gccgo
configure:13887: result: pre-installed
configure:13922: checking where to find the target ld
configure:13928: result: pre-installed in /Volumes/ESPTools/esp-open-sdk/crosstool-NG/.build/xtensa-lx106-elf/buildtools/lib/gcc/xtensa-lx106-elf/4.8.2/../../../../xtensa-lx106-elf/bin
configure:13964: checking where to find the target lipo
configure:13974: result: pre-installed
configure:13995: checking where to find the target nm
configure:14005: result: pre-installed
configure:14037: checking where to find the target objdump
configure:14047: result: pre-installed
configure:14079: checking where to find the target ranlib
configure:14085: result: pre-installed in /Volumes/ESPTools/esp-open-sdk/crosstool-NG/.build/xtensa-lx106-elf/buildtools/lib/gcc/xtensa-lx106-elf/4.8.2/../../../../xtensa-lx106-elf/bin
configure:14121: checking where to find the target readelf
configure:14131: result: pre-installed
configure:14163: checking where to find the target strip
configure:14169: result: pre-installed in /Volumes/ESPTools/esp-open-sdk/crosstool-NG/.build/xtensa-lx106-elf/buildtools/lib/gcc/xtensa-lx106-elf/4.8.2/../../../../xtensa-lx106-elf/bin
configure:14205: checking where to find the target windres
configure:14215: result: pre-installed
configure:14247: checking where to find the target windmc
configure:14257: result: pre-installed
configure:14317: checking whether to enable maintainer-specific portions of Makefiles
configure:14326: result: no
configure:14537: creating ./config.status

## ---------------------- ##
## Running config.status. ##
## ---------------------- ##

This file was extended by config.status, which was
generated by GNU Autoconf 2.64.  Invocation command line was

  CONFIG_FILES    = 
  CONFIG_HEADERS  = 
  CONFIG_LINKS    = 
  CONFIG_COMMANDS = 
  $ ./config.status 

on Macintosh-2.local

config.status:911: creating Makefile

## ---------------- ##
## Cache variables. ##
## ---------------- ##

ac_cv_build=x86_64-apple-darwin14.0.0
ac_cv_c_compiler_gnu=yes
ac_cv_cxx_compiler_gnu=yes
ac_cv_env_AR_FOR_TARGET_set=
ac_cv_env_AR_FOR_TARGET_value=
ac_cv_env_AR_set=set
ac_cv_env_AR_value=xtensa-lx106-elf-ar
ac_cv_env_AS_FOR_TARGET_set=
ac_cv_env_AS_FOR_TARGET_value=
ac_cv_env_AS_set=
ac_cv_env_AS_value=
ac_cv_env_CCC_set=
ac_cv_env_CCC_value=
ac_cv_env_CC_FOR_TARGET_set=
ac_cv_env_CC_FOR_TARGET_value=
ac_cv_env_CC_set=
ac_cv_env_CC_value=
ac_cv_env_CFLAGS_set=
ac_cv_env_CFLAGS_value=
ac_cv_env_CPPFLAGS_set=
ac_cv_env_CPPFLAGS_value=
ac_cv_env_CXXFLAGS_set=
ac_cv_env_CXXFLAGS_value=
ac_cv_env_CXX_FOR_TARGET_set=
ac_cv_env_CXX_FOR_TARGET_value=
ac_cv_env_CXX_set=
ac_cv_env_CXX_value=
ac_cv_env_DLLTOOL_FOR_TARGET_set=
ac_cv_env_DLLTOOL_FOR_TARGET_value=
ac_cv_env_DLLTOOL_set=
ac_cv_env_DLLTOOL_value=
ac_cv_env_GCC_FOR_TARGET_set=
ac_cv_env_GCC_FOR_TARGET_value=
ac_cv_env_GCJ_FOR_TARGET_set=
ac_cv_env_GCJ_FOR_TARGET_value=
ac_cv_env_GFORTRAN_FOR_TARGET_set=
ac_cv_env_GFORTRAN_FOR_TARGET_value=
ac_cv_env_GOC_FOR_TARGET_set=
ac_cv_env_GOC_FOR_TARGET_value=
ac_cv_env_LDFLAGS_set=
ac_cv_env_LDFLAGS_value=
ac_cv_env_LD_FOR_TARGET_set=
ac_cv_env_LD_FOR_TARGET_value=
ac_cv_env_LD_set=
ac_cv_env_LD_value=
ac_cv_env_LIBS_set=
ac_cv_env_LIBS_value=
ac_cv_env_LIPO_FOR_TARGET_set=
ac_cv_env_LIPO_FOR_TARGET_value=
ac_cv_env_LIPO_set=
ac_cv_env_LIPO_value=
ac_cv_env_NM_FOR_TARGET_set=
ac_cv_env_NM_FOR_TARGET_value=
ac_cv_env_NM_set=
ac_cv_env_NM_value=
ac_cv_env_OBJCOPY_set=
ac_cv_env_OBJCOPY_value=
ac_cv_env_OBJDUMP_FOR_TARGET_set=
ac_cv_env_OBJDUMP_FOR_TARGET_value=
ac_cv_env_OBJDUMP_set=
ac_cv_env_OBJDUMP_value=
ac_cv_env_RANLIB_FOR_TARGET_set=
ac_cv_env_RANLIB_FOR_TARGET_value=
ac_cv_env_RANLIB_set=set
ac_cv_env_RANLIB_value=xtensa-lx106-elf-ranlib
ac_cv_env_READELF_FOR_TARGET_set=
ac_cv_env_READELF_FOR_TARGET_value=
ac_cv_env_READELF_set=
ac_cv_env_READELF_value=
ac_cv_env_STRIP_FOR_TARGET_set=
ac_cv_env_STRIP_FOR_TARGET_value=
ac_cv_env_STRIP_set=
ac_cv_env_STRIP_value=
ac_cv_env_WINDMC_FOR_TARGET_set=
ac_cv_env_WINDMC_FOR_TARGET_value=
ac_cv_env_WINDMC_set=
ac_cv_env_WINDMC_value=
ac_cv_env_WINDRES_FOR_TARGET_set=
ac_cv_env_WINDRES_FOR_TARGET_value=
ac_cv_env_WINDRES_set=
ac_cv_env_WINDRES_value=
ac_cv_env_build_alias_set=
ac_cv_env_build_alias_value=
ac_cv_env_build_configargs_set=
ac_cv_env_build_configargs_value=
ac_cv_env_host_alias_set=set
ac_cv_env_host_alias_value=x86_64-build_apple-darwin14.0.0
ac_cv_env_host_configargs_set=
ac_cv_env_host_configargs_value=
ac_cv_env_target_alias_set=set
ac_cv_env_target_alias_value=xtensa-lx106-elf
ac_cv_env_target_configargs_set=
ac_cv_env_target_configargs_value=
ac_cv_host=x86_64-build_apple-darwin14.0.0
ac_cv_objext=o
ac_cv_path_AR_FOR_TARGET=/Volumes/ESPTools/esp-open-sdk/crosstool-NG/.build/xtensa-lx106-elf/buildtools/lib/gcc/xtensa-lx106-elf/4.8.2/../../../../xtensa-lx106-elf/bin/ar
ac_cv_path_AS_FOR_TARGET=/Volumes/ESPTools/esp-open-sdk/crosstool-NG/.build/xtensa-lx106-elf/buildtools/lib/gcc/xtensa-lx106-elf/4.8.2/../../../../xtensa-lx106-elf/bin/as
ac_cv_path_LD_FOR_TARGET=/Volumes/ESPTools/esp-open-sdk/crosstool-NG/.build/xtensa-lx106-elf/buildtools/lib/gcc/xtensa-lx106-elf/4.8.2/../../../../xtensa-lx106-elf/bin/ld
ac_cv_path_RANLIB_FOR_TARGET=/Volumes/ESPTools/esp-open-sdk/crosstool-NG/.build/xtensa-lx106-elf/buildtools/lib/gcc/xtensa-lx106-elf/4.8.2/../../../../xtensa-lx106-elf/bin/ranlib
ac_cv_path_SED=/Volumes/ESPTools/esp-open-sdk/crosstool-NG/.build/tools/bin/sed
ac_cv_path_STRIP_FOR_TARGET=/Volumes/ESPTools/esp-open-sdk/crosstool-NG/.build/xtensa-lx106-elf/buildtools/lib/gcc/xtensa-lx106-elf/4.8.2/../../../../xtensa-lx106-elf/bin/strip
ac_cv_path_install='/Volumes/ESPTools/esp-open-sdk/crosstool-NG/.build/tools/bin/install -c'
ac_cv_prog_AR=xtensa-lx106-elf-ar
ac_cv_prog_AS=x86_64-build_apple-darwin14.0.0-as
ac_cv_prog_AWK=gawk
ac_cv_prog_BISON=bison
ac_cv_prog_CC=x86_64-build_apple-darwin14.0.0-gcc
ac_cv_prog_CC_FOR_TARGET=xtensa-lx106-elf-cc
ac_cv_prog_CXX=x86_64-build_apple-darwin14.0.0-g++
ac_cv_prog_EXPECT=expect
ac_cv_prog_FLEX=flex
ac_cv_prog_GCC_FOR_TARGET=xtensa-lx106-elf-gcc
ac_cv_prog_LD=/Applications/Xcode.app/Contents/Developer/Toolchains/XcodeDefault.xctoolchain/usr/bin/ld
ac_cv_prog_LEX=flex
ac_cv_prog_M4=gm4
ac_cv_prog_MAKEINFO=makeinfo
ac_cv_prog_NM=x86_64-build_apple-darwin14.0.0-nm
ac_cv_prog_NM_FOR_TARGET=xtensa-lx106-elf-nm
ac_cv_prog_OBJCOPY=x86_64-build_apple-darwin14.0.0-objcopy
ac_cv_prog_OBJDUMP=x86_64-build_apple-darwin14.0.0-objdump
ac_cv_prog_OBJDUMP_FOR_TARGET=xtensa-lx106-elf-objdump
ac_cv_prog_RANLIB=xtensa-lx106-elf-ranlib
ac_cv_prog_READELF_FOR_TARGET=xtensa-lx106-elf-readelf
ac_cv_prog_STRIP=x86_64-build_apple-darwin14.0.0-strip
ac_cv_prog_YACC='bison -y'
ac_cv_prog_cc_c89=
ac_cv_prog_cc_g=yes
ac_cv_prog_cxx_g=yes
ac_cv_target=xtensa-lx106-elf
acx_cv_cc_gcc_supports_ada=no
acx_cv_prog_LN=ln
gcc_cv_isl=no
gcc_cv_prog_cmp_skip='cmp --ignore-initial=16 $$f1 $$f2'
gcc_cv_tool_dirs=
gcc_cv_tool_prefix=/esptools/esp-open-sdk/xtensa-lx106-elf
lt_cv_objdir=.libs

## ----------------- ##
## Output variables. ##
## ----------------- ##

AR='xtensa-lx106-elf-ar'
AR_FOR_BUILD='ar'
AR_FOR_TARGET='/Volumes/ESPTools/esp-open-sdk/crosstool-NG/.build/xtensa-lx106-elf/buildtools/lib/gcc/xtensa-lx106-elf/4.8.2/../../../../xtensa-lx106-elf/bin/ar'
AS='x86_64-build_apple-darwin14.0.0-as'
AS_FOR_BUILD='as'
AS_FOR_TARGET='/Volumes/ESPTools/esp-open-sdk/crosstool-NG/.build/xtensa-lx106-elf/buildtools/lib/gcc/xtensa-lx106-elf/4.8.2/../../../../xtensa-lx106-elf/bin/as'
AWK='gawk'
BISON='bison'
BUILD_CONFIG=''
CC='x86_64-build_apple-darwin14.0.0-gcc'
CC_FOR_BUILD='x86_64-build_apple-darwin14.0.0-gcc'
CC_FOR_TARGET='xtensa-lx106-elf-cc'
CFLAGS='-g -O2'
CFLAGS_FOR_BUILD=''
CFLAGS_FOR_TARGET='        '
COMPILER_AS_FOR_TARGET='$(AS_FOR_TARGET)'
COMPILER_LD_FOR_TARGET='$(LD_FOR_TARGET)'
COMPILER_NM_FOR_TARGET='$(NM_FOR_TARGET)'
CONFIGURE_GDB_TK=''
CPPFLAGS=''
CXX='x86_64-build_apple-darwin14.0.0-g++'
CXXFLAGS='-g -O2'
CXXFLAGS_FOR_BUILD=''
CXXFLAGS_FOR_TARGET='-g -O2'
CXX_FOR_BUILD='g++'
CXX_FOR_TARGET='xtensa-lx106-elf-c++'
DEBUG_PREFIX_CFLAGS_FOR_TARGET=''
DEFS='-DPACKAGE_NAME=\"\" -DPACKAGE_TARNAME=\"\" -DPACKAGE_VERSION=\"\" -DPACKAGE_STRING=\"\" -DPACKAGE_BUGREPORT=\"\" -DPACKAGE_URL=\"\" -DLT_OBJDIR=\".libs/\"'
DLLTOOL='x86_64-build_apple-darwin14.0.0-dlltool'
DLLTOOL_FOR_BUILD='dlltool'
DLLTOOL_FOR_TARGET='xtensa-lx106-elf-dlltool'
ECHO_C='\c'
ECHO_N=''
ECHO_T=''
EXEEXT=''
EXPECT='expect'
EXTRA_CONFIGARGS_LIBJAVA='--disable-static'
FLAGS_FOR_TARGET=' -B$$r/$(TARGET_SUBDIR)/newlib/ -isystem $$r/$(TARGET_SUBDIR)/newlib/targ-include -isystem $$s/newlib/libc/include'
FLEX='flex'
GCC_FOR_TARGET='xtensa-lx106-elf-gcc'
GCC_SHLIB_SUBDIR=''
GCJ_FOR_BUILD='gcj'
GCJ_FOR_TARGET='xtensa-lx106-elf-gcj'
GDB_TK=''
GFORTRAN_FOR_BUILD='gfortran'
GFORTRAN_FOR_TARGET='xtensa-lx106-elf-gfortran'
GNATBIND='no'
GNATMAKE='no'
GOC_FOR_BUILD='gccgo'
GOC_FOR_TARGET='xtensa-lx106-elf-gccgo'
INSTALL_DATA='${INSTALL} -m 644'
INSTALL_GDB_TK=''
INSTALL_PROGRAM='${INSTALL}'
INSTALL_SCRIPT='${INSTALL}'
LD='/Applications/Xcode.app/Contents/Developer/Toolchains/XcodeDefault.xctoolchain/usr/bin/ld'
LDFLAGS=''
LDFLAGS_FOR_BUILD=''
LDFLAGS_FOR_TARGET=''
LD_FOR_BUILD='ld'
LD_FOR_TARGET='/Volumes/ESPTools/esp-open-sdk/crosstool-NG/.build/xtensa-lx106-elf/buildtools/lib/gcc/xtensa-lx106-elf/4.8.2/../../../../xtensa-lx106-elf/bin/ld'
LEX='flex'
LIBOBJS=''
LIBS=''
LIPO='x86_64-build_apple-darwin14.0.0-lipo'
LIPO_FOR_TARGET='xtensa-lx106-elf-lipo'
LN='ln'
LN_S='ln -s'
LTLIBOBJS=''
M4='gm4'
MAINT='#'
MAINTAINER_MODE_FALSE=''
MAINTAINER_MODE_TRUE='#'
MAKEINFO='makeinfo'
NM='x86_64-build_apple-darwin14.0.0-nm'
NM_FOR_BUILD='nm'
NM_FOR_TARGET='xtensa-lx106-elf-nm'
OBJCOPY='x86_64-build_apple-darwin14.0.0-objcopy'
OBJDUMP='x86_64-build_apple-darwin14.0.0-objdump'
OBJDUMP_FOR_TARGET='xtensa-lx106-elf-objdump'
OBJEXT='o'
PACKAGE_BUGREPORT=''
PACKAGE_NAME=''
PACKAGE_STRING=''
PACKAGE_TARNAME=''
PACKAGE_URL=''
PACKAGE_VERSION=''
PATH_SEPARATOR=':'
RANLIB='xtensa-lx106-elf-ranlib'
RANLIB_FOR_BUILD='ranlib'
RANLIB_FOR_TARGET='/Volumes/ESPTools/esp-open-sdk/crosstool-NG/.build/xtensa-lx106-elf/buildtools/lib/gcc/xtensa-lx106-elf/4.8.2/../../../../xtensa-lx106-elf/bin/ranlib'
RAW_CXX_FOR_TARGET='xtensa-lx106-elf-c++'
READELF='x86_64-build_apple-darwin14.0.0-readelf'
READELF_FOR_TARGET='xtensa-lx106-elf-readelf'
RPATH_ENVVAR='DYLD_LIBRARY_PATH'
RUNTEST='runtest'
SED='/Volumes/ESPTools/esp-open-sdk/crosstool-NG/.build/tools/bin/sed'
SHELL='/bin/bash'
STRIP='x86_64-build_apple-darwin14.0.0-strip'
STRIP_FOR_TARGET='/Volumes/ESPTools/esp-open-sdk/crosstool-NG/.build/xtensa-lx106-elf/buildtools/lib/gcc/xtensa-lx106-elf/4.8.2/../../../../xtensa-lx106-elf/bin/strip'
SYSROOT_CFLAGS_FOR_TARGET=''
TOPLEVEL_CONFIGURE_ARGUMENTS='/Volumes/ESPTools/esp-open-sdk/crosstool-NG/.build/src/newlib-2.0.0/configure --host=x86_64-build_apple-darwin14.0.0 --target=xtensa-lx106-elf --prefix=/esptools/esp-open-sdk/xtensa-lx106-elf --disable-newlib-io-c99-formats --disable-newlib-io-long-long --disable-newlib-io-float --disable-newlib-io-long-double --enable-newlib-supplied-syscalls --enable-target-optspace'
WINDMC='x86_64-build_apple-darwin14.0.0-windmc'
WINDMC_FOR_BUILD='windmc'
WINDMC_FOR_TARGET='xtensa-lx106-elf-windmc'
WINDRES='x86_64-build_apple-darwin14.0.0-windres'
WINDRES_FOR_BUILD='windres'
WINDRES_FOR_TARGET='xtensa-lx106-elf-windres'
YACC='bison -y'
ac_ct_CC=''
ac_ct_CXX=''
bindir='${exec_prefix}/bin'
build='x86_64-apple-darwin14.0.0'
build_alias=''
build_configargs=' --cache-file=../config.cache '\''--prefix=/esptools/esp-open-sdk/xtensa-lx106-elf'\'' '\''--disable-newlib-io-c99-formats'\'' '\''--disable-newlib-io-long-long'\'' '\''--disable-newlib-io-float'\'' '\''--disable-newlib-io-long-double'\'' '\''--enable-newlib-supplied-syscalls'\'' '\''--enable-target-optspace'\'' --program-transform-name='\''s&^&xtensa-lx106-elf-&'\'' --disable-option-checking'
build_configdirs=''
build_cpu='x86_64'
build_libsubdir='build-x86_64-apple-darwin14.0.0'
build_noncanonical='x86_64-apple-darwin14.0.0'
build_os='darwin14.0.0'
build_subdir='build-x86_64-apple-darwin14.0.0'
build_tooldir='${exec_prefix}/xtensa-lx106-elf'
build_vendor='apple'
clooginc=''
clooglibs=''
compare_exclusions='gcc/cc*-checksum$(objext) | gcc/ada/*tools/*'
configdirs=' etc'
datadir='${datarootdir}'
datarootdir='${prefix}/share'
do_compare='cmp --ignore-initial=16 $$f1 $$f2'
docdir='${datarootdir}/doc/${PACKAGE}'
dvidir='${docdir}'
exec_prefix='${prefix}'
extra_host_libiberty_configure_flags=''
extra_isl_gmp_configure_flags=''
extra_mpc_gmp_configure_flags=''
extra_mpc_mpfr_configure_flags=''
extra_mpfr_configure_flags=''
gmpinc=''
gmplibs='-lmpc -lmpfr -lgmp'
host='x86_64-build_apple-darwin14.0.0'
host_alias='x86_64-build_apple-darwin14.0.0'
host_configargs=' --cache-file=./config.cache  --with-system-zlib --with-newlib '\''--prefix=/esptools/esp-open-sdk/xtensa-lx106-elf'\'' '\''--disable-newlib-io-c99-formats'\'' '\''--disable-newlib-io-long-long'\'' '\''--disable-newlib-io-float'\'' '\''--disable-newlib-io-long-double'\'' '\''--enable-newlib-supplied-syscalls'\'' '\''--enable-target-optspace'\'' --program-transform-name='\''s&^&xtensa-lx106-elf-&'\'' --disable-option-checking'
host_cpu='x86_64'
host_noncanonical='x86_64-build_apple-darwin14.0.0'
host_os='darwin14.0.0'
host_subdir='.'
host_vendor='build_apple'
htmldir='${docdir}'
includedir='${prefix}/include'
infodir='${datarootdir}/info'
islinc=''
libdir='${exec_prefix}/lib'
libexecdir='${exec_prefix}/libexec'
localedir='${datarootdir}/locale'
localstatedir='${prefix}/var'
mandir='${datarootdir}/man'
oldincludedir='/usr/include'
pdfdir='${docdir}'
poststage1_ldflags='-static-libstdc++ -static-libgcc'
poststage1_libs=''
prefix='/esptools/esp-open-sdk/xtensa-lx106-elf'
program_transform_name='s&^&xtensa-lx106-elf-&'
psdir='${docdir}'
sbindir='${exec_prefix}/sbin'
sharedstatedir='${prefix}/com'
stage1_cflags='-g'
stage1_checking='--enable-checking=yes,types'
stage1_languages=',c,'
stage1_ldflags=''
stage1_libs=''
stage2_werror_flag=''
sysconfdir='${prefix}/etc'
target='xtensa-lx106-elf'
target_alias='xtensa-lx106-elf'
target_configargs='--cache-file=./config.cache --with-newlib --enable-multilib --with-cross-host=x86_64-build_apple-darwin14.0.0   '\''--prefix=/esptools/esp-open-sdk/xtensa-lx106-elf'\'' '\''--disable-newlib-io-c99-formats'\'' '\''--disable-newlib-io-long-long'\'' '\''--disable-newlib-io-float'\'' '\''--disable-newlib-io-long-double'\'' '\''--enable-newlib-supplied-syscalls'\'' '\''--enable-target-optspace'\'' --program-transform-name='\''s&^&xtensa-lx106-elf-&'\'' --disable-option-checking'
target_configdirs=' newlib'
target_cpu='xtensa'
target_noncanonical='xtensa-lx106-elf'
target_os='elf'
target_subdir='xtensa-lx106-elf'
target_vendor='lx106'
tooldir='${exec_prefix}/xtensa-lx106-elf'

## ------------------- ##
## File substitutions. ##
## ------------------- ##

alphaieee_frag='/dev/null'
host_makefile_frag='/Volumes/ESPTools/esp-open-sdk/crosstool-NG/.build/src/newlib-2.0.0/config/mh-darwin'
ospace_frag='/Volumes/ESPTools/esp-open-sdk/crosstool-NG/.build/src/newlib-2.0.0/config/mt-ospace'
serialization_dependencies='serdep.tmp'
target_makefile_frag='/dev/null'

## ----------- ##
## confdefs.h. ##
## ----------- ##

/* confdefs.h */
#define PACKAGE_NAME ""
#define PACKAGE_TARNAME ""
#define PACKAGE_VERSION ""
#define PACKAGE_STRING ""
#define PACKAGE_BUGREPORT ""
#define PACKAGE_URL ""
#define LT_OBJDIR ".libs/"

configure: exit 0
