This file contains any messages produced by compilers while
running configure, to aid debugging if configure makes a mistake.

It was created by lx106-hal configure rc-2010.1, which was
generated by GNU Autoconf 2.69.  Invocation command line was

  $ ./configure --host=xtensa-lx106-elf --prefix=/esptools/esp-open-sdk/xtensa-lx106-elf/xtensa-lx106-elf/sysroot/usr

## --------- ##
## Platform. ##
## --------- ##

hostname = Macintosh-2.local
uname -m = x86_64
uname -r = 14.0.0
uname -s = Darwin
uname -v = Darwin Kernel Version 14.0.0: Fri Sep 19 00:26:44 PDT 2014; root:xnu-2782.1.97~2/RELEASE_X86_64

/usr/bin/uname -p = i386
/bin/uname -X     = unknown

/bin/arch              = unknown
/usr/bin/arch -k       = unknown
/usr/convex/getsysinfo = unknown
/usr/bin/hostinfo      = Mach kernel version:
	 Darwin Kernel Version 14.0.0: Fri Sep 19 00:26:44 PDT 2014; root:xnu-2782.1.97~2/RELEASE_X86_64
Kernel configured for up to 8 processors.
4 processors are physically available.
8 processors are logically available.
Processor type: i486 (Intel 80486)
Processors active: 0 1 2 3 4 5 6 7
Primary memory available: 16.00 gigabytes
Default processor set: 311 tasks, 1670 threads, 8 processors
Load average: 2.71, Mach factor: 5.37
/bin/machine           = unknown
/usr/bin/oslevel       = unknown
/bin/universe          = unknown

PATH: /esptools/esp-open-sdk/xtensa-lx106-elf/bin
PATH: /opt/local/bin
PATH: /opt/local/sbin
PATH: /opt/local/bin
PATH: /opt/local/sbin
PATH: /usr/bin
PATH: /bin
PATH: /usr/sbin
PATH: /sbin
PATH: /usr/local/bin
PATH: /opt/local/bin/
PATH: /opt/X11/bin
PATH: /usr/local/git/bin
PATH: /usr/local/MacGPG2/bin


## ----------- ##
## Core tests. ##
## ----------- ##

configure:1855: checking for a BSD-compatible install
configure:1923: result: /usr/bin/install -c
configure:1934: checking whether build environment is sane
configure:1989: result: yes
configure:2048: checking for xtensa-lx106-elf-strip
configure:2064: found /esptools/esp-open-sdk/xtensa-lx106-elf/bin/xtensa-lx106-elf-strip
configure:2075: result: xtensa-lx106-elf-strip
configure:2140: checking for a thread-safe mkdir -p
configure:2179: result: build-aux/install-sh -c -d
configure:2186: checking for gawk
configure:2202: found /opt/local/bin/gawk
configure:2213: result: gawk
configure:2224: checking whether make sets $(MAKE)
configure:2246: result: yes
configure:2275: checking whether make supports nested variables
configure:2292: result: yes
configure:2426: checking build system type
configure:2440: result: x86_64-apple-darwin14.0.0
configure:2460: checking host system type
configure:2473: result: xtensa-lx106-elf
configure:2509: checking for style of include used by make
configure:2537: result: GNU
configure:2568: checking for xtensa-lx106-elf-gcc
configure:2584: found /esptools/esp-open-sdk/xtensa-lx106-elf/bin/xtensa-lx106-elf-gcc
configure:2595: result: xtensa-lx106-elf-gcc
configure:2864: checking for C compiler version
configure:2873: xtensa-lx106-elf-gcc --version >&5
xtensa-lx106-elf-gcc (crosstool-NG 1.20.0) 4.8.2
Copyright (C) 2013 Free Software Foundation, Inc.
This is free software; see the source for copying conditions.  There is NO
warranty; not even for MERCHANTABILITY or FITNESS FOR A PARTICULAR PURPOSE.

configure:2884: $? = 0
configure:2873: xtensa-lx106-elf-gcc -v >&5
Using built-in specs.
COLLECT_GCC=xtensa-lx106-elf-gcc
COLLECT_LTO_WRAPPER=/Volumes/ESPTools/esp-open-sdk/xtensa-lx106-elf/bin/../libexec/gcc/xtensa-lx106-elf/4.8.2/lto-wrapper
Target: xtensa-lx106-elf
Configured with: /Volumes/ESPTools/esp-open-sdk/crosstool-NG/.build/src/gcc-4.8.2/configure --build=x86_64-build_apple-darwin14.0.0 --host=x86_64-build_apple-darwin14.0.0 --target=xtensa-lx106-elf --prefix=/esptools/esp-open-sdk/xtensa-lx106-elf --with-local-prefix=/esptools/esp-open-sdk/xtensa-lx106-elf/xtensa-lx106-elf/sysroot --disable-libmudflap --with-sysroot=/esptools/esp-open-sdk/xtensa-lx106-elf/xtensa-lx106-elf/sysroot --with-newlib --enable-threads=no --disable-shared --with-pkgversion='crosstool-NG 1.20.0' --disable-__cxa_atexit --with-gmp=/Volumes/ESPTools/esp-open-sdk/crosstool-NG/.build/xtensa-lx106-elf/buildtools --with-mpfr=/Volumes/ESPTools/esp-open-sdk/crosstool-NG/.build/xtensa-lx106-elf/buildtools --with-mpc=/Volumes/ESPTools/esp-open-sdk/crosstool-NG/.build/xtensa-lx106-elf/buildtools --with-isl=/Volumes/ESPTools/esp-open-sdk/crosstool-NG/.build/xtensa-lx106-elf/buildtools --with-cloog=/Volumes/ESPTools/esp-open-sdk/crosstool-NG/.build/xtensa-lx106-elf/buildtools --with-libelf=/Volumes/ESPTools/esp-open-sdk/crosstool-NG/.build/xtensa-lx106-elf/buildtools --enable-lto --enable-target-optspace --disable-libgomp --disable-libmudflap --disable-nls --disable-multilib --enable-languages=c,c++
Thread model: single
gcc version 4.8.2 (crosstool-NG 1.20.0) 
configure:2884: $? = 0
configure:2873: xtensa-lx106-elf-gcc -V >&5
xtensa-lx106-elf-gcc: error: unrecognized command line option '-V'
xtensa-lx106-elf-gcc: fatal error: no input files
compilation terminated.
configure:2884: $? = 1
configure:2873: xtensa-lx106-elf-gcc -qversion >&5
xtensa-lx106-elf-gcc: error: unrecognized command line option '-qversion'
xtensa-lx106-elf-gcc: fatal error: no input files
compilation terminated.
configure:2884: $? = 1
configure:2904: checking whether the C compiler works
configure:2926: xtensa-lx106-elf-gcc -mlongcalls  -nostdlib conftest.c  >&5
/Volumes/ESPTools/esp-open-sdk/xtensa-lx106-elf/bin/../lib/gcc/xtensa-lx106-elf/4.8.2/../../../../xtensa-lx106-elf/bin/ld: warning: cannot find entry symbol _start; defaulting to 0000000000400054
configure:2930: $? = 0
configure:2978: result: yes
configure:2981: checking for C compiler default output file name
configure:2983: result: a.out
configure:2989: checking for suffix of executables
configure:2996: xtensa-lx106-elf-gcc -o conftest -mlongcalls  -nostdlib conftest.c  >&5
/Volumes/ESPTools/esp-open-sdk/xtensa-lx106-elf/bin/../lib/gcc/xtensa-lx106-elf/4.8.2/../../../../xtensa-lx106-elf/bin/ld: warning: cannot find entry symbol _start; defaulting to 0000000000400054
configure:3000: $? = 0
configure:3022: result: 
configure:3044: checking whether we are cross compiling
configure:3052: xtensa-lx106-elf-gcc -o conftest -mlongcalls  -nostdlib conftest.c  >&5
/Volumes/ESPTools/esp-open-sdk/xtensa-lx106-elf/bin/../lib/gcc/xtensa-lx106-elf/4.8.2/../../../../xtensa-lx106-elf/bin/ld: warning: cannot find entry symbol _start; defaulting to 0000000000400074
/var/folders/7w/ts_b1n417l73hs53v16rvz140000gn/T//ccZtHlTh.o:(.literal+0x8): undefined reference to `fopen'
/var/folders/7w/ts_b1n417l73hs53v16rvz140000gn/T//ccZtHlTh.o:(.literal+0xc): undefined reference to `fclose'
/var/folders/7w/ts_b1n417l73hs53v16rvz140000gn/T//ccZtHlTh.o: In function `main':
conftest.c:(.text+0xf): undefined reference to `fopen'
conftest.c:(.text+0x30): undefined reference to `fclose'
collect2: error: ld returned 1 exit status
configure:3056: $? = 1
configure:3063: ./conftest
./configure: line 3065: ./conftest: No such file or directory
configure:3067: $? = 127
configure:3082: result: yes
configure:3087: checking for suffix of object files
configure:3109: xtensa-lx106-elf-gcc -c -mlongcalls  conftest.c >&5
configure:3113: $? = 0
configure:3134: result: o
configure:3138: checking whether we are using the GNU C compiler
configure:3157: xtensa-lx106-elf-gcc -c -mlongcalls  conftest.c >&5
configure:3157: $? = 0
configure:3166: result: yes
configure:3175: checking whether xtensa-lx106-elf-gcc accepts -g
configure:3195: xtensa-lx106-elf-gcc -c -g  conftest.c >&5
configure:3195: $? = 0
configure:3236: result: yes
configure:3253: checking for xtensa-lx106-elf-gcc option to accept ISO C89
configure:3316: xtensa-lx106-elf-gcc  -c -mlongcalls  conftest.c >&5
configure:3316: $? = 0
configure:3329: result: none needed
configure:3354: checking whether xtensa-lx106-elf-gcc understands -c and -o together
configure:3376: xtensa-lx106-elf-gcc -c conftest.c -o conftest2.o
configure:3379: $? = 0
configure:3376: xtensa-lx106-elf-gcc -c conftest.c -o conftest2.o
configure:3379: $? = 0
configure:3391: result: yes
configure:3410: checking dependency style of xtensa-lx106-elf-gcc
configure:3521: result: gcc3
configure:3545: checking dependency style of xtensa-lx106-elf-gcc
configure:3654: result: gcc3
configure:3675: checking for xtensa-lx106-elf-ar
configure:3691: found /esptools/esp-open-sdk/xtensa-lx106-elf/bin/xtensa-lx106-elf-ar
configure:3702: result: xtensa-lx106-elf-ar
configure:3772: checking the archiver (xtensa-lx106-elf-ar) interface
configure:3788: xtensa-lx106-elf-gcc -c -mlongcalls  conftest.c >&5
configure:3788: $? = 0
configure:3790: xtensa-lx106-elf-ar cru libconftest.a conftest.o >&5
configure:3793: $? = 0
configure:3821: result: ar
configure:3849: checking for xtensa-lx106-elf-gcc
configure:3876: result: xtensa-lx106-elf-gcc
configure:4145: checking for C compiler version
configure:4154: xtensa-lx106-elf-gcc --version >&5
xtensa-lx106-elf-gcc (crosstool-NG 1.20.0) 4.8.2
Copyright (C) 2013 Free Software Foundation, Inc.
This is free software; see the source for copying conditions.  There is NO
warranty; not even for MERCHANTABILITY or FITNESS FOR A PARTICULAR PURPOSE.

configure:4165: $? = 0
configure:4154: xtensa-lx106-elf-gcc -v >&5
Using built-in specs.
COLLECT_GCC=xtensa-lx106-elf-gcc
COLLECT_LTO_WRAPPER=/Volumes/ESPTools/esp-open-sdk/xtensa-lx106-elf/bin/../libexec/gcc/xtensa-lx106-elf/4.8.2/lto-wrapper
Target: xtensa-lx106-elf
Configured with: /Volumes/ESPTools/esp-open-sdk/crosstool-NG/.build/src/gcc-4.8.2/configure --build=x86_64-build_apple-darwin14.0.0 --host=x86_64-build_apple-darwin14.0.0 --target=xtensa-lx106-elf --prefix=/esptools/esp-open-sdk/xtensa-lx106-elf --with-local-prefix=/esptools/esp-open-sdk/xtensa-lx106-elf/xtensa-lx106-elf/sysroot --disable-libmudflap --with-sysroot=/esptools/esp-open-sdk/xtensa-lx106-elf/xtensa-lx106-elf/sysroot --with-newlib --enable-threads=no --disable-shared --with-pkgversion='crosstool-NG 1.20.0' --disable-__cxa_atexit --with-gmp=/Volumes/ESPTools/esp-open-sdk/crosstool-NG/.build/xtensa-lx106-elf/buildtools --with-mpfr=/Volumes/ESPTools/esp-open-sdk/crosstool-NG/.build/xtensa-lx106-elf/buildtools --with-mpc=/Volumes/ESPTools/esp-open-sdk/crosstool-NG/.build/xtensa-lx106-elf/buildtools --with-isl=/Volumes/ESPTools/esp-open-sdk/crosstool-NG/.build/xtensa-lx106-elf/buildtools --with-cloog=/Volumes/ESPTools/esp-open-sdk/crosstool-NG/.build/xtensa-lx106-elf/buildtools --with-libelf=/Volumes/ESPTools/esp-open-sdk/crosstool-NG/.build/xtensa-lx106-elf/buildtools --enable-lto --enable-target-optspace --disable-libgomp --disable-libmudflap --disable-nls --disable-multilib --enable-languages=c,c++
Thread model: single
gcc version 4.8.2 (crosstool-NG 1.20.0) 
configure:4165: $? = 0
configure:4154: xtensa-lx106-elf-gcc -V >&5
xtensa-lx106-elf-gcc: error: unrecognized command line option '-V'
xtensa-lx106-elf-gcc: fatal error: no input files
compilation terminated.
configure:4165: $? = 1
configure:4154: xtensa-lx106-elf-gcc -qversion >&5
xtensa-lx106-elf-gcc: error: unrecognized command line option '-qversion'
xtensa-lx106-elf-gcc: fatal error: no input files
compilation terminated.
configure:4165: $? = 1
configure:4169: checking whether we are using the GNU C compiler
configure:4197: result: yes
configure:4206: checking whether xtensa-lx106-elf-gcc accepts -g
configure:4267: result: yes
configure:4284: checking for xtensa-lx106-elf-gcc option to accept ISO C89
configure:4360: result: none needed
configure:4385: checking whether xtensa-lx106-elf-gcc understands -c and -o together
configure:4422: result: yes
configure:4441: checking dependency style of xtensa-lx106-elf-gcc
configure:4552: result: gcc3
configure:4570: checking for xtensa-lx106-elf-ranlib
configure:4586: found /esptools/esp-open-sdk/xtensa-lx106-elf/bin/xtensa-lx106-elf-ranlib
configure:4597: result: xtensa-lx106-elf-ranlib
configure:4660: checking for call0 ABI
configure:4677: xtensa-lx106-elf-gcc -c -mlongcalls  conftest.c >&5
configure:4677: $? = 0
configure:4683: result: yes
configure:4807: checking that generated files are newer than configure
configure:4813: result: done
configure:4848: creating ./config.status

## ---------------------- ##
## Running config.status. ##
## ---------------------- ##

This file was extended by lx106-hal config.status rc-2010.1, which was
generated by GNU Autoconf 2.69.  Invocation command line was

  CONFIG_FILES    = 
  CONFIG_HEADERS  = 
  CONFIG_LINKS    = 
  CONFIG_COMMANDS = 
  $ ./config.status 

on Macintosh-2.local

config.status:859: creating Makefile
config.status:859: creating include/Makefile
config.status:859: creating src/Makefile
config.status:859: creating src/config.h
config.status:1088: executing depfiles commands

## ---------------- ##
## Cache variables. ##
## ---------------- ##

ac_cv_build=x86_64-apple-darwin14.0.0
ac_cv_c_compiler_gnu=yes
ac_cv_env_CCASFLAGS_set=
ac_cv_env_CCASFLAGS_value=
ac_cv_env_CCAS_set=
ac_cv_env_CCAS_value=
ac_cv_env_CC_set=
ac_cv_env_CC_value=
ac_cv_env_CFLAGS_set=
ac_cv_env_CFLAGS_value=
ac_cv_env_CPPFLAGS_set=
ac_cv_env_CPPFLAGS_value=
ac_cv_env_LDFLAGS_set=
ac_cv_env_LDFLAGS_value=
ac_cv_env_LIBS_set=
ac_cv_env_LIBS_value=
ac_cv_env_build_alias_set=
ac_cv_env_build_alias_value=
ac_cv_env_host_alias_set=set
ac_cv_env_host_alias_value=xtensa-lx106-elf
ac_cv_env_target_alias_set=
ac_cv_env_target_alias_value=
ac_cv_host=xtensa-lx106-elf
ac_cv_objext=o
ac_cv_path_install='/usr/bin/install -c'
ac_cv_prog_AR=xtensa-lx106-elf-ar
ac_cv_prog_AWK=gawk
ac_cv_prog_CC=xtensa-lx106-elf-gcc
ac_cv_prog_RANLIB=xtensa-lx106-elf-ranlib
ac_cv_prog_STRIP=xtensa-lx106-elf-strip
ac_cv_prog_cc_c89=
ac_cv_prog_cc_g=yes
ac_cv_prog_make_make_set=yes
am_cv_CCAS_dependencies_compiler_type=gcc3
am_cv_CC_dependencies_compiler_type=gcc3
am_cv_ar_interface=ar
am_cv_make_support_nested_variables=yes
am_cv_prog_cc_c_o=yes

## ----------------- ##
## Output variables. ##
## ----------------- ##

ACLOCAL='${SHELL} /Volumes/ESPTools/esp-open-sdk/lx106-hal/build-aux/missing aclocal-1.15'
AMDEPBACKSLASH='\'
AMDEP_FALSE='#'
AMDEP_TRUE=''
AMTAR='$${TAR-tar}'
AM_BACKSLASH='\'
AM_DEFAULT_V='$(AM_DEFAULT_VERBOSITY)'
AM_DEFAULT_VERBOSITY='1'
AM_V='$(V)'
AR='xtensa-lx106-elf-ar'
AUTOCONF='${SHELL} /Volumes/ESPTools/esp-open-sdk/lx106-hal/build-aux/missing autoconf'
AUTOHEADER='${SHELL} /Volumes/ESPTools/esp-open-sdk/lx106-hal/build-aux/missing autoheader'
AUTOMAKE='${SHELL} /Volumes/ESPTools/esp-open-sdk/lx106-hal/build-aux/missing automake-1.15'
AWK='gawk'
CC='xtensa-lx106-elf-gcc'
CCAS='xtensa-lx106-elf-gcc'
CCASDEPMODE='depmode=gcc3'
CCASFLAGS='-mlongcalls'
CCDEPMODE='depmode=gcc3'
CFLAGS='-mlongcalls'
CPPFLAGS='-I${top_srcdir}/include'
CYGPATH_W='echo'
DEFS='-DHAVE_CONFIG_H'
DEPDIR='.deps'
ECHO_C='\c'
ECHO_N=''
ECHO_T=''
EXEEXT=''
INSTALL_DATA='${INSTALL} -m 644'
INSTALL_PROGRAM='${INSTALL}'
INSTALL_SCRIPT='${INSTALL}'
INSTALL_STRIP_PROGRAM='$(install_sh) -c -s'
LDFLAGS='-nostdlib'
LIBOBJS=''
LIBS=''
LTLIBOBJS=''
MAKEINFO='${SHELL} /Volumes/ESPTools/esp-open-sdk/lx106-hal/build-aux/missing makeinfo'
MKDIR_P='build-aux/install-sh -c -d'
OBJEXT='o'
PACKAGE='lx106-hal'
PACKAGE_BUGREPORT=''
PACKAGE_NAME='lx106-hal'
PACKAGE_STRING='lx106-hal rc-2010.1'
PACKAGE_TARNAME='lx106-hal'
PACKAGE_URL=''
PACKAGE_VERSION='rc-2010.1'
PATH_SEPARATOR=':'
RANLIB='xtensa-lx106-elf-ranlib'
SET_MAKE=''
SHELL='/bin/sh'
STRIP='xtensa-lx106-elf-strip'
VERSION='rc-2010.1'
XTENSA_CALL0_ABI_FALSE='#'
XTENSA_CALL0_ABI_TRUE=''
ac_ct_AR=''
ac_ct_CC=''
am__EXEEXT_FALSE=''
am__EXEEXT_TRUE='#'
am__fastdepCCAS_FALSE='#'
am__fastdepCCAS_TRUE=''
am__fastdepCC_FALSE='#'
am__fastdepCC_TRUE=''
am__include='include'
am__isrc=''
am__leading_dot='.'
am__nodep='_no'
am__quote=''
am__tar='$${TAR-tar} chof - "$$tardir"'
am__untar='$${TAR-tar} xf -'
bindir='${exec_prefix}/bin'
build='x86_64-apple-darwin14.0.0'
build_alias=''
build_cpu='x86_64'
build_os='darwin14.0.0'
build_vendor='apple'
datadir='${datarootdir}'
datarootdir='${prefix}/share'
docdir='${datarootdir}/doc/${PACKAGE_TARNAME}'
dvidir='${docdir}'
exec_prefix='${prefix}'
host='xtensa-lx106-elf'
host_alias='xtensa-lx106-elf'
host_cpu='xtensa'
host_os='elf'
host_vendor='lx106'
htmldir='${docdir}'
includedir='${prefix}/include'
infodir='${datarootdir}/info'
install_sh='${SHELL} /Volumes/ESPTools/esp-open-sdk/lx106-hal/build-aux/install-sh'
libdir='${exec_prefix}/lib'
libexecdir='${exec_prefix}/libexec'
localedir='${datarootdir}/locale'
localstatedir='${prefix}/var'
mandir='${datarootdir}/man'
mkdir_p='$(MKDIR_P)'
oldincludedir='/usr/include'
pdfdir='${docdir}'
prefix='/esptools/esp-open-sdk/xtensa-lx106-elf/xtensa-lx106-elf/sysroot/usr'
program_transform_name='s,x,x,'
psdir='${docdir}'
sbindir='${exec_prefix}/sbin'
sharedstatedir='${prefix}/com'
sysconfdir='${prefix}/etc'
target_alias=''

## ----------- ##
## confdefs.h. ##
## ----------- ##

/* confdefs.h */
#define PACKAGE_NAME "lx106-hal"
#define PACKAGE_TARNAME "lx106-hal"
#define PACKAGE_VERSION "rc-2010.1"
#define PACKAGE_STRING "lx106-hal rc-2010.1"
#define PACKAGE_BUGREPORT ""
#define PACKAGE_URL ""
#define PACKAGE "lx106-hal"
#define VERSION "rc-2010.1"

configure: exit 0
