This file contains any messages produced by compilers while
running configure, to aid debugging if configure makes a mistake.

It was created by configure, which was
generated by GNU Autoconf 2.64.  Invocation command line was

  $ /Volumes/ESPTools/esp-open-sdk/crosstool-NG/.build/src/gcc-4.8.2/configure --build=x86_64-build_apple-darwin14.0.0 --host=x86_64-build_apple-darwin14.0.0 --target=xtensa-lx106-elf --prefix=/Volumes/ESPTools/esp-open-sdk/crosstool-NG/.build/xtensa-lx106-elf/buildtools --with-local-prefix=/esptools/esp-open-sdk/xtensa-lx106-elf/xtensa-lx106-elf/sysroot --disable-libmudflap --with-sysroot=/esptools/esp-open-sdk/xtensa-lx106-elf/xtensa-lx106-elf/sysroot --with-newlib --enable-threads=no --disable-shared --with-pkgversion=crosstool-NG 1.20.0 --disable-__cxa_atexit --with-gmp=/Volumes/ESPTools/esp-open-sdk/crosstool-NG/.build/xtensa-lx106-elf/buildtools --with-mpfr=/Volumes/ESPTools/esp-open-sdk/crosstool-NG/.build/xtensa-lx106-elf/buildtools --with-mpc=/Volumes/ESPTools/esp-open-sdk/crosstool-NG/.build/xtensa-lx106-elf/buildtools --with-isl=/Volumes/ESPTools/esp-open-sdk/crosstool-NG/.build/xtensa-lx106-elf/buildtools --with-cloog=/Volumes/ESPTools/esp-open-sdk/crosstool-NG/.build/xtensa-lx106-elf/buildtools --with-libelf=/Volumes/ESPTools/esp-open-sdk/crosstool-NG/.build/xtensa-lx106-elf/buildtools --enable-lto --enable-target-optspace --disable-libgomp --disable-libmudflap --disable-nls --disable-multilib --enable-languages=c

## --------- ##
## Platform. ##
## --------- ##

hostname = Macintosh-2.local
uname -m = x86_64
uname -r = 14.0.0
uname -s = Darwin
uname -v = Darwin Kernel Version 14.0.0: Fri Sep 19 00:26:44 PDT 2014; root:xnu-2782.1.97~2/RELEASE_X86_64

/usr/bin/uname -p = i386
/bin/uname -X     = unknown

/bin/arch              = unknown
/usr/bin/arch -k       = unknown
/usr/convex/getsysinfo = unknown
/usr/bin/hostinfo      = Mach kernel version:
	 Darwin Kernel Version 14.0.0: Fri Sep 19 00:26:44 PDT 2014; root:xnu-2782.1.97~2/RELEASE_X86_64
Kernel configured for up to 8 processors.
4 processors are physically available.
8 processors are logically available.
Processor type: i486 (Intel 80486)
Processors active: 0 1 2 3 4 5 6 7
Primary memory available: 16.00 gigabytes
Default processor set: 309 tasks, 1622 threads, 8 processors
Load average: 2.58, Mach factor: 5.43
/bin/machine           = unknown
/usr/bin/oslevel       = unknown
/bin/universe          = unknown

PATH: /esptools/esp-open-sdk/xtensa-lx106-elf/bin
PATH: /Volumes/ESPTools/esp-open-sdk/crosstool-NG/.build/xtensa-lx106-elf/buildtools/bin
PATH: /Volumes/ESPTools/esp-open-sdk/crosstool-NG/.build/tools/bin
PATH: /opt/local/bin
PATH: /opt/local/sbin
PATH: /opt/local/bin
PATH: /opt/local/sbin
PATH: /usr/bin
PATH: /bin
PATH: /usr/sbin
PATH: /sbin
PATH: /usr/local/bin
PATH: /opt/local/bin/
PATH: /opt/X11/bin
PATH: /usr/local/git/bin
PATH: /usr/local/MacGPG2/bin


## ----------- ##
## Core tests. ##
## ----------- ##

configure:2317: checking build system type
configure:2331: result: x86_64-build_apple-darwin14.0.0
configure:2378: checking host system type
configure:2391: result: x86_64-build_apple-darwin14.0.0
configure:2411: checking target system type
configure:2424: result: xtensa-lx106-elf
configure:2478: checking for a BSD-compatible install
configure:2546: result: /Volumes/ESPTools/esp-open-sdk/crosstool-NG/.build/tools/bin/install -c
configure:2557: checking whether ln works
configure:2579: result: yes
configure:2583: checking whether ln -s works
configure:2587: result: yes
configure:2594: checking for a sed that does not truncate output
configure:2658: result: /Volumes/ESPTools/esp-open-sdk/crosstool-NG/.build/tools/bin/sed
configure:2667: checking for gawk
configure:2683: found /opt/local/bin/gawk
configure:2694: result: gawk
configure:3164: checking for libatomic support
configure:3170: result: no
configure:3183: checking for libitm support
configure:3189: result: no
configure:3202: checking for libsanitizer support
configure:3208: result: no
configure:3896: checking for x86_64-build_apple-darwin14.0.0-gcc
configure:3912: found /Volumes/ESPTools/esp-open-sdk/crosstool-NG/.build/xtensa-lx106-elf/buildtools/bin/x86_64-build_apple-darwin14.0.0-gcc
configure:3923: result: x86_64-build_apple-darwin14.0.0-gcc
configure:4192: checking for C compiler version
configure:4201: x86_64-build_apple-darwin14.0.0-gcc --version >&5
Apple LLVM version 6.0 (clang-600.0.57) (based on LLVM 3.5svn)
Target: x86_64-apple-darwin14.0.0
Thread model: posix
Configured with: --prefix=/Applications/Xcode.app/Contents/Developer/usr --with-gxx-include-dir=/usr/include/c++/4.2.1
configure:4212: $? = 0
configure:4201: x86_64-build_apple-darwin14.0.0-gcc -v >&5
Configured with: --prefix=/Applications/Xcode.app/Contents/Developer/usr --with-gxx-include-dir=/usr/include/c++/4.2.1
Apple LLVM version 6.0 (clang-600.0.57) (based on LLVM 3.5svn)
Target: x86_64-apple-darwin14.0.0
Thread model: posix
configure:4212: $? = 0
configure:4201: x86_64-build_apple-darwin14.0.0-gcc -V >&5
clang: error: argument to '-V' is missing (expected 1 value)
clang: error: no input files
configure:4212: $? = 1
configure:4201: x86_64-build_apple-darwin14.0.0-gcc -qversion >&5
clang: error: unknown argument: '-qversion'
clang: error: no input files
configure:4212: $? = 1
configure:4232: checking for C compiler default output file name
configure:4254: x86_64-build_apple-darwin14.0.0-gcc -O2 -g -pipe     -lstdc++ -lm conftest.c  >&5
configure:4258: $? = 0
configure:4295: result: a.out
configure:4311: checking whether the C compiler works
configure:4320: ./a.out
configure:4324: $? = 0
configure:4339: result: yes
configure:4346: checking whether we are cross compiling
configure:4348: result: no
configure:4351: checking for suffix of executables
configure:4358: x86_64-build_apple-darwin14.0.0-gcc -o conftest -O2 -g -pipe     -lstdc++ -lm conftest.c  >&5
configure:4362: $? = 0
configure:4384: result: 
configure:4390: checking for suffix of object files
configure:4412: x86_64-build_apple-darwin14.0.0-gcc -c -O2 -g -pipe   conftest.c >&5
configure:4416: $? = 0
configure:4437: result: o
configure:4441: checking whether we are using the GNU C compiler
configure:4460: x86_64-build_apple-darwin14.0.0-gcc -c -O2 -g -pipe   conftest.c >&5
configure:4460: $? = 0
configure:4469: result: yes
configure:4478: checking whether x86_64-build_apple-darwin14.0.0-gcc accepts -g
configure:4498: x86_64-build_apple-darwin14.0.0-gcc -c -g  conftest.c >&5
configure:4498: $? = 0
configure:4539: result: yes
configure:4556: checking for x86_64-build_apple-darwin14.0.0-gcc option to accept ISO C89
configure:4620: x86_64-build_apple-darwin14.0.0-gcc  -c -O2 -g -pipe   conftest.c >&5
configure:4620: $? = 0
configure:4633: result: none needed
configure:4667: checking for x86_64-build_apple-darwin14.0.0-g++
configure:4683: found /Volumes/ESPTools/esp-open-sdk/crosstool-NG/.build/xtensa-lx106-elf/buildtools/bin/x86_64-build_apple-darwin14.0.0-g++
configure:4694: result: x86_64-build_apple-darwin14.0.0-g++
configure:4765: checking for C++ compiler version
configure:4774: x86_64-build_apple-darwin14.0.0-g++ --version >&5
Apple LLVM version 6.0 (clang-600.0.57) (based on LLVM 3.5svn)
Target: x86_64-apple-darwin14.0.0
Thread model: posix
Configured with: --prefix=/Applications/Xcode.app/Contents/Developer/usr --with-gxx-include-dir=/usr/include/c++/4.2.1
configure:4785: $? = 0
configure:4774: x86_64-build_apple-darwin14.0.0-g++ -v >&5
Configured with: --prefix=/Applications/Xcode.app/Contents/Developer/usr --with-gxx-include-dir=/usr/include/c++/4.2.1
Apple LLVM version 6.0 (clang-600.0.57) (based on LLVM 3.5svn)
Target: x86_64-apple-darwin14.0.0
Thread model: posix
configure:4785: $? = 0
configure:4774: x86_64-build_apple-darwin14.0.0-g++ -V >&5
clang: error: argument to '-V' is missing (expected 1 value)
clang: error: no input files
configure:4785: $? = 1
configure:4774: x86_64-build_apple-darwin14.0.0-g++ -qversion >&5
clang: error: unknown argument: '-qversion'
clang: error: no input files
configure:4785: $? = 1
configure:4789: checking whether we are using the GNU C++ compiler
configure:4808: x86_64-build_apple-darwin14.0.0-g++ -c -O2 -g -pipe   conftest.cpp >&5
configure:4808: $? = 0
configure:4817: result: yes
configure:4826: checking whether x86_64-build_apple-darwin14.0.0-g++ accepts -g
configure:4846: x86_64-build_apple-darwin14.0.0-g++ -c -g  conftest.cpp >&5
configure:4846: $? = 0
configure:4887: result: yes
configure:4936: checking whether g++ accepts -static-libstdc++ -static-libgcc
configure:4953: x86_64-build_apple-darwin14.0.0-g++ -o conftest -O2 -g -pipe     -lstdc++ -lm -static-libstdc++ -static-libgcc conftest.cpp  >&5
clang: error: unsupported option '-static-libgcc'
configure:4953: $? = 1
configure: failed program was:
| /* confdefs.h */
| #define PACKAGE_NAME ""
| #define PACKAGE_TARNAME ""
| #define PACKAGE_VERSION ""
| #define PACKAGE_STRING ""
| #define PACKAGE_BUGREPORT ""
| #define PACKAGE_URL ""
| /* end confdefs.h.  */
| 
| #if (__GNUC__ < 4) || (__GNUC__ == 4 && __GNUC_MINOR__ < 5)
| #error -static-libstdc++ not implemented
| #endif
| int main() {}
configure:4957: result: no
configure:4978: checking for x86_64-build_apple-darwin14.0.0-gnatbind
configure:5008: result: no
configure:5018: checking for gnatbind
configure:5048: result: no
configure:5070: checking for x86_64-build_apple-darwin14.0.0-gnatmake
configure:5100: result: no
configure:5110: checking for gnatmake
configure:5140: result: no
configure:5159: checking whether compiler driver understands Ada
configure:5182: result: no
configure:5191: checking how to compare bootstrapped objects
configure:5216: result: cmp --ignore-initial=16 $$f1 $$f2
configure:5270: checking for objdir
configure:5285: result: .libs
configure:5459: checking for the correct version of gmp.h
configure:5479: x86_64-build_apple-darwin14.0.0-gcc -c -O2 -g -pipe  -I/Volumes/ESPTools/esp-open-sdk/crosstool-NG/.build/xtensa-lx106-elf/buildtools/include -I/Volumes/ESPTools/esp-open-sdk/crosstool-NG/.build/xtensa-lx106-elf/buildtools/include -I/Volumes/ESPTools/esp-open-sdk/crosstool-NG/.build/xtensa-lx106-elf/buildtools/include   conftest.c >&5
configure:5479: $? = 0
configure:5497: x86_64-build_apple-darwin14.0.0-gcc -c -O2 -g -pipe  -I/Volumes/ESPTools/esp-open-sdk/crosstool-NG/.build/xtensa-lx106-elf/buildtools/include -I/Volumes/ESPTools/esp-open-sdk/crosstool-NG/.build/xtensa-lx106-elf/buildtools/include -I/Volumes/ESPTools/esp-open-sdk/crosstool-NG/.build/xtensa-lx106-elf/buildtools/include   conftest.c >&5
configure:5497: $? = 0
configure:5498: result: yes
configure:5514: checking for the correct version of mpfr.h
configure:5532: x86_64-build_apple-darwin14.0.0-gcc -c -O2 -g -pipe  -I/Volumes/ESPTools/esp-open-sdk/crosstool-NG/.build/xtensa-lx106-elf/buildtools/include -I/Volumes/ESPTools/esp-open-sdk/crosstool-NG/.build/xtensa-lx106-elf/buildtools/include -I/Volumes/ESPTools/esp-open-sdk/crosstool-NG/.build/xtensa-lx106-elf/buildtools/include   conftest.c >&5
configure:5532: $? = 0
configure:5549: x86_64-build_apple-darwin14.0.0-gcc -c -O2 -g -pipe  -I/Volumes/ESPTools/esp-open-sdk/crosstool-NG/.build/xtensa-lx106-elf/buildtools/include -I/Volumes/ESPTools/esp-open-sdk/crosstool-NG/.build/xtensa-lx106-elf/buildtools/include -I/Volumes/ESPTools/esp-open-sdk/crosstool-NG/.build/xtensa-lx106-elf/buildtools/include   conftest.c >&5
configure:5549: $? = 0
configure:5550: result: yes
configure:5567: checking for the correct version of mpc.h
configure:5584: x86_64-build_apple-darwin14.0.0-gcc -c -O2 -g -pipe  -I/Volumes/ESPTools/esp-open-sdk/crosstool-NG/.build/xtensa-lx106-elf/buildtools/include -I/Volumes/ESPTools/esp-open-sdk/crosstool-NG/.build/xtensa-lx106-elf/buildtools/include -I/Volumes/ESPTools/esp-open-sdk/crosstool-NG/.build/xtensa-lx106-elf/buildtools/include   conftest.c >&5
configure:5584: $? = 0
configure:5600: x86_64-build_apple-darwin14.0.0-gcc -c -O2 -g -pipe  -I/Volumes/ESPTools/esp-open-sdk/crosstool-NG/.build/xtensa-lx106-elf/buildtools/include -I/Volumes/ESPTools/esp-open-sdk/crosstool-NG/.build/xtensa-lx106-elf/buildtools/include -I/Volumes/ESPTools/esp-open-sdk/crosstool-NG/.build/xtensa-lx106-elf/buildtools/include   conftest.c >&5
configure:5600: $? = 0
configure:5601: result: yes
configure:5619: checking for the correct version of the gmp/mpfr/mpc libraries
configure:5650: x86_64-build_apple-darwin14.0.0-gcc -o conftest -O2 -g -pipe  -I/Volumes/ESPTools/esp-open-sdk/crosstool-NG/.build/xtensa-lx106-elf/buildtools/include -I/Volumes/ESPTools/esp-open-sdk/crosstool-NG/.build/xtensa-lx106-elf/buildtools/include -I/Volumes/ESPTools/esp-open-sdk/crosstool-NG/.build/xtensa-lx106-elf/buildtools/include     -lstdc++ -lm conftest.c  -L/Volumes/ESPTools/esp-open-sdk/crosstool-NG/.build/xtensa-lx106-elf/buildtools/lib -L/Volumes/ESPTools/esp-open-sdk/crosstool-NG/.build/xtensa-lx106-elf/buildtools/lib -L/Volumes/ESPTools/esp-open-sdk/crosstool-NG/.build/xtensa-lx106-elf/buildtools/lib -lmpc -lmpfr -lgmp >&5
ld: warning: PIE disabled. Absolute addressing (perhaps -mdynamic-no-pic) not allowed in code signed PIE, but used in ___gmpn_divexact_1 from /Volumes/ESPTools/esp-open-sdk/crosstool-NG/.build/xtensa-lx106-elf/buildtools/lib/libgmp.a(dive_1.o). To fix this warning, don't compile with -mdynamic-no-pic or link with -Wl,-no_pie
configure:5650: $? = 0
configure:5651: result: yes
configure:5857: checking for version 0.10 of ISL
configure:5876: x86_64-build_apple-darwin14.0.0-gcc -o conftest -O2 -g -pipe  -I/Volumes/ESPTools/esp-open-sdk/crosstool-NG/.build/xtensa-lx106-elf/buildtools/include -I/Volumes/ESPTools/esp-open-sdk/crosstool-NG/.build/xtensa-lx106-elf/buildtools/include -I/Volumes/ESPTools/esp-open-sdk/crosstool-NG/.build/xtensa-lx106-elf/buildtools/include -I/Volumes/ESPTools/esp-open-sdk/crosstool-NG/.build/xtensa-lx106-elf/buildtools/include     -lstdc++ -lm -L/Volumes/ESPTools/esp-open-sdk/crosstool-NG/.build/xtensa-lx106-elf/buildtools/lib conftest.c  -lisl >&5
configure:5876: $? = 0
configure:5876: ./conftest
configure:5876: $? = 1
configure: program exited with status 1
configure: failed program was:
| /* confdefs.h */
| #define PACKAGE_NAME ""
| #define PACKAGE_TARNAME ""
| #define PACKAGE_VERSION ""
| #define PACKAGE_STRING ""
| #define PACKAGE_BUGREPORT ""
| #define PACKAGE_URL ""
| #define LT_OBJDIR ".libs/"
| /* end confdefs.h.  */
| #include <isl/version.h>
|    #include <string.h>
| int
| main ()
| {
| if (strncmp (isl_version (), "isl-0.10", strlen ("isl-0.10")) != 0)
|      return 1;
| 
|   ;
|   return 0;
| }
configure:5885: result: no
configure:5905: checking for version 0.11 of ISL
configure:5924: x86_64-build_apple-darwin14.0.0-gcc -o conftest -O2 -g -pipe  -I/Volumes/ESPTools/esp-open-sdk/crosstool-NG/.build/xtensa-lx106-elf/buildtools/include -I/Volumes/ESPTools/esp-open-sdk/crosstool-NG/.build/xtensa-lx106-elf/buildtools/include -I/Volumes/ESPTools/esp-open-sdk/crosstool-NG/.build/xtensa-lx106-elf/buildtools/include -I/Volumes/ESPTools/esp-open-sdk/crosstool-NG/.build/xtensa-lx106-elf/buildtools/include     -lstdc++ -lm -L/Volumes/ESPTools/esp-open-sdk/crosstool-NG/.build/xtensa-lx106-elf/buildtools/lib conftest.c  -lisl >&5
configure:5924: $? = 0
configure:5924: ./conftest
configure:5924: $? = 1
configure: program exited with status 1
configure: failed program was:
| /* confdefs.h */
| #define PACKAGE_NAME ""
| #define PACKAGE_TARNAME ""
| #define PACKAGE_VERSION ""
| #define PACKAGE_STRING ""
| #define PACKAGE_BUGREPORT ""
| #define PACKAGE_URL ""
| #define LT_OBJDIR ".libs/"
| /* end confdefs.h.  */
| #include <isl/version.h>
|    #include <string.h>
| int
| main ()
| {
| if (strncmp (isl_version (), "isl-0.11", strlen ("isl-0.11")) != 0)
|      return 1;
| 
|   ;
|   return 0;
| }
configure:5933: result: no
configure:5953: checking for version 0.12 of ISL
configure:5972: x86_64-build_apple-darwin14.0.0-gcc -o conftest -O2 -g -pipe  -I/Volumes/ESPTools/esp-open-sdk/crosstool-NG/.build/xtensa-lx106-elf/buildtools/include -I/Volumes/ESPTools/esp-open-sdk/crosstool-NG/.build/xtensa-lx106-elf/buildtools/include -I/Volumes/ESPTools/esp-open-sdk/crosstool-NG/.build/xtensa-lx106-elf/buildtools/include -I/Volumes/ESPTools/esp-open-sdk/crosstool-NG/.build/xtensa-lx106-elf/buildtools/include     -lstdc++ -lm -L/Volumes/ESPTools/esp-open-sdk/crosstool-NG/.build/xtensa-lx106-elf/buildtools/lib conftest.c  -lisl >&5
configure:5972: $? = 0
configure:5972: ./conftest
configure:5972: $? = 0
configure:5981: result: yes
configure:6088: checking for version 0.17.0 of CLooG
configure:6105: x86_64-build_apple-darwin14.0.0-gcc -c -O2 -g -pipe  -DCLOOG_INT_GMP -I/Volumes/ESPTools/esp-open-sdk/crosstool-NG/.build/xtensa-lx106-elf/buildtools/include -I/Volumes/ESPTools/esp-open-sdk/crosstool-NG/.build/xtensa-lx106-elf/buildtools/include -I/Volumes/ESPTools/esp-open-sdk/crosstool-NG/.build/xtensa-lx106-elf/buildtools/include -I/Volumes/ESPTools/esp-open-sdk/crosstool-NG/.build/xtensa-lx106-elf/buildtools/include -I/Volumes/ESPTools/esp-open-sdk/crosstool-NG/.build/xtensa-lx106-elf/buildtools/include   conftest.c >&5
conftest.c:15:5: error: use of undeclared identifier 'choke'
    choke me
    ^
1 error generated.
configure:6105: $? = 1
configure: failed program was:
| /* confdefs.h */
| #define PACKAGE_NAME ""
| #define PACKAGE_TARNAME ""
| #define PACKAGE_VERSION ""
| #define PACKAGE_STRING ""
| #define PACKAGE_BUGREPORT ""
| #define PACKAGE_URL ""
| #define LT_OBJDIR ".libs/"
| /* end confdefs.h.  */
| #include "cloog/version.h"
| int
| main ()
| {
| #if CLOOG_VERSION_MAJOR != 0     || CLOOG_VERSION_MINOR != 17     || CLOOG_VERSION_REVISION < 0
|     choke me
|    #endif
|   ;
|   return 0;
| }
configure:6111: result: no
configure:6130: checking for version 0.18.0 of CLooG
configure:6147: x86_64-build_apple-darwin14.0.0-gcc -c -O2 -g -pipe  -DCLOOG_INT_GMP -I/Volumes/ESPTools/esp-open-sdk/crosstool-NG/.build/xtensa-lx106-elf/buildtools/include -I/Volumes/ESPTools/esp-open-sdk/crosstool-NG/.build/xtensa-lx106-elf/buildtools/include -I/Volumes/ESPTools/esp-open-sdk/crosstool-NG/.build/xtensa-lx106-elf/buildtools/include -I/Volumes/ESPTools/esp-open-sdk/crosstool-NG/.build/xtensa-lx106-elf/buildtools/include -I/Volumes/ESPTools/esp-open-sdk/crosstool-NG/.build/xtensa-lx106-elf/buildtools/include   conftest.c >&5
configure:6147: $? = 0
configure:6153: result: yes
configure:7139: checking for default BUILD_CONFIG
configure:7171: result: 
configure:7660: checking for bison
configure:7676: found /usr/bin/bison
configure:7687: result: bison -y
configure:7707: checking for bison
configure:7723: found /usr/bin/bison
configure:7734: result: bison
configure:7754: checking for gm4
configure:7770: found /opt/local/bin/gm4
configure:7781: result: gm4
configure:7801: checking for flex
configure:7817: found /usr/bin/flex
configure:7828: result: flex
configure:7849: checking for flex
configure:7865: found /usr/bin/flex
configure:7876: result: flex
configure:7896: checking for makeinfo
configure:7912: found /Volumes/ESPTools/esp-open-sdk/crosstool-NG/.build/xtensa-lx106-elf/buildtools/bin/makeinfo
configure:7923: result: makeinfo
configure:7957: checking for expect
configure:7973: found /usr/bin/expect
configure:7984: result: expect
configure:8006: checking for runtest
configure:8036: result: no
configure:8112: checking for x86_64-build_apple-darwin14.0.0-ar
configure:8128: found /Volumes/ESPTools/esp-open-sdk/crosstool-NG/.build/xtensa-lx106-elf/buildtools/bin/x86_64-build_apple-darwin14.0.0-ar
configure:8139: result: x86_64-build_apple-darwin14.0.0-ar
configure:8253: checking for x86_64-build_apple-darwin14.0.0-as
configure:8269: found /Volumes/ESPTools/esp-open-sdk/crosstool-NG/.build/xtensa-lx106-elf/buildtools/bin/x86_64-build_apple-darwin14.0.0-as
configure:8280: result: x86_64-build_apple-darwin14.0.0-as
configure:8394: checking for x86_64-build_apple-darwin14.0.0-dlltool
configure:8424: result: no
configure:8433: checking for dlltool
configure:8463: result: no
configure:8493: checking for ld
configure:8520: result: /Applications/Xcode.app/Contents/Developer/Toolchains/XcodeDefault.xctoolchain/usr/bin/ld
configure:8535: checking for x86_64-build_apple-darwin14.0.0-ld
configure:8562: result: /Applications/Xcode.app/Contents/Developer/Toolchains/XcodeDefault.xctoolchain/usr/bin/ld
configure:8676: checking for x86_64-build_apple-darwin14.0.0-lipo
configure:8706: result: no
configure:8715: checking for lipo
configure:8731: found /usr/bin/lipo
configure:8742: result: lipo
configure:8817: checking for x86_64-build_apple-darwin14.0.0-nm
configure:8833: found /Volumes/ESPTools/esp-open-sdk/crosstool-NG/.build/xtensa-lx106-elf/buildtools/bin/x86_64-build_apple-darwin14.0.0-nm
configure:8844: result: x86_64-build_apple-darwin14.0.0-nm
configure:8958: checking for x86_64-build_apple-darwin14.0.0-ranlib
configure:8974: found /Volumes/ESPTools/esp-open-sdk/crosstool-NG/.build/xtensa-lx106-elf/buildtools/bin/x86_64-build_apple-darwin14.0.0-ranlib
configure:8985: result: x86_64-build_apple-darwin14.0.0-ranlib
configure:9094: checking for x86_64-build_apple-darwin14.0.0-strip
configure:9110: found /Volumes/ESPTools/esp-open-sdk/crosstool-NG/.build/xtensa-lx106-elf/buildtools/bin/x86_64-build_apple-darwin14.0.0-strip
configure:9121: result: x86_64-build_apple-darwin14.0.0-strip
configure:9230: checking for x86_64-build_apple-darwin14.0.0-windres
configure:9260: result: no
configure:9269: checking for windres
configure:9299: result: no
configure:9371: checking for x86_64-build_apple-darwin14.0.0-windmc
configure:9401: result: no
configure:9410: checking for windmc
configure:9440: result: no
configure:9512: checking for x86_64-build_apple-darwin14.0.0-objcopy
configure:9528: found /Volumes/ESPTools/esp-open-sdk/crosstool-NG/.build/xtensa-lx106-elf/buildtools/bin/x86_64-build_apple-darwin14.0.0-objcopy
configure:9539: result: x86_64-build_apple-darwin14.0.0-objcopy
configure:9653: checking for x86_64-build_apple-darwin14.0.0-objdump
configure:9669: found /Volumes/ESPTools/esp-open-sdk/crosstool-NG/.build/xtensa-lx106-elf/buildtools/bin/x86_64-build_apple-darwin14.0.0-objdump
configure:9680: result: x86_64-build_apple-darwin14.0.0-objdump
configure:9794: checking for x86_64-build_apple-darwin14.0.0-readelf
configure:9824: result: no
configure:9833: checking for readelf
configure:9849: found /Volumes/ESPTools/esp-open-sdk/crosstool-NG/.build/tools/bin/readelf
configure:9860: result: readelf
configure:9974: checking for xtensa-lx106-elf-cc
configure:10004: result: no
configure:9974: checking for xtensa-lx106-elf-gcc
configure:10004: result: no
configure:10135: checking for xtensa-lx106-elf-c++
configure:10165: result: no
configure:10135: checking for xtensa-lx106-elf-g++
configure:10165: result: no
configure:10135: checking for xtensa-lx106-elf-cxx
configure:10165: result: no
configure:10135: checking for xtensa-lx106-elf-gxx
configure:10165: result: no
configure:10296: checking for xtensa-lx106-elf-gcc
configure:10326: result: no
configure:10452: checking for xtensa-lx106-elf-gcj
configure:10482: result: no
configure:10613: checking for xtensa-lx106-elf-gfortran
configure:10643: result: no
configure:10774: checking for xtensa-lx106-elf-gccgo
configure:10804: result: no
configure:10904: checking for ar
configure:10922: found /Volumes/ESPTools/esp-open-sdk/crosstool-NG/.build/xtensa-lx106-elf/buildtools/xtensa-lx106-elf/bin/ar
configure:10934: result: /Volumes/ESPTools/esp-open-sdk/crosstool-NG/.build/xtensa-lx106-elf/buildtools/xtensa-lx106-elf/bin/ar
configure:11134: checking for as
configure:11152: found /Volumes/ESPTools/esp-open-sdk/crosstool-NG/.build/xtensa-lx106-elf/buildtools/xtensa-lx106-elf/bin/as
configure:11164: result: /Volumes/ESPTools/esp-open-sdk/crosstool-NG/.build/xtensa-lx106-elf/buildtools/xtensa-lx106-elf/bin/as
configure:11364: checking for dlltool
configure:11397: result: no
configure:11475: checking for xtensa-lx106-elf-dlltool
configure:11505: result: no
configure:11594: checking for ld
configure:11612: found /Volumes/ESPTools/esp-open-sdk/crosstool-NG/.build/xtensa-lx106-elf/buildtools/xtensa-lx106-elf/bin/ld
configure:11624: result: /Volumes/ESPTools/esp-open-sdk/crosstool-NG/.build/xtensa-lx106-elf/buildtools/xtensa-lx106-elf/bin/ld
configure:11824: checking for lipo
configure:11857: result: no
configure:11935: checking for xtensa-lx106-elf-lipo
configure:11965: result: no
configure:12054: checking for nm
configure:12087: result: no
configure:12165: checking for xtensa-lx106-elf-nm
configure:12181: found /esptools/esp-open-sdk/xtensa-lx106-elf/bin/xtensa-lx106-elf-nm
configure:12192: result: xtensa-lx106-elf-nm
configure:12284: checking for objdump
configure:12317: result: no
configure:12395: checking for xtensa-lx106-elf-objdump
configure:12411: found /esptools/esp-open-sdk/xtensa-lx106-elf/bin/xtensa-lx106-elf-objdump
configure:12422: result: xtensa-lx106-elf-objdump
configure:12514: checking for ranlib
configure:12532: found /Volumes/ESPTools/esp-open-sdk/crosstool-NG/.build/xtensa-lx106-elf/buildtools/xtensa-lx106-elf/bin/ranlib
configure:12544: result: /Volumes/ESPTools/esp-open-sdk/crosstool-NG/.build/xtensa-lx106-elf/buildtools/xtensa-lx106-elf/bin/ranlib
configure:12744: checking for readelf
configure:12777: result: no
configure:12855: checking for xtensa-lx106-elf-readelf
configure:12871: found /esptools/esp-open-sdk/xtensa-lx106-elf/bin/xtensa-lx106-elf-readelf
configure:12882: result: xtensa-lx106-elf-readelf
configure:12974: checking for strip
configure:12992: found /Volumes/ESPTools/esp-open-sdk/crosstool-NG/.build/xtensa-lx106-elf/buildtools/xtensa-lx106-elf/bin/strip
configure:13004: result: /Volumes/ESPTools/esp-open-sdk/crosstool-NG/.build/xtensa-lx106-elf/buildtools/xtensa-lx106-elf/bin/strip
configure:13204: checking for windres
configure:13237: result: no
configure:13315: checking for xtensa-lx106-elf-windres
configure:13345: result: no
configure:13434: checking for windmc
configure:13467: result: no
configure:13545: checking for xtensa-lx106-elf-windmc
configure:13575: result: no
configure:13642: checking where to find the target ar
configure:13670: result: pre-installed in /Volumes/ESPTools/esp-open-sdk/crosstool-NG/.build/xtensa-lx106-elf/buildtools/xtensa-lx106-elf/bin
configure:13684: checking where to find the target as
configure:13712: result: pre-installed in /Volumes/ESPTools/esp-open-sdk/crosstool-NG/.build/xtensa-lx106-elf/buildtools/xtensa-lx106-elf/bin
configure:13726: checking where to find the target cc
configure:13749: result: just compiled
configure:13768: checking where to find the target c++
configure:13808: result: pre-installed
configure:13813: checking where to find the target c++ for libstdc++
configure:13853: result: pre-installed
configure:13858: checking where to find the target dlltool
configure:13895: result: pre-installed
configure:13900: checking where to find the target gcc
configure:13923: result: just compiled
configure:13942: checking where to find the target gcj
configure:13982: result: pre-installed
configure:13987: checking where to find the target gfortran
configure:14027: result: pre-installed
configure:14032: checking where to find the target gccgo
configure:14072: result: pre-installed
configure:14077: checking where to find the target ld
configure:14105: result: pre-installed in /Volumes/ESPTools/esp-open-sdk/crosstool-NG/.build/xtensa-lx106-elf/buildtools/xtensa-lx106-elf/bin
configure:14119: checking where to find the target lipo
configure:14145: result: pre-installed
configure:14150: checking where to find the target nm
configure:14187: result: pre-installed
configure:14192: checking where to find the target objdump
configure:14229: result: pre-installed
configure:14234: checking where to find the target ranlib
configure:14262: result: pre-installed in /Volumes/ESPTools/esp-open-sdk/crosstool-NG/.build/xtensa-lx106-elf/buildtools/xtensa-lx106-elf/bin
configure:14276: checking where to find the target readelf
configure:14313: result: pre-installed
configure:14318: checking where to find the target strip
configure:14346: result: pre-installed in /Volumes/ESPTools/esp-open-sdk/crosstool-NG/.build/xtensa-lx106-elf/buildtools/xtensa-lx106-elf/bin
configure:14360: checking where to find the target windres
configure:14397: result: pre-installed
configure:14402: checking where to find the target windmc
configure:14439: result: pre-installed
configure:14472: checking whether to enable maintainer-specific portions of Makefiles
configure:14481: result: no
configure:14692: creating ./config.status

## ---------------------- ##
## Running config.status. ##
## ---------------------- ##

This file was extended by config.status, which was
generated by GNU Autoconf 2.64.  Invocation command line was

  CONFIG_FILES    = 
  CONFIG_HEADERS  = 
  CONFIG_LINKS    = 
  CONFIG_COMMANDS = 
  $ ./config.status 

on Macintosh-2.local

config.status:981: creating Makefile

## ---------------- ##
## Cache variables. ##
## ---------------- ##

ac_cv_build=x86_64-build_apple-darwin14.0.0
ac_cv_c_compiler_gnu=yes
ac_cv_cxx_compiler_gnu=yes
ac_cv_env_AR_FOR_TARGET_set=
ac_cv_env_AR_FOR_TARGET_value=
ac_cv_env_AR_set=
ac_cv_env_AR_value=
ac_cv_env_AS_FOR_TARGET_set=
ac_cv_env_AS_FOR_TARGET_value=
ac_cv_env_AS_set=
ac_cv_env_AS_value=
ac_cv_env_CCC_set=
ac_cv_env_CCC_value=
ac_cv_env_CC_FOR_TARGET_set=
ac_cv_env_CC_FOR_TARGET_value=
ac_cv_env_CC_set=
ac_cv_env_CC_value=
ac_cv_env_CFLAGS_set=set
ac_cv_env_CFLAGS_value='-O2 -g -pipe '
ac_cv_env_CPPFLAGS_set=
ac_cv_env_CPPFLAGS_value=
ac_cv_env_CXXFLAGS_set=set
ac_cv_env_CXXFLAGS_value='-O2 -g -pipe '
ac_cv_env_CXX_FOR_TARGET_set=
ac_cv_env_CXX_FOR_TARGET_value=
ac_cv_env_CXX_set=
ac_cv_env_CXX_value=
ac_cv_env_DLLTOOL_FOR_TARGET_set=
ac_cv_env_DLLTOOL_FOR_TARGET_value=
ac_cv_env_DLLTOOL_set=
ac_cv_env_DLLTOOL_value=
ac_cv_env_GCC_FOR_TARGET_set=
ac_cv_env_GCC_FOR_TARGET_value=
ac_cv_env_GCJ_FOR_TARGET_set=
ac_cv_env_GCJ_FOR_TARGET_value=
ac_cv_env_GFORTRAN_FOR_TARGET_set=
ac_cv_env_GFORTRAN_FOR_TARGET_value=
ac_cv_env_GOC_FOR_TARGET_set=
ac_cv_env_GOC_FOR_TARGET_value=
ac_cv_env_LDFLAGS_set=set
ac_cv_env_LDFLAGS_value='  -lstdc++ -lm'
ac_cv_env_LD_FOR_TARGET_set=
ac_cv_env_LD_FOR_TARGET_value=
ac_cv_env_LD_set=
ac_cv_env_LD_value=
ac_cv_env_LIBS_set=
ac_cv_env_LIBS_value=
ac_cv_env_LIPO_FOR_TARGET_set=
ac_cv_env_LIPO_FOR_TARGET_value=
ac_cv_env_LIPO_set=
ac_cv_env_LIPO_value=
ac_cv_env_NM_FOR_TARGET_set=
ac_cv_env_NM_FOR_TARGET_value=
ac_cv_env_NM_set=
ac_cv_env_NM_value=
ac_cv_env_OBJCOPY_set=
ac_cv_env_OBJCOPY_value=
ac_cv_env_OBJDUMP_FOR_TARGET_set=
ac_cv_env_OBJDUMP_FOR_TARGET_value=
ac_cv_env_OBJDUMP_set=
ac_cv_env_OBJDUMP_value=
ac_cv_env_RANLIB_FOR_TARGET_set=
ac_cv_env_RANLIB_FOR_TARGET_value=
ac_cv_env_RANLIB_set=
ac_cv_env_RANLIB_value=
ac_cv_env_READELF_FOR_TARGET_set=
ac_cv_env_READELF_FOR_TARGET_value=
ac_cv_env_READELF_set=
ac_cv_env_READELF_value=
ac_cv_env_STRIP_FOR_TARGET_set=
ac_cv_env_STRIP_FOR_TARGET_value=
ac_cv_env_STRIP_set=
ac_cv_env_STRIP_value=
ac_cv_env_WINDMC_FOR_TARGET_set=
ac_cv_env_WINDMC_FOR_TARGET_value=
ac_cv_env_WINDMC_set=
ac_cv_env_WINDMC_value=
ac_cv_env_WINDRES_FOR_TARGET_set=
ac_cv_env_WINDRES_FOR_TARGET_value=
ac_cv_env_WINDRES_set=
ac_cv_env_WINDRES_value=
ac_cv_env_build_alias_set=set
ac_cv_env_build_alias_value=x86_64-build_apple-darwin14.0.0
ac_cv_env_build_configargs_set=
ac_cv_env_build_configargs_value=
ac_cv_env_host_alias_set=set
ac_cv_env_host_alias_value=x86_64-build_apple-darwin14.0.0
ac_cv_env_host_configargs_set=
ac_cv_env_host_configargs_value=
ac_cv_env_target_alias_set=set
ac_cv_env_target_alias_value=xtensa-lx106-elf
ac_cv_env_target_configargs_set=
ac_cv_env_target_configargs_value=
ac_cv_host=x86_64-build_apple-darwin14.0.0
ac_cv_objext=o
ac_cv_path_AR_FOR_TARGET=/Volumes/ESPTools/esp-open-sdk/crosstool-NG/.build/xtensa-lx106-elf/buildtools/xtensa-lx106-elf/bin/ar
ac_cv_path_AS_FOR_TARGET=/Volumes/ESPTools/esp-open-sdk/crosstool-NG/.build/xtensa-lx106-elf/buildtools/xtensa-lx106-elf/bin/as
ac_cv_path_LD_FOR_TARGET=/Volumes/ESPTools/esp-open-sdk/crosstool-NG/.build/xtensa-lx106-elf/buildtools/xtensa-lx106-elf/bin/ld
ac_cv_path_RANLIB_FOR_TARGET=/Volumes/ESPTools/esp-open-sdk/crosstool-NG/.build/xtensa-lx106-elf/buildtools/xtensa-lx106-elf/bin/ranlib
ac_cv_path_SED=/Volumes/ESPTools/esp-open-sdk/crosstool-NG/.build/tools/bin/sed
ac_cv_path_STRIP_FOR_TARGET=/Volumes/ESPTools/esp-open-sdk/crosstool-NG/.build/xtensa-lx106-elf/buildtools/xtensa-lx106-elf/bin/strip
ac_cv_path_install='/Volumes/ESPTools/esp-open-sdk/crosstool-NG/.build/tools/bin/install -c'
ac_cv_prog_AR=x86_64-build_apple-darwin14.0.0-ar
ac_cv_prog_AS=x86_64-build_apple-darwin14.0.0-as
ac_cv_prog_AWK=gawk
ac_cv_prog_BISON=bison
ac_cv_prog_CC=x86_64-build_apple-darwin14.0.0-gcc
ac_cv_prog_CXX=x86_64-build_apple-darwin14.0.0-g++
ac_cv_prog_EXPECT=expect
ac_cv_prog_FLEX=flex
ac_cv_prog_LD=/Applications/Xcode.app/Contents/Developer/Toolchains/XcodeDefault.xctoolchain/usr/bin/ld
ac_cv_prog_LEX=flex
ac_cv_prog_LIPO=lipo
ac_cv_prog_M4=gm4
ac_cv_prog_MAKEINFO=makeinfo
ac_cv_prog_NM=x86_64-build_apple-darwin14.0.0-nm
ac_cv_prog_NM_FOR_TARGET=xtensa-lx106-elf-nm
ac_cv_prog_OBJCOPY=x86_64-build_apple-darwin14.0.0-objcopy
ac_cv_prog_OBJDUMP=x86_64-build_apple-darwin14.0.0-objdump
ac_cv_prog_OBJDUMP_FOR_TARGET=xtensa-lx106-elf-objdump
ac_cv_prog_RANLIB=x86_64-build_apple-darwin14.0.0-ranlib
ac_cv_prog_READELF=readelf
ac_cv_prog_READELF_FOR_TARGET=xtensa-lx106-elf-readelf
ac_cv_prog_STRIP=x86_64-build_apple-darwin14.0.0-strip
ac_cv_prog_YACC='bison -y'
ac_cv_prog_cc_c89=
ac_cv_prog_cc_g=yes
ac_cv_prog_cxx_g=yes
ac_cv_target=xtensa-lx106-elf
acx_cv_cc_gcc_supports_ada=no
acx_cv_prog_LN=ln
gcc_cv_cloog=yes
gcc_cv_isl=yes
gcc_cv_prog_cmp_skip='cmp --ignore-initial=16 $$f1 $$f2'
gcc_cv_tool_dirs=/Volumes/ESPTools/esp-open-sdk/crosstool-NG/.build/xtensa-lx106-elf/buildtools/libexec/gcc/xtensa-lx106-elf/4.8.2:/Volumes/ESPTools/esp-open-sdk/crosstool-NG/.build/xtensa-lx106-elf/buildtools/libexec/gcc/xtensa-lx106-elf:/usr/lib/gcc/xtensa-lx106-elf/4.8.2:/usr/lib/gcc/xtensa-lx106-elf:/Volumes/ESPTools/esp-open-sdk/crosstool-NG/.build/xtensa-lx106-elf/buildtools/xtensa-lx106-elf/bin/xtensa-lx106-elf/4.8.2:/Volumes/ESPTools/esp-open-sdk/crosstool-NG/.build/xtensa-lx106-elf/buildtools/xtensa-lx106-elf/bin:
gcc_cv_tool_prefix=/Volumes/ESPTools/esp-open-sdk/crosstool-NG/.build/xtensa-lx106-elf/buildtools
lt_cv_objdir=.libs

## ----------------- ##
## Output variables. ##
## ----------------- ##

AR='x86_64-build_apple-darwin14.0.0-ar'
AR_FOR_BUILD='$(AR)'
AR_FOR_TARGET='/Volumes/ESPTools/esp-open-sdk/crosstool-NG/.build/xtensa-lx106-elf/buildtools/xtensa-lx106-elf/bin/ar'
AS='x86_64-build_apple-darwin14.0.0-as'
AS_FOR_BUILD='$(AS)'
AS_FOR_TARGET='/Volumes/ESPTools/esp-open-sdk/crosstool-NG/.build/xtensa-lx106-elf/buildtools/xtensa-lx106-elf/bin/as'
AWK='gawk'
BISON='bison'
BUILD_CONFIG=''
CC='x86_64-build_apple-darwin14.0.0-gcc'
CC_FOR_BUILD='$(CC)'
CC_FOR_TARGET='$$r/$(HOST_SUBDIR)/gcc/xgcc -B$$r/$(HOST_SUBDIR)/gcc/'
CFLAGS='-O2 -g -pipe '
CFLAGS_FOR_BUILD='-O2 -g -pipe '
CFLAGS_FOR_TARGET='-O2 -g -pipe '
COMPILER_AS_FOR_TARGET='$$r/$(HOST_SUBDIR)/gcc/as'
COMPILER_LD_FOR_TARGET='$$r/$(HOST_SUBDIR)/gcc/collect-ld'
COMPILER_NM_FOR_TARGET='$$r/$(HOST_SUBDIR)/gcc/nm'
CONFIGURE_GDB_TK=''
CPPFLAGS=''
CXX='x86_64-build_apple-darwin14.0.0-g++'
CXXFLAGS='-O2 -g -pipe '
CXXFLAGS_FOR_BUILD='-O2 -g -pipe '
CXXFLAGS_FOR_TARGET='-O2 -g -pipe '
CXX_FOR_BUILD='$(CXX)'
CXX_FOR_TARGET='xtensa-lx106-elf-c++'
DEBUG_PREFIX_CFLAGS_FOR_TARGET=''
DEFS='-DPACKAGE_NAME=\"\" -DPACKAGE_TARNAME=\"\" -DPACKAGE_VERSION=\"\" -DPACKAGE_STRING=\"\" -DPACKAGE_BUGREPORT=\"\" -DPACKAGE_URL=\"\" -DLT_OBJDIR=\".libs/\"'
DLLTOOL='dlltool'
DLLTOOL_FOR_BUILD='$(DLLTOOL)'
DLLTOOL_FOR_TARGET='xtensa-lx106-elf-dlltool'
ECHO_C='\c'
ECHO_N=''
ECHO_T=''
EXEEXT=''
EXPECT='expect'
EXTRA_CONFIGARGS_LIBJAVA='--disable-static'
FLAGS_FOR_TARGET=' -B$(build_tooldir)/bin/ -B$(build_tooldir)/lib/ -isystem $(build_tooldir)/include -isystem $(build_tooldir)/sys-include'
FLEX='flex'
GCC_FOR_TARGET='$$r/$(HOST_SUBDIR)/gcc/xgcc -B$$r/$(HOST_SUBDIR)/gcc/'
GCC_SHLIB_SUBDIR=''
GCJ_FOR_BUILD='$(GCJ)'
GCJ_FOR_TARGET='xtensa-lx106-elf-gcj'
GDB_TK=''
GFORTRAN_FOR_BUILD='$(GFORTRAN)'
GFORTRAN_FOR_TARGET='xtensa-lx106-elf-gfortran'
GNATBIND='no'
GNATMAKE='no'
GOC_FOR_BUILD='$(GOC)'
GOC_FOR_TARGET='xtensa-lx106-elf-gccgo'
INSTALL_DATA='${INSTALL} -m 644'
INSTALL_GDB_TK=''
INSTALL_PROGRAM='${INSTALL}'
INSTALL_SCRIPT='${INSTALL}'
LD='/Applications/Xcode.app/Contents/Developer/Toolchains/XcodeDefault.xctoolchain/usr/bin/ld'
LDFLAGS='  -lstdc++ -lm'
LDFLAGS_FOR_BUILD='  -lstdc++ -lm'
LDFLAGS_FOR_TARGET=''
LD_FOR_BUILD='$(LD)'
LD_FOR_TARGET='/Volumes/ESPTools/esp-open-sdk/crosstool-NG/.build/xtensa-lx106-elf/buildtools/xtensa-lx106-elf/bin/ld'
LEX='flex'
LIBOBJS=''
LIBS=''
LIPO='lipo'
LIPO_FOR_TARGET='xtensa-lx106-elf-lipo'
LN='ln'
LN_S='ln -s'
LTLIBOBJS=''
M4='gm4'
MAINT='#'
MAINTAINER_MODE_FALSE=''
MAINTAINER_MODE_TRUE='#'
MAKEINFO='makeinfo'
NM='x86_64-build_apple-darwin14.0.0-nm'
NM_FOR_BUILD='$(NM)'
NM_FOR_TARGET='xtensa-lx106-elf-nm'
OBJCOPY='x86_64-build_apple-darwin14.0.0-objcopy'
OBJDUMP='x86_64-build_apple-darwin14.0.0-objdump'
OBJDUMP_FOR_TARGET='xtensa-lx106-elf-objdump'
OBJEXT='o'
PACKAGE_BUGREPORT=''
PACKAGE_NAME=''
PACKAGE_STRING=''
PACKAGE_TARNAME=''
PACKAGE_URL=''
PACKAGE_VERSION=''
PATH_SEPARATOR=':'
RANLIB='x86_64-build_apple-darwin14.0.0-ranlib'
RANLIB_FOR_BUILD='$(RANLIB)'
RANLIB_FOR_TARGET='/Volumes/ESPTools/esp-open-sdk/crosstool-NG/.build/xtensa-lx106-elf/buildtools/xtensa-lx106-elf/bin/ranlib'
RAW_CXX_FOR_TARGET='xtensa-lx106-elf-c++'
READELF='readelf'
READELF_FOR_TARGET='xtensa-lx106-elf-readelf'
RPATH_ENVVAR='DYLD_LIBRARY_PATH'
RUNTEST='runtest'
SED='/Volumes/ESPTools/esp-open-sdk/crosstool-NG/.build/tools/bin/sed'
SHELL='/bin/bash'
STRIP='x86_64-build_apple-darwin14.0.0-strip'
STRIP_FOR_TARGET='/Volumes/ESPTools/esp-open-sdk/crosstool-NG/.build/xtensa-lx106-elf/buildtools/xtensa-lx106-elf/bin/strip'
SYSROOT_CFLAGS_FOR_TARGET=''
TOPLEVEL_CONFIGURE_ARGUMENTS='/Volumes/ESPTools/esp-open-sdk/crosstool-NG/.build/src/gcc-4.8.2/configure --build=x86_64-build_apple-darwin14.0.0 --host=x86_64-build_apple-darwin14.0.0 --target=xtensa-lx106-elf --prefix=/Volumes/ESPTools/esp-open-sdk/crosstool-NG/.build/xtensa-lx106-elf/buildtools --with-local-prefix=/esptools/esp-open-sdk/xtensa-lx106-elf/xtensa-lx106-elf/sysroot --disable-libmudflap --with-sysroot=/esptools/esp-open-sdk/xtensa-lx106-elf/xtensa-lx106-elf/sysroot --with-newlib --enable-threads=no --disable-shared --with-pkgversion='\''crosstool-NG 1.20.0'\'' --disable-__cxa_atexit --with-gmp=/Volumes/ESPTools/esp-open-sdk/crosstool-NG/.build/xtensa-lx106-elf/buildtools --with-mpfr=/Volumes/ESPTools/esp-open-sdk/crosstool-NG/.build/xtensa-lx106-elf/buildtools --with-mpc=/Volumes/ESPTools/esp-open-sdk/crosstool-NG/.build/xtensa-lx106-elf/buildtools --with-isl=/Volumes/ESPTools/esp-open-sdk/crosstool-NG/.build/xtensa-lx106-elf/buildtools --with-cloog=/Volumes/ESPTools/esp-open-sdk/crosstool-NG/.build/xtensa-lx106-elf/buildtools --with-libelf=/Volumes/ESPTools/esp-open-sdk/crosstool-NG/.build/xtensa-lx106-elf/buildtools --enable-lto --enable-target-optspace --disable-libgomp --disable-libmudflap --disable-nls --disable-multilib --enable-languages=c'
WINDMC='windmc'
WINDMC_FOR_BUILD='$(WINDMC)'
WINDMC_FOR_TARGET='xtensa-lx106-elf-windmc'
WINDRES='windres'
WINDRES_FOR_BUILD='$(WINDRES)'
WINDRES_FOR_TARGET='xtensa-lx106-elf-windres'
YACC='bison -y'
ac_ct_CC=''
ac_ct_CXX=''
bindir='${exec_prefix}/bin'
build='x86_64-build_apple-darwin14.0.0'
build_alias='x86_64-build_apple-darwin14.0.0'
build_configargs=' --cache-file=../config.cache '\''--prefix=/Volumes/ESPTools/esp-open-sdk/crosstool-NG/.build/xtensa-lx106-elf/buildtools'\'' '\''--with-local-prefix=/esptools/esp-open-sdk/xtensa-lx106-elf/xtensa-lx106-elf/sysroot'\'' '\''--with-sysroot=/esptools/esp-open-sdk/xtensa-lx106-elf/xtensa-lx106-elf/sysroot'\'' '\''--with-newlib'\'' '\''--enable-threads=no'\'' '\''--disable-shared'\'' '\''--with-pkgversion=crosstool-NG 1.20.0'\'' '\''--disable-__cxa_atexit'\'' '\''--with-gmp=/Volumes/ESPTools/esp-open-sdk/crosstool-NG/.build/xtensa-lx106-elf/buildtools'\'' '\''--with-mpfr=/Volumes/ESPTools/esp-open-sdk/crosstool-NG/.build/xtensa-lx106-elf/buildtools'\'' '\''--with-mpc=/Volumes/ESPTools/esp-open-sdk/crosstool-NG/.build/xtensa-lx106-elf/buildtools'\'' '\''--with-isl=/Volumes/ESPTools/esp-open-sdk/crosstool-NG/.build/xtensa-lx106-elf/buildtools'\'' '\''--with-cloog=/Volumes/ESPTools/esp-open-sdk/crosstool-NG/.build/xtensa-lx106-elf/buildtools'\'' '\''--with-libelf=/Volumes/ESPTools/esp-open-sdk/crosstool-NG/.build/xtensa-lx106-elf/buildtools'\'' '\''--enable-lto'\'' '\''--enable-target-optspace'\'' '\''--disable-libgomp'\'' '\''--disable-libmudflap'\'' '\''--disable-nls'\'' '\''--disable-multilib'\'' '\''--enable-languages=c,lto'\'' --program-transform-name='\''s&^&xtensa-lx106-elf-&'\'' --disable-option-checking'
build_configdirs=' libiberty fixincludes'
build_cpu='x86_64'
build_libsubdir='build-x86_64-build_apple-darwin14.0.0'
build_noncanonical='x86_64-build_apple-darwin14.0.0'
build_os='darwin14.0.0'
build_subdir='build-x86_64-build_apple-darwin14.0.0'
build_tooldir='${exec_prefix}/xtensa-lx106-elf'
build_vendor='build_apple'
clooginc='-DCLOOG_INT_GMP -I/Volumes/ESPTools/esp-open-sdk/crosstool-NG/.build/xtensa-lx106-elf/buildtools/include'
clooglibs='-L/Volumes/ESPTools/esp-open-sdk/crosstool-NG/.build/xtensa-lx106-elf/buildtools/lib -lcloog-isl -L/Volumes/ESPTools/esp-open-sdk/crosstool-NG/.build/xtensa-lx106-elf/buildtools/lib -lisl'
compare_exclusions='gcc/cc*-checksum$(objext) | gcc/ada/*tools/*'
configdirs=' intl libiberty zlib libbacktrace libcpp libdecnumber fixincludes gcc lto-plugin'
datadir='${datarootdir}'
datarootdir='${prefix}/share'
do_compare='cmp --ignore-initial=16 $$f1 $$f2'
docdir='${datarootdir}/doc/${PACKAGE}'
dvidir='${docdir}'
exec_prefix='${prefix}'
extra_host_libiberty_configure_flags='--enable-shared'
extra_isl_gmp_configure_flags=''
extra_mpc_gmp_configure_flags=''
extra_mpc_mpfr_configure_flags=''
extra_mpfr_configure_flags=''
gmpinc='-I/Volumes/ESPTools/esp-open-sdk/crosstool-NG/.build/xtensa-lx106-elf/buildtools/include -I/Volumes/ESPTools/esp-open-sdk/crosstool-NG/.build/xtensa-lx106-elf/buildtools/include -I/Volumes/ESPTools/esp-open-sdk/crosstool-NG/.build/xtensa-lx106-elf/buildtools/include '
gmplibs='-L/Volumes/ESPTools/esp-open-sdk/crosstool-NG/.build/xtensa-lx106-elf/buildtools/lib -L/Volumes/ESPTools/esp-open-sdk/crosstool-NG/.build/xtensa-lx106-elf/buildtools/lib -L/Volumes/ESPTools/esp-open-sdk/crosstool-NG/.build/xtensa-lx106-elf/buildtools/lib -lmpc -lmpfr -lgmp'
host='x86_64-build_apple-darwin14.0.0'
host_alias='x86_64-build_apple-darwin14.0.0'
host_configargs=' --cache-file=./config.cache  '\''--prefix=/Volumes/ESPTools/esp-open-sdk/crosstool-NG/.build/xtensa-lx106-elf/buildtools'\'' '\''--with-local-prefix=/esptools/esp-open-sdk/xtensa-lx106-elf/xtensa-lx106-elf/sysroot'\'' '\''--with-sysroot=/esptools/esp-open-sdk/xtensa-lx106-elf/xtensa-lx106-elf/sysroot'\'' '\''--with-newlib'\'' '\''--enable-threads=no'\'' '\''--disable-shared'\'' '\''--with-pkgversion=crosstool-NG 1.20.0'\'' '\''--disable-__cxa_atexit'\'' '\''--with-gmp=/Volumes/ESPTools/esp-open-sdk/crosstool-NG/.build/xtensa-lx106-elf/buildtools'\'' '\''--with-mpfr=/Volumes/ESPTools/esp-open-sdk/crosstool-NG/.build/xtensa-lx106-elf/buildtools'\'' '\''--with-mpc=/Volumes/ESPTools/esp-open-sdk/crosstool-NG/.build/xtensa-lx106-elf/buildtools'\'' '\''--with-isl=/Volumes/ESPTools/esp-open-sdk/crosstool-NG/.build/xtensa-lx106-elf/buildtools'\'' '\''--with-cloog=/Volumes/ESPTools/esp-open-sdk/crosstool-NG/.build/xtensa-lx106-elf/buildtools'\'' '\''--with-libelf=/Volumes/ESPTools/esp-open-sdk/crosstool-NG/.build/xtensa-lx106-elf/buildtools'\'' '\''--enable-lto'\'' '\''--enable-target-optspace'\'' '\''--disable-libgomp'\'' '\''--disable-libmudflap'\'' '\''--disable-nls'\'' '\''--disable-multilib'\'' '\''--enable-languages=c,lto'\'' --program-transform-name='\''s&^&xtensa-lx106-elf-&'\'' --disable-option-checking'
host_cpu='x86_64'
host_noncanonical='x86_64-build_apple-darwin14.0.0'
host_os='darwin14.0.0'
host_subdir='.'
host_vendor='build_apple'
htmldir='${docdir}'
includedir='${prefix}/include'
infodir='${datarootdir}/info'
islinc='-I/Volumes/ESPTools/esp-open-sdk/crosstool-NG/.build/xtensa-lx106-elf/buildtools/include'
libdir='${exec_prefix}/lib'
libexecdir='${exec_prefix}/libexec'
localedir='${datarootdir}/locale'
localstatedir='${prefix}/var'
mandir='${datarootdir}/man'
oldincludedir='/usr/include'
pdfdir='${docdir}'
poststage1_ldflags='-static-libstdc++ -static-libgcc'
poststage1_libs=''
prefix='/Volumes/ESPTools/esp-open-sdk/crosstool-NG/.build/xtensa-lx106-elf/buildtools'
program_transform_name='s&^&xtensa-lx106-elf-&'
psdir='${docdir}'
sbindir='${exec_prefix}/sbin'
sharedstatedir='${prefix}/com'
stage1_cflags='-g'
stage1_checking='--enable-checking=yes,types'
stage1_languages='c,lto'
stage1_ldflags=''
stage1_libs=''
stage2_werror_flag=''
sysconfdir='${prefix}/etc'
target='xtensa-lx106-elf'
target_alias='xtensa-lx106-elf'
target_configargs='--cache-file=./config.cache --with-cross-host=x86_64-build_apple-darwin14.0.0   '\''--prefix=/Volumes/ESPTools/esp-open-sdk/crosstool-NG/.build/xtensa-lx106-elf/buildtools'\'' '\''--with-local-prefix=/esptools/esp-open-sdk/xtensa-lx106-elf/xtensa-lx106-elf/sysroot'\'' '\''--with-sysroot=/esptools/esp-open-sdk/xtensa-lx106-elf/xtensa-lx106-elf/sysroot'\'' '\''--with-newlib'\'' '\''--enable-threads=no'\'' '\''--disable-shared'\'' '\''--with-pkgversion=crosstool-NG 1.20.0'\'' '\''--disable-__cxa_atexit'\'' '\''--with-isl=/Volumes/ESPTools/esp-open-sdk/crosstool-NG/.build/xtensa-lx106-elf/buildtools'\'' '\''--with-libelf=/Volumes/ESPTools/esp-open-sdk/crosstool-NG/.build/xtensa-lx106-elf/buildtools'\'' '\''--enable-lto'\'' '\''--enable-target-optspace'\'' '\''--disable-libgomp'\'' '\''--disable-libmudflap'\'' '\''--disable-nls'\'' '\''--disable-multilib'\'' '\''--enable-languages=c,lto'\'' --program-transform-name='\''s&^&xtensa-lx106-elf-&'\'' --disable-option-checking'
target_configdirs=' libgcc libssp libquadmath'
target_cpu='xtensa'
target_noncanonical='xtensa-lx106-elf'
target_os='elf'
target_subdir='xtensa-lx106-elf'
target_vendor='lx106'
tooldir='${exec_prefix}/xtensa-lx106-elf'

## ------------------- ##
## File substitutions. ##
## ------------------- ##

alphaieee_frag='/dev/null'
host_makefile_frag='/Volumes/ESPTools/esp-open-sdk/crosstool-NG/.build/src/gcc-4.8.2/config/mh-darwin'
ospace_frag='/Volumes/ESPTools/esp-open-sdk/crosstool-NG/.build/src/gcc-4.8.2/config/mt-ospace'
serialization_dependencies='serdep.tmp'
target_makefile_frag='/dev/null'

## ----------- ##
## confdefs.h. ##
## ----------- ##

/* confdefs.h */
#define PACKAGE_NAME ""
#define PACKAGE_TARNAME ""
#define PACKAGE_VERSION ""
#define PACKAGE_STRING ""
#define PACKAGE_BUGREPORT ""
#define PACKAGE_URL ""
#define LT_OBJDIR ".libs/"

configure: exit 0
