This file contains any messages produced by compilers while
running configure, to aid debugging if configure makes a mistake.

It was created by libmail configure 0.3, which was
generated by GNU Autoconf 2.63.  Invocation command line was

  $ ./configure 

## --------- ##
## Platform. ##
## --------- ##

hostname = esp8266
uname -m = x86_64
uname -r = 3.13.0-32-generic
uname -s = Linux
uname -v = #57-Ubuntu SMP Tue Jul 15 03:51:08 UTC 2014

/usr/bin/uname -p = unknown
/bin/uname -X     = unknown

/bin/arch              = unknown
/usr/bin/arch -k       = unknown
/usr/convex/getsysinfo = unknown
/usr/bin/hostinfo      = unknown
/bin/machine           = unknown
/usr/bin/oslevel       = unknown
/bin/universe          = unknown

PATH: /home/dyan/builds/xtensa-lx106-elf/bin
PATH: /usr/local/sbin
PATH: /usr/local/bin
PATH: /usr/sbin
PATH: /usr/bin
PATH: /sbin
PATH: /bin
PATH: /usr/games
PATH: /usr/local/games


## ----------- ##
## Core tests. ##
## ----------- ##

configure:2099: checking for a BSD-compatible install
configure:2167: result: /usr/bin/install -c
configure:2178: checking whether build environment is sane
configure:2221: result: yes
configure:2246: checking for a thread-safe mkdir -p
configure:2285: result: /bin/mkdir -p
configure:2298: checking for gawk
configure:2314: found /usr/bin/gawk
configure:2325: result: gawk
configure:2336: checking whether make sets $(MAKE)
configure:2358: result: yes
configure:2604: checking for g++
configure:2620: found /usr/bin/g++
configure:2631: result: g++
configure:2658: checking for C++ compiler version
configure:2666: g++ --version >&5
g++ (Ubuntu 4.8.2-19ubuntu1) 4.8.2
Copyright (C) 2013 Free Software Foundation, Inc.
This is free software; see the source for copying conditions.  There is NO
warranty; not even for MERCHANTABILITY or FITNESS FOR A PARTICULAR PURPOSE.

configure:2670: $? = 0
configure:2677: g++ -v >&5
Using built-in specs.
COLLECT_GCC=g++
COLLECT_LTO_WRAPPER=/usr/lib/gcc/x86_64-linux-gnu/4.8/lto-wrapper
Target: x86_64-linux-gnu
Configured with: ../src/configure -v --with-pkgversion='Ubuntu 4.8.2-19ubuntu1' --with-bugurl=file:///usr/share/doc/gcc-4.8/README.Bugs --enable-languages=c,c++,java,go,d,fortran,objc,obj-c++ --prefix=/usr --program-suffix=-4.8 --enable-shared --enable-linker-build-id --libexecdir=/usr/lib --without-included-gettext --enable-threads=posix --with-gxx-include-dir=/usr/include/c++/4.8 --libdir=/usr/lib --enable-nls --with-sysroot=/ --enable-clocale=gnu --enable-libstdcxx-debug --enable-libstdcxx-time=yes --enable-gnu-unique-object --disable-libmudflap --enable-plugin --with-system-zlib --disable-browser-plugin --enable-java-awt=gtk --enable-gtk-cairo --with-java-home=/usr/lib/jvm/java-1.5.0-gcj-4.8-amd64/jre --enable-java-home --with-jvm-root-dir=/usr/lib/jvm/java-1.5.0-gcj-4.8-amd64 --with-jvm-jar-dir=/usr/lib/jvm-exports/java-1.5.0-gcj-4.8-amd64 --with-arch-directory=amd64 --with-ecj-jar=/usr/share/java/eclipse-ecj.jar --enable-objc-gc --enable-multiarch --disable-werror --with-arch-32=i686 --with-abi=m64 --with-multilib-list=m32,m64,mx32 --with-tune=generic --enable-checking=release --build=x86_64-linux-gnu --host=x86_64-linux-gnu --target=x86_64-linux-gnu
Thread model: posix
gcc version 4.8.2 (Ubuntu 4.8.2-19ubuntu1) 
configure:2681: $? = 0
configure:2688: g++ -V >&5
g++: error: unrecognized command line option '-V'
g++: fatal error: no input files
compilation terminated.
configure:2692: $? = 4
configure:2715: checking for C++ compiler default output file name
configure:2737: g++    conftest.cpp  >&5
configure:2741: $? = 0
configure:2779: result: a.out
configure:2798: checking whether the C++ compiler works
configure:2808: ./a.out
configure:2812: $? = 0
configure:2831: result: yes
configure:2838: checking whether we are cross compiling
configure:2840: result: no
configure:2843: checking for suffix of executables
configure:2850: g++ -o conftest    conftest.cpp  >&5
configure:2854: $? = 0
configure:2880: result: 
configure:2886: checking for suffix of object files
configure:2912: g++ -c   conftest.cpp >&5
configure:2916: $? = 0
configure:2941: result: o
configure:2945: checking whether we are using the GNU C++ compiler
configure:2974: g++ -c   conftest.cpp >&5
configure:2981: $? = 0
configure:2998: result: yes
configure:3007: checking whether g++ accepts -g
configure:3037: g++ -c -g  conftest.cpp >&5
configure:3044: $? = 0
configure:3145: result: yes
configure:3179: checking for style of include used by make
configure:3207: result: GNU
configure:3232: checking dependency style of g++
configure:3323: result: gcc3
configure:3342: checking for gawk
configure:3369: result: gawk
configure:3428: checking for gcc
configure:3444: found /usr/bin/gcc
configure:3455: result: gcc
configure:3687: checking for C compiler version
configure:3695: gcc --version >&5
gcc (Ubuntu 4.8.2-19ubuntu1) 4.8.2
Copyright (C) 2013 Free Software Foundation, Inc.
This is free software; see the source for copying conditions.  There is NO
warranty; not even for MERCHANTABILITY or FITNESS FOR A PARTICULAR PURPOSE.

configure:3699: $? = 0
configure:3706: gcc -v >&5
Using built-in specs.
COLLECT_GCC=gcc
COLLECT_LTO_WRAPPER=/usr/lib/gcc/x86_64-linux-gnu/4.8/lto-wrapper
Target: x86_64-linux-gnu
Configured with: ../src/configure -v --with-pkgversion='Ubuntu 4.8.2-19ubuntu1' --with-bugurl=file:///usr/share/doc/gcc-4.8/README.Bugs --enable-languages=c,c++,java,go,d,fortran,objc,obj-c++ --prefix=/usr --program-suffix=-4.8 --enable-shared --enable-linker-build-id --libexecdir=/usr/lib --without-included-gettext --enable-threads=posix --with-gxx-include-dir=/usr/include/c++/4.8 --libdir=/usr/lib --enable-nls --with-sysroot=/ --enable-clocale=gnu --enable-libstdcxx-debug --enable-libstdcxx-time=yes --enable-gnu-unique-object --disable-libmudflap --enable-plugin --with-system-zlib --disable-browser-plugin --enable-java-awt=gtk --enable-gtk-cairo --with-java-home=/usr/lib/jvm/java-1.5.0-gcj-4.8-amd64/jre --enable-java-home --with-jvm-root-dir=/usr/lib/jvm/java-1.5.0-gcj-4.8-amd64 --with-jvm-jar-dir=/usr/lib/jvm-exports/java-1.5.0-gcj-4.8-amd64 --with-arch-directory=amd64 --with-ecj-jar=/usr/share/java/eclipse-ecj.jar --enable-objc-gc --enable-multiarch --disable-werror --with-arch-32=i686 --with-abi=m64 --with-multilib-list=m32,m64,mx32 --with-tune=generic --enable-checking=release --build=x86_64-linux-gnu --host=x86_64-linux-gnu --target=x86_64-linux-gnu
Thread model: posix
gcc version 4.8.2 (Ubuntu 4.8.2-19ubuntu1) 
configure:3710: $? = 0
configure:3717: gcc -V >&5
gcc: error: unrecognized command line option '-V'
gcc: fatal error: no input files
compilation terminated.
configure:3721: $? = 4
configure:3724: checking whether we are using the GNU C compiler
configure:3753: gcc -c   conftest.c >&5
configure:3760: $? = 0
configure:3777: result: yes
configure:3786: checking whether gcc accepts -g
configure:3816: gcc -c -g  conftest.c >&5
configure:3823: $? = 0
configure:3924: result: yes
configure:3941: checking for gcc option to accept ISO C89
configure:4015: gcc  -c -g -O2  conftest.c >&5
configure:4022: $? = 0
configure:4045: result: none needed
configure:4065: checking dependency style of gcc
configure:4156: result: gcc3
configure:4176: checking how to run the C preprocessor
configure:4216: gcc -E  conftest.c
configure:4223: $? = 0
configure:4254: gcc -E  conftest.c
conftest.c:10:28: fatal error: ac_nonexistent.h: No such file or directory
 #include <ac_nonexistent.h>
                            ^
compilation terminated.
configure:4261: $? = 1
configure: failed program was:
| /* confdefs.h.  */
| #define PACKAGE_NAME "libmail"
| #define PACKAGE_TARNAME "libmail"
| #define PACKAGE_VERSION "0.3"
| #define PACKAGE_STRING "libmail 0.3"
| #define PACKAGE_BUGREPORT "http://sourceforge.net/tracker/?group_id=251539&atid=1126791"
| #define PACKAGE "libmail"
| #define VERSION "0.3"
| /* end confdefs.h.  */
| #include <ac_nonexistent.h>
configure:4294: result: gcc -E
configure:4323: gcc -E  conftest.c
configure:4330: $? = 0
configure:4361: gcc -E  conftest.c
conftest.c:10:28: fatal error: ac_nonexistent.h: No such file or directory
 #include <ac_nonexistent.h>
                            ^
compilation terminated.
configure:4368: $? = 1
configure: failed program was:
| /* confdefs.h.  */
| #define PACKAGE_NAME "libmail"
| #define PACKAGE_TARNAME "libmail"
| #define PACKAGE_VERSION "0.3"
| #define PACKAGE_STRING "libmail 0.3"
| #define PACKAGE_BUGREPORT "http://sourceforge.net/tracker/?group_id=251539&atid=1126791"
| #define PACKAGE "libmail"
| #define VERSION "0.3"
| /* end confdefs.h.  */
| #include <ac_nonexistent.h>
configure:4421: checking for a BSD-compatible install
configure:4489: result: /usr/bin/install -c
configure:4500: checking whether ln -s works
configure:4504: result: yes
configure:4511: checking whether make sets $(MAKE)
configure:4533: result: yes
configure:4573: checking build system type
configure:4591: result: x86_64-unknown-linux-gnu
configure:4613: checking host system type
configure:4628: result: x86_64-unknown-linux-gnu
configure:4650: checking for a sed that does not truncate output
configure:4716: result: /bin/sed
configure:4734: checking for grep that handles long lines and -e
configure:4794: result: /bin/grep
configure:4799: checking for egrep
configure:4863: result: /bin/grep -E
configure:4868: checking for fgrep
configure:4932: result: /bin/grep -F
configure:4967: checking for ld used by gcc
configure:5034: result: /usr/bin/ld
configure:5043: checking if the linker (/usr/bin/ld) is GNU ld
configure:5058: result: yes
configure:5070: checking for BSD- or MS-compatible name lister (nm)
configure:5119: result: /usr/bin/nm -B
configure:5237: checking the name lister (/usr/bin/nm -B) interface
configure:5244: gcc -c -g -O2  conftest.c >&5
configure:5247: /usr/bin/nm -B "conftest.o"
configure:5250: output
0000000000000000 B some_variable
configure:5257: result: BSD nm
configure:5261: checking the maximum length of command line arguments
configure:5381: result: 1572864
configure:5398: checking whether the shell understands some XSI constructs
configure:5408: result: yes
configure:5412: checking whether the shell understands "+="
configure:5418: result: yes
configure:5453: checking for /usr/bin/ld option to reload object files
configure:5460: result: -r
configure:5529: checking for objdump
configure:5545: found /usr/bin/objdump
configure:5556: result: objdump
configure:5588: checking how to recognize dependent libraries
configure:5784: result: pass_all
configure:5844: checking for ar
configure:5860: found /usr/bin/ar
configure:5871: result: ar
configure:5949: checking for strip
configure:5965: found /usr/bin/strip
configure:5976: result: strip
configure:6048: checking for ranlib
configure:6064: found /usr/bin/ranlib
configure:6075: result: ranlib
configure:6165: checking command to parse /usr/bin/nm -B output from gcc object
configure:6283: gcc -c -g -O2  conftest.c >&5
configure:6286: $? = 0
configure:6290: /usr/bin/nm -B conftest.o \| sed -n -e 's/^.*[	 ]\([ABCDGIRSTW][ABCDGIRSTW]*\)[	 ][	 ]*\([_A-Za-z][_A-Za-z0-9]*\)$/\1 \2 \2/p' \> conftest.nm
configure:6293: $? = 0
configure:6347: gcc -o conftest -g -O2   conftest.c conftstm.o >&5
configure:6350: $? = 0
configure:6388: result: ok
configure:6484: gcc -c -g -O2  conftest.c >&5
configure:6487: $? = 0
configure:7251: checking for ANSI C header files
configure:7281: gcc -c -g -O2  conftest.c >&5
configure:7288: $? = 0
configure:7387: gcc -o conftest -g -O2   conftest.c  >&5
configure:7391: $? = 0
configure:7397: ./conftest
configure:7401: $? = 0
configure:7419: result: yes
configure:7443: checking for sys/types.h
configure:7464: gcc -c -g -O2  conftest.c >&5
configure:7471: $? = 0
configure:7488: result: yes
configure:7443: checking for sys/stat.h
configure:7464: gcc -c -g -O2  conftest.c >&5
configure:7471: $? = 0
configure:7488: result: yes
configure:7443: checking for stdlib.h
configure:7464: gcc -c -g -O2  conftest.c >&5
configure:7471: $? = 0
configure:7488: result: yes
configure:7443: checking for string.h
configure:7464: gcc -c -g -O2  conftest.c >&5
configure:7471: $? = 0
configure:7488: result: yes
configure:7443: checking for memory.h
configure:7464: gcc -c -g -O2  conftest.c >&5
configure:7471: $? = 0
configure:7488: result: yes
configure:7443: checking for strings.h
configure:7464: gcc -c -g -O2  conftest.c >&5
configure:7471: $? = 0
configure:7488: result: yes
configure:7443: checking for inttypes.h
configure:7464: gcc -c -g -O2  conftest.c >&5
configure:7471: $? = 0
configure:7488: result: yes
configure:7443: checking for stdint.h
configure:7464: gcc -c -g -O2  conftest.c >&5
configure:7471: $? = 0
configure:7488: result: yes
configure:7443: checking for unistd.h
configure:7464: gcc -c -g -O2  conftest.c >&5
configure:7471: $? = 0
configure:7488: result: yes
configure:7506: checking for dlfcn.h
configure:7527: gcc -c -g -O2  conftest.c >&5
configure:7534: $? = 0
configure:7551: result: yes
configure:7678: checking for C++ compiler version
configure:7686: g++ --version >&5
g++ (Ubuntu 4.8.2-19ubuntu1) 4.8.2
Copyright (C) 2013 Free Software Foundation, Inc.
This is free software; see the source for copying conditions.  There is NO
warranty; not even for MERCHANTABILITY or FITNESS FOR A PARTICULAR PURPOSE.

configure:7690: $? = 0
configure:7697: g++ -v >&5
Using built-in specs.
COLLECT_GCC=g++
COLLECT_LTO_WRAPPER=/usr/lib/gcc/x86_64-linux-gnu/4.8/lto-wrapper
Target: x86_64-linux-gnu
Configured with: ../src/configure -v --with-pkgversion='Ubuntu 4.8.2-19ubuntu1' --with-bugurl=file:///usr/share/doc/gcc-4.8/README.Bugs --enable-languages=c,c++,java,go,d,fortran,objc,obj-c++ --prefix=/usr --program-suffix=-4.8 --enable-shared --enable-linker-build-id --libexecdir=/usr/lib --without-included-gettext --enable-threads=posix --with-gxx-include-dir=/usr/include/c++/4.8 --libdir=/usr/lib --enable-nls --with-sysroot=/ --enable-clocale=gnu --enable-libstdcxx-debug --enable-libstdcxx-time=yes --enable-gnu-unique-object --disable-libmudflap --enable-plugin --with-system-zlib --disable-browser-plugin --enable-java-awt=gtk --enable-gtk-cairo --with-java-home=/usr/lib/jvm/java-1.5.0-gcj-4.8-amd64/jre --enable-java-home --with-jvm-root-dir=/usr/lib/jvm/java-1.5.0-gcj-4.8-amd64 --with-jvm-jar-dir=/usr/lib/jvm-exports/java-1.5.0-gcj-4.8-amd64 --with-arch-directory=amd64 --with-ecj-jar=/usr/share/java/eclipse-ecj.jar --enable-objc-gc --enable-multiarch --disable-werror --with-arch-32=i686 --with-abi=m64 --with-multilib-list=m32,m64,mx32 --with-tune=generic --enable-checking=release --build=x86_64-linux-gnu --host=x86_64-linux-gnu --target=x86_64-linux-gnu
Thread model: posix
gcc version 4.8.2 (Ubuntu 4.8.2-19ubuntu1) 
configure:7701: $? = 0
configure:7708: g++ -V >&5
g++: error: unrecognized command line option '-V'
g++: fatal error: no input files
compilation terminated.
configure:7712: $? = 4
configure:7715: checking whether we are using the GNU C++ compiler
configure:7768: result: yes
configure:7777: checking whether g++ accepts -g
configure:7915: result: yes
configure:7940: checking dependency style of g++
configure:8031: result: gcc3
configure:8054: checking how to run the C++ preprocessor
configure:8090: g++ -E  conftest.cpp
configure:8097: $? = 0
configure:8128: g++ -E  conftest.cpp
conftest.cpp:21:28: fatal error: ac_nonexistent.h: No such file or directory
 #include <ac_nonexistent.h>
                            ^
compilation terminated.
configure:8135: $? = 1
configure: failed program was:
| /* confdefs.h.  */
| #define PACKAGE_NAME "libmail"
| #define PACKAGE_TARNAME "libmail"
| #define PACKAGE_VERSION "0.3"
| #define PACKAGE_STRING "libmail 0.3"
| #define PACKAGE_BUGREPORT "http://sourceforge.net/tracker/?group_id=251539&atid=1126791"
| #define PACKAGE "libmail"
| #define VERSION "0.3"
| #define STDC_HEADERS 1
| #define HAVE_SYS_TYPES_H 1
| #define HAVE_SYS_STAT_H 1
| #define HAVE_STDLIB_H 1
| #define HAVE_STRING_H 1
| #define HAVE_MEMORY_H 1
| #define HAVE_STRINGS_H 1
| #define HAVE_INTTYPES_H 1
| #define HAVE_STDINT_H 1
| #define HAVE_UNISTD_H 1
| #define HAVE_DLFCN_H 1
| /* end confdefs.h.  */
| #include <ac_nonexistent.h>
configure:8168: result: g++ -E
configure:8197: g++ -E  conftest.cpp
configure:8204: $? = 0
configure:8235: g++ -E  conftest.cpp
conftest.cpp:21:28: fatal error: ac_nonexistent.h: No such file or directory
 #include <ac_nonexistent.h>
                            ^
compilation terminated.
configure:8242: $? = 1
configure: failed program was:
| /* confdefs.h.  */
| #define PACKAGE_NAME "libmail"
| #define PACKAGE_TARNAME "libmail"
| #define PACKAGE_VERSION "0.3"
| #define PACKAGE_STRING "libmail 0.3"
| #define PACKAGE_BUGREPORT "http://sourceforge.net/tracker/?group_id=251539&atid=1126791"
| #define PACKAGE "libmail"
| #define VERSION "0.3"
| #define STDC_HEADERS 1
| #define HAVE_SYS_TYPES_H 1
| #define HAVE_SYS_STAT_H 1
| #define HAVE_STDLIB_H 1
| #define HAVE_STRING_H 1
| #define HAVE_MEMORY_H 1
| #define HAVE_STRINGS_H 1
| #define HAVE_INTTYPES_H 1
| #define HAVE_STDINT_H 1
| #define HAVE_UNISTD_H 1
| #define HAVE_DLFCN_H 1
| /* end confdefs.h.  */
| #include <ac_nonexistent.h>
configure:8456: checking for objdir
configure:8471: result: .libs
configure:8763: checking if gcc supports -fno-rtti -fno-exceptions
configure:8781: gcc -c -g -O2  -fno-rtti -fno-exceptions conftest.c >&5
cc1: warning: command line option '-fno-rtti' is valid for C++/ObjC++ but not for C [enabled by default]
configure:8785: $? = 0
configure:8798: result: no
configure:8818: checking for gcc option to produce PIC
configure:9090: result: -fPIC -DPIC
configure:9102: checking if gcc PIC flag -fPIC -DPIC works
configure:9120: gcc -c -g -O2  -fPIC -DPIC -DPIC conftest.c >&5
configure:9124: $? = 0
configure:9137: result: yes
configure:9161: checking if gcc static flag -static works
configure:9189: result: yes
configure:9204: checking if gcc supports -c -o file.o
configure:9225: gcc -c -g -O2  -o out/conftest2.o conftest.c >&5
configure:9229: $? = 0
configure:9251: result: yes
configure:9259: checking if gcc supports -c -o file.o
configure:9306: result: yes
configure:9339: checking whether the gcc linker (/usr/bin/ld -m elf_x86_64) supports shared libraries
configure:10413: result: yes
configure:10450: checking whether -lc should be explicitly linked in
configure:10455: gcc -c -g -O2  conftest.c >&5
configure:10458: $? = 0
configure:10473: gcc -shared conftest.o  -v -Wl,-soname -Wl,conftest -o conftest 2\>\&1 \| /bin/grep  -lc  \>/dev/null 2\>\&1
configure:10476: $? = 0
configure:10488: result: no
configure:10652: checking dynamic linker characteristics
configure:11108: gcc -o conftest -g -O2   -Wl,-rpath -Wl,/foo conftest.c  >&5
configure:11115: $? = 0
configure:11348: result: GNU/Linux ld.so
configure:11450: checking how to hardcode library paths into programs
configure:11475: result: immediate
configure:12308: checking whether stripping libraries is possible
configure:12313: result: yes
configure:12348: checking if libtool supports shared libraries
configure:12350: result: yes
configure:12353: checking whether to build shared libraries
configure:12374: result: yes
configure:12377: checking whether to build static libraries
configure:12381: result: yes
configure:12531: checking for ld used by g++
configure:12598: result: /usr/bin/ld -m elf_x86_64
configure:12607: checking if the linker (/usr/bin/ld -m elf_x86_64) is GNU ld
configure:12622: result: yes
configure:12677: checking whether the g++ linker (/usr/bin/ld -m elf_x86_64) supports shared libraries
configure:13652: result: yes
configure:13680: g++ -c -g -O2  conftest.cpp >&5
configure:13683: $? = 0
configure:13865: checking for g++ option to produce PIC
configure:14182: result: -fPIC -DPIC
configure:14191: checking if g++ PIC flag -fPIC -DPIC works
configure:14209: g++ -c -g -O2  -fPIC -DPIC -DPIC conftest.cpp >&5
configure:14213: $? = 0
configure:14226: result: yes
configure:14247: checking if g++ static flag -static works
configure:14275: result: yes
configure:14287: checking if g++ supports -c -o file.o
configure:14308: g++ -c -g -O2  -o out/conftest2.o conftest.cpp >&5
configure:14312: $? = 0
configure:14334: result: yes
configure:14339: checking if g++ supports -c -o file.o
configure:14386: result: yes
configure:14416: checking whether the g++ linker (/usr/bin/ld -m elf_x86_64) supports shared libraries
configure:14442: result: yes
configure:14579: checking dynamic linker characteristics
configure:14983: g++ -o conftest -g -O2   -Wl,-rpath -Wl,/foo conftest.cpp  >&5
configure:14990: $? = 0
configure:15223: result: GNU/Linux ld.so
configure:15274: checking how to hardcode library paths into programs
configure:15299: result: immediate
configure:15880: checking arpa/inet.h usability
configure:15897: gcc -c -D_GNU_SOURCE -Wall -Wunused -Wstrict-prototypes -O2  conftest.c >&5
configure:15904: $? = 0
configure:15918: result: yes
configure:15922: checking arpa/inet.h presence
configure:15937: gcc -E  conftest.c
configure:15944: $? = 0
configure:15958: result: yes
configure:15991: checking for arpa/inet.h
configure:16000: result: yes
configure:15880: checking limits.h usability
configure:15897: gcc -c -D_GNU_SOURCE -Wall -Wunused -Wstrict-prototypes -O2  conftest.c >&5
configure:15904: $? = 0
configure:15918: result: yes
configure:15922: checking limits.h presence
configure:15937: gcc -E  conftest.c
configure:15944: $? = 0
configure:15958: result: yes
configure:15991: checking for limits.h
configure:16000: result: yes
configure:15880: checking netdb.h usability
configure:15897: gcc -c -D_GNU_SOURCE -Wall -Wunused -Wstrict-prototypes -O2  conftest.c >&5
configure:15904: $? = 0
configure:15918: result: yes
configure:15922: checking netdb.h presence
configure:15937: gcc -E  conftest.c
configure:15944: $? = 0
configure:15958: result: yes
configure:15991: checking for netdb.h
configure:16000: result: yes
configure:15880: checking netinet/in.h usability
configure:15897: gcc -c -D_GNU_SOURCE -Wall -Wunused -Wstrict-prototypes -O2  conftest.c >&5
configure:15904: $? = 0
configure:15918: result: yes
configure:15922: checking netinet/in.h presence
configure:15937: gcc -E  conftest.c
configure:15944: $? = 0
configure:15958: result: yes
configure:15991: checking for netinet/in.h
configure:16000: result: yes
configure:15869: checking for stdint.h
configure:15876: result: yes
configure:15869: checking for stdlib.h
configure:15876: result: yes
configure:15869: checking for string.h
configure:15876: result: yes
configure:15869: checking for strings.h
configure:15876: result: yes
configure:15880: checking sys/socket.h usability
configure:15897: gcc -c -D_GNU_SOURCE -Wall -Wunused -Wstrict-prototypes -O2  conftest.c >&5
configure:15904: $? = 0
configure:15918: result: yes
configure:15922: checking sys/socket.h presence
configure:15937: gcc -E  conftest.c
configure:15944: $? = 0
configure:15958: result: yes
configure:15991: checking for sys/socket.h
configure:16000: result: yes
configure:15869: checking for unistd.h
configure:15876: result: yes
configure:16016: checking for size_t
configure:16044: gcc -c -D_GNU_SOURCE -Wall -Wunused -Wstrict-prototypes -O2  conftest.c >&5
conftest.c:67:1: warning: function declaration isn't a prototype [-Wstrict-prototypes]
 main ()
 ^
configure:16051: $? = 0
configure:16078: gcc -c -D_GNU_SOURCE -Wall -Wunused -Wstrict-prototypes -O2  conftest.c >&5
conftest.c:67:1: warning: function declaration isn't a prototype [-Wstrict-prototypes]
 main ()
 ^
conftest.c: In function 'main':
conftest.c:69:21: error: expected expression before ')' token
 if (sizeof ((size_t)))
                     ^
configure:16085: $? = 1
configure: failed program was:
| /* confdefs.h.  */
| #define PACKAGE_NAME "libmail"
| #define PACKAGE_TARNAME "libmail"
| #define PACKAGE_VERSION "0.3"
| #define PACKAGE_STRING "libmail 0.3"
| #define PACKAGE_BUGREPORT "http://sourceforge.net/tracker/?group_id=251539&atid=1126791"
| #define PACKAGE "libmail"
| #define VERSION "0.3"
| #define STDC_HEADERS 1
| #define HAVE_SYS_TYPES_H 1
| #define HAVE_SYS_STAT_H 1
| #define HAVE_STDLIB_H 1
| #define HAVE_STRING_H 1
| #define HAVE_MEMORY_H 1
| #define HAVE_STRINGS_H 1
| #define HAVE_INTTYPES_H 1
| #define HAVE_STDINT_H 1
| #define HAVE_UNISTD_H 1
| #define HAVE_DLFCN_H 1
| #define LT_OBJDIR ".libs/"
| #define LIBMAIL_USE_BUFSIZE 512
| #define HAVE_ARPA_INET_H 1
| #define HAVE_LIMITS_H 1
| #define HAVE_NETDB_H 1
| #define HAVE_NETINET_IN_H 1
| #define HAVE_STDINT_H 1
| #define HAVE_STDLIB_H 1
| #define HAVE_STRING_H 1
| #define HAVE_STRINGS_H 1
| #define HAVE_SYS_SOCKET_H 1
| #define HAVE_UNISTD_H 1
| /* end confdefs.h.  */
| #include <stdio.h>
| #ifdef HAVE_SYS_TYPES_H
| # include <sys/types.h>
| #endif
| #ifdef HAVE_SYS_STAT_H
| # include <sys/stat.h>
| #endif
| #ifdef STDC_HEADERS
| # include <stdlib.h>
| # include <stddef.h>
| #else
| # ifdef HAVE_STDLIB_H
| #  include <stdlib.h>
| # endif
| #endif
| #ifdef HAVE_STRING_H
| # if !defined STDC_HEADERS && defined HAVE_MEMORY_H
| #  include <memory.h>
| # endif
| # include <string.h>
| #endif
| #ifdef HAVE_STRINGS_H
| # include <strings.h>
| #endif
| #ifdef HAVE_INTTYPES_H
| # include <inttypes.h>
| #endif
| #ifdef HAVE_STDINT_H
| # include <stdint.h>
| #endif
| #ifdef HAVE_UNISTD_H
| # include <unistd.h>
| #endif
| int
| main ()
| {
| if (sizeof ((size_t)))
| 	  return 0;
|   ;
|   return 0;
| }
configure:16108: result: yes
configure:16126: checking for stdlib.h
configure:16133: result: yes
configure:16272: checking for GNU libc compatible malloc
configure:16306: gcc -o conftest -D_GNU_SOURCE -Wall -Wunused -Wstrict-prototypes -O2   conftest.c  >&5
conftest.c:41:1: warning: function declaration isn't a prototype [-Wstrict-prototypes]
 main ()
 ^
configure:16310: $? = 0
configure:16316: ./conftest
configure:16320: $? = 0
configure:16337: result: yes
configure:16374: checking for memset
configure:16430: gcc -o conftest -D_GNU_SOURCE -Wall -Wunused -Wstrict-prototypes -O2   conftest.c  >&5
conftest.c:58:1: warning: function declaration isn't a prototype [-Wstrict-prototypes]
 char memset ();
 ^
conftest.c:58:6: warning: conflicting types for built-in function 'memset' [enabled by default]
 char memset ();
      ^
conftest.c:67:1: warning: function declaration isn't a prototype [-Wstrict-prototypes]
 main ()
 ^
configure:16437: $? = 0
configure:16459: result: yes
configure:16374: checking for socket
configure:16430: gcc -o conftest -D_GNU_SOURCE -Wall -Wunused -Wstrict-prototypes -O2   conftest.c  >&5
conftest.c:59:1: warning: function declaration isn't a prototype [-Wstrict-prototypes]
 char socket ();
 ^
conftest.c:68:1: warning: function declaration isn't a prototype [-Wstrict-prototypes]
 main ()
 ^
configure:16437: $? = 0
configure:16459: result: yes
configure:16374: checking for strchr
configure:16430: gcc -o conftest -D_GNU_SOURCE -Wall -Wunused -Wstrict-prototypes -O2   conftest.c  >&5
conftest.c:60:1: warning: function declaration isn't a prototype [-Wstrict-prototypes]
 char strchr ();
 ^
conftest.c:60:6: warning: conflicting types for built-in function 'strchr' [enabled by default]
 char strchr ();
      ^
conftest.c:69:1: warning: function declaration isn't a prototype [-Wstrict-prototypes]
 main ()
 ^
configure:16437: $? = 0
configure:16459: result: yes
configure:16374: checking for strdup
configure:16430: gcc -o conftest -D_GNU_SOURCE -Wall -Wunused -Wstrict-prototypes -O2   conftest.c  >&5
conftest.c:61:1: warning: function declaration isn't a prototype [-Wstrict-prototypes]
 char strdup ();
 ^
conftest.c:61:6: warning: conflicting types for built-in function 'strdup' [enabled by default]
 char strdup ();
      ^
conftest.c:70:1: warning: function declaration isn't a prototype [-Wstrict-prototypes]
 main ()
 ^
configure:16437: $? = 0
configure:16459: result: yes
configure:16374: checking for strrchr
configure:16430: gcc -o conftest -D_GNU_SOURCE -Wall -Wunused -Wstrict-prototypes -O2   conftest.c  >&5
conftest.c:62:1: warning: function declaration isn't a prototype [-Wstrict-prototypes]
 char strrchr ();
 ^
conftest.c:62:6: warning: conflicting types for built-in function 'strrchr' [enabled by default]
 char strrchr ();
      ^
conftest.c:71:1: warning: function declaration isn't a prototype [-Wstrict-prototypes]
 main ()
 ^
configure:16437: $? = 0
configure:16459: result: yes
configure:16374: checking for strstr
configure:16430: gcc -o conftest -D_GNU_SOURCE -Wall -Wunused -Wstrict-prototypes -O2   conftest.c  >&5
conftest.c:63:1: warning: function declaration isn't a prototype [-Wstrict-prototypes]
 char strstr ();
 ^
conftest.c:63:6: warning: conflicting types for built-in function 'strstr' [enabled by default]
 char strstr ();
      ^
conftest.c:72:1: warning: function declaration isn't a prototype [-Wstrict-prototypes]
 main ()
 ^
configure:16437: $? = 0
configure:16459: result: yes
configure:16624: creating ./config.status

## ---------------------- ##
## Running config.status. ##
## ---------------------- ##

This file was extended by libmail config.status 0.3, which was
generated by GNU Autoconf 2.63.  Invocation command line was

  CONFIG_FILES    = 
  CONFIG_HEADERS  = 
  CONFIG_LINKS    = 
  CONFIG_COMMANDS = 
  $ ./config.status 

on esp8266

config.status:1070: creating libmail/Makefile
config.status:1070: creating Makefile
config.status:1070: creating man/Makefile
config.status:1070: creating config.h
config.status:1344: executing depfiles commands
config.status:1344: executing libtool commands

## ---------------- ##
## Cache variables. ##
## ---------------- ##

ac_cv_build=x86_64-unknown-linux-gnu
ac_cv_c_compiler_gnu=yes
ac_cv_cxx_compiler_gnu=yes
ac_cv_env_CCC_set=
ac_cv_env_CCC_value=
ac_cv_env_CC_set=
ac_cv_env_CC_value=
ac_cv_env_CFLAGS_set=
ac_cv_env_CFLAGS_value=
ac_cv_env_CPPFLAGS_set=
ac_cv_env_CPPFLAGS_value=
ac_cv_env_CPP_set=
ac_cv_env_CPP_value=
ac_cv_env_CXXCPP_set=
ac_cv_env_CXXCPP_value=
ac_cv_env_CXXFLAGS_set=
ac_cv_env_CXXFLAGS_value=
ac_cv_env_CXX_set=
ac_cv_env_CXX_value=
ac_cv_env_LDFLAGS_set=
ac_cv_env_LDFLAGS_value=
ac_cv_env_LIBS_set=
ac_cv_env_LIBS_value=
ac_cv_env_build_alias_set=
ac_cv_env_build_alias_value=
ac_cv_env_host_alias_set=
ac_cv_env_host_alias_value=
ac_cv_env_target_alias_set=
ac_cv_env_target_alias_value=
ac_cv_func_malloc_0_nonnull=yes
ac_cv_func_memset=yes
ac_cv_func_socket=yes
ac_cv_func_strchr=yes
ac_cv_func_strdup=yes
ac_cv_func_strrchr=yes
ac_cv_func_strstr=yes
ac_cv_header_arpa_inet_h=yes
ac_cv_header_dlfcn_h=yes
ac_cv_header_inttypes_h=yes
ac_cv_header_limits_h=yes
ac_cv_header_memory_h=yes
ac_cv_header_netdb_h=yes
ac_cv_header_netinet_in_h=yes
ac_cv_header_stdc=yes
ac_cv_header_stdint_h=yes
ac_cv_header_stdlib_h=yes
ac_cv_header_string_h=yes
ac_cv_header_strings_h=yes
ac_cv_header_sys_socket_h=yes
ac_cv_header_sys_stat_h=yes
ac_cv_header_sys_types_h=yes
ac_cv_header_unistd_h=yes
ac_cv_host=x86_64-unknown-linux-gnu
ac_cv_objext=o
ac_cv_path_EGREP='/bin/grep -E'
ac_cv_path_FGREP='/bin/grep -F'
ac_cv_path_GREP=/bin/grep
ac_cv_path_SED=/bin/sed
ac_cv_path_install='/usr/bin/install -c'
ac_cv_path_mkdir=/bin/mkdir
ac_cv_prog_AWK=gawk
ac_cv_prog_CPP='gcc -E'
ac_cv_prog_CXXCPP='g++ -E'
ac_cv_prog_ac_ct_AR=ar
ac_cv_prog_ac_ct_CC=gcc
ac_cv_prog_ac_ct_CXX=g++
ac_cv_prog_ac_ct_OBJDUMP=objdump
ac_cv_prog_ac_ct_RANLIB=ranlib
ac_cv_prog_ac_ct_STRIP=strip
ac_cv_prog_cc_c89=
ac_cv_prog_cc_g=yes
ac_cv_prog_cxx_g=yes
ac_cv_prog_make_make_set=yes
ac_cv_type_size_t=yes
am_cv_CC_dependencies_compiler_type=gcc3
am_cv_CXX_dependencies_compiler_type=gcc3
lt_cv_deplibs_check_method=pass_all
lt_cv_file_magic_cmd='$MAGIC_CMD'
lt_cv_file_magic_test_file=
lt_cv_ld_reload_flag=-r
lt_cv_nm_interface='BSD nm'
lt_cv_objdir=.libs
lt_cv_path_LD=/usr/bin/ld
lt_cv_path_LDCXX='/usr/bin/ld -m elf_x86_64'
lt_cv_path_NM='/usr/bin/nm -B'
lt_cv_prog_compiler_c_o=yes
lt_cv_prog_compiler_c_o_CXX=yes
lt_cv_prog_compiler_pic_works=yes
lt_cv_prog_compiler_pic_works_CXX=yes
lt_cv_prog_compiler_rtti_exceptions=no
lt_cv_prog_compiler_static_works=yes
lt_cv_prog_compiler_static_works_CXX=yes
lt_cv_prog_gnu_ld=yes
lt_cv_prog_gnu_ldcxx=yes
lt_cv_sys_global_symbol_pipe='sed -n -e '\''s/^.*[	 ]\([ABCDGIRSTW][ABCDGIRSTW]*\)[	 ][	 ]*\([_A-Za-z][_A-Za-z0-9]*\)$/\1 \2 \2/p'\'''
lt_cv_sys_global_symbol_to_c_name_address='sed -n -e '\''s/^: \([^ ]*\) $/  {\"\1\", (void *) 0},/p'\'' -e '\''s/^[ABCDGIRSTW]* \([^ ]*\) \([^ ]*\)$/  {"\2", (void *) \&\2},/p'\'''
lt_cv_sys_global_symbol_to_c_name_address_lib_prefix='sed -n -e '\''s/^: \([^ ]*\) $/  {\"\1\", (void *) 0},/p'\'' -e '\''s/^[ABCDGIRSTW]* \([^ ]*\) \(lib[^ ]*\)$/  {"\2", (void *) \&\2},/p'\'' -e '\''s/^[ABCDGIRSTW]* \([^ ]*\) \([^ ]*\)$/  {"lib\2", (void *) \&\2},/p'\'''
lt_cv_sys_global_symbol_to_cdecl='sed -n -e '\''s/^T .* \(.*\)$/extern int \1();/p'\'' -e '\''s/^[ABCDGIRSTW]* .* \(.*\)$/extern char \1;/p'\'''
lt_cv_sys_max_cmd_len=1572864

## ----------------- ##
## Output variables. ##
## ----------------- ##

ACLOCAL='${SHELL} /opt/Espressif/ESP8266_SDK/esp_iot_sdk_v0.9.3/tmp/libmail-0.3/missing --run aclocal-1.10'
AMDEPBACKSLASH='\'
AMDEP_FALSE='#'
AMDEP_TRUE=''
AMTAR='${SHELL} /opt/Espressif/ESP8266_SDK/esp_iot_sdk_v0.9.3/tmp/libmail-0.3/missing --run tar'
AR='ar'
AUTOCONF='${SHELL} /opt/Espressif/ESP8266_SDK/esp_iot_sdk_v0.9.3/tmp/libmail-0.3/missing --run autoconf'
AUTOHEADER='${SHELL} /opt/Espressif/ESP8266_SDK/esp_iot_sdk_v0.9.3/tmp/libmail-0.3/missing --run autoheader'
AUTOMAKE='${SHELL} /opt/Espressif/ESP8266_SDK/esp_iot_sdk_v0.9.3/tmp/libmail-0.3/missing --run automake-1.10'
AWK='gawk'
CC='gcc'
CCDEPMODE='depmode=gcc3'
CFLAGS='-D_GNU_SOURCE -Wall -Wunused -Wstrict-prototypes -O2'
CPP='gcc -E'
CPPFLAGS=''
CXX='g++'
CXXCPP='g++ -E'
CXXDEPMODE='depmode=gcc3'
CXXFLAGS='-g -O2'
CYGPATH_W='echo'
DEFS='-DHAVE_CONFIG_H'
DEPDIR='.deps'
DSYMUTIL=''
DUMPBIN=''
ECHO_C=''
ECHO_N='-n'
ECHO_T=''
EGREP='/bin/grep -E'
EXEEXT=''
FGREP='/bin/grep -F'
GREP='/bin/grep'
INSTALL_DATA='${INSTALL} -m 644'
INSTALL_PROGRAM='${INSTALL}'
INSTALL_SCRIPT='${INSTALL}'
INSTALL_STRIP_PROGRAM='$(install_sh) -c -s'
LD='/usr/bin/ld -m elf_x86_64'
LDFLAGS=''
LIBMAIL_USE_APOP_FALSE=''
LIBMAIL_USE_APOP_TRUE='#'
LIBMAIL_USE_SASL_FALSE=''
LIBMAIL_USE_SASL_TRUE='#'
LIBMAIL_USE_TLS_FALSE=''
LIBMAIL_USE_TLS_TRUE='#'
LIBOBJS=''
LIBS=''
LIBTOOL='$(SHELL) $(top_builddir)/libtool'
LIPO=''
LN_S='ln -s'
LTLIBOBJS=''
MAKEINFO='${SHELL} /opt/Espressif/ESP8266_SDK/esp_iot_sdk_v0.9.3/tmp/libmail-0.3/missing --run makeinfo'
MKDIR_P='/bin/mkdir -p'
NM='/usr/bin/nm -B'
NMEDIT=''
OBJDUMP='objdump'
OBJEXT='o'
OTOOL64=''
OTOOL=''
PACKAGE='libmail'
PACKAGE_BUGREPORT='http://sourceforge.net/tracker/?group_id=251539&atid=1126791'
PACKAGE_NAME='libmail'
PACKAGE_STRING='libmail 0.3'
PACKAGE_TARNAME='libmail'
PACKAGE_VERSION='0.3'
PATH_SEPARATOR=':'
RANLIB='ranlib'
SED='/bin/sed'
SET_MAKE=''
SHELL='/bin/bash'
STRIP='strip'
VERSION='0.3'
ac_ct_CC='gcc'
ac_ct_CXX='g++'
ac_ct_DUMPBIN=''
am__fastdepCC_FALSE='#'
am__fastdepCC_TRUE=''
am__fastdepCXX_FALSE='#'
am__fastdepCXX_TRUE=''
am__include='include'
am__isrc=''
am__leading_dot='.'
am__quote=''
am__tar='${AMTAR} chof - "$$tardir"'
am__untar='${AMTAR} xf -'
bindir='${exec_prefix}/bin'
build='x86_64-unknown-linux-gnu'
build_alias=''
build_cpu='x86_64'
build_os='linux-gnu'
build_vendor='unknown'
datadir='${datarootdir}'
datarootdir='${prefix}/share'
docdir='${datarootdir}/doc/${PACKAGE_TARNAME}'
dvidir='${docdir}'
exec_prefix='${prefix}'
host='x86_64-unknown-linux-gnu'
host_alias=''
host_cpu='x86_64'
host_os='linux-gnu'
host_vendor='unknown'
htmldir='${docdir}'
includedir='${prefix}/include'
infodir='${datarootdir}/info'
install_sh='$(SHELL) /opt/Espressif/ESP8266_SDK/esp_iot_sdk_v0.9.3/tmp/libmail-0.3/install-sh'
libdir='${exec_prefix}/lib'
libexecdir='${exec_prefix}/libexec'
localedir='${datarootdir}/locale'
localstatedir='${prefix}/var'
lt_ECHO='echo'
mandir='${datarootdir}/man'
mkdir_p='/bin/mkdir -p'
oldincludedir='/usr/include'
pdfdir='${docdir}'
prefix='/usr/local'
program_transform_name='s,x,x,'
psdir='${docdir}'
sbindir='${exec_prefix}/sbin'
sharedstatedir='${prefix}/com'
sysconfdir='${prefix}/etc'
target_alias=''

## ----------- ##
## confdefs.h. ##
## ----------- ##

#define PACKAGE_NAME "libmail"
#define PACKAGE_TARNAME "libmail"
#define PACKAGE_VERSION "0.3"
#define PACKAGE_STRING "libmail 0.3"
#define PACKAGE_BUGREPORT "http://sourceforge.net/tracker/?group_id=251539&atid=1126791"
#define PACKAGE "libmail"
#define VERSION "0.3"
#define STDC_HEADERS 1
#define HAVE_SYS_TYPES_H 1
#define HAVE_SYS_STAT_H 1
#define HAVE_STDLIB_H 1
#define HAVE_STRING_H 1
#define HAVE_MEMORY_H 1
#define HAVE_STRINGS_H 1
#define HAVE_INTTYPES_H 1
#define HAVE_STDINT_H 1
#define HAVE_UNISTD_H 1
#define HAVE_DLFCN_H 1
#define LT_OBJDIR ".libs/"
#define LIBMAIL_USE_BUFSIZE 512
#define HAVE_ARPA_INET_H 1
#define HAVE_LIMITS_H 1
#define HAVE_NETDB_H 1
#define HAVE_NETINET_IN_H 1
#define HAVE_STDINT_H 1
#define HAVE_STDLIB_H 1
#define HAVE_STRING_H 1
#define HAVE_STRINGS_H 1
#define HAVE_SYS_SOCKET_H 1
#define HAVE_UNISTD_H 1
#define HAVE_STDLIB_H 1
#define HAVE_MALLOC 1
#define HAVE_MEMSET 1
#define HAVE_SOCKET 1
#define HAVE_STRCHR 1
#define HAVE_STRDUP 1
#define HAVE_STRRCHR 1
#define HAVE_STRSTR 1

configure: exit 0
