This file contains any messages produced by compilers while
running configure, to aid debugging if configure makes a mistake.

It was created by LTO plugin for ld configure 0.1, which was
generated by GNU Autoconf 2.64.  Invocation command line was

  $ /Volumes/ESPTools/esp-open-sdk/crosstool-NG/.build/src/gcc-4.8.2/lto-plugin/configure --cache-file=./config.cache --prefix=/esptools/esp-open-sdk/xtensa-lx106-elf --with-local-prefix=/esptools/esp-open-sdk/xtensa-lx106-elf/xtensa-lx106-elf/sysroot --with-sysroot=/esptools/esp-open-sdk/xtensa-lx106-elf/xtensa-lx106-elf/sysroot --with-newlib --enable-threads=no --disable-shared --with-pkgversion=crosstool-NG 1.20.0 --disable-__cxa_atexit --with-gmp=/Volumes/ESPTools/esp-open-sdk/crosstool-NG/.build/xtensa-lx106-elf/buildtools --with-mpfr=/Volumes/ESPTools/esp-open-sdk/crosstool-NG/.build/xtensa-lx106-elf/buildtools --with-mpc=/Volumes/ESPTools/esp-open-sdk/crosstool-NG/.build/xtensa-lx106-elf/buildtools --with-isl=/Volumes/ESPTools/esp-open-sdk/crosstool-NG/.build/xtensa-lx106-elf/buildtools --with-cloog=/Volumes/ESPTools/esp-open-sdk/crosstool-NG/.build/xtensa-lx106-elf/buildtools --with-libelf=/Volumes/ESPTools/esp-open-sdk/crosstool-NG/.build/xtensa-lx106-elf/buildtools --enable-lto --enable-target-optspace --disable-libgomp --disable-libmudflap --disable-nls --disable-multilib --enable-languages=c,c++,lto --program-transform-name=s&^&xtensa-lx106-elf-& --disable-option-checking --build=x86_64-build_apple-darwin14.0.0 --host=x86_64-build_apple-darwin14.0.0 --target=xtensa-lx106-elf --srcdir=/Volumes/ESPTools/esp-open-sdk/crosstool-NG/.build/src/gcc-4.8.2/lto-plugin --enable-shared

## --------- ##
## Platform. ##
## --------- ##

hostname = Macintosh-2.local
uname -m = x86_64
uname -r = 14.0.0
uname -s = Darwin
uname -v = Darwin Kernel Version 14.0.0: Fri Sep 19 00:26:44 PDT 2014; root:xnu-2782.1.97~2/RELEASE_X86_64

/usr/bin/uname -p = i386
/bin/uname -X     = unknown

/bin/arch              = unknown
/usr/bin/arch -k       = unknown
/usr/convex/getsysinfo = unknown
/usr/bin/hostinfo      = Mach kernel version:
	 Darwin Kernel Version 14.0.0: Fri Sep 19 00:26:44 PDT 2014; root:xnu-2782.1.97~2/RELEASE_X86_64
Kernel configured for up to 8 processors.
4 processors are physically available.
8 processors are logically available.
Processor type: i486 (Intel 80486)
Processors active: 0 1 2 3 4 5 6 7
Primary memory available: 16.00 gigabytes
Default processor set: 320 tasks, 1626 threads, 8 processors
Load average: 7.15, Mach factor: 2.26
/bin/machine           = unknown
/usr/bin/oslevel       = unknown
/bin/universe          = unknown

PATH: /esptools/esp-open-sdk/xtensa-lx106-elf/bin
PATH: /Volumes/ESPTools/esp-open-sdk/crosstool-NG/.build/xtensa-lx106-elf/buildtools/bin
PATH: /Volumes/ESPTools/esp-open-sdk/crosstool-NG/.build/tools/bin
PATH: /opt/local/bin
PATH: /opt/local/sbin
PATH: /opt/local/bin
PATH: /opt/local/sbin
PATH: /usr/bin
PATH: /bin
PATH: /usr/sbin
PATH: /sbin
PATH: /usr/local/bin
PATH: /opt/local/bin/
PATH: /opt/X11/bin
PATH: /usr/local/git/bin
PATH: /usr/local/MacGPG2/bin


## ----------- ##
## Core tests. ##
## ----------- ##

configure:2135: creating cache ./config.cache
configure:2238: checking build system type
configure:2252: result: x86_64-build_apple-darwin14.0.0
configure:2272: checking host system type
configure:2285: result: x86_64-build_apple-darwin14.0.0
configure:2305: checking target system type
configure:2318: result: xtensa-lx106-elf
configure:2406: checking for a BSD-compatible install
configure:2474: result: /Volumes/ESPTools/esp-open-sdk/crosstool-NG/.build/tools/bin/install -c
configure:2485: checking whether build environment is sane
configure:2535: result: yes
configure:2676: checking for a thread-safe mkdir -p
configure:2715: result: /Volumes/ESPTools/esp-open-sdk/crosstool-NG/.build/src/gcc-4.8.2/lto-plugin/../install-sh -c -d
configure:2728: checking for gawk
configure:2755: result: gawk
configure:2766: checking whether make sets $(MAKE)
configure:2788: result: yes
configure:2869: checking whether to enable maintainer-specific portions of Makefiles
configure:2878: result: no
configure:2899: checking for x86_64-build_apple-darwin14.0.0-gcc
configure:2926: result: x86_64-build_apple-darwin14.0.0-gcc
configure:3195: checking for C compiler version
configure:3204: x86_64-build_apple-darwin14.0.0-gcc --version >&5
Apple LLVM version 6.0 (clang-600.0.57) (based on LLVM 3.5svn)
Target: x86_64-apple-darwin14.0.0
Thread model: posix
Configured with: --prefix=/Applications/Xcode.app/Contents/Developer/usr --with-gxx-include-dir=/usr/include/c++/4.2.1
configure:3215: $? = 0
configure:3204: x86_64-build_apple-darwin14.0.0-gcc -v >&5
Configured with: --prefix=/Applications/Xcode.app/Contents/Developer/usr --with-gxx-include-dir=/usr/include/c++/4.2.1
Apple LLVM version 6.0 (clang-600.0.57) (based on LLVM 3.5svn)
Target: x86_64-apple-darwin14.0.0
Thread model: posix
configure:3215: $? = 0
configure:3204: x86_64-build_apple-darwin14.0.0-gcc -V >&5
clang: error: argument to '-V' is missing (expected 1 value)
clang: error: no input files
configure:3215: $? = 1
configure:3204: x86_64-build_apple-darwin14.0.0-gcc -qversion >&5
clang: error: unknown argument: '-qversion'
clang: error: no input files
configure:3215: $? = 1
configure:3235: checking for C compiler default output file name
configure:3257: x86_64-build_apple-darwin14.0.0-gcc -O2 -g -pipe    -lstdc++ -lm conftest.c  >&5
configure:3261: $? = 0
configure:3298: result: a.out
configure:3314: checking whether the C compiler works
configure:3323: ./a.out
configure:3327: $? = 0
configure:3342: result: yes
configure:3349: checking whether we are cross compiling
configure:3351: result: no
configure:3354: checking for suffix of executables
configure:3361: x86_64-build_apple-darwin14.0.0-gcc -o conftest -O2 -g -pipe    -lstdc++ -lm conftest.c  >&5
configure:3365: $? = 0
configure:3387: result: 
configure:3393: checking for suffix of object files
configure:3415: x86_64-build_apple-darwin14.0.0-gcc -c -O2 -g -pipe   conftest.c >&5
configure:3419: $? = 0
configure:3440: result: o
configure:3444: checking whether we are using the GNU C compiler
configure:3463: x86_64-build_apple-darwin14.0.0-gcc -c -O2 -g -pipe   conftest.c >&5
configure:3463: $? = 0
configure:3472: result: yes
configure:3481: checking whether x86_64-build_apple-darwin14.0.0-gcc accepts -g
configure:3501: x86_64-build_apple-darwin14.0.0-gcc -c -g  conftest.c >&5
configure:3501: $? = 0
configure:3542: result: yes
configure:3559: checking for x86_64-build_apple-darwin14.0.0-gcc option to accept ISO C89
configure:3623: x86_64-build_apple-darwin14.0.0-gcc  -c -O2 -g -pipe   conftest.c >&5
configure:3623: $? = 0
configure:3636: result: none needed
configure:3667: checking for style of include used by make
configure:3695: result: GNU
configure:3720: checking dependency style of x86_64-build_apple-darwin14.0.0-gcc
configure:3830: result: gcc3
configure:3853: checking for special C compiler options needed for large files
configure:3898: result: no
configure:3904: checking for _FILE_OFFSET_BITS value needed for large files
configure:3929: x86_64-build_apple-darwin14.0.0-gcc -c -O2 -g -pipe   conftest.c >&5
configure:3929: $? = 0
configure:3961: result: no
configure:4055: checking whether x86_64-build_apple-darwin14.0.0-gcc supports -Wall
configure:4072: x86_64-build_apple-darwin14.0.0-gcc -c -Wall  conftest.c >&5
configure:4072: $? = 0
configure:4081: result: yes
configure:4135: checking how to print strings
configure:4162: result: printf
configure:4183: checking for a sed that does not truncate output
configure:4247: result: /Volumes/ESPTools/esp-open-sdk/crosstool-NG/.build/tools/bin/sed
configure:4265: checking for grep that handles long lines and -e
configure:4323: result: /Volumes/ESPTools/esp-open-sdk/crosstool-NG/.build/tools/bin/grep
configure:4328: checking for egrep
configure:4390: result: /Volumes/ESPTools/esp-open-sdk/crosstool-NG/.build/tools/bin/grep -E
configure:4395: checking for fgrep
configure:4457: result: /Volumes/ESPTools/esp-open-sdk/crosstool-NG/.build/tools/bin/grep -F
configure:4492: checking for ld used by x86_64-build_apple-darwin14.0.0-gcc
configure:4559: result: /Applications/Xcode.app/Contents/Developer/Toolchains/XcodeDefault.xctoolchain/usr/bin/ld
configure:4566: checking if the linker (/Applications/Xcode.app/Contents/Developer/Toolchains/XcodeDefault.xctoolchain/usr/bin/ld) is GNU ld
configure:4581: result: no
configure:4593: checking for BSD- or MS-compatible name lister (nm)
configure:4642: result: x86_64-build_apple-darwin14.0.0-nm
configure:4772: checking the name lister (x86_64-build_apple-darwin14.0.0-nm) interface
configure:4779: x86_64-build_apple-darwin14.0.0-gcc -c -O2 -g -pipe   conftest.c >&5
configure:4782: x86_64-build_apple-darwin14.0.0-nm "conftest.o"
configure:4785: output
0000000000000264 S _some_variable
configure:4792: result: BSD nm
configure:4795: checking whether ln -s works
configure:4799: result: yes
configure:4807: checking the maximum length of command line arguments
configure:4932: result: 196608
configure:4949: checking whether the shell understands some XSI constructs
configure:4959: result: yes
configure:4963: checking whether the shell understands "+="
configure:4969: result: yes
configure:5004: checking for /Applications/Xcode.app/Contents/Developer/Toolchains/XcodeDefault.xctoolchain/usr/bin/ld option to reload object files
configure:5011: result: -r
configure:5040: checking for x86_64-build_apple-darwin14.0.0-objdump
configure:5067: result: x86_64-build_apple-darwin14.0.0-objdump
configure:5139: checking how to recognize dependent libraries
configure:5340: result: pass_all
configure:5360: checking for x86_64-build_apple-darwin14.0.0-ar
configure:5387: result: x86_64-build_apple-darwin14.0.0-ar
configure:5465: checking for x86_64-build_apple-darwin14.0.0-strip
configure:5481: found /Volumes/ESPTools/esp-open-sdk/crosstool-NG/.build/xtensa-lx106-elf/buildtools/bin/x86_64-build_apple-darwin14.0.0-strip
configure:5492: result: x86_64-build_apple-darwin14.0.0-strip
configure:5564: checking for x86_64-build_apple-darwin14.0.0-ranlib
configure:5591: result: x86_64-build_apple-darwin14.0.0-ranlib
configure:5733: checking command to parse x86_64-build_apple-darwin14.0.0-nm output from x86_64-build_apple-darwin14.0.0-gcc object
configure:5851: x86_64-build_apple-darwin14.0.0-gcc -c -O2 -g -pipe   conftest.c >&5
configure:5854: $? = 0
configure:5858: x86_64-build_apple-darwin14.0.0-nm conftest.o \| sed -n -e 's/^.*[ ]\([BCDEGRST][BCDEGRST]*\)[ ][ ]*\([_A-Za-z][_A-Za-z0-9]*\)$/\1 \2 \2/p' \> conftest.nm
configure:5861: $? = 0
cannot find nm_test_var in conftest.nm
configure:5851: x86_64-build_apple-darwin14.0.0-gcc -c -O2 -g -pipe   conftest.c >&5
configure:5854: $? = 0
configure:5858: x86_64-build_apple-darwin14.0.0-nm conftest.o \| sed -n -e 's/^.*[ ]\([BCDEGRST][BCDEGRST]*\)[ ][ ]*_\([_A-Za-z][_A-Za-z0-9]*\)$/\1 _\2 \2/p' \> conftest.nm
configure:5861: $? = 0
configure:5915: x86_64-build_apple-darwin14.0.0-gcc -o conftest -O2 -g -pipe    -lstdc++ -lm conftest.c conftstm.o >&5
configure:5918: $? = 0
configure:5956: result: ok
configure:6187: checking for x86_64-build_apple-darwin14.0.0-dsymutil
configure:6217: result: no
configure:6227: checking for dsymutil
configure:6243: found /usr/bin/dsymutil
configure:6254: result: dsymutil
configure:6279: checking for x86_64-build_apple-darwin14.0.0-nmedit
configure:6309: result: no
configure:6319: checking for nmedit
configure:6335: found /usr/bin/nmedit
configure:6346: result: nmedit
configure:6371: checking for x86_64-build_apple-darwin14.0.0-lipo
configure:6401: result: no
configure:6411: checking for lipo
configure:6427: found /usr/bin/lipo
configure:6438: result: lipo
configure:6463: checking for x86_64-build_apple-darwin14.0.0-otool
configure:6493: result: no
configure:6503: checking for otool
configure:6519: found /usr/bin/otool
configure:6530: result: otool
configure:6555: checking for x86_64-build_apple-darwin14.0.0-otool64
configure:6585: result: no
configure:6595: checking for otool64
configure:6625: result: no
configure:6670: checking for -single_module linker flag
x86_64-build_apple-darwin14.0.0-gcc -O2 -g -pipe   -lstdc++ -lm -o libconftest.dylib -dynamiclib -Wl,-single_module conftest.c
configure:6697: result: yes
configure:6699: checking for -exported_symbols_list linker flag
configure:6719: x86_64-build_apple-darwin14.0.0-gcc -o conftest -O2 -g -pipe    -lstdc++ -lm -Wl,-exported_symbols_list,conftest.sym conftest.c  >&5
configure:6719: $? = 0
configure:6729: result: yes
configure:6731: checking for -force_load linker flag
x86_64-build_apple-darwin14.0.0-gcc -O2 -g -pipe  -c -o conftest.o conftest.c
x86_64-build_apple-darwin14.0.0-ar cru libconftest.a conftest.o
x86_64-build_apple-darwin14.0.0-gcc -O2 -g -pipe   -lstdc++ -lm -o conftest conftest.c -Wl,-force_load,./libconftest.a
configure:6759: result: yes
configure:6801: checking how to run the C preprocessor
configure:6832: x86_64-build_apple-darwin14.0.0-gcc -E  conftest.c
configure:6832: $? = 0
configure:6846: x86_64-build_apple-darwin14.0.0-gcc -E  conftest.c
conftest.c:11:10: fatal error: 'ac_nonexistent.h' file not found
#include <ac_nonexistent.h>
         ^
1 error generated.
configure:6846: $? = 1
configure: failed program was:
| /* confdefs.h */
| #define PACKAGE_NAME "LTO plugin for ld"
| #define PACKAGE_TARNAME "lto-plugin"
| #define PACKAGE_VERSION "0.1"
| #define PACKAGE_STRING "LTO plugin for ld 0.1"
| #define PACKAGE_BUGREPORT ""
| #define PACKAGE_URL ""
| #define PACKAGE "lto-plugin"
| #define VERSION "0.1"
| /* end confdefs.h.  */
| #include <ac_nonexistent.h>
configure:6871: result: x86_64-build_apple-darwin14.0.0-gcc -E
configure:6891: x86_64-build_apple-darwin14.0.0-gcc -E  conftest.c
configure:6891: $? = 0
configure:6905: x86_64-build_apple-darwin14.0.0-gcc -E  conftest.c
conftest.c:11:10: fatal error: 'ac_nonexistent.h' file not found
#include <ac_nonexistent.h>
         ^
1 error generated.
configure:6905: $? = 1
configure: failed program was:
| /* confdefs.h */
| #define PACKAGE_NAME "LTO plugin for ld"
| #define PACKAGE_TARNAME "lto-plugin"
| #define PACKAGE_VERSION "0.1"
| #define PACKAGE_STRING "LTO plugin for ld 0.1"
| #define PACKAGE_BUGREPORT ""
| #define PACKAGE_URL ""
| #define PACKAGE "lto-plugin"
| #define VERSION "0.1"
| /* end confdefs.h.  */
| #include <ac_nonexistent.h>
configure:6934: checking for ANSI C header files
configure:6954: x86_64-build_apple-darwin14.0.0-gcc -c -O2 -g -pipe   conftest.c >&5
configure:6954: $? = 0
configure:7027: x86_64-build_apple-darwin14.0.0-gcc -o conftest -O2 -g -pipe    -lstdc++ -lm conftest.c  >&5
configure:7027: $? = 0
configure:7027: ./conftest
configure:7027: $? = 0
configure:7038: result: yes
configure:7051: checking for sys/types.h
configure:7051: x86_64-build_apple-darwin14.0.0-gcc -c -O2 -g -pipe   conftest.c >&5
configure:7051: $? = 0
configure:7051: result: yes
configure:7051: checking for sys/stat.h
configure:7051: x86_64-build_apple-darwin14.0.0-gcc -c -O2 -g -pipe   conftest.c >&5
configure:7051: $? = 0
configure:7051: result: yes
configure:7051: checking for stdlib.h
configure:7051: x86_64-build_apple-darwin14.0.0-gcc -c -O2 -g -pipe   conftest.c >&5
configure:7051: $? = 0
configure:7051: result: yes
configure:7051: checking for string.h
configure:7051: x86_64-build_apple-darwin14.0.0-gcc -c -O2 -g -pipe   conftest.c >&5
configure:7051: $? = 0
configure:7051: result: yes
configure:7051: checking for memory.h
configure:7051: x86_64-build_apple-darwin14.0.0-gcc -c -O2 -g -pipe   conftest.c >&5
configure:7051: $? = 0
configure:7051: result: yes
configure:7051: checking for strings.h
configure:7051: x86_64-build_apple-darwin14.0.0-gcc -c -O2 -g -pipe   conftest.c >&5
configure:7051: $? = 0
configure:7051: result: yes
configure:7051: checking for inttypes.h
configure:7051: x86_64-build_apple-darwin14.0.0-gcc -c -O2 -g -pipe   conftest.c >&5
configure:7051: $? = 0
configure:7051: result: yes
configure:7051: checking for stdint.h
configure:7051: x86_64-build_apple-darwin14.0.0-gcc -c -O2 -g -pipe   conftest.c >&5
configure:7051: $? = 0
configure:7051: result: yes
configure:7051: checking for unistd.h
configure:7051: x86_64-build_apple-darwin14.0.0-gcc -c -O2 -g -pipe   conftest.c >&5
configure:7051: $? = 0
configure:7051: result: yes
configure:7066: checking for dlfcn.h
configure:7066: x86_64-build_apple-darwin14.0.0-gcc -c -O2 -g -pipe   conftest.c >&5
configure:7066: $? = 0
configure:7066: result: yes
configure:7253: checking for objdir
configure:7268: result: .libs
configure:7539: checking if x86_64-build_apple-darwin14.0.0-gcc supports -fno-rtti -fno-exceptions
configure:7557: x86_64-build_apple-darwin14.0.0-gcc -c -O2 -g -pipe   -fno-rtti -fno-exceptions conftest.c >&5
configure:7561: $? = 0
configure:7574: result: yes
configure:7594: checking for x86_64-build_apple-darwin14.0.0-gcc option to produce PIC
configure:7880: result: -fno-common -DPIC
configure:7892: checking if x86_64-build_apple-darwin14.0.0-gcc PIC flag -fno-common -DPIC works
configure:7910: x86_64-build_apple-darwin14.0.0-gcc -c -O2 -g -pipe   -fno-common -DPIC -DPIC conftest.c >&5
configure:7914: $? = 0
configure:7927: result: yes
configure:7951: checking if x86_64-build_apple-darwin14.0.0-gcc static flag -static works
configure:7979: result: no
configure:7994: checking if x86_64-build_apple-darwin14.0.0-gcc supports -c -o file.o
configure:8015: x86_64-build_apple-darwin14.0.0-gcc -c -O2 -g -pipe   -o out/conftest2.o conftest.c >&5
configure:8019: $? = 0
configure:8041: result: yes
configure:8049: checking if x86_64-build_apple-darwin14.0.0-gcc supports -c -o file.o
configure:8096: result: yes
configure:8129: checking whether the x86_64-build_apple-darwin14.0.0-gcc linker (/Applications/Xcode.app/Contents/Developer/Toolchains/XcodeDefault.xctoolchain/usr/bin/ld) supports shared libraries
configure:9200: result: yes
configure:9445: checking dynamic linker characteristics
configure:10118: result: darwin14.0.0 dyld
configure:10225: checking how to hardcode library paths into programs
configure:10250: result: immediate
configure:10790: checking whether stripping libraries is possible
configure:10804: result: yes
configure:10830: checking if libtool supports shared libraries
configure:10832: result: yes
configure:10835: checking whether to build shared libraries
configure:10856: result: yes
configure:10859: checking whether to build static libraries
configure:10863: result: yes
configure:10921: checking for int64_t
configure:10921: x86_64-build_apple-darwin14.0.0-gcc -c -O2 -g -pipe   conftest.c >&5
configure:10921: $? = 0
configure:10921: x86_64-build_apple-darwin14.0.0-gcc -c -O2 -g -pipe   conftest.c >&5
conftest.c:59:24: error: 'test_array' declared as an array with a negative size
static int test_array [1 - 2 * !((int64_t) ((((int64_t) 1 << (64 - 2)) - 1) * 2 + 1)
                       ^~~~~~~~~~~~~~~~~~~~~~~~~~~~~~~~~~~~~~~~~~~~~~~~~~~~~~~~~~~~~
1 error generated.
configure:10921: $? = 1
configure: failed program was:
| /* confdefs.h */
| #define PACKAGE_NAME "LTO plugin for ld"
| #define PACKAGE_TARNAME "lto-plugin"
| #define PACKAGE_VERSION "0.1"
| #define PACKAGE_STRING "LTO plugin for ld 0.1"
| #define PACKAGE_BUGREPORT ""
| #define PACKAGE_URL ""
| #define PACKAGE "lto-plugin"
| #define VERSION "0.1"
| #define STDC_HEADERS 1
| #define HAVE_SYS_TYPES_H 1
| #define HAVE_SYS_STAT_H 1
| #define HAVE_STDLIB_H 1
| #define HAVE_STRING_H 1
| #define HAVE_MEMORY_H 1
| #define HAVE_STRINGS_H 1
| #define HAVE_INTTYPES_H 1
| #define HAVE_STDINT_H 1
| #define HAVE_UNISTD_H 1
| #define HAVE_DLFCN_H 1
| #define LT_OBJDIR ".libs/"
| /* end confdefs.h.  */
| #include <stdio.h>
| #ifdef HAVE_SYS_TYPES_H
| # include <sys/types.h>
| #endif
| #ifdef HAVE_SYS_STAT_H
| # include <sys/stat.h>
| #endif
| #ifdef STDC_HEADERS
| # include <stdlib.h>
| # include <stddef.h>
| #else
| # ifdef HAVE_STDLIB_H
| #  include <stdlib.h>
| # endif
| #endif
| #ifdef HAVE_STRING_H
| # if !defined STDC_HEADERS && defined HAVE_MEMORY_H
| #  include <memory.h>
| # endif
| # include <string.h>
| #endif
| #ifdef HAVE_STRINGS_H
| # include <strings.h>
| #endif
| #ifdef HAVE_INTTYPES_H
| # include <inttypes.h>
| #endif
| #ifdef HAVE_STDINT_H
| # include <stdint.h>
| #endif
| #ifdef HAVE_UNISTD_H
| # include <unistd.h>
| #endif
| int
| main ()
| {
| static int test_array [1 - 2 * !((int64_t) ((((int64_t) 1 << (64 - 2)) - 1) * 2 + 1)
| 		 < (int64_t) ((((int64_t) 1 << (64 - 2)) - 1) * 2 + 2))];
| test_array [0] = 0
| 
|   ;
|   return 0;
| }
configure:10921: result: yes
configure:10932: checking for uint64_t
configure:10932: x86_64-build_apple-darwin14.0.0-gcc -c -O2 -g -pipe   conftest.c >&5
configure:10932: $? = 0
configure:10932: result: yes
configure:10946: checking for sys/wait.h that is POSIX.1 compatible
configure:10972: x86_64-build_apple-darwin14.0.0-gcc -c -O2 -g -pipe   conftest.c >&5
configure:10972: $? = 0
configure:10979: result: yes
configure:11056: updating cache ./config.cache
configure:11113: creating ./config.status

## ---------------------- ##
## Running config.status. ##
## ---------------------- ##

This file was extended by LTO plugin for ld config.status 0.1, which was
generated by GNU Autoconf 2.64.  Invocation command line was

  CONFIG_FILES    = 
  CONFIG_HEADERS  = 
  CONFIG_LINKS    = 
  CONFIG_COMMANDS = 
  $ ./config.status 

on Macintosh-2.local

config.status:1073: creating Makefile
config.status:1073: creating config.h
config.status:1286: executing depfiles commands
config.status:1286: executing libtool commands

## ---------------- ##
## Cache variables. ##
## ---------------- ##

ac_cv_build=x86_64-build_apple-darwin14.0.0
ac_cv_c_compiler_gnu=yes
ac_cv_c_int64_t=yes
ac_cv_c_uint64_t=yes
ac_cv_env_CC_set=set
ac_cv_env_CC_value=x86_64-build_apple-darwin14.0.0-gcc
ac_cv_env_CFLAGS_set=set
ac_cv_env_CFLAGS_value='-O2 -g -pipe '
ac_cv_env_CPPFLAGS_set=
ac_cv_env_CPPFLAGS_value=
ac_cv_env_CPP_set=
ac_cv_env_CPP_value=
ac_cv_env_LDFLAGS_set=set
ac_cv_env_LDFLAGS_value=' -lstdc++ -lm'
ac_cv_env_LIBS_set=
ac_cv_env_LIBS_value=
ac_cv_env_build_alias_set=set
ac_cv_env_build_alias_value=x86_64-build_apple-darwin14.0.0
ac_cv_env_host_alias_set=set
ac_cv_env_host_alias_value=x86_64-build_apple-darwin14.0.0
ac_cv_env_target_alias_set=set
ac_cv_env_target_alias_value=xtensa-lx106-elf
ac_cv_header_dlfcn_h=yes
ac_cv_header_inttypes_h=yes
ac_cv_header_memory_h=yes
ac_cv_header_stdc=yes
ac_cv_header_stdint_h=yes
ac_cv_header_stdlib_h=yes
ac_cv_header_string_h=yes
ac_cv_header_strings_h=yes
ac_cv_header_sys_stat_h=yes
ac_cv_header_sys_types_h=yes
ac_cv_header_sys_wait_h=yes
ac_cv_header_unistd_h=yes
ac_cv_host=x86_64-build_apple-darwin14.0.0
ac_cv_objext=o
ac_cv_path_EGREP='/Volumes/ESPTools/esp-open-sdk/crosstool-NG/.build/tools/bin/grep -E'
ac_cv_path_FGREP='/Volumes/ESPTools/esp-open-sdk/crosstool-NG/.build/tools/bin/grep -F'
ac_cv_path_GREP=/Volumes/ESPTools/esp-open-sdk/crosstool-NG/.build/tools/bin/grep
ac_cv_path_SED=/Volumes/ESPTools/esp-open-sdk/crosstool-NG/.build/tools/bin/sed
ac_cv_path_install='/Volumes/ESPTools/esp-open-sdk/crosstool-NG/.build/tools/bin/install -c'
ac_cv_prog_AR=x86_64-build_apple-darwin14.0.0-ar
ac_cv_prog_AWK=gawk
ac_cv_prog_CC=x86_64-build_apple-darwin14.0.0-gcc
ac_cv_prog_CPP='x86_64-build_apple-darwin14.0.0-gcc -E'
ac_cv_prog_OBJDUMP=x86_64-build_apple-darwin14.0.0-objdump
ac_cv_prog_RANLIB=x86_64-build_apple-darwin14.0.0-ranlib
ac_cv_prog_STRIP=x86_64-build_apple-darwin14.0.0-strip
ac_cv_prog_ac_ct_DSYMUTIL=dsymutil
ac_cv_prog_ac_ct_LIPO=lipo
ac_cv_prog_ac_ct_NMEDIT=nmedit
ac_cv_prog_ac_ct_OTOOL=otool
ac_cv_prog_cc_c89=
ac_cv_prog_cc_g=yes
ac_cv_prog_make_make_set=yes
ac_cv_sys_file_offset_bits=no
ac_cv_sys_largefile_CC=no
ac_cv_target=xtensa-lx106-elf
acx_cv_prog_cc_warning__Wall=yes
am_cv_CC_dependencies_compiler_type=gcc3
lt_cv_apple_cc_single_mod=yes
lt_cv_deplibs_check_method=pass_all
lt_cv_file_magic_cmd='$MAGIC_CMD'
lt_cv_file_magic_test_file=
lt_cv_ld_exported_symbols_list=yes
lt_cv_ld_force_load=yes
lt_cv_ld_reload_flag=-r
lt_cv_nm_interface='BSD nm'
lt_cv_objdir=.libs
lt_cv_path_LD=/Applications/Xcode.app/Contents/Developer/Toolchains/XcodeDefault.xctoolchain/usr/bin/ld
lt_cv_path_NM=x86_64-build_apple-darwin14.0.0-nm
lt_cv_prog_compiler_c_o=yes
lt_cv_prog_compiler_pic_works=yes
lt_cv_prog_compiler_rtti_exceptions=yes
lt_cv_prog_compiler_static_works=no
lt_cv_prog_gnu_ld=no
lt_cv_sys_global_symbol_pipe='sed -n -e '\''s/^.*[	 ]\([BCDEGRST][BCDEGRST]*\)[	 ][	 ]*_\([_A-Za-z][_A-Za-z0-9]*\)$/\1 _\2 \2/p'\'''
lt_cv_sys_global_symbol_to_c_name_address='sed -n -e '\''s/^: \([^ ]*\) $/  {\"\1\", (void *) 0},/p'\'' -e '\''s/^[BCDEGRST]* \([^ ]*\) \([^ ]*\)$/  {"\2", (void *) \&\2},/p'\'''
lt_cv_sys_global_symbol_to_c_name_address_lib_prefix='sed -n -e '\''s/^: \([^ ]*\) $/  {\"\1\", (void *) 0},/p'\'' -e '\''s/^[BCDEGRST]* \([^ ]*\) \(lib[^ ]*\)$/  {"\2", (void *) \&\2},/p'\'' -e '\''s/^[BCDEGRST]* \([^ ]*\) \([^ ]*\)$/  {"lib\2", (void *) \&\2},/p'\'''
lt_cv_sys_global_symbol_to_cdecl='sed -n -e '\''s/^T .* \(.*\)$/extern int \1();/p'\'' -e '\''s/^[BCDEGRST]* .* \(.*\)$/extern char \1;/p'\'''
lt_cv_sys_max_cmd_len=196608

## ----------------- ##
## Output variables. ##
## ----------------- ##

ACLOCAL='${SHELL} /Volumes/ESPTools/esp-open-sdk/crosstool-NG/.build/src/gcc-4.8.2/missing --run aclocal-1.11'
AMDEPBACKSLASH='\'
AMDEP_FALSE='#'
AMDEP_TRUE=''
AMTAR='${SHELL} /Volumes/ESPTools/esp-open-sdk/crosstool-NG/.build/src/gcc-4.8.2/missing --run tar'
AR='x86_64-build_apple-darwin14.0.0-ar'
AUTOCONF='${SHELL} /Volumes/ESPTools/esp-open-sdk/crosstool-NG/.build/src/gcc-4.8.2/missing --run autoconf'
AUTOHEADER='${SHELL} /Volumes/ESPTools/esp-open-sdk/crosstool-NG/.build/src/gcc-4.8.2/missing --run autoheader'
AUTOMAKE='${SHELL} /Volumes/ESPTools/esp-open-sdk/crosstool-NG/.build/src/gcc-4.8.2/missing --run automake-1.11'
AWK='gawk'
CC='x86_64-build_apple-darwin14.0.0-gcc'
CCDEPMODE='depmode=gcc3'
CFLAGS='-O2 -g -pipe '
CPP='x86_64-build_apple-darwin14.0.0-gcc -E'
CPPFLAGS=''
CYGPATH_W='echo'
DEFS='-DHAVE_CONFIG_H'
DEPDIR='.deps'
DSYMUTIL='dsymutil'
DUMPBIN=''
ECHO_C=''
ECHO_N='-n'
ECHO_T=''
EGREP='/Volumes/ESPTools/esp-open-sdk/crosstool-NG/.build/tools/bin/grep -E'
EXEEXT=''
FGREP='/Volumes/ESPTools/esp-open-sdk/crosstool-NG/.build/tools/bin/grep -F'
GREP='/Volumes/ESPTools/esp-open-sdk/crosstool-NG/.build/tools/bin/grep'
INSTALL_DATA='${INSTALL} -m 644'
INSTALL_PROGRAM='${INSTALL}'
INSTALL_SCRIPT='${INSTALL}'
INSTALL_STRIP_PROGRAM='$(install_sh) -c -s'
LD='/Applications/Xcode.app/Contents/Developer/Toolchains/XcodeDefault.xctoolchain/usr/bin/ld'
LDFLAGS=' -lstdc++ -lm'
LIBOBJS=''
LIBS=''
LIBTOOL='$(SHELL) $(top_builddir)/libtool'
LIPO='lipo'
LN_S='ln -s'
LTLIBOBJS=''
MAINT='#'
MAINTAINER_MODE_FALSE=''
MAINTAINER_MODE_TRUE='#'
MAKEINFO='makeinfo'
MKDIR_P='/Volumes/ESPTools/esp-open-sdk/crosstool-NG/.build/src/gcc-4.8.2/lto-plugin/../install-sh -c -d'
NM='x86_64-build_apple-darwin14.0.0-nm'
NMEDIT='nmedit'
OBJDUMP='x86_64-build_apple-darwin14.0.0-objdump'
OBJEXT='o'
OTOOL64=':'
OTOOL='otool'
PACKAGE='lto-plugin'
PACKAGE_BUGREPORT=''
PACKAGE_NAME='LTO plugin for ld'
PACKAGE_STRING='LTO plugin for ld 0.1'
PACKAGE_TARNAME='lto-plugin'
PACKAGE_URL=''
PACKAGE_VERSION='0.1'
PATH_SEPARATOR=':'
RANLIB='x86_64-build_apple-darwin14.0.0-ranlib'
SED='/Volumes/ESPTools/esp-open-sdk/crosstool-NG/.build/tools/bin/sed'
SET_MAKE=''
SHELL='/bin/bash'
STRIP='x86_64-build_apple-darwin14.0.0-strip'
VERSION='0.1'
ac_ct_CC=''
ac_ct_DUMPBIN=''
ac_lto_plugin_warn_cflags='-Wall'
am__EXEEXT_FALSE=''
am__EXEEXT_TRUE='#'
am__fastdepCC_FALSE='#'
am__fastdepCC_TRUE=''
am__include='include'
am__isrc=' -I$(srcdir)'
am__leading_dot='.'
am__quote=''
am__tar='${AMTAR} chof - "$$tardir"'
am__untar='${AMTAR} xf -'
bindir='${exec_prefix}/bin'
build='x86_64-build_apple-darwin14.0.0'
build_alias='x86_64-build_apple-darwin14.0.0'
build_cpu='x86_64'
build_libsubdir='build-x86_64-build_apple-darwin14.0.0'
build_os='darwin14.0.0'
build_subdir='build-x86_64-build_apple-darwin14.0.0'
build_vendor='build_apple'
datadir='${datarootdir}'
datarootdir='${prefix}/share'
docdir='${datarootdir}/doc/${PACKAGE_TARNAME}'
dvidir='${docdir}'
exec_prefix='${prefix}'
host='x86_64-build_apple-darwin14.0.0'
host_alias='x86_64-build_apple-darwin14.0.0'
host_cpu='x86_64'
host_os='darwin14.0.0'
host_subdir='.'
host_vendor='build_apple'
htmldir='${docdir}'
includedir='${prefix}/include'
infodir='${datarootdir}/info'
install_sh='${SHELL} /Volumes/ESPTools/esp-open-sdk/crosstool-NG/.build/src/gcc-4.8.2/install-sh'
libdir='${exec_prefix}/lib'
libexecdir='${exec_prefix}/libexec'
localedir='${datarootdir}/locale'
localstatedir='${prefix}/var'
lt_host_flags=''
mandir='${datarootdir}/man'
mkdir_p='/Volumes/ESPTools/esp-open-sdk/crosstool-NG/.build/src/gcc-4.8.2/lto-plugin/../install-sh -c -d'
oldincludedir='/usr/include'
pdfdir='${docdir}'
prefix='/esptools/esp-open-sdk/xtensa-lx106-elf'
program_transform_name='s&^&xtensa-lx106-elf-&'
psdir='${docdir}'
sbindir='${exec_prefix}/sbin'
sharedstatedir='${prefix}/com'
sysconfdir='${prefix}/etc'
target='xtensa-lx106-elf'
target_alias='xtensa-lx106-elf'
target_cpu='xtensa'
target_noncanonical='xtensa-lx106-elf'
target_os='elf'
target_subdir='xtensa-lx106-elf'
target_vendor='lx106'

## ----------- ##
## confdefs.h. ##
## ----------- ##

/* confdefs.h */
#define PACKAGE_NAME "LTO plugin for ld"
#define PACKAGE_TARNAME "lto-plugin"
#define PACKAGE_VERSION "0.1"
#define PACKAGE_STRING "LTO plugin for ld 0.1"
#define PACKAGE_BUGREPORT ""
#define PACKAGE_URL ""
#define PACKAGE "lto-plugin"
#define VERSION "0.1"
#define STDC_HEADERS 1
#define HAVE_SYS_TYPES_H 1
#define HAVE_SYS_STAT_H 1
#define HAVE_STDLIB_H 1
#define HAVE_STRING_H 1
#define HAVE_MEMORY_H 1
#define HAVE_STRINGS_H 1
#define HAVE_INTTYPES_H 1
#define HAVE_STDINT_H 1
#define HAVE_UNISTD_H 1
#define HAVE_DLFCN_H 1
#define LT_OBJDIR ".libs/"
#define HAVE_SYS_WAIT_H 1

configure: exit 0
