This file contains any messages produced by compilers while
running configure, to aid debugging if configure makes a mistake.

It was created by configure, which was
generated by GNU Autoconf 2.64.  Invocation command line was

  $ /Volumes/ESPTools/esp-open-sdk/crosstool-NG/.build/src/gcc-4.8.2/zlib/configure --cache-file=./config.cache --prefix=/Volumes/ESPTools/esp-open-sdk/crosstool-NG/.build/xtensa-lx106-elf/buildtools --with-local-prefix=/esptools/esp-open-sdk/xtensa-lx106-elf/xtensa-lx106-elf/sysroot --with-sysroot=/esptools/esp-open-sdk/xtensa-lx106-elf/xtensa-lx106-elf/sysroot --with-newlib --enable-threads=no --disable-shared --with-pkgversion=crosstool-NG 1.20.0 --disable-__cxa_atexit --with-gmp=/Volumes/ESPTools/esp-open-sdk/crosstool-NG/.build/xtensa-lx106-elf/buildtools --with-mpfr=/Volumes/ESPTools/esp-open-sdk/crosstool-NG/.build/xtensa-lx106-elf/buildtools --with-mpc=/Volumes/ESPTools/esp-open-sdk/crosstool-NG/.build/xtensa-lx106-elf/buildtools --with-isl=/Volumes/ESPTools/esp-open-sdk/crosstool-NG/.build/xtensa-lx106-elf/buildtools --with-cloog=/Volumes/ESPTools/esp-open-sdk/crosstool-NG/.build/xtensa-lx106-elf/buildtools --with-libelf=/Volumes/ESPTools/esp-open-sdk/crosstool-NG/.build/xtensa-lx106-elf/buildtools --enable-lto --enable-target-optspace --disable-libgomp --disable-libmudflap --disable-nls --disable-multilib --enable-languages=c,lto --program-transform-name=s&^&xtensa-lx106-elf-& --disable-option-checking --build=x86_64-build_apple-darwin14.0.0 --host=x86_64-build_apple-darwin14.0.0 --target=xtensa-lx106-elf --srcdir=/Volumes/ESPTools/esp-open-sdk/crosstool-NG/.build/src/gcc-4.8.2/zlib

## --------- ##
## Platform. ##
## --------- ##

hostname = Macintosh-2.local
uname -m = x86_64
uname -r = 14.0.0
uname -s = Darwin
uname -v = Darwin Kernel Version 14.0.0: Fri Sep 19 00:26:44 PDT 2014; root:xnu-2782.1.97~2/RELEASE_X86_64

/usr/bin/uname -p = i386
/bin/uname -X     = unknown

/bin/arch              = unknown
/usr/bin/arch -k       = unknown
/usr/convex/getsysinfo = unknown
/usr/bin/hostinfo      = Mach kernel version:
	 Darwin Kernel Version 14.0.0: Fri Sep 19 00:26:44 PDT 2014; root:xnu-2782.1.97~2/RELEASE_X86_64
Kernel configured for up to 8 processors.
4 processors are physically available.
8 processors are logically available.
Processor type: i486 (Intel 80486)
Processors active: 0 1 2 3 4 5 6 7
Primary memory available: 16.00 gigabytes
Default processor set: 321 tasks, 1643 threads, 8 processors
Load average: 6.80, Mach factor: 2.92
/bin/machine           = unknown
/usr/bin/oslevel       = unknown
/bin/universe          = unknown

PATH: /esptools/esp-open-sdk/xtensa-lx106-elf/bin
PATH: /Volumes/ESPTools/esp-open-sdk/crosstool-NG/.build/xtensa-lx106-elf/buildtools/bin
PATH: /Volumes/ESPTools/esp-open-sdk/crosstool-NG/.build/tools/bin
PATH: /opt/local/bin
PATH: /opt/local/sbin
PATH: /opt/local/bin
PATH: /opt/local/sbin
PATH: /usr/bin
PATH: /bin
PATH: /usr/sbin
PATH: /sbin
PATH: /usr/local/bin
PATH: /opt/local/bin/
PATH: /opt/X11/bin
PATH: /usr/local/git/bin
PATH: /usr/local/MacGPG2/bin


## ----------- ##
## Core tests. ##
## ----------- ##

configure:2103: creating cache ./config.cache
configure:2246: checking build system type
configure:2260: result: x86_64-build_apple-darwin14.0.0
configure:2280: checking host system type
configure:2293: result: x86_64-build_apple-darwin14.0.0
configure:2313: checking target system type
configure:2326: result: xtensa-lx106-elf
configure:2374: checking for a BSD-compatible install
configure:2442: result: /Volumes/ESPTools/esp-open-sdk/crosstool-NG/.build/tools/bin/install -c
configure:2453: checking whether build environment is sane
configure:2503: result: yes
configure:2644: checking for a thread-safe mkdir -p
configure:2683: result: /Volumes/ESPTools/esp-open-sdk/crosstool-NG/.build/src/gcc-4.8.2/zlib/../install-sh -c -d
configure:2696: checking for gawk
configure:2723: result: gawk
configure:2734: checking whether make sets $(MAKE)
configure:2756: result: yes
configure:2838: checking whether to enable maintainer-specific portions of Makefiles
configure:2847: result: no
configure:2918: checking for x86_64-build_apple-darwin14.0.0-gcc
configure:2945: result: x86_64-build_apple-darwin14.0.0-gcc
configure:3214: checking for C compiler version
configure:3223: x86_64-build_apple-darwin14.0.0-gcc --version >&5
Apple LLVM version 6.0 (clang-600.0.57) (based on LLVM 3.5svn)
Target: x86_64-apple-darwin14.0.0
Thread model: posix
Configured with: --prefix=/Applications/Xcode.app/Contents/Developer/usr --with-gxx-include-dir=/usr/include/c++/4.2.1
configure:3234: $? = 0
configure:3223: x86_64-build_apple-darwin14.0.0-gcc -v >&5
Configured with: --prefix=/Applications/Xcode.app/Contents/Developer/usr --with-gxx-include-dir=/usr/include/c++/4.2.1
Apple LLVM version 6.0 (clang-600.0.57) (based on LLVM 3.5svn)
Target: x86_64-apple-darwin14.0.0
Thread model: posix
configure:3234: $? = 0
configure:3223: x86_64-build_apple-darwin14.0.0-gcc -V >&5
clang: error: argument to '-V' is missing (expected 1 value)
clang: error: no input files
configure:3234: $? = 1
configure:3223: x86_64-build_apple-darwin14.0.0-gcc -qversion >&5
clang: error: unknown argument: '-qversion'
clang: error: no input files
configure:3234: $? = 1
configure:3250: x86_64-build_apple-darwin14.0.0-gcc -o conftest -O2 -g -pipe    -lstdc++ -lm conftest.c  >&5
configure:3253: $? = 0
configure:3282: checking for C compiler default output file name
configure:3304: x86_64-build_apple-darwin14.0.0-gcc -O2 -g -pipe    -lstdc++ -lm conftest.c  >&5
configure:3308: $? = 0
configure:3345: result: a.out
configure:3361: checking whether the C compiler works
configure:3370: ./a.out
configure:3374: $? = 0
configure:3389: result: yes
configure:3396: checking whether we are cross compiling
configure:3398: result: no
configure:3401: checking for suffix of executables
configure:3408: x86_64-build_apple-darwin14.0.0-gcc -o conftest -O2 -g -pipe    -lstdc++ -lm conftest.c  >&5
configure:3412: $? = 0
configure:3434: result: 
configure:3441: checking for suffix of object files
configure:3463: x86_64-build_apple-darwin14.0.0-gcc -c -O2 -g -pipe   conftest.c >&5
configure:3467: $? = 0
configure:3488: result: o
configure:3492: checking whether we are using the GNU C compiler
configure:3511: x86_64-build_apple-darwin14.0.0-gcc -c -O2 -g -pipe   conftest.c >&5
configure:3511: $? = 0
configure:3520: result: yes
configure:3529: checking whether x86_64-build_apple-darwin14.0.0-gcc accepts -g
configure:3549: x86_64-build_apple-darwin14.0.0-gcc -c -g  conftest.c >&5
configure:3549: $? = 0
configure:3590: result: yes
configure:3607: checking for x86_64-build_apple-darwin14.0.0-gcc option to accept ISO C89
configure:3671: x86_64-build_apple-darwin14.0.0-gcc  -c -O2 -g -pipe   conftest.c >&5
configure:3671: $? = 0
configure:3684: result: none needed
configure:3715: checking for style of include used by make
configure:3743: result: GNU
configure:3768: checking dependency style of x86_64-build_apple-darwin14.0.0-gcc
configure:3878: result: gcc3
configure:3943: checking how to print strings
configure:3970: result: printf
configure:3991: checking for a sed that does not truncate output
configure:4055: result: /Volumes/ESPTools/esp-open-sdk/crosstool-NG/.build/tools/bin/sed
configure:4073: checking for grep that handles long lines and -e
configure:4131: result: /Volumes/ESPTools/esp-open-sdk/crosstool-NG/.build/tools/bin/grep
configure:4136: checking for egrep
configure:4198: result: /Volumes/ESPTools/esp-open-sdk/crosstool-NG/.build/tools/bin/grep -E
configure:4203: checking for fgrep
configure:4265: result: /Volumes/ESPTools/esp-open-sdk/crosstool-NG/.build/tools/bin/grep -F
configure:4300: checking for ld used by x86_64-build_apple-darwin14.0.0-gcc
configure:4367: result: /Applications/Xcode.app/Contents/Developer/Toolchains/XcodeDefault.xctoolchain/usr/bin/ld
configure:4374: checking if the linker (/Applications/Xcode.app/Contents/Developer/Toolchains/XcodeDefault.xctoolchain/usr/bin/ld) is GNU ld
configure:4389: result: no
configure:4401: checking for BSD- or MS-compatible name lister (nm)
configure:4450: result: x86_64-build_apple-darwin14.0.0-nm
configure:4580: checking the name lister (x86_64-build_apple-darwin14.0.0-nm) interface
configure:4587: x86_64-build_apple-darwin14.0.0-gcc -c -O2 -g -pipe   conftest.c >&5
configure:4590: x86_64-build_apple-darwin14.0.0-nm "conftest.o"
configure:4593: output
0000000000000264 S _some_variable
configure:4600: result: BSD nm
configure:4603: checking whether ln -s works
configure:4607: result: yes
configure:4615: checking the maximum length of command line arguments
configure:4740: result: 196608
configure:4757: checking whether the shell understands some XSI constructs
configure:4767: result: yes
configure:4771: checking whether the shell understands "+="
configure:4777: result: yes
configure:4812: checking for /Applications/Xcode.app/Contents/Developer/Toolchains/XcodeDefault.xctoolchain/usr/bin/ld option to reload object files
configure:4819: result: -r
configure:4848: checking for x86_64-build_apple-darwin14.0.0-objdump
configure:4875: result: x86_64-build_apple-darwin14.0.0-objdump
configure:4947: checking how to recognize dependent libraries
configure:5148: result: pass_all
configure:5168: checking for x86_64-build_apple-darwin14.0.0-ar
configure:5195: result: x86_64-build_apple-darwin14.0.0-ar
configure:5273: checking for x86_64-build_apple-darwin14.0.0-strip
configure:5289: found /Volumes/ESPTools/esp-open-sdk/crosstool-NG/.build/xtensa-lx106-elf/buildtools/bin/x86_64-build_apple-darwin14.0.0-strip
configure:5300: result: x86_64-build_apple-darwin14.0.0-strip
configure:5372: checking for x86_64-build_apple-darwin14.0.0-ranlib
configure:5399: result: x86_64-build_apple-darwin14.0.0-ranlib
configure:5541: checking command to parse x86_64-build_apple-darwin14.0.0-nm output from x86_64-build_apple-darwin14.0.0-gcc object
configure:5659: x86_64-build_apple-darwin14.0.0-gcc -c -O2 -g -pipe   conftest.c >&5
configure:5662: $? = 0
configure:5666: x86_64-build_apple-darwin14.0.0-nm conftest.o \| sed -n -e 's/^.*[ ]\([BCDEGRST][BCDEGRST]*\)[ ][ ]*\([_A-Za-z][_A-Za-z0-9]*\)$/\1 \2 \2/p' \> conftest.nm
configure:5669: $? = 0
cannot find nm_test_var in conftest.nm
configure:5659: x86_64-build_apple-darwin14.0.0-gcc -c -O2 -g -pipe   conftest.c >&5
configure:5662: $? = 0
configure:5666: x86_64-build_apple-darwin14.0.0-nm conftest.o \| sed -n -e 's/^.*[ ]\([BCDEGRST][BCDEGRST]*\)[ ][ ]*_\([_A-Za-z][_A-Za-z0-9]*\)$/\1 _\2 \2/p' \> conftest.nm
configure:5669: $? = 0
configure:5723: x86_64-build_apple-darwin14.0.0-gcc -o conftest -O2 -g -pipe    -lstdc++ -lm conftest.c conftstm.o >&5
configure:5726: $? = 0
configure:5764: result: ok
configure:5999: checking for x86_64-build_apple-darwin14.0.0-dsymutil
configure:6029: result: no
configure:6039: checking for dsymutil
configure:6055: found /usr/bin/dsymutil
configure:6066: result: dsymutil
configure:6091: checking for x86_64-build_apple-darwin14.0.0-nmedit
configure:6121: result: no
configure:6131: checking for nmedit
configure:6147: found /usr/bin/nmedit
configure:6158: result: nmedit
configure:6183: checking for x86_64-build_apple-darwin14.0.0-lipo
configure:6213: result: no
configure:6223: checking for lipo
configure:6239: found /usr/bin/lipo
configure:6250: result: lipo
configure:6275: checking for x86_64-build_apple-darwin14.0.0-otool
configure:6305: result: no
configure:6315: checking for otool
configure:6331: found /usr/bin/otool
configure:6342: result: otool
configure:6367: checking for x86_64-build_apple-darwin14.0.0-otool64
configure:6397: result: no
configure:6407: checking for otool64
configure:6437: result: no
configure:6482: checking for -single_module linker flag
x86_64-build_apple-darwin14.0.0-gcc -O2 -g -pipe   -lstdc++ -lm -o libconftest.dylib -dynamiclib -Wl,-single_module conftest.c
configure:6509: result: yes
configure:6511: checking for -exported_symbols_list linker flag
configure:6534: x86_64-build_apple-darwin14.0.0-gcc -o conftest -O2 -g -pipe    -lstdc++ -lm -Wl,-exported_symbols_list,conftest.sym conftest.c  >&5
configure:6534: $? = 0
configure:6544: result: yes
configure:6546: checking for -force_load linker flag
x86_64-build_apple-darwin14.0.0-gcc -O2 -g -pipe  -c -o conftest.o conftest.c
x86_64-build_apple-darwin14.0.0-ar cru libconftest.a conftest.o
x86_64-build_apple-darwin14.0.0-gcc -O2 -g -pipe   -lstdc++ -lm -o conftest conftest.c -Wl,-force_load,./libconftest.a
configure:6574: result: yes
configure:6616: checking how to run the C preprocessor
configure:6647: x86_64-build_apple-darwin14.0.0-gcc -E  conftest.c
configure:6647: $? = 0
configure:6661: x86_64-build_apple-darwin14.0.0-gcc -E  conftest.c
conftest.c:11:10: fatal error: 'ac_nonexistent.h' file not found
#include <ac_nonexistent.h>
         ^
1 error generated.
configure:6661: $? = 1
configure: failed program was:
| /* confdefs.h */
| #define PACKAGE_NAME ""
| #define PACKAGE_TARNAME ""
| #define PACKAGE_VERSION ""
| #define PACKAGE_STRING ""
| #define PACKAGE_BUGREPORT ""
| #define PACKAGE_URL ""
| #define PACKAGE "zlib"
| #define VERSION "1.1.4"
| /* end confdefs.h.  */
| #include <ac_nonexistent.h>
configure:6686: result: x86_64-build_apple-darwin14.0.0-gcc -E
configure:6706: x86_64-build_apple-darwin14.0.0-gcc -E  conftest.c
configure:6706: $? = 0
configure:6720: x86_64-build_apple-darwin14.0.0-gcc -E  conftest.c
conftest.c:11:10: fatal error: 'ac_nonexistent.h' file not found
#include <ac_nonexistent.h>
         ^
1 error generated.
configure:6720: $? = 1
configure: failed program was:
| /* confdefs.h */
| #define PACKAGE_NAME ""
| #define PACKAGE_TARNAME ""
| #define PACKAGE_VERSION ""
| #define PACKAGE_STRING ""
| #define PACKAGE_BUGREPORT ""
| #define PACKAGE_URL ""
| #define PACKAGE "zlib"
| #define VERSION "1.1.4"
| /* end confdefs.h.  */
| #include <ac_nonexistent.h>
configure:6749: checking for ANSI C header files
configure:6769: x86_64-build_apple-darwin14.0.0-gcc -c -O2 -g -pipe   conftest.c >&5
configure:6769: $? = 0
configure:6842: x86_64-build_apple-darwin14.0.0-gcc -o conftest -O2 -g -pipe    -lstdc++ -lm conftest.c  >&5
configure:6842: $? = 0
configure:6842: ./conftest
configure:6842: $? = 0
configure:6853: result: yes
configure:6866: checking for sys/types.h
configure:6866: x86_64-build_apple-darwin14.0.0-gcc -c -O2 -g -pipe   conftest.c >&5
configure:6866: $? = 0
configure:6866: result: yes
configure:6866: checking for sys/stat.h
configure:6866: x86_64-build_apple-darwin14.0.0-gcc -c -O2 -g -pipe   conftest.c >&5
configure:6866: $? = 0
configure:6866: result: yes
configure:6866: checking for stdlib.h
configure:6866: x86_64-build_apple-darwin14.0.0-gcc -c -O2 -g -pipe   conftest.c >&5
configure:6866: $? = 0
configure:6866: result: yes
configure:6866: checking for string.h
configure:6866: x86_64-build_apple-darwin14.0.0-gcc -c -O2 -g -pipe   conftest.c >&5
configure:6866: $? = 0
configure:6866: result: yes
configure:6866: checking for memory.h
configure:6866: x86_64-build_apple-darwin14.0.0-gcc -c -O2 -g -pipe   conftest.c >&5
configure:6866: $? = 0
configure:6866: result: yes
configure:6866: checking for strings.h
configure:6866: x86_64-build_apple-darwin14.0.0-gcc -c -O2 -g -pipe   conftest.c >&5
configure:6866: $? = 0
configure:6866: result: yes
configure:6866: checking for inttypes.h
configure:6866: x86_64-build_apple-darwin14.0.0-gcc -c -O2 -g -pipe   conftest.c >&5
configure:6866: $? = 0
configure:6866: result: yes
configure:6866: checking for stdint.h
configure:6866: x86_64-build_apple-darwin14.0.0-gcc -c -O2 -g -pipe   conftest.c >&5
configure:6866: $? = 0
configure:6866: result: yes
configure:6866: checking for unistd.h
configure:6866: x86_64-build_apple-darwin14.0.0-gcc -c -O2 -g -pipe   conftest.c >&5
configure:6866: $? = 0
configure:6866: result: yes
configure:6881: checking for dlfcn.h
configure:6881: x86_64-build_apple-darwin14.0.0-gcc -c -O2 -g -pipe   conftest.c >&5
configure:6881: $? = 0
configure:6881: result: yes
configure:7068: checking for objdir
configure:7083: result: .libs
configure:7354: checking if x86_64-build_apple-darwin14.0.0-gcc supports -fno-rtti -fno-exceptions
configure:7372: x86_64-build_apple-darwin14.0.0-gcc -c -O2 -g -pipe   -fno-rtti -fno-exceptions conftest.c >&5
configure:7376: $? = 0
configure:7389: result: yes
configure:7409: checking for x86_64-build_apple-darwin14.0.0-gcc option to produce PIC
configure:7695: result: -fno-common -DPIC
configure:7707: checking if x86_64-build_apple-darwin14.0.0-gcc PIC flag -fno-common -DPIC works
configure:7725: x86_64-build_apple-darwin14.0.0-gcc -c -O2 -g -pipe   -fno-common -DPIC -DPIC conftest.c >&5
configure:7729: $? = 0
configure:7742: result: yes
configure:7766: checking if x86_64-build_apple-darwin14.0.0-gcc static flag -static works
configure:7794: result: no
configure:7809: checking if x86_64-build_apple-darwin14.0.0-gcc supports -c -o file.o
configure:7830: x86_64-build_apple-darwin14.0.0-gcc -c -O2 -g -pipe   -o out/conftest2.o conftest.c >&5
configure:7834: $? = 0
configure:7856: result: yes
configure:7864: checking if x86_64-build_apple-darwin14.0.0-gcc supports -c -o file.o
configure:7911: result: yes
configure:7944: checking whether the x86_64-build_apple-darwin14.0.0-gcc linker (/Applications/Xcode.app/Contents/Developer/Toolchains/XcodeDefault.xctoolchain/usr/bin/ld) supports shared libraries
configure:9024: result: yes
configure:9269: checking dynamic linker characteristics
configure:9945: result: darwin14.0.0 dyld
configure:10052: checking how to hardcode library paths into programs
configure:10077: result: immediate
configure:10632: checking whether stripping libraries is possible
configure:10646: result: yes
configure:10672: checking if libtool supports shared libraries
configure:10674: result: yes
configure:10677: checking whether to build shared libraries
configure:10698: result: no
configure:10701: checking whether to build static libraries
configure:10705: result: yes
configure:10748: checking how to run the C preprocessor
configure:10818: result: x86_64-build_apple-darwin14.0.0-gcc -E
configure:10838: x86_64-build_apple-darwin14.0.0-gcc -E  conftest.c
configure:10838: $? = 0
configure:10852: x86_64-build_apple-darwin14.0.0-gcc -E  conftest.c
conftest.c:23:10: fatal error: 'ac_nonexistent.h' file not found
#include <ac_nonexistent.h>
         ^
1 error generated.
configure:10852: $? = 1
configure: failed program was:
| /* confdefs.h */
| #define PACKAGE_NAME ""
| #define PACKAGE_TARNAME ""
| #define PACKAGE_VERSION ""
| #define PACKAGE_STRING ""
| #define PACKAGE_BUGREPORT ""
| #define PACKAGE_URL ""
| #define PACKAGE "zlib"
| #define VERSION "1.1.4"
| #define STDC_HEADERS 1
| #define HAVE_SYS_TYPES_H 1
| #define HAVE_SYS_STAT_H 1
| #define HAVE_STDLIB_H 1
| #define HAVE_STRING_H 1
| #define HAVE_MEMORY_H 1
| #define HAVE_STRINGS_H 1
| #define HAVE_INTTYPES_H 1
| #define HAVE_STDINT_H 1
| #define HAVE_UNISTD_H 1
| #define HAVE_DLFCN_H 1
| #define LT_OBJDIR ".libs/"
| /* end confdefs.h.  */
| #include <ac_nonexistent.h>
configure:10905: checking for stdlib.h
configure:10905: result: yes
configure:10905: checking for unistd.h
configure:10905: result: yes
configure:10918: checking for getpagesize
configure:10918: x86_64-build_apple-darwin14.0.0-gcc -o conftest -O2 -g -pipe    -lstdc++ -lm conftest.c  >&5
configure:10918: $? = 0
configure:10918: result: yes
configure:10927: checking for working mmap
configure:11064: x86_64-build_apple-darwin14.0.0-gcc -o conftest -O2 -g -pipe    -lstdc++ -lm conftest.c  >&5
configure:11064: $? = 0
configure:11064: ./conftest
configure:11064: $? = 0
configure:11074: result: yes
configure:11087: checking for memcpy
configure:11087: x86_64-build_apple-darwin14.0.0-gcc -o conftest -O2 -g -pipe    -lstdc++ -lm conftest.c  >&5
conftest.c:50:6: warning: incompatible redeclaration of library function 'memcpy' [-Wincompatible-library-redeclaration]
char memcpy ();
     ^
conftest.c:50:6: note: 'memcpy' is a builtin with type 'void *(void *, const void *, unsigned long)'
1 warning generated.
configure:11087: $? = 0
configure:11087: result: yes
configure:11087: checking for strerror
configure:11087: x86_64-build_apple-darwin14.0.0-gcc -o conftest -O2 -g -pipe    -lstdc++ -lm conftest.c  >&5
conftest.c:51:6: warning: incompatible redeclaration of library function 'strerror' [-Wincompatible-library-redeclaration]
char strerror ();
     ^
conftest.c:51:6: note: 'strerror' is a builtin with type 'char *(int)'
1 warning generated.
configure:11087: $? = 0
configure:11087: result: yes
configure:11153: checking for unistd.h
configure:11153: result: yes
configure:11266: updating cache ./config.cache
configure:11363: creating ./config.status

## ---------------------- ##
## Running config.status. ##
## ---------------------- ##

This file was extended by config.status, which was
generated by GNU Autoconf 2.64.  Invocation command line was

  CONFIG_FILES    = 
  CONFIG_HEADERS  = 
  CONFIG_LINKS    = 
  CONFIG_COMMANDS = 
  $ ./config.status 

on Macintosh-2.local

config.status:1011: creating Makefile
config.status:1167: executing default-1 commands
config.status:1167: executing depfiles commands
config.status:1167: executing libtool commands

## ---------------- ##
## Cache variables. ##
## ---------------- ##

ac_cv_build=x86_64-build_apple-darwin14.0.0
ac_cv_c_compiler_gnu=yes
ac_cv_env_CPPFLAGS_set=
ac_cv_env_CPPFLAGS_value=
ac_cv_env_CPP_set=
ac_cv_env_CPP_value=
ac_cv_env_build_alias_set=set
ac_cv_env_build_alias_value=x86_64-build_apple-darwin14.0.0
ac_cv_env_host_alias_set=set
ac_cv_env_host_alias_value=x86_64-build_apple-darwin14.0.0
ac_cv_env_target_alias_set=set
ac_cv_env_target_alias_value=xtensa-lx106-elf
ac_cv_func_getpagesize=yes
ac_cv_func_memcpy=yes
ac_cv_func_mmap_fixed_mapped=yes
ac_cv_func_strerror=yes
ac_cv_header_dlfcn_h=yes
ac_cv_header_inttypes_h=yes
ac_cv_header_memory_h=yes
ac_cv_header_stdc=yes
ac_cv_header_stdint_h=yes
ac_cv_header_stdlib_h=yes
ac_cv_header_string_h=yes
ac_cv_header_strings_h=yes
ac_cv_header_sys_stat_h=yes
ac_cv_header_sys_types_h=yes
ac_cv_header_unistd_h=yes
ac_cv_host=x86_64-build_apple-darwin14.0.0
ac_cv_objext=o
ac_cv_path_EGREP='/Volumes/ESPTools/esp-open-sdk/crosstool-NG/.build/tools/bin/grep -E'
ac_cv_path_FGREP='/Volumes/ESPTools/esp-open-sdk/crosstool-NG/.build/tools/bin/grep -F'
ac_cv_path_GREP=/Volumes/ESPTools/esp-open-sdk/crosstool-NG/.build/tools/bin/grep
ac_cv_path_SED=/Volumes/ESPTools/esp-open-sdk/crosstool-NG/.build/tools/bin/sed
ac_cv_path_install='/Volumes/ESPTools/esp-open-sdk/crosstool-NG/.build/tools/bin/install -c'
ac_cv_prog_AR=x86_64-build_apple-darwin14.0.0-ar
ac_cv_prog_AWK=gawk
ac_cv_prog_CC=x86_64-build_apple-darwin14.0.0-gcc
ac_cv_prog_CPP='x86_64-build_apple-darwin14.0.0-gcc -E'
ac_cv_prog_OBJDUMP=x86_64-build_apple-darwin14.0.0-objdump
ac_cv_prog_RANLIB=x86_64-build_apple-darwin14.0.0-ranlib
ac_cv_prog_STRIP=x86_64-build_apple-darwin14.0.0-strip
ac_cv_prog_ac_ct_DSYMUTIL=dsymutil
ac_cv_prog_ac_ct_LIPO=lipo
ac_cv_prog_ac_ct_NMEDIT=nmedit
ac_cv_prog_ac_ct_OTOOL=otool
ac_cv_prog_cc_c89=
ac_cv_prog_cc_g=yes
ac_cv_prog_make_make_set=yes
ac_cv_target=xtensa-lx106-elf
am_cv_CC_dependencies_compiler_type=gcc3
lt_cv_apple_cc_single_mod=yes
lt_cv_deplibs_check_method=pass_all
lt_cv_file_magic_cmd='$MAGIC_CMD'
lt_cv_file_magic_test_file=
lt_cv_ld_exported_symbols_list=yes
lt_cv_ld_force_load=yes
lt_cv_ld_reload_flag=-r
lt_cv_nm_interface='BSD nm'
lt_cv_objdir=.libs
lt_cv_path_LD=/Applications/Xcode.app/Contents/Developer/Toolchains/XcodeDefault.xctoolchain/usr/bin/ld
lt_cv_path_NM=x86_64-build_apple-darwin14.0.0-nm
lt_cv_prog_compiler_c_o=yes
lt_cv_prog_compiler_pic_works=yes
lt_cv_prog_compiler_rtti_exceptions=yes
lt_cv_prog_compiler_static_works=no
lt_cv_prog_gnu_ld=no
lt_cv_sys_global_symbol_pipe='sed -n -e '\''s/^.*[	 ]\([BCDEGRST][BCDEGRST]*\)[	 ][	 ]*_\([_A-Za-z][_A-Za-z0-9]*\)$/\1 _\2 \2/p'\'''
lt_cv_sys_global_symbol_to_c_name_address='sed -n -e '\''s/^: \([^ ]*\) $/  {\"\1\", (void *) 0},/p'\'' -e '\''s/^[BCDEGRST]* \([^ ]*\) \([^ ]*\)$/  {"\2", (void *) \&\2},/p'\'''
lt_cv_sys_global_symbol_to_c_name_address_lib_prefix='sed -n -e '\''s/^: \([^ ]*\) $/  {\"\1\", (void *) 0},/p'\'' -e '\''s/^[BCDEGRST]* \([^ ]*\) \(lib[^ ]*\)$/  {"\2", (void *) \&\2},/p'\'' -e '\''s/^[BCDEGRST]* \([^ ]*\) \([^ ]*\)$/  {"lib\2", (void *) \&\2},/p'\'''
lt_cv_sys_global_symbol_to_cdecl='sed -n -e '\''s/^T .* \(.*\)$/extern int \1();/p'\'' -e '\''s/^[BCDEGRST]* .* \(.*\)$/extern char \1;/p'\'''
lt_cv_sys_max_cmd_len=196608

## ----------------- ##
## Output variables. ##
## ----------------- ##

ACLOCAL='${SHELL} /Volumes/ESPTools/esp-open-sdk/crosstool-NG/.build/src/gcc-4.8.2/missing --run aclocal-1.11'
AMDEPBACKSLASH='\'
AMDEP_FALSE='#'
AMDEP_TRUE=''
AMTAR='${SHELL} /Volumes/ESPTools/esp-open-sdk/crosstool-NG/.build/src/gcc-4.8.2/missing --run tar'
AR='x86_64-build_apple-darwin14.0.0-ar'
AUTOCONF='${SHELL} /Volumes/ESPTools/esp-open-sdk/crosstool-NG/.build/src/gcc-4.8.2/missing --run autoconf'
AUTOHEADER='${SHELL} /Volumes/ESPTools/esp-open-sdk/crosstool-NG/.build/src/gcc-4.8.2/missing --run autoheader'
AUTOMAKE='${SHELL} /Volumes/ESPTools/esp-open-sdk/crosstool-NG/.build/src/gcc-4.8.2/missing --run automake-1.11'
AWK='gawk'
CC='x86_64-build_apple-darwin14.0.0-gcc'
CCDEPMODE='depmode=gcc3'
CFLAGS='-O2 -g -pipe '
COMPPATH='.'
CPP='x86_64-build_apple-darwin14.0.0-gcc -E'
CPPFLAGS=''
CYGPATH_W='echo'
DEFS='-DPACKAGE_NAME=\"\" -DPACKAGE_TARNAME=\"\" -DPACKAGE_VERSION=\"\" -DPACKAGE_STRING=\"\" -DPACKAGE_BUGREPORT=\"\" -DPACKAGE_URL=\"\" -DPACKAGE=\"zlib\" -DVERSION=\"1.1.4\" -DSTDC_HEADERS=1 -DHAVE_SYS_TYPES_H=1 -DHAVE_SYS_STAT_H=1 -DHAVE_STDLIB_H=1 -DHAVE_STRING_H=1 -DHAVE_MEMORY_H=1 -DHAVE_STRINGS_H=1 -DHAVE_INTTYPES_H=1 -DHAVE_STDINT_H=1 -DHAVE_UNISTD_H=1 -DHAVE_DLFCN_H=1 -DLT_OBJDIR=\".libs/\" -DHAVE_STDLIB_H=1 -DHAVE_UNISTD_H=1 -DHAVE_GETPAGESIZE=1 -DHAVE_MMAP=1 -DHAVE_MEMCPY=1 -DHAVE_STRERROR=1 -DHAVE_UNISTD_H=1'
DEPDIR='.deps'
DSYMUTIL='dsymutil'
DUMPBIN=''
ECHO_C=''
ECHO_N='-n'
ECHO_T=''
EGREP='/Volumes/ESPTools/esp-open-sdk/crosstool-NG/.build/tools/bin/grep -E'
EXEEXT=''
FGREP='/Volumes/ESPTools/esp-open-sdk/crosstool-NG/.build/tools/bin/grep -F'
GREP='/Volumes/ESPTools/esp-open-sdk/crosstool-NG/.build/tools/bin/grep'
INSTALL_DATA='${INSTALL} -m 644'
INSTALL_PROGRAM='${INSTALL}'
INSTALL_SCRIPT='${INSTALL}'
INSTALL_STRIP_PROGRAM='$(install_sh) -c -s'
LD='/Applications/Xcode.app/Contents/Developer/Toolchains/XcodeDefault.xctoolchain/usr/bin/ld'
LDFLAGS=' -lstdc++ -lm'
LIBOBJS=''
LIBS=''
LIBTOOL='$(SHELL) $(top_builddir)/libtool'
LIPO='lipo'
LN_S='ln -s'
LTLIBOBJS=''
MAINT='#'
MAINTAINER_MODE_FALSE=''
MAINTAINER_MODE_TRUE='#'
MAKEINFO='makeinfo'
MKDIR_P='/Volumes/ESPTools/esp-open-sdk/crosstool-NG/.build/src/gcc-4.8.2/zlib/../install-sh -c -d'
NM='x86_64-build_apple-darwin14.0.0-nm'
NMEDIT='nmedit'
OBJDUMP='x86_64-build_apple-darwin14.0.0-objdump'
OBJEXT='o'
OTOOL64=':'
OTOOL='otool'
PACKAGE='zlib'
PACKAGE_BUGREPORT=''
PACKAGE_NAME=''
PACKAGE_STRING=''
PACKAGE_TARNAME=''
PACKAGE_URL=''
PACKAGE_VERSION=''
PATH_SEPARATOR=':'
RANLIB='x86_64-build_apple-darwin14.0.0-ranlib'
SED='/Volumes/ESPTools/esp-open-sdk/crosstool-NG/.build/tools/bin/sed'
SET_MAKE=''
SHELL='/bin/bash'
STRIP='x86_64-build_apple-darwin14.0.0-strip'
TARGET_LIBRARY_FALSE=''
TARGET_LIBRARY_TRUE='#'
VERSION='1.1.4'
ac_ct_CC=''
ac_ct_DUMPBIN=''
am__EXEEXT_FALSE=''
am__EXEEXT_TRUE='#'
am__fastdepCC_FALSE='#'
am__fastdepCC_TRUE=''
am__include='include'
am__isrc=' -I$(srcdir)'
am__leading_dot='.'
am__quote=''
am__tar='${AMTAR} chof - "$$tardir"'
am__untar='${AMTAR} xf -'
bindir='${exec_prefix}/bin'
build='x86_64-build_apple-darwin14.0.0'
build_alias='x86_64-build_apple-darwin14.0.0'
build_cpu='x86_64'
build_os='darwin14.0.0'
build_vendor='build_apple'
datadir='${datarootdir}'
datarootdir='${prefix}/share'
docdir='${datarootdir}/doc/${PACKAGE}'
dvidir='${docdir}'
exec_prefix='${prefix}'
host='x86_64-build_apple-darwin14.0.0'
host_alias='x86_64-build_apple-darwin14.0.0'
host_cpu='x86_64'
host_os='darwin14.0.0'
host_vendor='build_apple'
htmldir='${docdir}'
includedir='${prefix}/include'
infodir='${datarootdir}/info'
install_sh='${SHELL} /Volumes/ESPTools/esp-open-sdk/crosstool-NG/.build/src/gcc-4.8.2/install-sh'
libdir='${exec_prefix}/lib'
libexecdir='${exec_prefix}/libexec'
localedir='${datarootdir}/locale'
localstatedir='${prefix}/var'
mandir='${datarootdir}/man'
mkdir_p='/Volumes/ESPTools/esp-open-sdk/crosstool-NG/.build/src/gcc-4.8.2/zlib/../install-sh -c -d'
mkinstalldirs='/Volumes/ESPTools/esp-open-sdk/crosstool-NG/.build/src/gcc-4.8.2/mkinstalldirs'
multi_basedir='/Volumes/ESPTools/esp-open-sdk/crosstool-NG/.build/src/gcc-4.8.2/zlib/..'
oldincludedir='/usr/include'
pdfdir='${docdir}'
prefix='/Volumes/ESPTools/esp-open-sdk/crosstool-NG/.build/xtensa-lx106-elf/buildtools'
program_transform_name='s&^&xtensa-lx106-elf-&'
psdir='${docdir}'
sbindir='${exec_prefix}/sbin'
sharedstatedir='${prefix}/com'
sysconfdir='${prefix}/etc'
target='xtensa-lx106-elf'
target_alias='xtensa-lx106-elf'
target_all='libzgcj.la'
target_cpu='xtensa'
target_os='elf'
target_vendor='lx106'
toolexecdir='$(libdir)/gcc-lib/$(target_alias)'
toolexeclibdir='$(libdir)/x86_64'

## ----------- ##
## confdefs.h. ##
## ----------- ##

/* confdefs.h */
#define PACKAGE_NAME ""
#define PACKAGE_TARNAME ""
#define PACKAGE_VERSION ""
#define PACKAGE_STRING ""
#define PACKAGE_BUGREPORT ""
#define PACKAGE_URL ""
#define PACKAGE "zlib"
#define VERSION "1.1.4"
#define STDC_HEADERS 1
#define HAVE_SYS_TYPES_H 1
#define HAVE_SYS_STAT_H 1
#define HAVE_STDLIB_H 1
#define HAVE_STRING_H 1
#define HAVE_MEMORY_H 1
#define HAVE_STRINGS_H 1
#define HAVE_INTTYPES_H 1
#define HAVE_STDINT_H 1
#define HAVE_UNISTD_H 1
#define HAVE_DLFCN_H 1
#define LT_OBJDIR ".libs/"
#define HAVE_STDLIB_H 1
#define HAVE_UNISTD_H 1
#define HAVE_GETPAGESIZE 1
#define HAVE_MMAP 1
#define HAVE_MEMCPY 1
#define HAVE_STRERROR 1
#define HAVE_UNISTD_H 1

configure: exit 0
