This file contains any messages produced by compilers while
running configure, to aid debugging if configure makes a mistake.

It was created by configure, which was
generated by GNU Autoconf 2.64.  Invocation command line was

  $ /Volumes/ESPTools/esp-open-sdk/crosstool-NG/.build/src/gdb-7.5.1/opcodes/configure --cache-file=./config.cache --with-system-zlib --prefix=/esptools/esp-open-sdk/xtensa-lx106-elf --with-build-sysroot=/esptools/esp-open-sdk/xtensa-lx106-elf/xtensa-lx106-elf/sysroot --with-sysroot=/esptools/esp-open-sdk/xtensa-lx106-elf/xtensa-lx106-elf/sysroot --disable-werror --with-pkgversion=crosstool-NG 1.20.0 --enable-expat --with-expat=yes --disable-threads --with-python=no --disable-sim --disable-nls --program-transform-name=s&^&xtensa-lx106-elf-& --disable-option-checking --build=x86_64-build_apple-darwin14.0.0 --host=x86_64-build_apple-darwin14.0.0 --target=xtensa-lx106-elf --srcdir=/Volumes/ESPTools/esp-open-sdk/crosstool-NG/.build/src/gdb-7.5.1/opcodes

## --------- ##
## Platform. ##
## --------- ##

hostname = Macintosh-2.local
uname -m = x86_64
uname -r = 14.0.0
uname -s = Darwin
uname -v = Darwin Kernel Version 14.0.0: Fri Sep 19 00:26:44 PDT 2014; root:xnu-2782.1.97~2/RELEASE_X86_64

/usr/bin/uname -p = i386
/bin/uname -X     = unknown

/bin/arch              = unknown
/usr/bin/arch -k       = unknown
/usr/convex/getsysinfo = unknown
/usr/bin/hostinfo      = Mach kernel version:
	 Darwin Kernel Version 14.0.0: Fri Sep 19 00:26:44 PDT 2014; root:xnu-2782.1.97~2/RELEASE_X86_64
Kernel configured for up to 8 processors.
4 processors are physically available.
8 processors are logically available.
Processor type: i486 (Intel 80486)
Processors active: 0 1 2 3 4 5 6 7
Primary memory available: 16.00 gigabytes
Default processor set: 340 tasks, 1712 threads, 8 processors
Load average: 10.61, Mach factor: 1.90
/bin/machine           = unknown
/usr/bin/oslevel       = unknown
/bin/universe          = unknown

PATH: /esptools/esp-open-sdk/xtensa-lx106-elf/bin
PATH: /Volumes/ESPTools/esp-open-sdk/crosstool-NG/.build/xtensa-lx106-elf/buildtools/bin
PATH: /Volumes/ESPTools/esp-open-sdk/crosstool-NG/.build/tools/bin
PATH: /opt/local/bin
PATH: /opt/local/sbin
PATH: /opt/local/bin
PATH: /opt/local/sbin
PATH: /usr/bin
PATH: /bin
PATH: /usr/sbin
PATH: /sbin
PATH: /usr/local/bin
PATH: /opt/local/bin/
PATH: /opt/X11/bin
PATH: /usr/local/git/bin
PATH: /usr/local/MacGPG2/bin


## ----------- ##
## Core tests. ##
## ----------- ##

configure:2181: creating cache ./config.cache
configure:2286: checking build system type
configure:2300: result: x86_64-build_apple-darwin14.0.0
configure:2320: checking host system type
configure:2333: result: x86_64-build_apple-darwin14.0.0
configure:2353: checking target system type
configure:2366: result: xtensa-lx106-elf
configure:2400: checking for x86_64-build_apple-darwin14.0.0-gcc
configure:2427: result: x86_64-build_apple-darwin14.0.0-gcc
configure:2696: checking for C compiler version
configure:2705: x86_64-build_apple-darwin14.0.0-gcc --version >&5
Apple LLVM version 6.0 (clang-600.0.57) (based on LLVM 3.5svn)
Target: x86_64-apple-darwin14.0.0
Thread model: posix
Configured with: --prefix=/Applications/Xcode.app/Contents/Developer/usr --with-gxx-include-dir=/usr/include/c++/4.2.1
configure:2716: $? = 0
configure:2705: x86_64-build_apple-darwin14.0.0-gcc -v >&5
Configured with: --prefix=/Applications/Xcode.app/Contents/Developer/usr --with-gxx-include-dir=/usr/include/c++/4.2.1
Apple LLVM version 6.0 (clang-600.0.57) (based on LLVM 3.5svn)
Target: x86_64-apple-darwin14.0.0
Thread model: posix
configure:2716: $? = 0
configure:2705: x86_64-build_apple-darwin14.0.0-gcc -V >&5
clang: error: argument to '-V' is missing (expected 1 value)
clang: error: no input files
configure:2716: $? = 1
configure:2705: x86_64-build_apple-darwin14.0.0-gcc -qversion >&5
clang: error: unknown argument: '-qversion'
clang: error: no input files
configure:2716: $? = 1
configure:2736: checking for C compiler default output file name
configure:2758: x86_64-build_apple-darwin14.0.0-gcc -g -O2    conftest.c  >&5
configure:2762: $? = 0
configure:2799: result: a.out
configure:2815: checking whether the C compiler works
configure:2824: ./a.out
configure:2828: $? = 0
configure:2843: result: yes
configure:2850: checking whether we are cross compiling
configure:2852: result: no
configure:2855: checking for suffix of executables
configure:2862: x86_64-build_apple-darwin14.0.0-gcc -o conftest -g -O2    conftest.c  >&5
configure:2866: $? = 0
configure:2888: result: 
configure:2894: checking for suffix of object files
configure:2916: x86_64-build_apple-darwin14.0.0-gcc -c -g -O2  conftest.c >&5
configure:2920: $? = 0
configure:2941: result: o
configure:2945: checking whether we are using the GNU C compiler
configure:2964: x86_64-build_apple-darwin14.0.0-gcc -c -g -O2  conftest.c >&5
configure:2964: $? = 0
configure:2973: result: yes
configure:2982: checking whether x86_64-build_apple-darwin14.0.0-gcc accepts -g
configure:3002: x86_64-build_apple-darwin14.0.0-gcc -c -g  conftest.c >&5
configure:3002: $? = 0
configure:3043: result: yes
configure:3060: checking for x86_64-build_apple-darwin14.0.0-gcc option to accept ISO C89
configure:3124: x86_64-build_apple-darwin14.0.0-gcc  -c -g -O2  conftest.c >&5
configure:3124: $? = 0
configure:3137: result: none needed
configure:3158: checking for library containing strerror
configure:3189: x86_64-build_apple-darwin14.0.0-gcc -o conftest -g -O2    conftest.c  >&5
conftest.c:16:6: warning: incompatible redeclaration of library function 'strerror' [-Wincompatible-library-redeclaration]
char strerror ();
     ^
conftest.c:16:6: note: 'strerror' is a builtin with type 'char *(int)'
1 warning generated.
configure:3189: $? = 0
configure:3206: result: none required
configure:3236: checking for a BSD-compatible install
configure:3304: result: /Volumes/ESPTools/esp-open-sdk/crosstool-NG/.build/tools/bin/install -c
configure:3315: checking whether build environment is sane
configure:3365: result: yes
configure:3506: checking for a thread-safe mkdir -p
configure:3545: result: /Volumes/ESPTools/esp-open-sdk/crosstool-NG/.build/src/gdb-7.5.1/opcodes/../install-sh -c -d
configure:3558: checking for gawk
configure:3585: result: gawk
configure:3596: checking whether /Applications/Xcode.app/Contents/Developer/usr/bin/make sets $(MAKE)
configure:3618: result: yes
configure:3648: checking for style of include used by /Applications/Xcode.app/Contents/Developer/usr/bin/make
configure:3676: result: GNU
configure:3761: checking dependency style of x86_64-build_apple-darwin14.0.0-gcc
configure:3871: result: gcc3
configure:3896: checking for x86_64-build_apple-darwin14.0.0-gcc
configure:3923: result: x86_64-build_apple-darwin14.0.0-gcc
configure:4192: checking for C compiler version
configure:4201: x86_64-build_apple-darwin14.0.0-gcc --version >&5
Apple LLVM version 6.0 (clang-600.0.57) (based on LLVM 3.5svn)
Target: x86_64-apple-darwin14.0.0
Thread model: posix
Configured with: --prefix=/Applications/Xcode.app/Contents/Developer/usr --with-gxx-include-dir=/usr/include/c++/4.2.1
configure:4212: $? = 0
configure:4201: x86_64-build_apple-darwin14.0.0-gcc -v >&5
Configured with: --prefix=/Applications/Xcode.app/Contents/Developer/usr --with-gxx-include-dir=/usr/include/c++/4.2.1
Apple LLVM version 6.0 (clang-600.0.57) (based on LLVM 3.5svn)
Target: x86_64-apple-darwin14.0.0
Thread model: posix
configure:4212: $? = 0
configure:4201: x86_64-build_apple-darwin14.0.0-gcc -V >&5
clang: error: argument to '-V' is missing (expected 1 value)
clang: error: no input files
configure:4212: $? = 1
configure:4201: x86_64-build_apple-darwin14.0.0-gcc -qversion >&5
clang: error: unknown argument: '-qversion'
clang: error: no input files
configure:4212: $? = 1
configure:4216: checking whether we are using the GNU C compiler
configure:4244: result: yes
configure:4253: checking whether x86_64-build_apple-darwin14.0.0-gcc accepts -g
configure:4314: result: yes
configure:4331: checking for x86_64-build_apple-darwin14.0.0-gcc option to accept ISO C89
configure:4408: result: none needed
configure:4433: checking how to run the C preprocessor
configure:4464: x86_64-build_apple-darwin14.0.0-gcc -E  conftest.c
configure:4464: $? = 0
configure:4478: x86_64-build_apple-darwin14.0.0-gcc -E  conftest.c
conftest.c:11:10: fatal error: 'ac_nonexistent.h' file not found
#include <ac_nonexistent.h>
         ^
1 error generated.
configure:4478: $? = 1
configure: failed program was:
| /* confdefs.h */
| #define PACKAGE_NAME ""
| #define PACKAGE_TARNAME ""
| #define PACKAGE_VERSION ""
| #define PACKAGE_STRING ""
| #define PACKAGE_BUGREPORT ""
| #define PACKAGE_URL ""
| #define PACKAGE "opcodes"
| #define VERSION "2.22.52"
| /* end confdefs.h.  */
| #include <ac_nonexistent.h>
configure:4503: result: x86_64-build_apple-darwin14.0.0-gcc -E
configure:4523: x86_64-build_apple-darwin14.0.0-gcc -E  conftest.c
configure:4523: $? = 0
configure:4537: x86_64-build_apple-darwin14.0.0-gcc -E  conftest.c
conftest.c:11:10: fatal error: 'ac_nonexistent.h' file not found
#include <ac_nonexistent.h>
         ^
1 error generated.
configure:4537: $? = 1
configure: failed program was:
| /* confdefs.h */
| #define PACKAGE_NAME ""
| #define PACKAGE_TARNAME ""
| #define PACKAGE_VERSION ""
| #define PACKAGE_STRING ""
| #define PACKAGE_BUGREPORT ""
| #define PACKAGE_URL ""
| #define PACKAGE "opcodes"
| #define VERSION "2.22.52"
| /* end confdefs.h.  */
| #include <ac_nonexistent.h>
configure:4566: checking for grep that handles long lines and -e
configure:4624: result: /Volumes/ESPTools/esp-open-sdk/crosstool-NG/.build/tools/bin/grep
configure:4629: checking for egrep
configure:4691: result: /Volumes/ESPTools/esp-open-sdk/crosstool-NG/.build/tools/bin/grep -E
configure:4696: checking for ANSI C header files
configure:4716: x86_64-build_apple-darwin14.0.0-gcc -c -g -O2  conftest.c >&5
configure:4716: $? = 0
configure:4789: x86_64-build_apple-darwin14.0.0-gcc -o conftest -g -O2    conftest.c  >&5
configure:4789: $? = 0
configure:4789: ./conftest
configure:4789: $? = 0
configure:4800: result: yes
configure:4813: checking for sys/types.h
configure:4813: x86_64-build_apple-darwin14.0.0-gcc -c -g -O2  conftest.c >&5
configure:4813: $? = 0
configure:4813: result: yes
configure:4813: checking for sys/stat.h
configure:4813: x86_64-build_apple-darwin14.0.0-gcc -c -g -O2  conftest.c >&5
configure:4813: $? = 0
configure:4813: result: yes
configure:4813: checking for stdlib.h
configure:4813: x86_64-build_apple-darwin14.0.0-gcc -c -g -O2  conftest.c >&5
configure:4813: $? = 0
configure:4813: result: yes
configure:4813: checking for string.h
configure:4813: x86_64-build_apple-darwin14.0.0-gcc -c -g -O2  conftest.c >&5
configure:4813: $? = 0
configure:4813: result: yes
configure:4813: checking for memory.h
configure:4813: x86_64-build_apple-darwin14.0.0-gcc -c -g -O2  conftest.c >&5
configure:4813: $? = 0
configure:4813: result: yes
configure:4813: checking for strings.h
configure:4813: x86_64-build_apple-darwin14.0.0-gcc -c -g -O2  conftest.c >&5
configure:4813: $? = 0
configure:4813: result: yes
configure:4813: checking for inttypes.h
configure:4813: x86_64-build_apple-darwin14.0.0-gcc -c -g -O2  conftest.c >&5
configure:4813: $? = 0
configure:4813: result: yes
configure:4813: checking for stdint.h
configure:4813: x86_64-build_apple-darwin14.0.0-gcc -c -g -O2  conftest.c >&5
configure:4813: $? = 0
configure:4813: result: yes
configure:4813: checking for unistd.h
configure:4813: x86_64-build_apple-darwin14.0.0-gcc -c -g -O2  conftest.c >&5
configure:4813: $? = 0
configure:4813: result: yes
configure:4827: checking minix/config.h usability
configure:4827: x86_64-build_apple-darwin14.0.0-gcc -c -g -O2  conftest.c >&5
conftest.c:54:10: fatal error: 'minix/config.h' file not found
#include <minix/config.h>
         ^
1 error generated.
configure:4827: $? = 1
configure: failed program was:
| /* confdefs.h */
| #define PACKAGE_NAME ""
| #define PACKAGE_TARNAME ""
| #define PACKAGE_VERSION ""
| #define PACKAGE_STRING ""
| #define PACKAGE_BUGREPORT ""
| #define PACKAGE_URL ""
| #define PACKAGE "opcodes"
| #define VERSION "2.22.52"
| #define STDC_HEADERS 1
| #define HAVE_SYS_TYPES_H 1
| #define HAVE_SYS_STAT_H 1
| #define HAVE_STDLIB_H 1
| #define HAVE_STRING_H 1
| #define HAVE_MEMORY_H 1
| #define HAVE_STRINGS_H 1
| #define HAVE_INTTYPES_H 1
| #define HAVE_STDINT_H 1
| #define HAVE_UNISTD_H 1
| /* end confdefs.h.  */
| #include <stdio.h>
| #ifdef HAVE_SYS_TYPES_H
| # include <sys/types.h>
| #endif
| #ifdef HAVE_SYS_STAT_H
| # include <sys/stat.h>
| #endif
| #ifdef STDC_HEADERS
| # include <stdlib.h>
| # include <stddef.h>
| #else
| # ifdef HAVE_STDLIB_H
| #  include <stdlib.h>
| # endif
| #endif
| #ifdef HAVE_STRING_H
| # if !defined STDC_HEADERS && defined HAVE_MEMORY_H
| #  include <memory.h>
| # endif
| # include <string.h>
| #endif
| #ifdef HAVE_STRINGS_H
| # include <strings.h>
| #endif
| #ifdef HAVE_INTTYPES_H
| # include <inttypes.h>
| #endif
| #ifdef HAVE_STDINT_H
| # include <stdint.h>
| #endif
| #ifdef HAVE_UNISTD_H
| # include <unistd.h>
| #endif
| #include <minix/config.h>
configure:4827: result: no
configure:4827: checking minix/config.h presence
configure:4827: x86_64-build_apple-darwin14.0.0-gcc -E  conftest.c
conftest.c:21:10: fatal error: 'minix/config.h' file not found
#include <minix/config.h>
         ^
1 error generated.
configure:4827: $? = 1
configure: failed program was:
| /* confdefs.h */
| #define PACKAGE_NAME ""
| #define PACKAGE_TARNAME ""
| #define PACKAGE_VERSION ""
| #define PACKAGE_STRING ""
| #define PACKAGE_BUGREPORT ""
| #define PACKAGE_URL ""
| #define PACKAGE "opcodes"
| #define VERSION "2.22.52"
| #define STDC_HEADERS 1
| #define HAVE_SYS_TYPES_H 1
| #define HAVE_SYS_STAT_H 1
| #define HAVE_STDLIB_H 1
| #define HAVE_STRING_H 1
| #define HAVE_MEMORY_H 1
| #define HAVE_STRINGS_H 1
| #define HAVE_INTTYPES_H 1
| #define HAVE_STDINT_H 1
| #define HAVE_UNISTD_H 1
| /* end confdefs.h.  */
| #include <minix/config.h>
configure:4827: result: no
configure:4827: checking for minix/config.h
configure:4827: result: no
configure:4848: checking whether it is safe to define __EXTENSIONS__
configure:4866: x86_64-build_apple-darwin14.0.0-gcc -c -g -O2  conftest.c >&5
configure:4866: $? = 0
configure:4873: result: yes
configure:4893: checking for x86_64-build_apple-darwin14.0.0-ar
configure:4920: result: x86_64-build_apple-darwin14.0.0-ar
configure:4985: checking for x86_64-build_apple-darwin14.0.0-ranlib
configure:5012: result: x86_64-build_apple-darwin14.0.0-ranlib
configure:5153: checking how to print strings
configure:5180: result: printf
configure:5201: checking for a sed that does not truncate output
configure:5265: result: /Volumes/ESPTools/esp-open-sdk/crosstool-NG/.build/tools/bin/sed
configure:5283: checking for fgrep
configure:5345: result: /Volumes/ESPTools/esp-open-sdk/crosstool-NG/.build/tools/bin/grep -F
configure:5380: checking for ld used by x86_64-build_apple-darwin14.0.0-gcc
configure:5447: result: /Applications/Xcode.app/Contents/Developer/Toolchains/XcodeDefault.xctoolchain/usr/bin/ld
configure:5454: checking if the linker (/Applications/Xcode.app/Contents/Developer/Toolchains/XcodeDefault.xctoolchain/usr/bin/ld) is GNU ld
configure:5469: result: no
configure:5481: checking for BSD- or MS-compatible name lister (nm)
configure:5530: result: x86_64-build_apple-darwin14.0.0-nm
configure:5660: checking the name lister (x86_64-build_apple-darwin14.0.0-nm) interface
configure:5667: x86_64-build_apple-darwin14.0.0-gcc -c -g -O2  conftest.c >&5
configure:5670: x86_64-build_apple-darwin14.0.0-nm "conftest.o"
configure:5673: output
0000000000000260 S _some_variable
configure:5680: result: BSD nm
configure:5683: checking whether ln -s works
configure:5687: result: yes
configure:5695: checking the maximum length of command line arguments
configure:5820: result: 196608
configure:5837: checking whether the shell understands some XSI constructs
configure:5847: result: yes
configure:5851: checking whether the shell understands "+="
configure:5857: result: yes
configure:5892: checking for /Applications/Xcode.app/Contents/Developer/Toolchains/XcodeDefault.xctoolchain/usr/bin/ld option to reload object files
configure:5899: result: -r
configure:5928: checking for x86_64-build_apple-darwin14.0.0-objdump
configure:5955: result: x86_64-build_apple-darwin14.0.0-objdump
configure:6027: checking how to recognize dependent libraries
configure:6228: result: pass_all
configure:6248: checking for x86_64-build_apple-darwin14.0.0-ar
configure:6275: result: x86_64-build_apple-darwin14.0.0-ar
configure:6353: checking for x86_64-build_apple-darwin14.0.0-strip
configure:6369: found /Volumes/ESPTools/esp-open-sdk/crosstool-NG/.build/xtensa-lx106-elf/buildtools/bin/x86_64-build_apple-darwin14.0.0-strip
configure:6380: result: x86_64-build_apple-darwin14.0.0-strip
configure:6452: checking for x86_64-build_apple-darwin14.0.0-ranlib
configure:6479: result: x86_64-build_apple-darwin14.0.0-ranlib
configure:6621: checking command to parse x86_64-build_apple-darwin14.0.0-nm output from x86_64-build_apple-darwin14.0.0-gcc object
configure:6739: x86_64-build_apple-darwin14.0.0-gcc -c -g -O2  conftest.c >&5
configure:6742: $? = 0
configure:6746: x86_64-build_apple-darwin14.0.0-nm conftest.o \| sed -n -e 's/^.*[ ]\([BCDEGRST][BCDEGRST]*\)[ ][ ]*\([_A-Za-z][_A-Za-z0-9]*\)$/\1 \2 \2/p' \> conftest.nm
configure:6749: $? = 0
cannot find nm_test_var in conftest.nm
configure:6739: x86_64-build_apple-darwin14.0.0-gcc -c -g -O2  conftest.c >&5
configure:6742: $? = 0
configure:6746: x86_64-build_apple-darwin14.0.0-nm conftest.o \| sed -n -e 's/^.*[ ]\([BCDEGRST][BCDEGRST]*\)[ ][ ]*_\([_A-Za-z][_A-Za-z0-9]*\)$/\1 _\2 \2/p' \> conftest.nm
configure:6749: $? = 0
configure:6803: x86_64-build_apple-darwin14.0.0-gcc -o conftest -g -O2    conftest.c conftstm.o >&5
configure:6806: $? = 0
configure:6844: result: ok
configure:7068: checking for x86_64-build_apple-darwin14.0.0-dsymutil
configure:7098: result: no
configure:7108: checking for dsymutil
configure:7124: found /usr/bin/dsymutil
configure:7135: result: dsymutil
configure:7160: checking for x86_64-build_apple-darwin14.0.0-nmedit
configure:7190: result: no
configure:7200: checking for nmedit
configure:7216: found /usr/bin/nmedit
configure:7227: result: nmedit
configure:7252: checking for x86_64-build_apple-darwin14.0.0-lipo
configure:7282: result: no
configure:7292: checking for lipo
configure:7308: found /usr/bin/lipo
configure:7319: result: lipo
configure:7344: checking for x86_64-build_apple-darwin14.0.0-otool
configure:7374: result: no
configure:7384: checking for otool
configure:7400: found /usr/bin/otool
configure:7411: result: otool
configure:7436: checking for x86_64-build_apple-darwin14.0.0-otool64
configure:7466: result: no
configure:7476: checking for otool64
configure:7506: result: no
configure:7551: checking for -single_module linker flag
x86_64-build_apple-darwin14.0.0-gcc -g -O2   -o libconftest.dylib -dynamiclib -Wl,-single_module conftest.c
configure:7578: result: yes
configure:7580: checking for -exported_symbols_list linker flag
configure:7600: x86_64-build_apple-darwin14.0.0-gcc -o conftest -g -O2    -Wl,-exported_symbols_list,conftest.sym conftest.c  >&5
configure:7600: $? = 0
configure:7610: result: yes
configure:7612: checking for -force_load linker flag
x86_64-build_apple-darwin14.0.0-gcc -g -O2 -c -o conftest.o conftest.c
x86_64-build_apple-darwin14.0.0-ar cru libconftest.a conftest.o
x86_64-build_apple-darwin14.0.0-gcc -g -O2   -o conftest conftest.c -Wl,-force_load,./libconftest.a
configure:7640: result: yes
configure:7679: checking for dlfcn.h
configure:7679: x86_64-build_apple-darwin14.0.0-gcc -c -g -O2  conftest.c >&5
configure:7679: $? = 0
configure:7679: result: yes
configure:7836: checking for objdir
configure:7851: result: .libs
configure:8122: checking if x86_64-build_apple-darwin14.0.0-gcc supports -fno-rtti -fno-exceptions
configure:8140: x86_64-build_apple-darwin14.0.0-gcc -c -g -O2  -fno-rtti -fno-exceptions conftest.c >&5
configure:8144: $? = 0
configure:8157: result: yes
configure:8177: checking for x86_64-build_apple-darwin14.0.0-gcc option to produce PIC
configure:8462: result: -fno-common -DPIC
configure:8474: checking if x86_64-build_apple-darwin14.0.0-gcc PIC flag -fno-common -DPIC works
configure:8492: x86_64-build_apple-darwin14.0.0-gcc -c -g -O2  -fno-common -DPIC -DPIC conftest.c >&5
configure:8496: $? = 0
configure:8509: result: yes
configure:8533: checking if x86_64-build_apple-darwin14.0.0-gcc static flag -static works
configure:8561: result: no
configure:8576: checking if x86_64-build_apple-darwin14.0.0-gcc supports -c -o file.o
configure:8597: x86_64-build_apple-darwin14.0.0-gcc -c -g -O2  -o out/conftest2.o conftest.c >&5
configure:8601: $? = 0
configure:8623: result: yes
configure:8631: checking if x86_64-build_apple-darwin14.0.0-gcc supports -c -o file.o
configure:8678: result: yes
configure:8711: checking whether the x86_64-build_apple-darwin14.0.0-gcc linker (/Applications/Xcode.app/Contents/Developer/Toolchains/XcodeDefault.xctoolchain/usr/bin/ld) supports shared libraries
configure:9782: result: yes
configure:10027: checking dynamic linker characteristics
configure:10700: result: darwin14.0.0 dyld
configure:10807: checking how to hardcode library paths into programs
configure:10832: result: immediate
configure:11372: checking whether stripping libraries is possible
configure:11386: result: yes
configure:11412: checking if libtool supports shared libraries
configure:11414: result: yes
configure:11417: checking whether to build shared libraries
configure:11438: result: no
configure:11441: checking whether to build static libraries
configure:11445: result: yes
configure:11576: checking whether to enable maintainer-specific portions of Makefiles
configure:11585: result: no
configure:11613: checking whether to install libbfd
configure:11626: result: no
configure:11672: checking whether NLS is requested
configure:11675: result: no
configure:11743: checking whether NLS is requested
configure:11752: result: no
configure:11790: checking for msgfmt
configure:11821: result: /opt/local/bin/msgfmt
configure:11830: checking for gmsgfmt
configure:11861: result: /opt/local/bin/msgfmt
configure:11901: checking for xgettext
configure:11932: result: /opt/local/bin/xgettext
configure:11972: checking for msgmerge
configure:12002: result: /opt/local/bin/msgmerge
configure:12084: checking for string.h
configure:12084: result: yes
configure:12084: checking for strings.h
configure:12084: result: yes
configure:12084: checking for stdlib.h
configure:12084: result: yes
configure:12084: checking limits.h usability
configure:12084: x86_64-build_apple-darwin14.0.0-gcc -c -g -O2  conftest.c >&5
configure:12084: $? = 0
configure:12084: result: yes
configure:12084: checking limits.h presence
configure:12084: x86_64-build_apple-darwin14.0.0-gcc -E  conftest.c
configure:12084: $? = 0
configure:12084: result: yes
configure:12084: checking for limits.h
configure:12084: result: yes
configure:12095: checking whether string.h and strings.h may both be included
configure:12112: x86_64-build_apple-darwin14.0.0-gcc -c -g -O2  conftest.c >&5
configure:12112: $? = 0
configure:12119: result: yes
configure:12128: checking whether basename is declared
configure:12128: x86_64-build_apple-darwin14.0.0-gcc -c -g -O2  conftest.c >&5
conftest.c:73:10: error: use of undeclared identifier 'basename'
  (void) basename;
         ^
1 error generated.
configure:12128: $? = 1
configure: failed program was:
| /* confdefs.h */
| #define PACKAGE_NAME ""
| #define PACKAGE_TARNAME ""
| #define PACKAGE_VERSION ""
| #define PACKAGE_STRING ""
| #define PACKAGE_BUGREPORT ""
| #define PACKAGE_URL ""
| #define PACKAGE "opcodes"
| #define VERSION "2.22.52"
| #define STDC_HEADERS 1
| #define HAVE_SYS_TYPES_H 1
| #define HAVE_SYS_STAT_H 1
| #define HAVE_STDLIB_H 1
| #define HAVE_STRING_H 1
| #define HAVE_MEMORY_H 1
| #define HAVE_STRINGS_H 1
| #define HAVE_INTTYPES_H 1
| #define HAVE_STDINT_H 1
| #define HAVE_UNISTD_H 1
| #define __EXTENSIONS__ 1
| #define _ALL_SOURCE 1
| #define _GNU_SOURCE 1
| #define _POSIX_PTHREAD_SEMANTICS 1
| #define _TANDEM_SOURCE 1
| #define HAVE_DLFCN_H 1
| #define LT_OBJDIR ".libs/"
| #define HAVE_STRING_H 1
| #define HAVE_STRINGS_H 1
| #define HAVE_STDLIB_H 1
| #define HAVE_LIMITS_H 1
| #define STRING_WITH_STRINGS 1
| /* end confdefs.h.  */
| #include <stdio.h>
| #ifdef HAVE_SYS_TYPES_H
| # include <sys/types.h>
| #endif
| #ifdef HAVE_SYS_STAT_H
| # include <sys/stat.h>
| #endif
| #ifdef STDC_HEADERS
| # include <stdlib.h>
| # include <stddef.h>
| #else
| # ifdef HAVE_STDLIB_H
| #  include <stdlib.h>
| # endif
| #endif
| #ifdef HAVE_STRING_H
| # if !defined STDC_HEADERS && defined HAVE_MEMORY_H
| #  include <memory.h>
| # endif
| # include <string.h>
| #endif
| #ifdef HAVE_STRINGS_H
| # include <strings.h>
| #endif
| #ifdef HAVE_INTTYPES_H
| # include <inttypes.h>
| #endif
| #ifdef HAVE_STDINT_H
| # include <stdint.h>
| #endif
| #ifdef HAVE_UNISTD_H
| # include <unistd.h>
| #endif
| int
| main ()
| {
| #ifndef basename
| #ifdef __cplusplus
|   (void) basename;
| #else
|   (void) basename;
| #endif
| #endif
| 
|   ;
|   return 0;
| }
configure:12128: result: no
configure:12138: checking whether stpcpy is declared
configure:12138: x86_64-build_apple-darwin14.0.0-gcc -c -g -O2  conftest.c >&5
configure:12138: $? = 0
configure:12138: result: yes
configure:12180: checking linker --as-needed support
configure:12191: result: no
configure:12645: updating cache ./config.cache
configure:12710: creating ./config.status

## ---------------------- ##
## Running config.status. ##
## ---------------------- ##

This file was extended by config.status, which was
generated by GNU Autoconf 2.64.  Invocation command line was

  CONFIG_FILES    = 
  CONFIG_HEADERS  = 
  CONFIG_LINKS    = 
  CONFIG_COMMANDS = 
  $ ./config.status 

on Macintosh-2.local

config.status:1123: creating Makefile
config.status:1123: creating po/Makefile.in
config.status:1123: creating config.h
config.status:1336: executing depfiles commands
config.status:1336: executing libtool commands
config.status:1336: executing default-1 commands

## ---------------- ##
## Cache variables. ##
## ---------------- ##

ac_cv_build=x86_64-build_apple-darwin14.0.0
ac_cv_c_compiler_gnu=yes
ac_cv_env_CC_set=set
ac_cv_env_CC_value=x86_64-build_apple-darwin14.0.0-gcc
ac_cv_env_CFLAGS_set=set
ac_cv_env_CFLAGS_value='-g -O2'
ac_cv_env_CPPFLAGS_set=
ac_cv_env_CPPFLAGS_value=
ac_cv_env_CPP_set=
ac_cv_env_CPP_value=
ac_cv_env_LDFLAGS_set=set
ac_cv_env_LDFLAGS_value=' '
ac_cv_env_LIBS_set=
ac_cv_env_LIBS_value=
ac_cv_env_build_alias_set=set
ac_cv_env_build_alias_value=x86_64-build_apple-darwin14.0.0
ac_cv_env_host_alias_set=set
ac_cv_env_host_alias_value=x86_64-build_apple-darwin14.0.0
ac_cv_env_target_alias_set=set
ac_cv_env_target_alias_value=xtensa-lx106-elf
ac_cv_have_decl_basename=no
ac_cv_have_decl_stpcpy=yes
ac_cv_header_dlfcn_h=yes
ac_cv_header_inttypes_h=yes
ac_cv_header_limits_h=yes
ac_cv_header_memory_h=yes
ac_cv_header_minix_config_h=no
ac_cv_header_stdc=yes
ac_cv_header_stdint_h=yes
ac_cv_header_stdlib_h=yes
ac_cv_header_string_h=yes
ac_cv_header_strings_h=yes
ac_cv_header_sys_stat_h=yes
ac_cv_header_sys_types_h=yes
ac_cv_header_unistd_h=yes
ac_cv_host=x86_64-build_apple-darwin14.0.0
ac_cv_objext=o
ac_cv_path_EGREP='/Volumes/ESPTools/esp-open-sdk/crosstool-NG/.build/tools/bin/grep -E'
ac_cv_path_FGREP='/Volumes/ESPTools/esp-open-sdk/crosstool-NG/.build/tools/bin/grep -F'
ac_cv_path_GMSGFMT=/opt/local/bin/msgfmt
ac_cv_path_GREP=/Volumes/ESPTools/esp-open-sdk/crosstool-NG/.build/tools/bin/grep
ac_cv_path_MSGFMT=/opt/local/bin/msgfmt
ac_cv_path_MSGMERGE=/opt/local/bin/msgmerge
ac_cv_path_SED=/Volumes/ESPTools/esp-open-sdk/crosstool-NG/.build/tools/bin/sed
ac_cv_path_XGETTEXT=/opt/local/bin/xgettext
ac_cv_prog_AR=x86_64-build_apple-darwin14.0.0-ar
ac_cv_prog_AWK=gawk
ac_cv_prog_CC=x86_64-build_apple-darwin14.0.0-gcc
ac_cv_prog_CPP='x86_64-build_apple-darwin14.0.0-gcc -E'
ac_cv_prog_OBJDUMP=x86_64-build_apple-darwin14.0.0-objdump
ac_cv_prog_RANLIB=x86_64-build_apple-darwin14.0.0-ranlib
ac_cv_prog_STRIP=x86_64-build_apple-darwin14.0.0-strip
ac_cv_prog_ac_ct_DSYMUTIL=dsymutil
ac_cv_prog_ac_ct_LIPO=lipo
ac_cv_prog_ac_ct_NMEDIT=nmedit
ac_cv_prog_ac_ct_OTOOL=otool
ac_cv_prog_cc_c89=
ac_cv_prog_cc_g=yes
ac_cv_prog_make__Applications_Xcode_app_Contents_Developer_usr_bin_make_set=yes
ac_cv_safe_to_define___extensions__=yes
ac_cv_search_strerror='none required'
ac_cv_target=xtensa-lx106-elf
am_cv_CC_dependencies_compiler_type=gcc3
bfd_cv_ld_as_needed=no
gcc_cv_header_string=yes
lt_cv_apple_cc_single_mod=yes
lt_cv_deplibs_check_method=pass_all
lt_cv_file_magic_cmd='$MAGIC_CMD'
lt_cv_file_magic_test_file=
lt_cv_ld_exported_symbols_list=yes
lt_cv_ld_force_load=yes
lt_cv_ld_reload_flag=-r
lt_cv_nm_interface='BSD nm'
lt_cv_objdir=.libs
lt_cv_path_LD=/Applications/Xcode.app/Contents/Developer/Toolchains/XcodeDefault.xctoolchain/usr/bin/ld
lt_cv_path_NM=x86_64-build_apple-darwin14.0.0-nm
lt_cv_prog_compiler_c_o=yes
lt_cv_prog_compiler_pic_works=yes
lt_cv_prog_compiler_rtti_exceptions=yes
lt_cv_prog_compiler_static_works=no
lt_cv_prog_gnu_ld=no
lt_cv_sys_global_symbol_pipe='sed -n -e '\''s/^.*[	 ]\([BCDEGRST][BCDEGRST]*\)[	 ][	 ]*_\([_A-Za-z][_A-Za-z0-9]*\)$/\1 _\2 \2/p'\'''
lt_cv_sys_global_symbol_to_c_name_address='sed -n -e '\''s/^: \([^ ]*\) $/  {\"\1\", (void *) 0},/p'\'' -e '\''s/^[BCDEGRST]* \([^ ]*\) \([^ ]*\)$/  {"\2", (void *) \&\2},/p'\'''
lt_cv_sys_global_symbol_to_c_name_address_lib_prefix='sed -n -e '\''s/^: \([^ ]*\) $/  {\"\1\", (void *) 0},/p'\'' -e '\''s/^[BCDEGRST]* \([^ ]*\) \(lib[^ ]*\)$/  {"\2", (void *) \&\2},/p'\'' -e '\''s/^[BCDEGRST]* \([^ ]*\) \([^ ]*\)$/  {"lib\2", (void *) \&\2},/p'\'''
lt_cv_sys_global_symbol_to_cdecl='sed -n -e '\''s/^T .* \(.*\)$/extern int \1();/p'\'' -e '\''s/^[BCDEGRST]* .* \(.*\)$/extern char \1;/p'\'''
lt_cv_sys_max_cmd_len=196608

## ----------------- ##
## Output variables. ##
## ----------------- ##

ACLOCAL='${SHELL} /Volumes/ESPTools/esp-open-sdk/crosstool-NG/.build/src/gdb-7.5.1/missing --run aclocal-1.11'
AMDEPBACKSLASH='\'
AMDEP_FALSE='#'
AMDEP_TRUE=''
AMTAR='${SHELL} /Volumes/ESPTools/esp-open-sdk/crosstool-NG/.build/src/gdb-7.5.1/missing --run tar'
AR='x86_64-build_apple-darwin14.0.0-ar'
AUTOCONF='${SHELL} /Volumes/ESPTools/esp-open-sdk/crosstool-NG/.build/src/gdb-7.5.1/missing --run autoconf'
AUTOHEADER='${SHELL} /Volumes/ESPTools/esp-open-sdk/crosstool-NG/.build/src/gdb-7.5.1/missing --run autoheader'
AUTOMAKE='${SHELL} /Volumes/ESPTools/esp-open-sdk/crosstool-NG/.build/src/gdb-7.5.1/missing --run automake-1.11'
AWK='gawk'
BFD_MACHINES=' xtensa-dis.lo'
BUILD_LIBS='../libiberty/libiberty.a '
BUILD_LIB_DEPS='../libiberty/libiberty.a '
CATALOGS=''
CATOBJEXT=''
CC='x86_64-build_apple-darwin14.0.0-gcc'
CCDEPMODE='depmode=gcc3'
CC_FOR_BUILD='x86_64-build_apple-darwin14.0.0-gcc'
CFLAGS='-g -O2'
CGEN_MAINT_FALSE=''
CGEN_MAINT_TRUE='#'
CPP='x86_64-build_apple-darwin14.0.0-gcc -E'
CPPFLAGS=''
CYGPATH_W='echo'
DATADIRNAME=''
DEFS='-DHAVE_CONFIG_H'
DEPDIR='.deps'
DSYMUTIL='dsymutil'
DUMPBIN=''
ECHO_C=''
ECHO_N='-n'
ECHO_T=''
EGREP='/Volumes/ESPTools/esp-open-sdk/crosstool-NG/.build/tools/bin/grep -E'
EXEEXT=''
EXEEXT_FOR_BUILD='$(EXEEXT)'
FGREP='/Volumes/ESPTools/esp-open-sdk/crosstool-NG/.build/tools/bin/grep -F'
GENCAT=''
GMSGFMT='/opt/local/bin/msgfmt'
GREP='/Volumes/ESPTools/esp-open-sdk/crosstool-NG/.build/tools/bin/grep'
HDEFINES=''
INCINTL=''
INSTALL_DATA='/Volumes/ESPTools/esp-open-sdk/crosstool-NG/.build/tools/bin/install -c -m 644'
INSTALL_LIBBFD_FALSE=''
INSTALL_LIBBFD_TRUE='#'
INSTALL_PROGRAM='/Volumes/ESPTools/esp-open-sdk/crosstool-NG/.build/tools/bin/install -c'
INSTALL_SCRIPT='/Volumes/ESPTools/esp-open-sdk/crosstool-NG/.build/tools/bin/install -c'
INSTALL_STRIP_PROGRAM='$(install_sh) -c -s'
INSTOBJEXT=''
LD='/Applications/Xcode.app/Contents/Developer/Toolchains/XcodeDefault.xctoolchain/usr/bin/ld'
LDFLAGS=' '
LIBINTL=''
LIBINTL_DEP=''
LIBM=''
LIBOBJS=''
LIBS=''
LIBTOOL='$(SHELL) $(top_builddir)/libtool'
LIPO='lipo'
LN_S='ln -s'
LTLIBOBJS=''
MAINT='#'
MAINTAINER_MODE_FALSE=''
MAINTAINER_MODE_TRUE='#'
MAKEINFO='makeinfo --split-size=5000000'
MKDIR_P='/Volumes/ESPTools/esp-open-sdk/crosstool-NG/.build/src/gdb-7.5.1/opcodes/../install-sh -c -d'
MKINSTALLDIRS='/Volumes/ESPTools/esp-open-sdk/crosstool-NG/.build/src/gdb-7.5.1/opcodes/../mkinstalldirs'
MSGFMT='/opt/local/bin/msgfmt'
MSGMERGE='/opt/local/bin/msgmerge'
NM='x86_64-build_apple-darwin14.0.0-nm'
NMEDIT='nmedit'
NO_WERROR=''
OBJDUMP='x86_64-build_apple-darwin14.0.0-objdump'
OBJEXT='o'
OTOOL64=':'
OTOOL='otool'
PACKAGE='opcodes'
PACKAGE_BUGREPORT=''
PACKAGE_NAME=''
PACKAGE_STRING=''
PACKAGE_TARNAME=''
PACKAGE_URL=''
PACKAGE_VERSION=''
PATH_SEPARATOR=':'
POSUB=''
RANLIB='x86_64-build_apple-darwin14.0.0-ranlib'
SED='/Volumes/ESPTools/esp-open-sdk/crosstool-NG/.build/tools/bin/sed'
SET_MAKE=''
SHARED_DEPENDENCIES=''
SHARED_LDFLAGS=''
SHARED_LIBADD=''
SHELL='/bin/bash'
STRIP='x86_64-build_apple-darwin14.0.0-strip'
USE_NLS='no'
VERSION='2.22.52'
WARN_CFLAGS='-W -Wall -Wstrict-prototypes -Wmissing-prototypes -Wshadow'
XGETTEXT='/opt/local/bin/xgettext'
ac_ct_CC=''
ac_ct_DUMPBIN=''
am__EXEEXT_FALSE=''
am__EXEEXT_TRUE='#'
am__fastdepCC_FALSE='#'
am__fastdepCC_TRUE=''
am__include='include'
am__isrc=' -I$(srcdir)'
am__leading_dot='.'
am__quote=''
am__tar='${AMTAR} chof - "$$tardir"'
am__untar='${AMTAR} xf -'
archdefs=' -DARCH_xtensa'
bfdincludedir='$(exec_prefix)/$(host_noncanonical)/$(target_noncanonical)/include'
bfdlibdir='$(exec_prefix)/$(host_noncanonical)/$(target_noncanonical)/lib'
bindir='${exec_prefix}/bin'
build='x86_64-build_apple-darwin14.0.0'
build_alias='x86_64-build_apple-darwin14.0.0'
build_cpu='x86_64'
build_os='darwin14.0.0'
build_vendor='build_apple'
cgendir='$(srcdir)/../cgen'
datadir='${datarootdir}'
datarootdir='${prefix}/share'
docdir='${datarootdir}/doc/${PACKAGE}'
dvidir='${docdir}'
exec_prefix='${prefix}'
host='x86_64-build_apple-darwin14.0.0'
host_alias='x86_64-build_apple-darwin14.0.0'
host_cpu='x86_64'
host_noncanonical='x86_64-build_apple-darwin14.0.0'
host_os='darwin14.0.0'
host_vendor='build_apple'
htmldir='${docdir}'
includedir='${prefix}/include'
infodir='${datarootdir}/info'
install_sh='${SHELL} /Volumes/ESPTools/esp-open-sdk/crosstool-NG/.build/src/gdb-7.5.1/install-sh'
libdir='${exec_prefix}/lib'
libexecdir='${exec_prefix}/libexec'
localedir='${datarootdir}/locale'
localstatedir='${prefix}/var'
mandir='${datarootdir}/man'
mkdir_p='/Volumes/ESPTools/esp-open-sdk/crosstool-NG/.build/src/gdb-7.5.1/opcodes/../install-sh -c -d'
oldincludedir='/usr/include'
pdfdir='${docdir}'
prefix='/esptools/esp-open-sdk/xtensa-lx106-elf'
program_transform_name='s&^&xtensa-lx106-elf-&'
psdir='${docdir}'
sbindir='${exec_prefix}/sbin'
sharedstatedir='${prefix}/com'
sysconfdir='${prefix}/etc'
target='xtensa-lx106-elf'
target_alias='xtensa-lx106-elf'
target_cpu='xtensa'
target_noncanonical='xtensa-lx106-elf'
target_os='elf'
target_vendor='lx106'

## ----------- ##
## confdefs.h. ##
## ----------- ##

/* confdefs.h */
#define PACKAGE_NAME ""
#define PACKAGE_TARNAME ""
#define PACKAGE_VERSION ""
#define PACKAGE_STRING ""
#define PACKAGE_BUGREPORT ""
#define PACKAGE_URL ""
#define PACKAGE "opcodes"
#define VERSION "2.22.52"
#define STDC_HEADERS 1
#define HAVE_SYS_TYPES_H 1
#define HAVE_SYS_STAT_H 1
#define HAVE_STDLIB_H 1
#define HAVE_STRING_H 1
#define HAVE_MEMORY_H 1
#define HAVE_STRINGS_H 1
#define HAVE_INTTYPES_H 1
#define HAVE_STDINT_H 1
#define HAVE_UNISTD_H 1
#define __EXTENSIONS__ 1
#define _ALL_SOURCE 1
#define _GNU_SOURCE 1
#define _POSIX_PTHREAD_SEMANTICS 1
#define _TANDEM_SOURCE 1
#define HAVE_DLFCN_H 1
#define LT_OBJDIR ".libs/"
#define HAVE_STRING_H 1
#define HAVE_STRINGS_H 1
#define HAVE_STDLIB_H 1
#define HAVE_LIMITS_H 1
#define STRING_WITH_STRINGS 1
#define HAVE_DECL_BASENAME 0
#define HAVE_DECL_STPCPY 1

configure: exit 0
