This file contains any messages produced by compilers while
running configure, to aid debugging if configure makes a mistake.

It was created by configure, which was
generated by GNU Autoconf 2.64.  Invocation command line was

  $ /Volumes/ESPTools/esp-open-sdk/crosstool-NG/.build/src/binutils-2.24/gprof/configure --cache-file=./config.cache --with-gnu-as --with-gnu-ld --with-system-zlib --prefix=/esptools/esp-open-sdk/xtensa-lx106-elf --disable-werror --enable-ld=yes --enable-gold=no --with-pkgversion=crosstool-NG 1.20.0 --disable-multilib --disable-nls --with-sysroot=/esptools/esp-open-sdk/xtensa-lx106-elf/xtensa-lx106-elf/sysroot --program-transform-name=s&^&xtensa-lx106-elf-& --disable-option-checking --build=x86_64-build_apple-darwin14.0.0 --host=x86_64-build_apple-darwin14.0.0 --target=xtensa-lx106-elf --srcdir=/Volumes/ESPTools/esp-open-sdk/crosstool-NG/.build/src/binutils-2.24/gprof

## --------- ##
## Platform. ##
## --------- ##

hostname = Macintosh-2.local
uname -m = x86_64
uname -r = 14.0.0
uname -s = Darwin
uname -v = Darwin Kernel Version 14.0.0: Fri Sep 19 00:26:44 PDT 2014; root:xnu-2782.1.97~2/RELEASE_X86_64

/usr/bin/uname -p = i386
/bin/uname -X     = unknown

/bin/arch              = unknown
/usr/bin/arch -k       = unknown
/usr/convex/getsysinfo = unknown
/usr/bin/hostinfo      = Mach kernel version:
	 Darwin Kernel Version 14.0.0: Fri Sep 19 00:26:44 PDT 2014; root:xnu-2782.1.97~2/RELEASE_X86_64
Kernel configured for up to 8 processors.
4 processors are physically available.
8 processors are logically available.
Processor type: i486 (Intel 80486)
Processors active: 0 1 2 3 4 5 6 7
Primary memory available: 16.00 gigabytes
Default processor set: 332 tasks, 1722 threads, 8 processors
Load average: 6.85, Mach factor: 1.85
/bin/machine           = unknown
/usr/bin/oslevel       = unknown
/bin/universe          = unknown

PATH: /esptools/esp-open-sdk/xtensa-lx106-elf/bin
PATH: /Volumes/ESPTools/esp-open-sdk/crosstool-NG/.build/xtensa-lx106-elf/buildtools/bin
PATH: /Volumes/ESPTools/esp-open-sdk/crosstool-NG/.build/tools/bin
PATH: /opt/local/bin
PATH: /opt/local/sbin
PATH: /opt/local/bin
PATH: /opt/local/sbin
PATH: /usr/bin
PATH: /bin
PATH: /usr/sbin
PATH: /sbin
PATH: /usr/local/bin
PATH: /opt/local/bin/
PATH: /opt/X11/bin
PATH: /usr/local/git/bin
PATH: /usr/local/MacGPG2/bin


## ----------- ##
## Core tests. ##
## ----------- ##

configure:2116: creating cache ./config.cache
configure:2221: checking build system type
configure:2235: result: x86_64-build_apple-darwin14.0.0
configure:2255: checking host system type
configure:2268: result: x86_64-build_apple-darwin14.0.0
configure:2288: checking target system type
configure:2301: result: xtensa-lx106-elf
configure:2335: checking for x86_64-build_apple-darwin14.0.0-gcc
configure:2362: result: x86_64-build_apple-darwin14.0.0-gcc
configure:2631: checking for C compiler version
configure:2640: x86_64-build_apple-darwin14.0.0-gcc --version >&5
Apple LLVM version 6.0 (clang-600.0.57) (based on LLVM 3.5svn)
Target: x86_64-apple-darwin14.0.0
Thread model: posix
Configured with: --prefix=/Applications/Xcode.app/Contents/Developer/usr --with-gxx-include-dir=/usr/include/c++/4.2.1
configure:2651: $? = 0
configure:2640: x86_64-build_apple-darwin14.0.0-gcc -v >&5
Configured with: --prefix=/Applications/Xcode.app/Contents/Developer/usr --with-gxx-include-dir=/usr/include/c++/4.2.1
Apple LLVM version 6.0 (clang-600.0.57) (based on LLVM 3.5svn)
Target: x86_64-apple-darwin14.0.0
Thread model: posix
configure:2651: $? = 0
configure:2640: x86_64-build_apple-darwin14.0.0-gcc -V >&5
clang: error: argument to '-V' is missing (expected 1 value)
clang: error: no input files
configure:2651: $? = 1
configure:2640: x86_64-build_apple-darwin14.0.0-gcc -qversion >&5
clang: error: unknown argument: '-qversion'
clang: error: no input files
configure:2651: $? = 1
configure:2671: checking for C compiler default output file name
configure:2693: x86_64-build_apple-darwin14.0.0-gcc -O2 -g -pipe     conftest.c  >&5
configure:2697: $? = 0
configure:2734: result: a.out
configure:2750: checking whether the C compiler works
configure:2759: ./a.out
configure:2763: $? = 0
configure:2778: result: yes
configure:2785: checking whether we are cross compiling
configure:2787: result: no
configure:2790: checking for suffix of executables
configure:2797: x86_64-build_apple-darwin14.0.0-gcc -o conftest -O2 -g -pipe     conftest.c  >&5
configure:2801: $? = 0
configure:2823: result: 
configure:2829: checking for suffix of object files
configure:2851: x86_64-build_apple-darwin14.0.0-gcc -c -O2 -g -pipe   conftest.c >&5
configure:2855: $? = 0
configure:2876: result: o
configure:2880: checking whether we are using the GNU C compiler
configure:2899: x86_64-build_apple-darwin14.0.0-gcc -c -O2 -g -pipe   conftest.c >&5
configure:2899: $? = 0
configure:2908: result: yes
configure:2917: checking whether x86_64-build_apple-darwin14.0.0-gcc accepts -g
configure:2937: x86_64-build_apple-darwin14.0.0-gcc -c -g  conftest.c >&5
configure:2937: $? = 0
configure:2978: result: yes
configure:2995: checking for x86_64-build_apple-darwin14.0.0-gcc option to accept ISO C89
configure:3059: x86_64-build_apple-darwin14.0.0-gcc  -c -O2 -g -pipe   conftest.c >&5
configure:3059: $? = 0
configure:3072: result: none needed
configure:3093: checking for library containing strerror
configure:3124: x86_64-build_apple-darwin14.0.0-gcc -o conftest -O2 -g -pipe     conftest.c  >&5
conftest.c:16:6: warning: incompatible redeclaration of library function 'strerror' [-Wincompatible-library-redeclaration]
char strerror ();
     ^
conftest.c:16:6: note: 'strerror' is a builtin with type 'char *(int)'
1 warning generated.
configure:3124: $? = 0
configure:3141: result: none required
configure:3167: checking for a BSD-compatible install
configure:3235: result: /Volumes/ESPTools/esp-open-sdk/crosstool-NG/.build/tools/bin/install -c
configure:3246: checking whether build environment is sane
configure:3296: result: yes
configure:3437: checking for a thread-safe mkdir -p
configure:3476: result: /Volumes/ESPTools/esp-open-sdk/crosstool-NG/.build/src/binutils-2.24/gprof/../install-sh -c -d
configure:3489: checking for gawk
configure:3516: result: gawk
configure:3527: checking whether /Applications/Xcode.app/Contents/Developer/usr/bin/make sets $(MAKE)
configure:3549: result: yes
configure:3579: checking for style of include used by /Applications/Xcode.app/Contents/Developer/usr/bin/make
configure:3607: result: GNU
configure:3692: checking dependency style of x86_64-build_apple-darwin14.0.0-gcc
configure:3802: result: gcc3
configure:3830: checking for x86_64-build_apple-darwin14.0.0-gcc
configure:3857: result: x86_64-build_apple-darwin14.0.0-gcc
configure:4126: checking for C compiler version
configure:4135: x86_64-build_apple-darwin14.0.0-gcc --version >&5
Apple LLVM version 6.0 (clang-600.0.57) (based on LLVM 3.5svn)
Target: x86_64-apple-darwin14.0.0
Thread model: posix
Configured with: --prefix=/Applications/Xcode.app/Contents/Developer/usr --with-gxx-include-dir=/usr/include/c++/4.2.1
configure:4146: $? = 0
configure:4135: x86_64-build_apple-darwin14.0.0-gcc -v >&5
Configured with: --prefix=/Applications/Xcode.app/Contents/Developer/usr --with-gxx-include-dir=/usr/include/c++/4.2.1
Apple LLVM version 6.0 (clang-600.0.57) (based on LLVM 3.5svn)
Target: x86_64-apple-darwin14.0.0
Thread model: posix
configure:4146: $? = 0
configure:4135: x86_64-build_apple-darwin14.0.0-gcc -V >&5
clang: error: argument to '-V' is missing (expected 1 value)
clang: error: no input files
configure:4146: $? = 1
configure:4135: x86_64-build_apple-darwin14.0.0-gcc -qversion >&5
clang: error: unknown argument: '-qversion'
clang: error: no input files
configure:4146: $? = 1
configure:4150: checking whether we are using the GNU C compiler
configure:4178: result: yes
configure:4187: checking whether x86_64-build_apple-darwin14.0.0-gcc accepts -g
configure:4248: result: yes
configure:4265: checking for x86_64-build_apple-darwin14.0.0-gcc option to accept ISO C89
configure:4342: result: none needed
configure:4367: checking how to run the C preprocessor
configure:4398: x86_64-build_apple-darwin14.0.0-gcc -E  conftest.c
configure:4398: $? = 0
configure:4412: x86_64-build_apple-darwin14.0.0-gcc -E  conftest.c
conftest.c:11:10: fatal error: 'ac_nonexistent.h' file not found
#include <ac_nonexistent.h>
         ^
1 error generated.
configure:4412: $? = 1
configure: failed program was:
| /* confdefs.h */
| #define PACKAGE_NAME ""
| #define PACKAGE_TARNAME ""
| #define PACKAGE_VERSION ""
| #define PACKAGE_STRING ""
| #define PACKAGE_BUGREPORT ""
| #define PACKAGE_URL ""
| #define PACKAGE "gprof"
| #define VERSION "2.24"
| /* end confdefs.h.  */
| #include <ac_nonexistent.h>
configure:4437: result: x86_64-build_apple-darwin14.0.0-gcc -E
configure:4457: x86_64-build_apple-darwin14.0.0-gcc -E  conftest.c
configure:4457: $? = 0
configure:4471: x86_64-build_apple-darwin14.0.0-gcc -E  conftest.c
conftest.c:11:10: fatal error: 'ac_nonexistent.h' file not found
#include <ac_nonexistent.h>
         ^
1 error generated.
configure:4471: $? = 1
configure: failed program was:
| /* confdefs.h */
| #define PACKAGE_NAME ""
| #define PACKAGE_TARNAME ""
| #define PACKAGE_VERSION ""
| #define PACKAGE_STRING ""
| #define PACKAGE_BUGREPORT ""
| #define PACKAGE_URL ""
| #define PACKAGE "gprof"
| #define VERSION "2.24"
| /* end confdefs.h.  */
| #include <ac_nonexistent.h>
configure:4500: checking for grep that handles long lines and -e
configure:4558: result: /Volumes/ESPTools/esp-open-sdk/crosstool-NG/.build/tools/bin/grep
configure:4563: checking for egrep
configure:4625: result: /Volumes/ESPTools/esp-open-sdk/crosstool-NG/.build/tools/bin/grep -E
configure:4630: checking for ANSI C header files
configure:4650: x86_64-build_apple-darwin14.0.0-gcc -c -O2 -g -pipe   conftest.c >&5
configure:4650: $? = 0
configure:4723: x86_64-build_apple-darwin14.0.0-gcc -o conftest -O2 -g -pipe     conftest.c  >&5
configure:4723: $? = 0
configure:4723: ./conftest
configure:4723: $? = 0
configure:4734: result: yes
configure:4747: checking for sys/types.h
configure:4747: x86_64-build_apple-darwin14.0.0-gcc -c -O2 -g -pipe   conftest.c >&5
configure:4747: $? = 0
configure:4747: result: yes
configure:4747: checking for sys/stat.h
configure:4747: x86_64-build_apple-darwin14.0.0-gcc -c -O2 -g -pipe   conftest.c >&5
configure:4747: $? = 0
configure:4747: result: yes
configure:4747: checking for stdlib.h
configure:4747: x86_64-build_apple-darwin14.0.0-gcc -c -O2 -g -pipe   conftest.c >&5
configure:4747: $? = 0
configure:4747: result: yes
configure:4747: checking for string.h
configure:4747: x86_64-build_apple-darwin14.0.0-gcc -c -O2 -g -pipe   conftest.c >&5
configure:4747: $? = 0
configure:4747: result: yes
configure:4747: checking for memory.h
configure:4747: x86_64-build_apple-darwin14.0.0-gcc -c -O2 -g -pipe   conftest.c >&5
configure:4747: $? = 0
configure:4747: result: yes
configure:4747: checking for strings.h
configure:4747: x86_64-build_apple-darwin14.0.0-gcc -c -O2 -g -pipe   conftest.c >&5
configure:4747: $? = 0
configure:4747: result: yes
configure:4747: checking for inttypes.h
configure:4747: x86_64-build_apple-darwin14.0.0-gcc -c -O2 -g -pipe   conftest.c >&5
configure:4747: $? = 0
configure:4747: result: yes
configure:4747: checking for stdint.h
configure:4747: x86_64-build_apple-darwin14.0.0-gcc -c -O2 -g -pipe   conftest.c >&5
configure:4747: $? = 0
configure:4747: result: yes
configure:4747: checking for unistd.h
configure:4747: x86_64-build_apple-darwin14.0.0-gcc -c -O2 -g -pipe   conftest.c >&5
configure:4747: $? = 0
configure:4747: result: yes
configure:4761: checking minix/config.h usability
configure:4761: x86_64-build_apple-darwin14.0.0-gcc -c -O2 -g -pipe   conftest.c >&5
conftest.c:54:10: fatal error: 'minix/config.h' file not found
#include <minix/config.h>
         ^
1 error generated.
configure:4761: $? = 1
configure: failed program was:
| /* confdefs.h */
| #define PACKAGE_NAME ""
| #define PACKAGE_TARNAME ""
| #define PACKAGE_VERSION ""
| #define PACKAGE_STRING ""
| #define PACKAGE_BUGREPORT ""
| #define PACKAGE_URL ""
| #define PACKAGE "gprof"
| #define VERSION "2.24"
| #define STDC_HEADERS 1
| #define HAVE_SYS_TYPES_H 1
| #define HAVE_SYS_STAT_H 1
| #define HAVE_STDLIB_H 1
| #define HAVE_STRING_H 1
| #define HAVE_MEMORY_H 1
| #define HAVE_STRINGS_H 1
| #define HAVE_INTTYPES_H 1
| #define HAVE_STDINT_H 1
| #define HAVE_UNISTD_H 1
| /* end confdefs.h.  */
| #include <stdio.h>
| #ifdef HAVE_SYS_TYPES_H
| # include <sys/types.h>
| #endif
| #ifdef HAVE_SYS_STAT_H
| # include <sys/stat.h>
| #endif
| #ifdef STDC_HEADERS
| # include <stdlib.h>
| # include <stddef.h>
| #else
| # ifdef HAVE_STDLIB_H
| #  include <stdlib.h>
| # endif
| #endif
| #ifdef HAVE_STRING_H
| # if !defined STDC_HEADERS && defined HAVE_MEMORY_H
| #  include <memory.h>
| # endif
| # include <string.h>
| #endif
| #ifdef HAVE_STRINGS_H
| # include <strings.h>
| #endif
| #ifdef HAVE_INTTYPES_H
| # include <inttypes.h>
| #endif
| #ifdef HAVE_STDINT_H
| # include <stdint.h>
| #endif
| #ifdef HAVE_UNISTD_H
| # include <unistd.h>
| #endif
| #include <minix/config.h>
configure:4761: result: no
configure:4761: checking minix/config.h presence
configure:4761: x86_64-build_apple-darwin14.0.0-gcc -E  conftest.c
conftest.c:21:10: fatal error: 'minix/config.h' file not found
#include <minix/config.h>
         ^
1 error generated.
configure:4761: $? = 1
configure: failed program was:
| /* confdefs.h */
| #define PACKAGE_NAME ""
| #define PACKAGE_TARNAME ""
| #define PACKAGE_VERSION ""
| #define PACKAGE_STRING ""
| #define PACKAGE_BUGREPORT ""
| #define PACKAGE_URL ""
| #define PACKAGE "gprof"
| #define VERSION "2.24"
| #define STDC_HEADERS 1
| #define HAVE_SYS_TYPES_H 1
| #define HAVE_SYS_STAT_H 1
| #define HAVE_STDLIB_H 1
| #define HAVE_STRING_H 1
| #define HAVE_MEMORY_H 1
| #define HAVE_STRINGS_H 1
| #define HAVE_INTTYPES_H 1
| #define HAVE_STDINT_H 1
| #define HAVE_UNISTD_H 1
| /* end confdefs.h.  */
| #include <minix/config.h>
configure:4761: result: no
configure:4761: checking for minix/config.h
configure:4761: result: no
configure:4782: checking whether it is safe to define __EXTENSIONS__
configure:4800: x86_64-build_apple-darwin14.0.0-gcc -c -O2 -g -pipe   conftest.c >&5
configure:4800: $? = 0
configure:4807: result: yes
configure:4866: checking for special C compiler options needed for large files
configure:4911: result: no
configure:4917: checking for _FILE_OFFSET_BITS value needed for large files
configure:4942: x86_64-build_apple-darwin14.0.0-gcc -c -O2 -g -pipe   conftest.c >&5
configure:4942: $? = 0
configure:4974: result: no
configure:5106: checking how to print strings
configure:5133: result: printf
configure:5154: checking for a sed that does not truncate output
configure:5218: result: /Volumes/ESPTools/esp-open-sdk/crosstool-NG/.build/tools/bin/sed
configure:5236: checking for fgrep
configure:5298: result: /Volumes/ESPTools/esp-open-sdk/crosstool-NG/.build/tools/bin/grep -F
configure:5333: checking for ld used by x86_64-build_apple-darwin14.0.0-gcc
configure:5400: result: /Applications/Xcode.app/Contents/Developer/Toolchains/XcodeDefault.xctoolchain/usr/bin/ld
configure:5407: checking if the linker (/Applications/Xcode.app/Contents/Developer/Toolchains/XcodeDefault.xctoolchain/usr/bin/ld) is GNU ld
configure:5422: result: no
configure:5434: checking for BSD- or MS-compatible name lister (nm)
configure:5483: result: x86_64-build_apple-darwin14.0.0-nm
configure:5613: checking the name lister (x86_64-build_apple-darwin14.0.0-nm) interface
configure:5620: x86_64-build_apple-darwin14.0.0-gcc -c -O2 -g -pipe   conftest.c >&5
configure:5623: x86_64-build_apple-darwin14.0.0-nm "conftest.o"
configure:5626: output
0000000000000284 S _some_variable
configure:5633: result: BSD nm
configure:5636: checking whether ln -s works
configure:5640: result: yes
configure:5648: checking the maximum length of command line arguments
configure:5773: result: 196608
configure:5790: checking whether the shell understands some XSI constructs
configure:5800: result: yes
configure:5804: checking whether the shell understands "+="
configure:5810: result: yes
configure:5845: checking for /Applications/Xcode.app/Contents/Developer/Toolchains/XcodeDefault.xctoolchain/usr/bin/ld option to reload object files
configure:5852: result: -r
configure:5881: checking for x86_64-build_apple-darwin14.0.0-objdump
configure:5908: result: x86_64-build_apple-darwin14.0.0-objdump
configure:5980: checking how to recognize dependent libraries
configure:6181: result: pass_all
configure:6201: checking for x86_64-build_apple-darwin14.0.0-ar
configure:6228: result: x86_64-build_apple-darwin14.0.0-ar
configure:6306: checking for x86_64-build_apple-darwin14.0.0-strip
configure:6322: found /Volumes/ESPTools/esp-open-sdk/crosstool-NG/.build/xtensa-lx106-elf/buildtools/bin/x86_64-build_apple-darwin14.0.0-strip
configure:6333: result: x86_64-build_apple-darwin14.0.0-strip
configure:6405: checking for x86_64-build_apple-darwin14.0.0-ranlib
configure:6432: result: x86_64-build_apple-darwin14.0.0-ranlib
configure:6574: checking command to parse x86_64-build_apple-darwin14.0.0-nm output from x86_64-build_apple-darwin14.0.0-gcc object
configure:6692: x86_64-build_apple-darwin14.0.0-gcc -c -O2 -g -pipe   conftest.c >&5
configure:6695: $? = 0
configure:6699: x86_64-build_apple-darwin14.0.0-nm conftest.o \| sed -n -e 's/^.*[ ]\([BCDEGRST][BCDEGRST]*\)[ ][ ]*\([_A-Za-z][_A-Za-z0-9]*\)$/\1 \2 \2/p' \> conftest.nm
configure:6702: $? = 0
cannot find nm_test_var in conftest.nm
configure:6692: x86_64-build_apple-darwin14.0.0-gcc -c -O2 -g -pipe   conftest.c >&5
configure:6695: $? = 0
configure:6699: x86_64-build_apple-darwin14.0.0-nm conftest.o \| sed -n -e 's/^.*[ ]\([BCDEGRST][BCDEGRST]*\)[ ][ ]*_\([_A-Za-z][_A-Za-z0-9]*\)$/\1 _\2 \2/p' \> conftest.nm
configure:6702: $? = 0
configure:6756: x86_64-build_apple-darwin14.0.0-gcc -o conftest -O2 -g -pipe     conftest.c conftstm.o >&5
configure:6759: $? = 0
configure:6797: result: ok
configure:7034: checking for x86_64-build_apple-darwin14.0.0-dsymutil
configure:7064: result: no
configure:7074: checking for dsymutil
configure:7090: found /usr/bin/dsymutil
configure:7101: result: dsymutil
configure:7126: checking for x86_64-build_apple-darwin14.0.0-nmedit
configure:7156: result: no
configure:7166: checking for nmedit
configure:7182: found /usr/bin/nmedit
configure:7193: result: nmedit
configure:7218: checking for x86_64-build_apple-darwin14.0.0-lipo
configure:7248: result: no
configure:7258: checking for lipo
configure:7274: found /usr/bin/lipo
configure:7285: result: lipo
configure:7310: checking for x86_64-build_apple-darwin14.0.0-otool
configure:7340: result: no
configure:7350: checking for otool
configure:7366: found /usr/bin/otool
configure:7377: result: otool
configure:7402: checking for x86_64-build_apple-darwin14.0.0-otool64
configure:7432: result: no
configure:7442: checking for otool64
configure:7472: result: no
configure:7517: checking for -single_module linker flag
x86_64-build_apple-darwin14.0.0-gcc -O2 -g -pipe    -o libconftest.dylib -dynamiclib -Wl,-single_module conftest.c
configure:7544: result: yes
configure:7546: checking for -exported_symbols_list linker flag
configure:7566: x86_64-build_apple-darwin14.0.0-gcc -o conftest -O2 -g -pipe     -Wl,-exported_symbols_list,conftest.sym conftest.c  >&5
configure:7566: $? = 0
configure:7576: result: yes
configure:7578: checking for -force_load linker flag
x86_64-build_apple-darwin14.0.0-gcc -O2 -g -pipe  -c -o conftest.o conftest.c
x86_64-build_apple-darwin14.0.0-ar cru libconftest.a conftest.o
x86_64-build_apple-darwin14.0.0-gcc -O2 -g -pipe    -o conftest conftest.c -Wl,-force_load,./libconftest.a
configure:7606: result: yes
configure:7645: checking for dlfcn.h
configure:7645: x86_64-build_apple-darwin14.0.0-gcc -c -O2 -g -pipe   conftest.c >&5
configure:7645: $? = 0
configure:7645: result: yes
configure:7832: checking for objdir
configure:7847: result: .libs
configure:8118: checking if x86_64-build_apple-darwin14.0.0-gcc supports -fno-rtti -fno-exceptions
configure:8136: x86_64-build_apple-darwin14.0.0-gcc -c -O2 -g -pipe   -fno-rtti -fno-exceptions conftest.c >&5
configure:8140: $? = 0
configure:8153: result: yes
configure:8173: checking for x86_64-build_apple-darwin14.0.0-gcc option to produce PIC
configure:8459: result: -fno-common -DPIC
configure:8471: checking if x86_64-build_apple-darwin14.0.0-gcc PIC flag -fno-common -DPIC works
configure:8489: x86_64-build_apple-darwin14.0.0-gcc -c -O2 -g -pipe   -fno-common -DPIC -DPIC conftest.c >&5
configure:8493: $? = 0
configure:8506: result: yes
configure:8530: checking if x86_64-build_apple-darwin14.0.0-gcc static flag -static works
configure:8558: result: no
configure:8573: checking if x86_64-build_apple-darwin14.0.0-gcc supports -c -o file.o
configure:8594: x86_64-build_apple-darwin14.0.0-gcc -c -O2 -g -pipe   -o out/conftest2.o conftest.c >&5
configure:8598: $? = 0
configure:8620: result: yes
configure:8628: checking if x86_64-build_apple-darwin14.0.0-gcc supports -c -o file.o
configure:8675: result: yes
configure:8708: checking whether the x86_64-build_apple-darwin14.0.0-gcc linker (/Applications/Xcode.app/Contents/Developer/Toolchains/XcodeDefault.xctoolchain/usr/bin/ld) supports shared libraries
configure:9779: result: yes
configure:10024: checking dynamic linker characteristics
configure:10697: result: darwin14.0.0 dyld
configure:10804: checking how to hardcode library paths into programs
configure:10829: result: immediate
configure:11369: checking whether stripping libraries is possible
configure:11383: result: yes
configure:11409: checking if libtool supports shared libraries
configure:11411: result: yes
configure:11414: checking whether to build shared libraries
configure:11435: result: yes
configure:11438: checking whether to build static libraries
configure:11442: result: yes
configure:11480: checking for setmode
configure:11480: x86_64-build_apple-darwin14.0.0-gcc -o conftest -O2 -g -pipe     conftest.c  >&5
configure:11480: $? = 0
configure:11480: result: yes
configure:11504: checking whether NLS is requested
configure:11507: result: no
configure:11575: checking whether NLS is requested
configure:11584: result: no
configure:11622: checking for msgfmt
configure:11653: result: /opt/local/bin/msgfmt
configure:11662: checking for gmsgfmt
configure:11693: result: /opt/local/bin/msgfmt
configure:11733: checking for xgettext
configure:11764: result: /opt/local/bin/xgettext
configure:11804: checking for msgmerge
configure:11834: result: /opt/local/bin/msgmerge
configure:11871: checking whether to enable maintainer-specific portions of Makefiles
configure:11880: result: no
configure:11905: checking sys/gmon_out.h usability
configure:11905: x86_64-build_apple-darwin14.0.0-gcc -c -O2 -g -pipe   conftest.c >&5
conftest.c:62:10: fatal error: 'sys/gmon_out.h' file not found
#include <sys/gmon_out.h>
         ^
1 error generated.
configure:11905: $? = 1
configure: failed program was:
| /* confdefs.h */
| #define PACKAGE_NAME ""
| #define PACKAGE_TARNAME ""
| #define PACKAGE_VERSION ""
| #define PACKAGE_STRING ""
| #define PACKAGE_BUGREPORT ""
| #define PACKAGE_URL ""
| #define PACKAGE "gprof"
| #define VERSION "2.24"
| #define STDC_HEADERS 1
| #define HAVE_SYS_TYPES_H 1
| #define HAVE_SYS_STAT_H 1
| #define HAVE_STDLIB_H 1
| #define HAVE_STRING_H 1
| #define HAVE_MEMORY_H 1
| #define HAVE_STRINGS_H 1
| #define HAVE_INTTYPES_H 1
| #define HAVE_STDINT_H 1
| #define HAVE_UNISTD_H 1
| #define __EXTENSIONS__ 1
| #define _ALL_SOURCE 1
| #define _GNU_SOURCE 1
| #define _POSIX_PTHREAD_SEMANTICS 1
| #define _TANDEM_SOURCE 1
| #define HAVE_DLFCN_H 1
| #define LT_OBJDIR ".libs/"
| #define HAVE_SETMODE 1
| /* end confdefs.h.  */
| #include <stdio.h>
| #ifdef HAVE_SYS_TYPES_H
| # include <sys/types.h>
| #endif
| #ifdef HAVE_SYS_STAT_H
| # include <sys/stat.h>
| #endif
| #ifdef STDC_HEADERS
| # include <stdlib.h>
| # include <stddef.h>
| #else
| # ifdef HAVE_STDLIB_H
| #  include <stdlib.h>
| # endif
| #endif
| #ifdef HAVE_STRING_H
| # if !defined STDC_HEADERS && defined HAVE_MEMORY_H
| #  include <memory.h>
| # endif
| # include <string.h>
| #endif
| #ifdef HAVE_STRINGS_H
| # include <strings.h>
| #endif
| #ifdef HAVE_INTTYPES_H
| # include <inttypes.h>
| #endif
| #ifdef HAVE_STDINT_H
| # include <stdint.h>
| #endif
| #ifdef HAVE_UNISTD_H
| # include <unistd.h>
| #endif
| #include <sys/gmon_out.h>
configure:11905: result: no
configure:11905: checking sys/gmon_out.h presence
configure:11905: x86_64-build_apple-darwin14.0.0-gcc -E  conftest.c
conftest.c:29:10: fatal error: 'sys/gmon_out.h' file not found
#include <sys/gmon_out.h>
         ^
1 error generated.
configure:11905: $? = 1
configure: failed program was:
| /* confdefs.h */
| #define PACKAGE_NAME ""
| #define PACKAGE_TARNAME ""
| #define PACKAGE_VERSION ""
| #define PACKAGE_STRING ""
| #define PACKAGE_BUGREPORT ""
| #define PACKAGE_URL ""
| #define PACKAGE "gprof"
| #define VERSION "2.24"
| #define STDC_HEADERS 1
| #define HAVE_SYS_TYPES_H 1
| #define HAVE_SYS_STAT_H 1
| #define HAVE_STDLIB_H 1
| #define HAVE_STRING_H 1
| #define HAVE_MEMORY_H 1
| #define HAVE_STRINGS_H 1
| #define HAVE_INTTYPES_H 1
| #define HAVE_STDINT_H 1
| #define HAVE_UNISTD_H 1
| #define __EXTENSIONS__ 1
| #define _ALL_SOURCE 1
| #define _GNU_SOURCE 1
| #define _POSIX_PTHREAD_SEMANTICS 1
| #define _TANDEM_SOURCE 1
| #define HAVE_DLFCN_H 1
| #define LT_OBJDIR ".libs/"
| #define HAVE_SETMODE 1
| /* end confdefs.h.  */
| #include <sys/gmon_out.h>
configure:11905: result: no
configure:11905: checking for sys/gmon_out.h
configure:11905: result: no
configure:11916: checking for a known getopt prototype in unistd.h
configure:11932: x86_64-build_apple-darwin14.0.0-gcc -c -O2 -g -pipe   conftest.c >&5
configure:11932: $? = 0
configure:11940: result: yes
configure:11949: checking for library containing fabs
configure:11980: x86_64-build_apple-darwin14.0.0-gcc -o conftest -O2 -g -pipe     conftest.c  >&5
conftest.c:37:6: warning: incompatible redeclaration of library function 'fabs' [-Wincompatible-library-redeclaration]
char fabs ();
     ^
conftest.c:37:6: note: 'fabs' is a builtin with type 'double (double)'
1 warning generated.
configure:11980: $? = 0
configure:11997: result: none required
configure:12152: updating cache ./config.cache
configure:12213: creating ./config.status

## ---------------------- ##
## Running config.status. ##
## ---------------------- ##

This file was extended by config.status, which was
generated by GNU Autoconf 2.64.  Invocation command line was

  CONFIG_FILES    = 
  CONFIG_HEADERS  = 
  CONFIG_LINKS    = 
  CONFIG_COMMANDS = 
  $ ./config.status 

on Macintosh-2.local

config.status:1100: creating Makefile
config.status:1100: creating po/Makefile.in
config.status:1100: creating gconfig.h
config.status:1313: executing depfiles commands
config.status:1313: executing libtool commands
config.status:1313: executing default-1 commands

## ---------------- ##
## Cache variables. ##
## ---------------- ##

ac_cv_build=x86_64-build_apple-darwin14.0.0
ac_cv_c_compiler_gnu=yes
ac_cv_env_CC_set=set
ac_cv_env_CC_value=x86_64-build_apple-darwin14.0.0-gcc
ac_cv_env_CFLAGS_set=set
ac_cv_env_CFLAGS_value='-O2 -g -pipe '
ac_cv_env_CPPFLAGS_set=
ac_cv_env_CPPFLAGS_value=
ac_cv_env_CPP_set=
ac_cv_env_CPP_value=
ac_cv_env_LDFLAGS_set=set
ac_cv_env_LDFLAGS_value=' '
ac_cv_env_LIBS_set=
ac_cv_env_LIBS_value=
ac_cv_env_build_alias_set=set
ac_cv_env_build_alias_value=x86_64-build_apple-darwin14.0.0
ac_cv_env_host_alias_set=set
ac_cv_env_host_alias_value=x86_64-build_apple-darwin14.0.0
ac_cv_env_target_alias_set=set
ac_cv_env_target_alias_value=xtensa-lx106-elf
ac_cv_func_setmode=yes
ac_cv_header_dlfcn_h=yes
ac_cv_header_inttypes_h=yes
ac_cv_header_memory_h=yes
ac_cv_header_minix_config_h=no
ac_cv_header_stdc=yes
ac_cv_header_stdint_h=yes
ac_cv_header_stdlib_h=yes
ac_cv_header_string_h=yes
ac_cv_header_strings_h=yes
ac_cv_header_sys_gmon_out_h=no
ac_cv_header_sys_stat_h=yes
ac_cv_header_sys_types_h=yes
ac_cv_header_unistd_h=yes
ac_cv_host=x86_64-build_apple-darwin14.0.0
ac_cv_objext=o
ac_cv_path_EGREP='/Volumes/ESPTools/esp-open-sdk/crosstool-NG/.build/tools/bin/grep -E'
ac_cv_path_FGREP='/Volumes/ESPTools/esp-open-sdk/crosstool-NG/.build/tools/bin/grep -F'
ac_cv_path_GMSGFMT=/opt/local/bin/msgfmt
ac_cv_path_GREP=/Volumes/ESPTools/esp-open-sdk/crosstool-NG/.build/tools/bin/grep
ac_cv_path_MSGFMT=/opt/local/bin/msgfmt
ac_cv_path_MSGMERGE=/opt/local/bin/msgmerge
ac_cv_path_SED=/Volumes/ESPTools/esp-open-sdk/crosstool-NG/.build/tools/bin/sed
ac_cv_path_XGETTEXT=/opt/local/bin/xgettext
ac_cv_prog_AR=x86_64-build_apple-darwin14.0.0-ar
ac_cv_prog_AWK=gawk
ac_cv_prog_CC=x86_64-build_apple-darwin14.0.0-gcc
ac_cv_prog_CPP='x86_64-build_apple-darwin14.0.0-gcc -E'
ac_cv_prog_OBJDUMP=x86_64-build_apple-darwin14.0.0-objdump
ac_cv_prog_RANLIB=x86_64-build_apple-darwin14.0.0-ranlib
ac_cv_prog_STRIP=x86_64-build_apple-darwin14.0.0-strip
ac_cv_prog_ac_ct_DSYMUTIL=dsymutil
ac_cv_prog_ac_ct_LIPO=lipo
ac_cv_prog_ac_ct_NMEDIT=nmedit
ac_cv_prog_ac_ct_OTOOL=otool
ac_cv_prog_cc_c89=
ac_cv_prog_cc_g=yes
ac_cv_prog_make__Applications_Xcode_app_Contents_Developer_usr_bin_make_set=yes
ac_cv_safe_to_define___extensions__=yes
ac_cv_search_fabs='none required'
ac_cv_search_strerror='none required'
ac_cv_sys_file_offset_bits=no
ac_cv_sys_largefile_CC=no
ac_cv_target=xtensa-lx106-elf
am_cv_CC_dependencies_compiler_type=gcc3
gprof_cv_decl_getopt_unistd_h=yes
lt_cv_apple_cc_single_mod=yes
lt_cv_deplibs_check_method=pass_all
lt_cv_file_magic_cmd='$MAGIC_CMD'
lt_cv_file_magic_test_file=
lt_cv_ld_exported_symbols_list=yes
lt_cv_ld_force_load=yes
lt_cv_ld_reload_flag=-r
lt_cv_nm_interface='BSD nm'
lt_cv_objdir=.libs
lt_cv_path_LD=/Applications/Xcode.app/Contents/Developer/Toolchains/XcodeDefault.xctoolchain/usr/bin/ld
lt_cv_path_NM=x86_64-build_apple-darwin14.0.0-nm
lt_cv_prog_compiler_c_o=yes
lt_cv_prog_compiler_pic_works=yes
lt_cv_prog_compiler_rtti_exceptions=yes
lt_cv_prog_compiler_static_works=no
lt_cv_prog_gnu_ld=no
lt_cv_sys_global_symbol_pipe='sed -n -e '\''s/^.*[	 ]\([BCDEGRST][BCDEGRST]*\)[	 ][	 ]*_\([_A-Za-z][_A-Za-z0-9]*\)$/\1 _\2 \2/p'\'''
lt_cv_sys_global_symbol_to_c_name_address='sed -n -e '\''s/^: \([^ ]*\) $/  {\"\1\", (void *) 0},/p'\'' -e '\''s/^[BCDEGRST]* \([^ ]*\) \([^ ]*\)$/  {"\2", (void *) \&\2},/p'\'''
lt_cv_sys_global_symbol_to_c_name_address_lib_prefix='sed -n -e '\''s/^: \([^ ]*\) $/  {\"\1\", (void *) 0},/p'\'' -e '\''s/^[BCDEGRST]* \([^ ]*\) \(lib[^ ]*\)$/  {"\2", (void *) \&\2},/p'\'' -e '\''s/^[BCDEGRST]* \([^ ]*\) \([^ ]*\)$/  {"lib\2", (void *) \&\2},/p'\'''
lt_cv_sys_global_symbol_to_cdecl='sed -n -e '\''s/^T .* \(.*\)$/extern int \1();/p'\'' -e '\''s/^[BCDEGRST]* .* \(.*\)$/extern char \1;/p'\'''
lt_cv_sys_max_cmd_len=196608

## ----------------- ##
## Output variables. ##
## ----------------- ##

ACLOCAL='${SHELL} /Volumes/ESPTools/esp-open-sdk/crosstool-NG/.build/src/binutils-2.24/missing --run aclocal-1.11'
AMDEPBACKSLASH='\'
AMDEP_FALSE='#'
AMDEP_TRUE=''
AMTAR='${SHELL} /Volumes/ESPTools/esp-open-sdk/crosstool-NG/.build/src/binutils-2.24/missing --run tar'
AR='x86_64-build_apple-darwin14.0.0-ar'
AUTOCONF='${SHELL} /Volumes/ESPTools/esp-open-sdk/crosstool-NG/.build/src/binutils-2.24/missing --run autoconf'
AUTOHEADER='${SHELL} /Volumes/ESPTools/esp-open-sdk/crosstool-NG/.build/src/binutils-2.24/missing --run autoheader'
AUTOMAKE='${SHELL} /Volumes/ESPTools/esp-open-sdk/crosstool-NG/.build/src/binutils-2.24/missing --run automake-1.11'
AWK='gawk'
CATALOGS=''
CATOBJEXT=''
CC='x86_64-build_apple-darwin14.0.0-gcc'
CCDEPMODE='depmode=gcc3'
CFLAGS='-O2 -g -pipe '
CPP='x86_64-build_apple-darwin14.0.0-gcc -E'
CPPFLAGS=''
CYGPATH_W='echo'
DATADIRNAME=''
DEFS='-DHAVE_CONFIG_H'
DEPDIR='.deps'
DSYMUTIL='dsymutil'
DUMPBIN=''
ECHO_C=''
ECHO_N='-n'
ECHO_T=''
EGREP='/Volumes/ESPTools/esp-open-sdk/crosstool-NG/.build/tools/bin/grep -E'
EXEEXT=''
FGREP='/Volumes/ESPTools/esp-open-sdk/crosstool-NG/.build/tools/bin/grep -F'
GENCAT=''
GENINSRC_NEVER_FALSE=''
GENINSRC_NEVER_TRUE='#'
GMSGFMT='/opt/local/bin/msgfmt'
GREP='/Volumes/ESPTools/esp-open-sdk/crosstool-NG/.build/tools/bin/grep'
INCINTL=''
INSTALL_DATA='/Volumes/ESPTools/esp-open-sdk/crosstool-NG/.build/tools/bin/install -c -m 644'
INSTALL_PROGRAM='/Volumes/ESPTools/esp-open-sdk/crosstool-NG/.build/tools/bin/install -c'
INSTALL_SCRIPT='/Volumes/ESPTools/esp-open-sdk/crosstool-NG/.build/tools/bin/install -c'
INSTALL_STRIP_PROGRAM='$(install_sh) -c -s'
INSTOBJEXT=''
LD='/Applications/Xcode.app/Contents/Developer/Toolchains/XcodeDefault.xctoolchain/usr/bin/ld'
LDFLAGS=' '
LIBINTL=''
LIBINTL_DEP=''
LIBOBJS=''
LIBS=''
LIBTOOL='$(SHELL) $(top_builddir)/libtool'
LIPO='lipo'
LN_S='ln -s'
LTLIBOBJS=''
MAINT='#'
MAINTAINER_MODE_FALSE=''
MAINTAINER_MODE_TRUE='#'
MAKEINFO='makeinfo --split-size=5000000'
MKDIR_P='/Volumes/ESPTools/esp-open-sdk/crosstool-NG/.build/src/binutils-2.24/gprof/../install-sh -c -d'
MKINSTALLDIRS='/Volumes/ESPTools/esp-open-sdk/crosstool-NG/.build/src/binutils-2.24/gprof/../mkinstalldirs'
MSGFMT='/opt/local/bin/msgfmt'
MSGMERGE='/opt/local/bin/msgmerge'
NM='x86_64-build_apple-darwin14.0.0-nm'
NMEDIT='nmedit'
NO_WERROR=''
OBJDUMP='x86_64-build_apple-darwin14.0.0-objdump'
OBJEXT='o'
OTOOL64=':'
OTOOL='otool'
PACKAGE='gprof'
PACKAGE_BUGREPORT=''
PACKAGE_NAME=''
PACKAGE_STRING=''
PACKAGE_TARNAME=''
PACKAGE_URL=''
PACKAGE_VERSION=''
PATH_SEPARATOR=':'
POSUB=''
RANLIB='x86_64-build_apple-darwin14.0.0-ranlib'
SED='/Volumes/ESPTools/esp-open-sdk/crosstool-NG/.build/tools/bin/sed'
SET_MAKE=''
SHELL='/bin/bash'
STRIP='x86_64-build_apple-darwin14.0.0-strip'
USE_NLS='no'
VERSION='2.24'
WARN_CFLAGS='-W -Wall -Wstrict-prototypes -Wmissing-prototypes -Wshadow'
XGETTEXT='/opt/local/bin/xgettext'
ac_ct_CC=''
ac_ct_DUMPBIN=''
am__EXEEXT_FALSE=''
am__EXEEXT_TRUE='#'
am__fastdepCC_FALSE='#'
am__fastdepCC_TRUE=''
am__include='include'
am__isrc=' -I$(srcdir)'
am__leading_dot='.'
am__quote=''
am__tar='${AMTAR} chof - "$$tardir"'
am__untar='${AMTAR} xf -'
bindir='${exec_prefix}/bin'
build='x86_64-build_apple-darwin14.0.0'
build_alias='x86_64-build_apple-darwin14.0.0'
build_cpu='x86_64'
build_os='darwin14.0.0'
build_vendor='build_apple'
datadir='${datarootdir}'
datarootdir='${prefix}/share'
docdir='${datarootdir}/doc/${PACKAGE}'
dvidir='${docdir}'
exec_prefix='${prefix}'
host='x86_64-build_apple-darwin14.0.0'
host_alias='x86_64-build_apple-darwin14.0.0'
host_cpu='x86_64'
host_os='darwin14.0.0'
host_vendor='build_apple'
htmldir='${docdir}'
includedir='${prefix}/include'
infodir='${datarootdir}/info'
install_sh='${SHELL} /Volumes/ESPTools/esp-open-sdk/crosstool-NG/.build/src/binutils-2.24/install-sh'
libdir='${exec_prefix}/lib'
libexecdir='${exec_prefix}/libexec'
localedir='${datarootdir}/locale'
localstatedir='${prefix}/var'
mandir='${datarootdir}/man'
mkdir_p='/Volumes/ESPTools/esp-open-sdk/crosstool-NG/.build/src/binutils-2.24/gprof/../install-sh -c -d'
oldincludedir='/usr/include'
pdfdir='${docdir}'
prefix='/esptools/esp-open-sdk/xtensa-lx106-elf'
program_transform_name='s&^&xtensa-lx106-elf-&'
psdir='${docdir}'
sbindir='${exec_prefix}/sbin'
sharedstatedir='${prefix}/com'
sysconfdir='${prefix}/etc'
target='xtensa-lx106-elf'
target_alias='xtensa-lx106-elf'
target_cpu='xtensa'
target_os='elf'
target_vendor='lx106'

## ----------- ##
## confdefs.h. ##
## ----------- ##

/* confdefs.h */
#define PACKAGE_NAME ""
#define PACKAGE_TARNAME ""
#define PACKAGE_VERSION ""
#define PACKAGE_STRING ""
#define PACKAGE_BUGREPORT ""
#define PACKAGE_URL ""
#define PACKAGE "gprof"
#define VERSION "2.24"
#define STDC_HEADERS 1
#define HAVE_SYS_TYPES_H 1
#define HAVE_SYS_STAT_H 1
#define HAVE_STDLIB_H 1
#define HAVE_STRING_H 1
#define HAVE_MEMORY_H 1
#define HAVE_STRINGS_H 1
#define HAVE_INTTYPES_H 1
#define HAVE_STDINT_H 1
#define HAVE_UNISTD_H 1
#define __EXTENSIONS__ 1
#define _ALL_SOURCE 1
#define _GNU_SOURCE 1
#define _POSIX_PTHREAD_SEMANTICS 1
#define _TANDEM_SOURCE 1
#define HAVE_DLFCN_H 1
#define LT_OBJDIR ".libs/"
#define HAVE_SETMODE 1
#define HAVE_DECL_GETOPT 1

configure: exit 0
