This file contains any messages produced by compilers while
running configure, to aid debugging if configure makes a mistake.

It was created by crosstool-NG configure 1.20.0, which was
generated by GNU Autoconf 2.69.  Invocation command line was

  $ ./configure --prefix=/Volumes/ESPTools/esp-open-sdk/crosstool-NG

## --------- ##
## Platform. ##
## --------- ##

hostname = Macintosh-2.local
uname -m = x86_64
uname -r = 14.0.0
uname -s = Darwin
uname -v = Darwin Kernel Version 14.0.0: Fri Sep 19 00:26:44 PDT 2014; root:xnu-2782.1.97~2/RELEASE_X86_64

/usr/bin/uname -p = i386
/bin/uname -X     = unknown

/bin/arch              = unknown
/usr/bin/arch -k       = unknown
/usr/convex/getsysinfo = unknown
/usr/bin/hostinfo      = Mach kernel version:
	 Darwin Kernel Version 14.0.0: Fri Sep 19 00:26:44 PDT 2014; root:xnu-2782.1.97~2/RELEASE_X86_64
Kernel configured for up to 8 processors.
4 processors are physically available.
8 processors are logically available.
Processor type: i486 (Intel 80486)
Processors active: 0 1 2 3 4 5 6 7
Primary memory available: 16.00 gigabytes
Default processor set: 303 tasks, 1668 threads, 8 processors
Load average: 2.49, Mach factor: 5.50
/bin/machine           = unknown
/usr/bin/oslevel       = unknown
/bin/universe          = unknown

PATH: /opt/local/bin
PATH: /opt/local/sbin
PATH: /opt/local/bin
PATH: /opt/local/sbin
PATH: /usr/bin
PATH: /bin
PATH: /usr/sbin
PATH: /sbin
PATH: /usr/local/bin
PATH: /opt/local/bin/
PATH: /opt/X11/bin
PATH: /usr/local/git/bin
PATH: /usr/local/MacGPG2/bin


## ----------- ##
## Core tests. ##
## ----------- ##

configure:2363: checking build system type
configure:2377: result: x86_64-apple-darwin14.0.0
configure:2397: checking host system type
configure:2410: result: x86_64-apple-darwin14.0.0
configure:2471: checking for a BSD-compatible install
configure:2539: result: /usr/bin/install -c
configure:2561: checking for grep that handles long lines and -e
configure:2619: result: /opt/local/bin/grep
configure:2624: checking for egrep
configure:2686: result: /opt/local/bin/grep -E
configure:2705: checking for a sed that does not truncate output
configure:2769: result: /opt/local/bin/gsed
configure:2774: checking whether sed understands -r -i -e
configure:2779: result: yes
configure:2787: checking whether ln -s works
configure:2791: result: yes
configure:2850: checking for gcc
configure:2866: found /usr/bin/gcc
configure:2877: result: gcc
configure:3106: checking for C compiler version
configure:3115: gcc --version >&5
Apple LLVM version 6.0 (clang-600.0.57) (based on LLVM 3.5svn)
Target: x86_64-apple-darwin14.0.0
Thread model: posix
Configured with: --prefix=/Applications/Xcode.app/Contents/Developer/usr --with-gxx-include-dir=/usr/include/c++/4.2.1
configure:3126: $? = 0
configure:3115: gcc -v >&5
Configured with: --prefix=/Applications/Xcode.app/Contents/Developer/usr --with-gxx-include-dir=/usr/include/c++/4.2.1
Apple LLVM version 6.0 (clang-600.0.57) (based on LLVM 3.5svn)
Target: x86_64-apple-darwin14.0.0
Thread model: posix
configure:3126: $? = 0
configure:3115: gcc -V >&5
clang: error: argument to '-V' is missing (expected 1 value)
clang: error: no input files
configure:3126: $? = 1
configure:3115: gcc -qversion >&5
clang: error: unknown argument: '-qversion'
clang: error: no input files
configure:3126: $? = 1
configure:3146: checking whether the C compiler works
configure:3168: gcc    conftest.c  >&5
configure:3172: $? = 0
configure:3220: result: yes
configure:3223: checking for C compiler default output file name
configure:3225: result: a.out
configure:3231: checking for suffix of executables
configure:3238: gcc -o conftest    conftest.c  >&5
configure:3242: $? = 0
configure:3264: result: 
configure:3286: checking whether we are cross compiling
configure:3294: gcc -o conftest    conftest.c  >&5
configure:3298: $? = 0
configure:3305: ./conftest
configure:3309: $? = 0
configure:3324: result: no
configure:3329: checking for suffix of object files
configure:3351: gcc -c   conftest.c >&5
configure:3355: $? = 0
configure:3376: result: o
configure:3380: checking whether we are using the GNU C compiler
configure:3399: gcc -c   conftest.c >&5
configure:3399: $? = 0
configure:3408: result: yes
configure:3417: checking whether gcc accepts -g
configure:3437: gcc -c -g  conftest.c >&5
configure:3437: $? = 0
configure:3478: result: yes
configure:3495: checking for gcc option to accept ISO C89
configure:3558: gcc  -c -g -O2  conftest.c >&5
configure:3558: $? = 0
configure:3571: result: none needed
configure:3599: checking how to run the C preprocessor
configure:3630: gcc -E  conftest.c
configure:3630: $? = 0
configure:3644: gcc -E  conftest.c
conftest.c:9:10: fatal error: 'ac_nonexistent.h' file not found
#include <ac_nonexistent.h>
         ^
1 error generated.
configure:3644: $? = 1
configure: failed program was:
| /* confdefs.h */
| #define PACKAGE_NAME "crosstool-NG"
| #define PACKAGE_TARNAME "crosstool-ng"
| #define PACKAGE_VERSION "1.20.0"
| #define PACKAGE_STRING "crosstool-NG 1.20.0"
| #define PACKAGE_BUGREPORT "crossgcc@sourceware.org"
| #define PACKAGE_URL ""
| /* end confdefs.h.  */
| #include <ac_nonexistent.h>
configure:3669: result: gcc -E
configure:3689: gcc -E  conftest.c
configure:3689: $? = 0
configure:3703: gcc -E  conftest.c
conftest.c:9:10: fatal error: 'ac_nonexistent.h' file not found
#include <ac_nonexistent.h>
         ^
1 error generated.
configure:3703: $? = 1
configure: failed program was:
| /* confdefs.h */
| #define PACKAGE_NAME "crosstool-NG"
| #define PACKAGE_TARNAME "crosstool-ng"
| #define PACKAGE_VERSION "1.20.0"
| #define PACKAGE_STRING "crosstool-NG 1.20.0"
| #define PACKAGE_BUGREPORT "crossgcc@sourceware.org"
| #define PACKAGE_URL ""
| /* end confdefs.h.  */
| #include <ac_nonexistent.h>
configure:3807: checking for ranlib
configure:3823: found /usr/bin/ranlib
configure:3834: result: ranlib
configure:3905: checking for gobjcopy
configure:3921: found /opt/local/bin/gobjcopy
configure:3932: result: gobjcopy
configure:3964: checking for absolute path to gobjcopy
configure:3967: result: /opt/local/bin/gobjcopy
configure:4021: checking for gobjdump
configure:4037: found /opt/local/bin/gobjdump
configure:4048: result: gobjdump
configure:4080: checking for absolute path to gobjdump
configure:4083: result: /opt/local/bin/gobjdump
configure:4137: checking for greadelf
configure:4153: found /opt/local/bin/greadelf
configure:4164: result: greadelf
configure:4196: checking for absolute path to greadelf
configure:4199: result: /opt/local/bin/greadelf
configure:4253: checking for gperf
configure:4269: found /opt/local/bin/gperf
configure:4280: result: gperf
configure:4312: checking for absolute path to gperf
configure:4315: result: /opt/local/bin/gperf
configure:4325: checking for bison
configure:4341: found /usr/bin/bison
configure:4352: result: bison
configure:4371: checking for flex
configure:4387: found /usr/bin/flex
configure:4398: result: flex
configure:4417: checking for makeinfo
configure:4433: found /usr/bin/makeinfo
configure:4444: result: makeinfo
configure:4463: checking for cut
configure:4479: found /usr/bin/cut
configure:4490: result: cut
configure:4509: checking for stat
configure:4525: found /usr/bin/stat
configure:4536: result: stat
configure:4555: checking for readlink
configure:4571: found /usr/bin/readlink
configure:4582: result: readlink
configure:4601: checking for wget
configure:4617: found /opt/local/bin/wget
configure:4628: result: wget
configure:4647: checking for tar
configure:4663: found /usr/bin/tar
configure:4674: result: tar
configure:4693: checking for gzip
configure:4709: found /usr/bin/gzip
configure:4720: result: gzip
configure:4739: checking for bzip2
configure:4755: found /opt/local/bin/bzip2
configure:4766: result: bzip2
configure:4789: checking for patch
configure:4807: found /usr/bin/patch
configure:4819: result: /usr/bin/patch
configure:4850: checking for bash >= 3.1
configure:4885: result: /bin/bash
configure:4902: checking for GNU awk
configure:4937: result: /opt/local/bin/gawk
configure:4955: checking for GNU make >= 3.80
configure:4990: result: /usr/bin/make
configure:4994: checking whether /usr/bin/make sets $(MAKE)
configure:5016: result: yes
configure:5028: checking for make 3.81
configure:5032: result: yes
configure:5062: checking for GNU libtool >= 1.5.26
configure:5097: result: /opt/local/bin/glibtool
configure:5115: checking for GNU libtoolize >= 1.5.26
configure:5150: result: /opt/local/bin/glibtoolize
configure:5168: checking for GNU automake >= 1.10
configure:5203: result: /opt/local/bin/automake
configure:5218: checking for xz
configure:5234: found /opt/local/bin/xz
configure:5245: result: xz
configure:5318: checking for cvs
configure:5348: result: no
configure:5368: checking for svn
configure:5384: found /usr/bin/svn
configure:5395: result: svn
configure:5417: checking for inline
configure:5433: gcc -c -g -O2  conftest.c >&5
configure:5433: $? = 0
configure:5441: result: inline
configure:5460: checking for ANSI C header files
configure:5480: gcc -c -g -O2  conftest.c >&5
configure:5480: $? = 0
configure:5553: gcc -o conftest -g -O2   conftest.c  >&5
configure:5553: $? = 0
configure:5553: ./conftest
configure:5553: $? = 0
configure:5564: result: yes
configure:5577: checking for sys/types.h
configure:5577: gcc -c -g -O2  conftest.c >&5
configure:5577: $? = 0
configure:5577: result: yes
configure:5577: checking for sys/stat.h
configure:5577: gcc -c -g -O2  conftest.c >&5
configure:5577: $? = 0
configure:5577: result: yes
configure:5577: checking for stdlib.h
configure:5577: gcc -c -g -O2  conftest.c >&5
configure:5577: $? = 0
configure:5577: result: yes
configure:5577: checking for string.h
configure:5577: gcc -c -g -O2  conftest.c >&5
configure:5577: $? = 0
configure:5577: result: yes
configure:5577: checking for memory.h
configure:5577: gcc -c -g -O2  conftest.c >&5
configure:5577: $? = 0
configure:5577: result: yes
configure:5577: checking for strings.h
configure:5577: gcc -c -g -O2  conftest.c >&5
configure:5577: $? = 0
configure:5577: result: yes
configure:5577: checking for inttypes.h
configure:5577: gcc -c -g -O2  conftest.c >&5
configure:5577: $? = 0
configure:5577: result: yes
configure:5577: checking for stdint.h
configure:5577: gcc -c -g -O2  conftest.c >&5
configure:5577: $? = 0
configure:5577: result: yes
configure:5577: checking for unistd.h
configure:5577: gcc -c -g -O2  conftest.c >&5
configure:5577: $? = 0
configure:5577: result: yes
configure:5591: checking for stdlib.h
configure:5591: result: yes
configure:5601: checking for GNU libc compatible malloc
configure:5625: gcc -o conftest -g -O2   conftest.c  >&5
configure:5625: $? = 0
configure:5625: ./conftest
configure:5625: $? = 0
configure:5635: result: yes
configure:5658: checking for stdlib.h
configure:5658: result: yes
configure:5668: checking for GNU libc compatible realloc
configure:5692: gcc -o conftest -g -O2   conftest.c  >&5
configure:5692: $? = 0
configure:5692: ./conftest
configure:5692: $? = 0
configure:5702: result: yes
configure:5723: checking for size_t
configure:5723: gcc -c -g -O2  conftest.c >&5
configure:5723: $? = 0
configure:5723: gcc -c -g -O2  conftest.c >&5
conftest.c:59:21: error: expected expression
if (sizeof ((size_t)))
                    ^
1 error generated.
configure:5723: $? = 1
configure: failed program was:
| /* confdefs.h */
| #define PACKAGE_NAME "crosstool-NG"
| #define PACKAGE_TARNAME "crosstool-ng"
| #define PACKAGE_VERSION "1.20.0"
| #define PACKAGE_STRING "crosstool-NG 1.20.0"
| #define PACKAGE_BUGREPORT "crossgcc@sourceware.org"
| #define PACKAGE_URL ""
| #define STDC_HEADERS 1
| #define HAVE_SYS_TYPES_H 1
| #define HAVE_SYS_STAT_H 1
| #define HAVE_STDLIB_H 1
| #define HAVE_STRING_H 1
| #define HAVE_MEMORY_H 1
| #define HAVE_STRINGS_H 1
| #define HAVE_INTTYPES_H 1
| #define HAVE_STDINT_H 1
| #define HAVE_UNISTD_H 1
| #define HAVE_STDLIB_H 1
| #define HAVE_MALLOC 1
| #define HAVE_STDLIB_H 1
| #define HAVE_REALLOC 1
| /* end confdefs.h.  */
| #include <stdio.h>
| #ifdef HAVE_SYS_TYPES_H
| # include <sys/types.h>
| #endif
| #ifdef HAVE_SYS_STAT_H
| # include <sys/stat.h>
| #endif
| #ifdef STDC_HEADERS
| # include <stdlib.h>
| # include <stddef.h>
| #else
| # ifdef HAVE_STDLIB_H
| #  include <stdlib.h>
| # endif
| #endif
| #ifdef HAVE_STRING_H
| # if !defined STDC_HEADERS && defined HAVE_MEMORY_H
| #  include <memory.h>
| # endif
| # include <string.h>
| #endif
| #ifdef HAVE_STRINGS_H
| # include <strings.h>
| #endif
| #ifdef HAVE_INTTYPES_H
| # include <inttypes.h>
| #endif
| #ifdef HAVE_STDINT_H
| # include <stdint.h>
| #endif
| #ifdef HAVE_UNISTD_H
| # include <unistd.h>
| #endif
| int
| main ()
| {
| if (sizeof ((size_t)))
| 	    return 0;
|   ;
|   return 0;
| }
configure:5723: result: yes
configure:5736: checking for working alloca.h
configure:5753: gcc -o conftest -g -O2   conftest.c  >&5
configure:5753: $? = 0
configure:5761: result: yes
configure:5769: checking for alloca
configure:5806: gcc -o conftest -g -O2   conftest.c  >&5
configure:5806: $? = 0
configure:5814: result: yes
configure:5926: checking libintl.h usability
configure:5926: gcc -c -g -O2  conftest.c >&5
conftest.c:58:10: fatal error: 'libintl.h' file not found
#include <libintl.h>
         ^
1 error generated.
configure:5926: $? = 1
configure: failed program was:
| /* confdefs.h */
| #define PACKAGE_NAME "crosstool-NG"
| #define PACKAGE_TARNAME "crosstool-ng"
| #define PACKAGE_VERSION "1.20.0"
| #define PACKAGE_STRING "crosstool-NG 1.20.0"
| #define PACKAGE_BUGREPORT "crossgcc@sourceware.org"
| #define PACKAGE_URL ""
| #define STDC_HEADERS 1
| #define HAVE_SYS_TYPES_H 1
| #define HAVE_SYS_STAT_H 1
| #define HAVE_STDLIB_H 1
| #define HAVE_STRING_H 1
| #define HAVE_MEMORY_H 1
| #define HAVE_STRINGS_H 1
| #define HAVE_INTTYPES_H 1
| #define HAVE_STDINT_H 1
| #define HAVE_UNISTD_H 1
| #define HAVE_STDLIB_H 1
| #define HAVE_MALLOC 1
| #define HAVE_STDLIB_H 1
| #define HAVE_REALLOC 1
| #define HAVE_ALLOCA_H 1
| #define HAVE_ALLOCA 1
| /* end confdefs.h.  */
| #include <stdio.h>
| #ifdef HAVE_SYS_TYPES_H
| # include <sys/types.h>
| #endif
| #ifdef HAVE_SYS_STAT_H
| # include <sys/stat.h>
| #endif
| #ifdef STDC_HEADERS
| # include <stdlib.h>
| # include <stddef.h>
| #else
| # ifdef HAVE_STDLIB_H
| #  include <stdlib.h>
| # endif
| #endif
| #ifdef HAVE_STRING_H
| # if !defined STDC_HEADERS && defined HAVE_MEMORY_H
| #  include <memory.h>
| # endif
| # include <string.h>
| #endif
| #ifdef HAVE_STRINGS_H
| # include <strings.h>
| #endif
| #ifdef HAVE_INTTYPES_H
| # include <inttypes.h>
| #endif
| #ifdef HAVE_STDINT_H
| # include <stdint.h>
| #endif
| #ifdef HAVE_UNISTD_H
| # include <unistd.h>
| #endif
| #include <libintl.h>
configure:5926: result: no
configure:5926: checking libintl.h presence
configure:5926: gcc -E  conftest.c
conftest.c:25:10: fatal error: 'libintl.h' file not found
#include <libintl.h>
         ^
1 error generated.
configure:5926: $? = 1
configure: failed program was:
| /* confdefs.h */
| #define PACKAGE_NAME "crosstool-NG"
| #define PACKAGE_TARNAME "crosstool-ng"
| #define PACKAGE_VERSION "1.20.0"
| #define PACKAGE_STRING "crosstool-NG 1.20.0"
| #define PACKAGE_BUGREPORT "crossgcc@sourceware.org"
| #define PACKAGE_URL ""
| #define STDC_HEADERS 1
| #define HAVE_SYS_TYPES_H 1
| #define HAVE_SYS_STAT_H 1
| #define HAVE_STDLIB_H 1
| #define HAVE_STRING_H 1
| #define HAVE_MEMORY_H 1
| #define HAVE_STRINGS_H 1
| #define HAVE_INTTYPES_H 1
| #define HAVE_STDINT_H 1
| #define HAVE_UNISTD_H 1
| #define HAVE_STDLIB_H 1
| #define HAVE_MALLOC 1
| #define HAVE_STDLIB_H 1
| #define HAVE_REALLOC 1
| #define HAVE_ALLOCA_H 1
| #define HAVE_ALLOCA 1
| /* end confdefs.h.  */
| #include <libintl.h>
configure:5926: result: no
configure:5926: checking for libintl.h
configure:5926: result: no
configure:5952: checking ncurses/ncurses.h usability
configure:5952: gcc -c -g -O2  conftest.c >&5
conftest.c:58:10: fatal error: 'ncurses/ncurses.h' file not found
#include <ncurses/ncurses.h>
         ^
1 error generated.
configure:5952: $? = 1
configure: failed program was:
| /* confdefs.h */
| #define PACKAGE_NAME "crosstool-NG"
| #define PACKAGE_TARNAME "crosstool-ng"
| #define PACKAGE_VERSION "1.20.0"
| #define PACKAGE_STRING "crosstool-NG 1.20.0"
| #define PACKAGE_BUGREPORT "crossgcc@sourceware.org"
| #define PACKAGE_URL ""
| #define STDC_HEADERS 1
| #define HAVE_SYS_TYPES_H 1
| #define HAVE_SYS_STAT_H 1
| #define HAVE_STDLIB_H 1
| #define HAVE_STRING_H 1
| #define HAVE_MEMORY_H 1
| #define HAVE_STRINGS_H 1
| #define HAVE_INTTYPES_H 1
| #define HAVE_STDINT_H 1
| #define HAVE_UNISTD_H 1
| #define HAVE_STDLIB_H 1
| #define HAVE_MALLOC 1
| #define HAVE_STDLIB_H 1
| #define HAVE_REALLOC 1
| #define HAVE_ALLOCA_H 1
| #define HAVE_ALLOCA 1
| /* end confdefs.h.  */
| #include <stdio.h>
| #ifdef HAVE_SYS_TYPES_H
| # include <sys/types.h>
| #endif
| #ifdef HAVE_SYS_STAT_H
| # include <sys/stat.h>
| #endif
| #ifdef STDC_HEADERS
| # include <stdlib.h>
| # include <stddef.h>
| #else
| # ifdef HAVE_STDLIB_H
| #  include <stdlib.h>
| # endif
| #endif
| #ifdef HAVE_STRING_H
| # if !defined STDC_HEADERS && defined HAVE_MEMORY_H
| #  include <memory.h>
| # endif
| # include <string.h>
| #endif
| #ifdef HAVE_STRINGS_H
| # include <strings.h>
| #endif
| #ifdef HAVE_INTTYPES_H
| # include <inttypes.h>
| #endif
| #ifdef HAVE_STDINT_H
| # include <stdint.h>
| #endif
| #ifdef HAVE_UNISTD_H
| # include <unistd.h>
| #endif
| #include <ncurses/ncurses.h>
configure:5952: result: no
configure:5952: checking ncurses/ncurses.h presence
configure:5952: gcc -E  conftest.c
conftest.c:25:10: fatal error: 'ncurses/ncurses.h' file not found
#include <ncurses/ncurses.h>
         ^
1 error generated.
configure:5952: $? = 1
configure: failed program was:
| /* confdefs.h */
| #define PACKAGE_NAME "crosstool-NG"
| #define PACKAGE_TARNAME "crosstool-ng"
| #define PACKAGE_VERSION "1.20.0"
| #define PACKAGE_STRING "crosstool-NG 1.20.0"
| #define PACKAGE_BUGREPORT "crossgcc@sourceware.org"
| #define PACKAGE_URL ""
| #define STDC_HEADERS 1
| #define HAVE_SYS_TYPES_H 1
| #define HAVE_SYS_STAT_H 1
| #define HAVE_STDLIB_H 1
| #define HAVE_STRING_H 1
| #define HAVE_MEMORY_H 1
| #define HAVE_STRINGS_H 1
| #define HAVE_INTTYPES_H 1
| #define HAVE_STDINT_H 1
| #define HAVE_UNISTD_H 1
| #define HAVE_STDLIB_H 1
| #define HAVE_MALLOC 1
| #define HAVE_STDLIB_H 1
| #define HAVE_REALLOC 1
| #define HAVE_ALLOCA_H 1
| #define HAVE_ALLOCA 1
| /* end confdefs.h.  */
| #include <ncurses/ncurses.h>
configure:5952: result: no
configure:5952: checking for ncurses/ncurses.h
configure:5952: result: no
configure:5952: checking ncurses/curses.h usability
configure:5952: gcc -c -g -O2  conftest.c >&5
conftest.c:58:10: fatal error: 'ncurses/curses.h' file not found
#include <ncurses/curses.h>
         ^
1 error generated.
configure:5952: $? = 1
configure: failed program was:
| /* confdefs.h */
| #define PACKAGE_NAME "crosstool-NG"
| #define PACKAGE_TARNAME "crosstool-ng"
| #define PACKAGE_VERSION "1.20.0"
| #define PACKAGE_STRING "crosstool-NG 1.20.0"
| #define PACKAGE_BUGREPORT "crossgcc@sourceware.org"
| #define PACKAGE_URL ""
| #define STDC_HEADERS 1
| #define HAVE_SYS_TYPES_H 1
| #define HAVE_SYS_STAT_H 1
| #define HAVE_STDLIB_H 1
| #define HAVE_STRING_H 1
| #define HAVE_MEMORY_H 1
| #define HAVE_STRINGS_H 1
| #define HAVE_INTTYPES_H 1
| #define HAVE_STDINT_H 1
| #define HAVE_UNISTD_H 1
| #define HAVE_STDLIB_H 1
| #define HAVE_MALLOC 1
| #define HAVE_STDLIB_H 1
| #define HAVE_REALLOC 1
| #define HAVE_ALLOCA_H 1
| #define HAVE_ALLOCA 1
| /* end confdefs.h.  */
| #include <stdio.h>
| #ifdef HAVE_SYS_TYPES_H
| # include <sys/types.h>
| #endif
| #ifdef HAVE_SYS_STAT_H
| # include <sys/stat.h>
| #endif
| #ifdef STDC_HEADERS
| # include <stdlib.h>
| # include <stddef.h>
| #else
| # ifdef HAVE_STDLIB_H
| #  include <stdlib.h>
| # endif
| #endif
| #ifdef HAVE_STRING_H
| # if !defined STDC_HEADERS && defined HAVE_MEMORY_H
| #  include <memory.h>
| # endif
| # include <string.h>
| #endif
| #ifdef HAVE_STRINGS_H
| # include <strings.h>
| #endif
| #ifdef HAVE_INTTYPES_H
| # include <inttypes.h>
| #endif
| #ifdef HAVE_STDINT_H
| # include <stdint.h>
| #endif
| #ifdef HAVE_UNISTD_H
| # include <unistd.h>
| #endif
| #include <ncurses/curses.h>
configure:5952: result: no
configure:5952: checking ncurses/curses.h presence
configure:5952: gcc -E  conftest.c
conftest.c:25:10: fatal error: 'ncurses/curses.h' file not found
#include <ncurses/curses.h>
         ^
1 error generated.
configure:5952: $? = 1
configure: failed program was:
| /* confdefs.h */
| #define PACKAGE_NAME "crosstool-NG"
| #define PACKAGE_TARNAME "crosstool-ng"
| #define PACKAGE_VERSION "1.20.0"
| #define PACKAGE_STRING "crosstool-NG 1.20.0"
| #define PACKAGE_BUGREPORT "crossgcc@sourceware.org"
| #define PACKAGE_URL ""
| #define STDC_HEADERS 1
| #define HAVE_SYS_TYPES_H 1
| #define HAVE_SYS_STAT_H 1
| #define HAVE_STDLIB_H 1
| #define HAVE_STRING_H 1
| #define HAVE_MEMORY_H 1
| #define HAVE_STRINGS_H 1
| #define HAVE_INTTYPES_H 1
| #define HAVE_STDINT_H 1
| #define HAVE_UNISTD_H 1
| #define HAVE_STDLIB_H 1
| #define HAVE_MALLOC 1
| #define HAVE_STDLIB_H 1
| #define HAVE_REALLOC 1
| #define HAVE_ALLOCA_H 1
| #define HAVE_ALLOCA 1
| /* end confdefs.h.  */
| #include <ncurses/curses.h>
configure:5952: result: no
configure:5952: checking for ncurses/curses.h
configure:5952: result: no
configure:5952: checking ncursesw/curses.h usability
configure:5952: gcc -c -g -O2  conftest.c >&5
conftest.c:58:10: fatal error: 'ncursesw/curses.h' file not found
#include <ncursesw/curses.h>
         ^
1 error generated.
configure:5952: $? = 1
configure: failed program was:
| /* confdefs.h */
| #define PACKAGE_NAME "crosstool-NG"
| #define PACKAGE_TARNAME "crosstool-ng"
| #define PACKAGE_VERSION "1.20.0"
| #define PACKAGE_STRING "crosstool-NG 1.20.0"
| #define PACKAGE_BUGREPORT "crossgcc@sourceware.org"
| #define PACKAGE_URL ""
| #define STDC_HEADERS 1
| #define HAVE_SYS_TYPES_H 1
| #define HAVE_SYS_STAT_H 1
| #define HAVE_STDLIB_H 1
| #define HAVE_STRING_H 1
| #define HAVE_MEMORY_H 1
| #define HAVE_STRINGS_H 1
| #define HAVE_INTTYPES_H 1
| #define HAVE_STDINT_H 1
| #define HAVE_UNISTD_H 1
| #define HAVE_STDLIB_H 1
| #define HAVE_MALLOC 1
| #define HAVE_STDLIB_H 1
| #define HAVE_REALLOC 1
| #define HAVE_ALLOCA_H 1
| #define HAVE_ALLOCA 1
| /* end confdefs.h.  */
| #include <stdio.h>
| #ifdef HAVE_SYS_TYPES_H
| # include <sys/types.h>
| #endif
| #ifdef HAVE_SYS_STAT_H
| # include <sys/stat.h>
| #endif
| #ifdef STDC_HEADERS
| # include <stdlib.h>
| # include <stddef.h>
| #else
| # ifdef HAVE_STDLIB_H
| #  include <stdlib.h>
| # endif
| #endif
| #ifdef HAVE_STRING_H
| # if !defined STDC_HEADERS && defined HAVE_MEMORY_H
| #  include <memory.h>
| # endif
| # include <string.h>
| #endif
| #ifdef HAVE_STRINGS_H
| # include <strings.h>
| #endif
| #ifdef HAVE_INTTYPES_H
| # include <inttypes.h>
| #endif
| #ifdef HAVE_STDINT_H
| # include <stdint.h>
| #endif
| #ifdef HAVE_UNISTD_H
| # include <unistd.h>
| #endif
| #include <ncursesw/curses.h>
configure:5952: result: no
configure:5952: checking ncursesw/curses.h presence
configure:5952: gcc -E  conftest.c
conftest.c:25:10: fatal error: 'ncursesw/curses.h' file not found
#include <ncursesw/curses.h>
         ^
1 error generated.
configure:5952: $? = 1
configure: failed program was:
| /* confdefs.h */
| #define PACKAGE_NAME "crosstool-NG"
| #define PACKAGE_TARNAME "crosstool-ng"
| #define PACKAGE_VERSION "1.20.0"
| #define PACKAGE_STRING "crosstool-NG 1.20.0"
| #define PACKAGE_BUGREPORT "crossgcc@sourceware.org"
| #define PACKAGE_URL ""
| #define STDC_HEADERS 1
| #define HAVE_SYS_TYPES_H 1
| #define HAVE_SYS_STAT_H 1
| #define HAVE_STDLIB_H 1
| #define HAVE_STRING_H 1
| #define HAVE_MEMORY_H 1
| #define HAVE_STRINGS_H 1
| #define HAVE_INTTYPES_H 1
| #define HAVE_STDINT_H 1
| #define HAVE_UNISTD_H 1
| #define HAVE_STDLIB_H 1
| #define HAVE_MALLOC 1
| #define HAVE_STDLIB_H 1
| #define HAVE_REALLOC 1
| #define HAVE_ALLOCA_H 1
| #define HAVE_ALLOCA 1
| /* end confdefs.h.  */
| #include <ncursesw/curses.h>
configure:5952: result: no
configure:5952: checking for ncursesw/curses.h
configure:5952: result: no
configure:5952: checking ncurses.h usability
configure:5952: gcc -c -g -O2  conftest.c >&5
configure:5952: $? = 0
configure:5952: result: yes
configure:5952: checking ncurses.h presence
configure:5952: gcc -E  conftest.c
configure:5952: $? = 0
configure:5952: result: yes
configure:5952: checking for ncurses.h
configure:5952: result: yes
configure:5965: checking for library containing initscr
configure:5996: gcc -o conftest -g -O2   conftest.c  >&5
Undefined symbols for architecture x86_64:
  "_initscr", referenced from:
      _main in conftest-2d2669.o
ld: symbol(s) not found for architecture x86_64
clang: error: linker command failed with exit code 1 (use -v to see invocation)
configure:5996: $? = 1
configure: failed program was:
| /* confdefs.h */
| #define PACKAGE_NAME "crosstool-NG"
| #define PACKAGE_TARNAME "crosstool-ng"
| #define PACKAGE_VERSION "1.20.0"
| #define PACKAGE_STRING "crosstool-NG 1.20.0"
| #define PACKAGE_BUGREPORT "crossgcc@sourceware.org"
| #define PACKAGE_URL ""
| #define STDC_HEADERS 1
| #define HAVE_SYS_TYPES_H 1
| #define HAVE_SYS_STAT_H 1
| #define HAVE_STDLIB_H 1
| #define HAVE_STRING_H 1
| #define HAVE_MEMORY_H 1
| #define HAVE_STRINGS_H 1
| #define HAVE_INTTYPES_H 1
| #define HAVE_STDINT_H 1
| #define HAVE_UNISTD_H 1
| #define HAVE_STDLIB_H 1
| #define HAVE_MALLOC 1
| #define HAVE_STDLIB_H 1
| #define HAVE_REALLOC 1
| #define HAVE_ALLOCA_H 1
| #define HAVE_ALLOCA 1
| #define HAVE_NCURSES_H 1
| /* end confdefs.h.  */
| 
| /* Override any GCC internal prototype to avoid an error.
|    Use char because int might match the return type of a GCC
|    builtin and then its argument prototype would still apply.  */
| #ifdef __cplusplus
| extern "C"
| #endif
| char initscr ();
| int
| main ()
| {
| return initscr ();
|   ;
|   return 0;
| }
configure:5996: gcc -o conftest -g -O2   conftest.c -lncursesw   >&5
ld: library not found for -lncursesw
clang: error: linker command failed with exit code 1 (use -v to see invocation)
configure:5996: $? = 1
configure: failed program was:
| /* confdefs.h */
| #define PACKAGE_NAME "crosstool-NG"
| #define PACKAGE_TARNAME "crosstool-ng"
| #define PACKAGE_VERSION "1.20.0"
| #define PACKAGE_STRING "crosstool-NG 1.20.0"
| #define PACKAGE_BUGREPORT "crossgcc@sourceware.org"
| #define PACKAGE_URL ""
| #define STDC_HEADERS 1
| #define HAVE_SYS_TYPES_H 1
| #define HAVE_SYS_STAT_H 1
| #define HAVE_STDLIB_H 1
| #define HAVE_STRING_H 1
| #define HAVE_MEMORY_H 1
| #define HAVE_STRINGS_H 1
| #define HAVE_INTTYPES_H 1
| #define HAVE_STDINT_H 1
| #define HAVE_UNISTD_H 1
| #define HAVE_STDLIB_H 1
| #define HAVE_MALLOC 1
| #define HAVE_STDLIB_H 1
| #define HAVE_REALLOC 1
| #define HAVE_ALLOCA_H 1
| #define HAVE_ALLOCA 1
| #define HAVE_NCURSES_H 1
| /* end confdefs.h.  */
| 
| /* Override any GCC internal prototype to avoid an error.
|    Use char because int might match the return type of a GCC
|    builtin and then its argument prototype would still apply.  */
| #ifdef __cplusplus
| extern "C"
| #endif
| char initscr ();
| int
| main ()
| {
| return initscr ();
|   ;
|   return 0;
| }
configure:5996: gcc -o conftest -g -O2   conftest.c -lncurses   >&5
configure:5996: $? = 0
configure:6013: result: -lncurses
configure:6228: creating ./config.status

## ---------------------- ##
## Running config.status. ##
## ---------------------- ##

This file was extended by crosstool-NG config.status 1.20.0, which was
generated by GNU Autoconf 2.69.  Invocation command line was

  CONFIG_FILES    = 
  CONFIG_HEADERS  = 
  CONFIG_LINKS    = 
  CONFIG_COMMANDS = 
  $ ./config.status 

on Macintosh-2.local

config.status:777: creating Makefile

## ---------------- ##
## Cache variables. ##
## ---------------- ##

ac_cv_build=x86_64-apple-darwin14.0.0
ac_cv_c_compiler_gnu=yes
ac_cv_c_inline=inline
ac_cv_env_CC_set=
ac_cv_env_CC_value=
ac_cv_env_CFLAGS_set=
ac_cv_env_CFLAGS_value=
ac_cv_env_CPPFLAGS_set=
ac_cv_env_CPPFLAGS_value=
ac_cv_env_CPP_set=
ac_cv_env_CPP_value=
ac_cv_env_LDFLAGS_set=
ac_cv_env_LDFLAGS_value=
ac_cv_env_LIBS_set=
ac_cv_env_LIBS_value=
ac_cv_env_build_alias_set=
ac_cv_env_build_alias_value=
ac_cv_env_host_alias_set=
ac_cv_env_host_alias_value=
ac_cv_env_target_alias_set=
ac_cv_env_target_alias_value=
ac_cv_func_alloca_works=yes
ac_cv_func_malloc_0_nonnull=yes
ac_cv_func_realloc_0_nonnull=yes
ac_cv_header_inttypes_h=yes
ac_cv_header_libintl_h=no
ac_cv_header_memory_h=yes
ac_cv_header_ncurses_curses_h=no
ac_cv_header_ncurses_h=yes
ac_cv_header_ncurses_ncurses_h=no
ac_cv_header_ncursesw_curses_h=no
ac_cv_header_stdc=yes
ac_cv_header_stdint_h=yes
ac_cv_header_stdlib_h=yes
ac_cv_header_string_h=yes
ac_cv_header_strings_h=yes
ac_cv_header_sys_stat_h=yes
ac_cv_header_sys_types_h=yes
ac_cv_header_unistd_h=yes
ac_cv_host=x86_64-apple-darwin14.0.0
ac_cv_objext=o
ac_cv_path_EGREP='/opt/local/bin/grep -E'
ac_cv_path_GREP=/opt/local/bin/grep
ac_cv_path_LIBTOOL=/opt/local/bin/glibtool
ac_cv_path_LIBTOOLIZE=/opt/local/bin/glibtoolize
ac_cv_path_MAKE=/usr/bin/make
ac_cv_path_PATCH=/usr/bin/patch
ac_cv_path_SED=/opt/local/bin/gsed
ac_cv_path__AWK=/opt/local/bin/gawk
ac_cv_path__BASH=/bin/bash
ac_cv_path_automake=/opt/local/bin/automake
ac_cv_path_install='/usr/bin/install -c'
ac_cv_prog_CPP='gcc -E'
ac_cv_prog_ac_ct_CC=gcc
ac_cv_prog_ac_ct_GPERF=gperf
ac_cv_prog_ac_ct_OBJCOPY=gobjcopy
ac_cv_prog_ac_ct_OBJDUMP=gobjdump
ac_cv_prog_ac_ct_RANLIB=ranlib
ac_cv_prog_ac_ct_READELF=greadelf
ac_cv_prog_bison=bison
ac_cv_prog_bzip2=bzip2
ac_cv_prog_cc_c89=
ac_cv_prog_cc_g=yes
ac_cv_prog_cut=cut
ac_cv_prog_flex=flex
ac_cv_prog_gzip=gzip
ac_cv_prog_make__usr_bin_make_set=yes
ac_cv_prog_makeinfo=makeinfo
ac_cv_prog_readlink=readlink
ac_cv_prog_stat=stat
ac_cv_prog_svn=svn
ac_cv_prog_tar=tar
ac_cv_prog_wget=wget
ac_cv_prog_xz=xz
ac_cv_search_initscr=-lncurses
ac_cv_type_size_t=yes
ac_cv_working_alloca_h=yes

## ----------------- ##
## Output variables. ##
## ----------------- ##

ALLOCA=''
CC='gcc'
CFLAGS='-g -O2'
CPP='gcc -E'
CPPFLAGS=''
DATE='20150320'
DEFS='-DPACKAGE_NAME=\"crosstool-NG\" -DPACKAGE_TARNAME=\"crosstool-ng\" -DPACKAGE_VERSION=\"1.20.0\" -DPACKAGE_STRING=\"crosstool-NG\ 1.20.0\" -DPACKAGE_BUGREPORT=\"crossgcc@sourceware.org\" -DPACKAGE_URL=\"\" -DSTDC_HEADERS=1 -DHAVE_SYS_TYPES_H=1 -DHAVE_SYS_STAT_H=1 -DHAVE_STDLIB_H=1 -DHAVE_STRING_H=1 -DHAVE_MEMORY_H=1 -DHAVE_STRINGS_H=1 -DHAVE_INTTYPES_H=1 -DHAVE_STDINT_H=1 -DHAVE_UNISTD_H=1 -DHAVE_STDLIB_H=1 -DHAVE_MALLOC=1 -DHAVE_STDLIB_H=1 -DHAVE_REALLOC=1 -DHAVE_ALLOCA_H=1 -DHAVE_ALLOCA=1 -DHAVE_NCURSES_H=1'
ECHO_C='\c'
ECHO_N=''
ECHO_T=''
EGREP='/opt/local/bin/grep -E'
EXEEXT=''
GPERF='/opt/local/bin/gperf'
GREP='/opt/local/bin/grep'
INSTALL_DATA='${INSTALL} -m 644'
INSTALL_PROGRAM='${INSTALL}'
INSTALL_SCRIPT='${INSTALL}'
LDFLAGS=''
LIBOBJS=''
LIBS='-lncurses '
LIBTOOL='/opt/local/bin/glibtool'
LIBTOOLIZE='/opt/local/bin/glibtoolize'
LN_S='ln -s'
LTLIBOBJS=''
MAKE='/usr/bin/make'
OBJCOPY='/opt/local/bin/gobjcopy'
OBJDUMP='/opt/local/bin/gobjdump'
OBJEXT='o'
PACKAGE_BUGREPORT='crossgcc@sourceware.org'
PACKAGE_NAME='crosstool-NG'
PACKAGE_STRING='crosstool-NG 1.20.0'
PACKAGE_TARNAME='crosstool-ng'
PACKAGE_URL=''
PACKAGE_VERSION='1.20.0'
PATCH='/usr/bin/patch'
PATH_SEPARATOR=':'
RANLIB='ranlib'
READELF='/opt/local/bin/greadelf'
SED='/opt/local/bin/gsed'
SET_MAKE=''
SHELL='/bin/sh'
_AWK='/opt/local/bin/gawk'
_BASH='/bin/bash'
ac_ct_CC='gcc'
ac_ct_GPERF='gperf'
ac_ct_OBJCOPY='gobjcopy'
ac_ct_OBJDUMP='gobjdump'
ac_ct_READELF='greadelf'
ac_ct_curses_hdr='ncurses.h'
automake='/opt/local/bin/automake'
bindir='${exec_prefix}/bin'
bison='bison'
build='x86_64-apple-darwin14.0.0'
build_alias=''
build_cpu='x86_64'
build_os='darwin14.0.0'
build_vendor='apple'
bzip2='bzip2'
cut='cut'
cvs=''
datadir='${datarootdir}'
datarootdir='${prefix}/share'
docdir='${datarootdir}/doc/${PACKAGE_TARNAME}'
dvidir='${docdir}'
enable_local='no'
exec_prefix='${prefix}'
flex='flex'
gettext=''
gzip='gzip'
host='x86_64-apple-darwin14.0.0'
host_alias=''
host_cpu='x86_64'
host_os='darwin14.0.0'
host_vendor='apple'
htmldir='${docdir}'
includedir='${prefix}/include'
infodir='${datarootdir}/info'
kconfig_options=' has_make381=y has_xz=y has_lzma has_cvs has_svn=y'
libdir='${exec_prefix}/lib'
libexecdir='${exec_prefix}/libexec'
localedir='${datarootdir}/locale'
localstatedir='${prefix}/var'
lzma=''
makeinfo='makeinfo'
mandir='${datarootdir}/man'
oldincludedir='/usr/include'
pdfdir='${docdir}'
prefix='/Volumes/ESPTools/esp-open-sdk/crosstool-NG'
program_transform_name='s,x,x,'
psdir='${docdir}'
readlink='readlink'
sbindir='${exec_prefix}/sbin'
sharedstatedir='${prefix}/com'
stat='stat'
subdocdir='/ct-ng.${VERSION}'
sublibdir='/ct-ng.${VERSION}'
svn='svn'
sysconfdir='${prefix}/etc'
tar='tar'
target_alias=''
wget='wget'
xz='xz'

## ----------- ##
## confdefs.h. ##
## ----------- ##

/* confdefs.h */
#define PACKAGE_NAME "crosstool-NG"
#define PACKAGE_TARNAME "crosstool-ng"
#define PACKAGE_VERSION "1.20.0"
#define PACKAGE_STRING "crosstool-NG 1.20.0"
#define PACKAGE_BUGREPORT "crossgcc@sourceware.org"
#define PACKAGE_URL ""
#define STDC_HEADERS 1
#define HAVE_SYS_TYPES_H 1
#define HAVE_SYS_STAT_H 1
#define HAVE_STDLIB_H 1
#define HAVE_STRING_H 1
#define HAVE_MEMORY_H 1
#define HAVE_STRINGS_H 1
#define HAVE_INTTYPES_H 1
#define HAVE_STDINT_H 1
#define HAVE_UNISTD_H 1
#define HAVE_STDLIB_H 1
#define HAVE_MALLOC 1
#define HAVE_STDLIB_H 1
#define HAVE_REALLOC 1
#define HAVE_ALLOCA_H 1
#define HAVE_ALLOCA 1
#define HAVE_NCURSES_H 1

configure: exit 0
