This file contains any messages produced by compilers while
running configure, to aid debugging if configure makes a mistake.

It was created by newlib configure 2.0.0, which was
generated by GNU Autoconf 2.68.  Invocation command line was

  $ /Volumes/ESPTools/esp-open-sdk/crosstool-NG/.build/src/newlib-2.0.0/newlib/configure --cache-file=./config.cache --with-newlib --enable-multilib --with-cross-host=x86_64-build_apple-darwin14.0.0 --prefix=/esptools/esp-open-sdk/xtensa-lx106-elf --disable-newlib-io-c99-formats --disable-newlib-io-long-long --disable-newlib-io-float --disable-newlib-io-long-double --enable-newlib-supplied-syscalls --enable-target-optspace --program-transform-name=s&^&xtensa-lx106-elf-& --disable-option-checking --with-target-subdir=xtensa-lx106-elf --build=x86_64-apple-darwin14.0.0 --host=xtensa-lx106-elf --target=xtensa-lx106-elf --srcdir=/Volumes/ESPTools/esp-open-sdk/crosstool-NG/.build/src/newlib-2.0.0/newlib

## --------- ##
## Platform. ##
## --------- ##

hostname = Macintosh-2.local
uname -m = x86_64
uname -r = 14.0.0
uname -s = Darwin
uname -v = Darwin Kernel Version 14.0.0: Fri Sep 19 00:26:44 PDT 2014; root:xnu-2782.1.97~2/RELEASE_X86_64

/usr/bin/uname -p = i386
/bin/uname -X     = unknown

/bin/arch              = unknown
/usr/bin/arch -k       = unknown
/usr/convex/getsysinfo = unknown
/usr/bin/hostinfo      = Mach kernel version:
	 Darwin Kernel Version 14.0.0: Fri Sep 19 00:26:44 PDT 2014; root:xnu-2782.1.97~2/RELEASE_X86_64
Kernel configured for up to 8 processors.
4 processors are physically available.
8 processors are logically available.
Processor type: i486 (Intel 80486)
Processors active: 0 1 2 3 4 5 6 7
Primary memory available: 16.00 gigabytes
Default processor set: 316 tasks, 1638 threads, 8 processors
Load average: 2.91, Mach factor: 5.08
/bin/machine           = unknown
/usr/bin/oslevel       = unknown
/bin/universe          = unknown

PATH: /esptools/esp-open-sdk/xtensa-lx106-elf/bin
PATH: /Volumes/ESPTools/esp-open-sdk/crosstool-NG/.build/xtensa-lx106-elf/buildtools/bin
PATH: /Volumes/ESPTools/esp-open-sdk/crosstool-NG/.build/tools/bin
PATH: /opt/local/bin
PATH: /opt/local/sbin
PATH: /opt/local/bin
PATH: /opt/local/sbin
PATH: /usr/bin
PATH: /bin
PATH: /usr/sbin
PATH: /sbin
PATH: /usr/local/bin
PATH: /opt/local/bin/
PATH: /opt/X11/bin
PATH: /usr/local/git/bin
PATH: /usr/local/MacGPG2/bin


## ----------- ##
## Core tests. ##
## ----------- ##

configure:2111: creating cache ./config.cache
configure:2359: checking build system type
configure:2373: result: x86_64-apple-darwin14.0.0
configure:2393: checking host system type
configure:2406: result: xtensa-lx106-elf
configure:2442: checking for a BSD-compatible install
configure:2510: result: /Volumes/ESPTools/esp-open-sdk/crosstool-NG/.build/tools/bin/install -c
configure:2521: checking whether build environment is sane
configure:2571: result: yes
configure:2620: checking for xtensa-lx106-elf-strip
configure:2647: result: /Volumes/ESPTools/esp-open-sdk/crosstool-NG/.build/xtensa-lx106-elf/buildtools/lib/gcc/xtensa-lx106-elf/4.8.2/../../../../xtensa-lx106-elf/bin/strip
configure:2712: checking for a thread-safe mkdir -p
configure:2751: result: /Volumes/ESPTools/esp-open-sdk/crosstool-NG/.build/src/newlib-2.0.0/newlib/../install-sh -c -d
configure:2764: checking for gawk
configure:2791: result: gawk
configure:2802: checking whether /Applications/Xcode.app/Contents/Developer/usr/bin/make sets $(MAKE)
configure:2824: result: yes
configure:2854: checking for style of include used by /Applications/Xcode.app/Contents/Developer/usr/bin/make
configure:2882: result: GNU
configure:3092: checking for gcc
configure:3119: result: xtensa-lx106-elf-cc -B/Volumes/ESPTools/esp-open-sdk/crosstool-NG/.build/xtensa-lx106-elf/build/build-libc/xtensa-lx106-elf/newlib/ -isystem /Volumes/ESPTools/esp-open-sdk/crosstool-NG/.build/xtensa-lx106-elf/build/build-libc/xtensa-lx106-elf/newlib/targ-include -isystem /Volumes/ESPTools/esp-open-sdk/crosstool-NG/.build/src/newlib-2.0.0/newlib/libc/include   
configure:3130: checking dependency style of xtensa-lx106-elf-cc -B/Volumes/ESPTools/esp-open-sdk/crosstool-NG/.build/xtensa-lx106-elf/build/build-libc/xtensa-lx106-elf/newlib/ -isystem /Volumes/ESPTools/esp-open-sdk/crosstool-NG/.build/xtensa-lx106-elf/build/build-libc/xtensa-lx106-elf/newlib/targ-include -isystem /Volumes/ESPTools/esp-open-sdk/crosstool-NG/.build/src/newlib-2.0.0/newlib/libc/include   
configure:3241: result: gcc3
configure:3314: checking whether we are using GNU C
configure:3325: xtensa-lx106-elf-cc -B/Volumes/ESPTools/esp-open-sdk/crosstool-NG/.build/xtensa-lx106-elf/build/build-libc/xtensa-lx106-elf/newlib/ -isystem /Volumes/ESPTools/esp-open-sdk/crosstool-NG/.build/xtensa-lx106-elf/build/build-libc/xtensa-lx106-elf/newlib/targ-include -isystem /Volumes/ESPTools/esp-open-sdk/crosstool-NG/.build/src/newlib-2.0.0/newlib/libc/include    -E conftest.c
configure:3328: $? = 0
configure:3335: result: yes
configure:3344: checking whether xtensa-lx106-elf-cc -B/Volumes/ESPTools/esp-open-sdk/crosstool-NG/.build/xtensa-lx106-elf/build/build-libc/xtensa-lx106-elf/newlib/ -isystem /Volumes/ESPTools/esp-open-sdk/crosstool-NG/.build/xtensa-lx106-elf/build/build-libc/xtensa-lx106-elf/newlib/targ-include -isystem /Volumes/ESPTools/esp-open-sdk/crosstool-NG/.build/src/newlib-2.0.0/newlib/libc/include    accepts -g
configure:3364: xtensa-lx106-elf-cc -B/Volumes/ESPTools/esp-open-sdk/crosstool-NG/.build/xtensa-lx106-elf/build/build-libc/xtensa-lx106-elf/newlib/ -isystem /Volumes/ESPTools/esp-open-sdk/crosstool-NG/.build/xtensa-lx106-elf/build/build-libc/xtensa-lx106-elf/newlib/targ-include -isystem /Volumes/ESPTools/esp-open-sdk/crosstool-NG/.build/src/newlib-2.0.0/newlib/libc/include    -c -g  conftest.c >&5
configure:3364: $? = 0
configure: failed program was:
| /* confdefs.h */
| #define PACKAGE_NAME "newlib"
| #define PACKAGE_TARNAME "newlib"
| #define PACKAGE_VERSION "2.0.0"
| #define PACKAGE_STRING "newlib 2.0.0"
| #define PACKAGE_BUGREPORT ""
| #define PACKAGE_URL ""
| /* end confdefs.h.  */
| 
| int
| main ()
| {
| 
|   ;
|   return 0;
| }
configure:3379: xtensa-lx106-elf-cc -B/Volumes/ESPTools/esp-open-sdk/crosstool-NG/.build/xtensa-lx106-elf/build/build-libc/xtensa-lx106-elf/newlib/ -isystem /Volumes/ESPTools/esp-open-sdk/crosstool-NG/.build/xtensa-lx106-elf/build/build-libc/xtensa-lx106-elf/newlib/targ-include -isystem /Volumes/ESPTools/esp-open-sdk/crosstool-NG/.build/src/newlib-2.0.0/newlib/libc/include    -c   conftest.c >&5
configure:3379: $? = 0
configure: failed program was:
| /* confdefs.h */
| #define PACKAGE_NAME "newlib"
| #define PACKAGE_TARNAME "newlib"
| #define PACKAGE_VERSION "2.0.0"
| #define PACKAGE_STRING "newlib 2.0.0"
| #define PACKAGE_BUGREPORT ""
| #define PACKAGE_URL ""
| /* end confdefs.h.  */
| 
| int
| main ()
| {
| 
|   ;
|   return 0;
| }
configure:3395: xtensa-lx106-elf-cc -B/Volumes/ESPTools/esp-open-sdk/crosstool-NG/.build/xtensa-lx106-elf/build/build-libc/xtensa-lx106-elf/newlib/ -isystem /Volumes/ESPTools/esp-open-sdk/crosstool-NG/.build/xtensa-lx106-elf/build/build-libc/xtensa-lx106-elf/newlib/targ-include -isystem /Volumes/ESPTools/esp-open-sdk/crosstool-NG/.build/src/newlib-2.0.0/newlib/libc/include    -c -g  conftest.c >&5
configure:3395: $? = 0
configure: failed program was:
| /* confdefs.h */
| #define PACKAGE_NAME "newlib"
| #define PACKAGE_TARNAME "newlib"
| #define PACKAGE_VERSION "2.0.0"
| #define PACKAGE_STRING "newlib 2.0.0"
| #define PACKAGE_BUGREPORT ""
| #define PACKAGE_URL ""
| /* end confdefs.h.  */
| 
| int
| main ()
| {
| 
|   ;
|   return 0;
| }
configure:3405: result: no
configure:3438: checking for xtensa-lx106-elf-as
configure:3465: result: /Volumes/ESPTools/esp-open-sdk/crosstool-NG/.build/xtensa-lx106-elf/buildtools/lib/gcc/xtensa-lx106-elf/4.8.2/../../../../xtensa-lx106-elf/bin/as
configure:3530: checking for xtensa-lx106-elf-ar
configure:3557: result: /Volumes/ESPTools/esp-open-sdk/crosstool-NG/.build/xtensa-lx106-elf/buildtools/lib/gcc/xtensa-lx106-elf/4.8.2/../../../../xtensa-lx106-elf/bin/ar
configure:3622: checking for xtensa-lx106-elf-ranlib
configure:3649: result: /Volumes/ESPTools/esp-open-sdk/crosstool-NG/.build/xtensa-lx106-elf/buildtools/lib/gcc/xtensa-lx106-elf/4.8.2/../../../../xtensa-lx106-elf/bin/ranlib
configure:3714: checking for xtensa-lx106-elf-readelf
configure:3741: result: xtensa-lx106-elf-readelf
configure:3810: checking whether to enable maintainer-specific portions of Makefiles
configure:3819: result: no
configure:3929: checking for a sed that does not truncate output
configure:3993: result: /Volumes/ESPTools/esp-open-sdk/crosstool-NG/.build/tools/bin/sed
configure:4015: checking how to print strings
configure:4042: result: printf
configure:4067: checking for gawk
configure:4094: result: gawk
configure:12310: checking for .preinit_array/.init_array/.fini_array support
configure:12323: xtensa-lx106-elf-cc -B/Volumes/ESPTools/esp-open-sdk/crosstool-NG/.build/xtensa-lx106-elf/build/build-libc/xtensa-lx106-elf/newlib/ -isystem /Volumes/ESPTools/esp-open-sdk/crosstool-NG/.build/xtensa-lx106-elf/build/build-libc/xtensa-lx106-elf/newlib/targ-include -isystem /Volumes/ESPTools/esp-open-sdk/crosstool-NG/.build/src/newlib-2.0.0/newlib/libc/include    -g -Os  -c -o conftest conftest.c
							1>&5
configure:12326: $? = 0
configure:12339: result: yes
configure:12349: checking whether long double type exists
configure:12369: xtensa-lx106-elf-cc -B/Volumes/ESPTools/esp-open-sdk/crosstool-NG/.build/xtensa-lx106-elf/build/build-libc/xtensa-lx106-elf/newlib/ -isystem /Volumes/ESPTools/esp-open-sdk/crosstool-NG/.build/xtensa-lx106-elf/build/build-libc/xtensa-lx106-elf/newlib/targ-include -isystem /Volumes/ESPTools/esp-open-sdk/crosstool-NG/.build/src/newlib-2.0.0/newlib/libc/include    -g -Os  -c -o conftest.o conftest.c
							1>&5
configure:12372: $? = 0
configure:12381: result: yes
configure:12398: checking whether long double equals double
configure:12414: xtensa-lx106-elf-cc -B/Volumes/ESPTools/esp-open-sdk/crosstool-NG/.build/xtensa-lx106-elf/build/build-libc/xtensa-lx106-elf/newlib/ -isystem /Volumes/ESPTools/esp-open-sdk/crosstool-NG/.build/xtensa-lx106-elf/build/build-libc/xtensa-lx106-elf/newlib/targ-include -isystem /Volumes/ESPTools/esp-open-sdk/crosstool-NG/.build/src/newlib-2.0.0/newlib/libc/include    -g -Os  -c -o conftest.o conftest.c
							1>&5
configure:12417: $? = 0
configure:12426: result: yes
configure:12504: updating cache ./config.cache
configure:12617: creating ./config.status

## ---------------------- ##
## Running config.status. ##
## ---------------------- ##

This file was extended by newlib config.status 2.0.0, which was
generated by GNU Autoconf 2.68.  Invocation command line was

  CONFIG_FILES    = 
  CONFIG_HEADERS  = 
  CONFIG_LINKS    = 
  CONFIG_COMMANDS = 
  $ ./config.status 

on Macintosh-2.local

config.status:1137: creating Makefile
config.status:1137: creating newlib.h
config.status:1351: executing depfiles commands
configure:14936: === configuring in libc (/Volumes/ESPTools/esp-open-sdk/crosstool-NG/.build/xtensa-lx106-elf/build/build-libc/xtensa-lx106-elf/newlib/libc)
configure:14999: running /bin/bash /Volumes/ESPTools/esp-open-sdk/crosstool-NG/.build/src/newlib-2.0.0/newlib/libc/configure --disable-option-checking '--prefix=/esptools/esp-open-sdk/xtensa-lx106-elf'  '--with-newlib' '--enable-multilib' '--with-cross-host=x86_64-build_apple-darwin14.0.0' '--disable-newlib-io-c99-formats' '--disable-newlib-io-long-long' '--disable-newlib-io-float' '--disable-newlib-io-long-double' '--enable-newlib-supplied-syscalls' '--enable-target-optspace' '--program-transform-name=s&^&xtensa-lx106-elf-&' '--with-target-subdir=xtensa-lx106-elf' '--build=x86_64-apple-darwin14.0.0' '--host=xtensa-lx106-elf' '--target=xtensa-lx106-elf' 'build_alias=x86_64-apple-darwin14.0.0' 'host_alias=xtensa-lx106-elf' 'target_alias=xtensa-lx106-elf' 'CC=xtensa-lx106-elf-cc -B/Volumes/ESPTools/esp-open-sdk/crosstool-NG/.build/xtensa-lx106-elf/build/build-libc/xtensa-lx106-elf/newlib/ -isystem /Volumes/ESPTools/esp-open-sdk/crosstool-NG/.build/xtensa-lx106-elf/build/build-libc/xtensa-lx106-elf/newlib/targ-include -isystem /Volumes/ESPTools/esp-open-sdk/crosstool-NG/.build/src/newlib-2.0.0/newlib/libc/include   ' 'CFLAGS=-g -Os' 'LDFLAGS=' 'CPPFLAGS=' --cache-file=.././config.cache --srcdir=/Volumes/ESPTools/esp-open-sdk/crosstool-NG/.build/src/newlib-2.0.0/newlib/libc
configure:14936: === configuring in libm (/Volumes/ESPTools/esp-open-sdk/crosstool-NG/.build/xtensa-lx106-elf/build/build-libc/xtensa-lx106-elf/newlib/libm)
configure:14999: running /bin/bash /Volumes/ESPTools/esp-open-sdk/crosstool-NG/.build/src/newlib-2.0.0/newlib/libm/configure --disable-option-checking '--prefix=/esptools/esp-open-sdk/xtensa-lx106-elf'  '--with-newlib' '--enable-multilib' '--with-cross-host=x86_64-build_apple-darwin14.0.0' '--disable-newlib-io-c99-formats' '--disable-newlib-io-long-long' '--disable-newlib-io-float' '--disable-newlib-io-long-double' '--enable-newlib-supplied-syscalls' '--enable-target-optspace' '--program-transform-name=s&^&xtensa-lx106-elf-&' '--with-target-subdir=xtensa-lx106-elf' '--build=x86_64-apple-darwin14.0.0' '--host=xtensa-lx106-elf' '--target=xtensa-lx106-elf' 'build_alias=x86_64-apple-darwin14.0.0' 'host_alias=xtensa-lx106-elf' 'target_alias=xtensa-lx106-elf' 'CC=xtensa-lx106-elf-cc -B/Volumes/ESPTools/esp-open-sdk/crosstool-NG/.build/xtensa-lx106-elf/build/build-libc/xtensa-lx106-elf/newlib/ -isystem /Volumes/ESPTools/esp-open-sdk/crosstool-NG/.build/xtensa-lx106-elf/build/build-libc/xtensa-lx106-elf/newlib/targ-include -isystem /Volumes/ESPTools/esp-open-sdk/crosstool-NG/.build/src/newlib-2.0.0/newlib/libc/include   ' 'CFLAGS=-g -Os' 'LDFLAGS=' 'CPPFLAGS=' --cache-file=.././config.cache --srcdir=/Volumes/ESPTools/esp-open-sdk/crosstool-NG/.build/src/newlib-2.0.0/newlib/libm
configure:14936: === configuring in doc (/Volumes/ESPTools/esp-open-sdk/crosstool-NG/.build/xtensa-lx106-elf/build/build-libc/xtensa-lx106-elf/newlib/doc)
configure:14999: running /bin/bash /Volumes/ESPTools/esp-open-sdk/crosstool-NG/.build/src/newlib-2.0.0/newlib/doc/configure --disable-option-checking '--prefix=/esptools/esp-open-sdk/xtensa-lx106-elf'  '--with-newlib' '--enable-multilib' '--with-cross-host=x86_64-build_apple-darwin14.0.0' '--disable-newlib-io-c99-formats' '--disable-newlib-io-long-long' '--disable-newlib-io-float' '--disable-newlib-io-long-double' '--enable-newlib-supplied-syscalls' '--enable-target-optspace' '--program-transform-name=s&^&xtensa-lx106-elf-&' '--with-target-subdir=xtensa-lx106-elf' '--build=x86_64-apple-darwin14.0.0' '--host=xtensa-lx106-elf' '--target=xtensa-lx106-elf' 'build_alias=x86_64-apple-darwin14.0.0' 'host_alias=xtensa-lx106-elf' 'target_alias=xtensa-lx106-elf' 'CC=xtensa-lx106-elf-cc -B/Volumes/ESPTools/esp-open-sdk/crosstool-NG/.build/xtensa-lx106-elf/build/build-libc/xtensa-lx106-elf/newlib/ -isystem /Volumes/ESPTools/esp-open-sdk/crosstool-NG/.build/xtensa-lx106-elf/build/build-libc/xtensa-lx106-elf/newlib/targ-include -isystem /Volumes/ESPTools/esp-open-sdk/crosstool-NG/.build/src/newlib-2.0.0/newlib/libc/include   ' 'CFLAGS=-g -Os' 'LDFLAGS=' 'CPPFLAGS=' --cache-file=.././config.cache --srcdir=/Volumes/ESPTools/esp-open-sdk/crosstool-NG/.build/src/newlib-2.0.0/newlib/doc

## ---------------- ##
## Cache variables. ##
## ---------------- ##

ac_cv_build=x86_64-apple-darwin14.0.0
ac_cv_c_compiler_gnu=yes
ac_cv_env_CCASFLAGS_set=
ac_cv_env_CCASFLAGS_value=
ac_cv_env_CCAS_set=
ac_cv_env_CCAS_value=
ac_cv_env_CC_set=set
ac_cv_env_CC_value='xtensa-lx106-elf-cc -B/Volumes/ESPTools/esp-open-sdk/crosstool-NG/.build/xtensa-lx106-elf/build/build-libc/xtensa-lx106-elf/newlib/ -isystem /Volumes/ESPTools/esp-open-sdk/crosstool-NG/.build/xtensa-lx106-elf/build/build-libc/xtensa-lx106-elf/newlib/targ-include -isystem /Volumes/ESPTools/esp-open-sdk/crosstool-NG/.build/src/newlib-2.0.0/newlib/libc/include   '
ac_cv_env_CFLAGS_set=set
ac_cv_env_CFLAGS_value='-g -Os'
ac_cv_env_CPPFLAGS_set=set
ac_cv_env_CPPFLAGS_value=
ac_cv_env_CPP_set=
ac_cv_env_CPP_value=
ac_cv_env_LDFLAGS_set=set
ac_cv_env_LDFLAGS_value=
ac_cv_env_LIBS_set=
ac_cv_env_LIBS_value=
ac_cv_env_build_alias_set=set
ac_cv_env_build_alias_value=x86_64-apple-darwin14.0.0
ac_cv_env_host_alias_set=set
ac_cv_env_host_alias_value=xtensa-lx106-elf
ac_cv_env_target_alias_set=set
ac_cv_env_target_alias_value=xtensa-lx106-elf
ac_cv_host=xtensa-lx106-elf
ac_cv_path_SED=/Volumes/ESPTools/esp-open-sdk/crosstool-NG/.build/tools/bin/sed
ac_cv_prog_AR=/Volumes/ESPTools/esp-open-sdk/crosstool-NG/.build/xtensa-lx106-elf/buildtools/lib/gcc/xtensa-lx106-elf/4.8.2/../../../../xtensa-lx106-elf/bin/ar
ac_cv_prog_AS=/Volumes/ESPTools/esp-open-sdk/crosstool-NG/.build/xtensa-lx106-elf/buildtools/lib/gcc/xtensa-lx106-elf/4.8.2/../../../../xtensa-lx106-elf/bin/as
ac_cv_prog_AWK=gawk
ac_cv_prog_CC='xtensa-lx106-elf-cc -B/Volumes/ESPTools/esp-open-sdk/crosstool-NG/.build/xtensa-lx106-elf/build/build-libc/xtensa-lx106-elf/newlib/ -isystem /Volumes/ESPTools/esp-open-sdk/crosstool-NG/.build/xtensa-lx106-elf/build/build-libc/xtensa-lx106-elf/newlib/targ-include -isystem /Volumes/ESPTools/esp-open-sdk/crosstool-NG/.build/src/newlib-2.0.0/newlib/libc/include   '
ac_cv_prog_RANLIB=/Volumes/ESPTools/esp-open-sdk/crosstool-NG/.build/xtensa-lx106-elf/buildtools/lib/gcc/xtensa-lx106-elf/4.8.2/../../../../xtensa-lx106-elf/bin/ranlib
ac_cv_prog_READELF=xtensa-lx106-elf-readelf
ac_cv_prog_STRIP=/Volumes/ESPTools/esp-open-sdk/crosstool-NG/.build/xtensa-lx106-elf/buildtools/lib/gcc/xtensa-lx106-elf/4.8.2/../../../../xtensa-lx106-elf/bin/strip
ac_cv_prog_cc_g=no
ac_cv_prog_make__Applications_Xcode_app_Contents_Developer_usr_bin_make_set=yes
acnewlib_cv_type_long_double=yes
am_cv_CC_dependencies_compiler_type=gcc3
libc_cv_initfinit_array=yes
newlib_cv_ldbl_eq_dbl=yes

## ----------------- ##
## Output variables. ##
## ----------------- ##

ACLOCAL='${SHELL} /Volumes/ESPTools/esp-open-sdk/crosstool-NG/.build/src/newlib-2.0.0/missing --run aclocal-1.11'
AMDEPBACKSLASH='\'
AMDEP_FALSE='#'
AMDEP_TRUE=''
AMTAR='$${TAR-tar}'
AR='/Volumes/ESPTools/esp-open-sdk/crosstool-NG/.build/xtensa-lx106-elf/buildtools/lib/gcc/xtensa-lx106-elf/4.8.2/../../../../xtensa-lx106-elf/bin/ar'
AS='/Volumes/ESPTools/esp-open-sdk/crosstool-NG/.build/xtensa-lx106-elf/buildtools/lib/gcc/xtensa-lx106-elf/4.8.2/../../../../xtensa-lx106-elf/bin/as'
AUTOCONF='${SHELL} /Volumes/ESPTools/esp-open-sdk/crosstool-NG/.build/src/newlib-2.0.0/missing --run autoconf'
AUTOHEADER='${SHELL} /Volumes/ESPTools/esp-open-sdk/crosstool-NG/.build/src/newlib-2.0.0/missing --run autoheader'
AUTOMAKE='${SHELL} /Volumes/ESPTools/esp-open-sdk/crosstool-NG/.build/src/newlib-2.0.0/missing --run automake-1.11'
AWK='gawk'
CC='xtensa-lx106-elf-cc -B/Volumes/ESPTools/esp-open-sdk/crosstool-NG/.build/xtensa-lx106-elf/build/build-libc/xtensa-lx106-elf/newlib/ -isystem /Volumes/ESPTools/esp-open-sdk/crosstool-NG/.build/xtensa-lx106-elf/build/build-libc/xtensa-lx106-elf/newlib/targ-include -isystem /Volumes/ESPTools/esp-open-sdk/crosstool-NG/.build/src/newlib-2.0.0/newlib/libc/include   '
CCAS='xtensa-lx106-elf-cc -B/Volumes/ESPTools/esp-open-sdk/crosstool-NG/.build/xtensa-lx106-elf/build/build-libc/xtensa-lx106-elf/newlib/ -isystem /Volumes/ESPTools/esp-open-sdk/crosstool-NG/.build/xtensa-lx106-elf/build/build-libc/xtensa-lx106-elf/newlib/targ-include -isystem /Volumes/ESPTools/esp-open-sdk/crosstool-NG/.build/src/newlib-2.0.0/newlib/libc/include   '
CCASFLAGS='-g -Os'
CCDEPMODE='depmode=gcc3'
CC_FOR_BUILD='x86_64-build_apple-darwin14.0.0-gcc'
CC_FOR_NEWLIB='xtensa-lx106-elf-cc -B/Volumes/ESPTools/esp-open-sdk/crosstool-NG/.build/xtensa-lx106-elf/build/build-libc/xtensa-lx106-elf/newlib/ -isystem /Volumes/ESPTools/esp-open-sdk/crosstool-NG/.build/xtensa-lx106-elf/build/build-libc/xtensa-lx106-elf/newlib/targ-include -isystem /Volumes/ESPTools/esp-open-sdk/crosstool-NG/.build/src/newlib-2.0.0/newlib/libc/include   '
CFLAGS='-g -Os'
CPP=''
CPPFLAGS=''
CRT0='crt0.o'
CRT0_DIR='libc/'
CRT1=''
CRT1_DIR=''
CYGPATH_W='echo'
DEFS='-DHAVE_CONFIG_H'
DEPDIR='.deps'
DLLTOOL='xtensa-lx106-elf-dlltool'
DSYMUTIL=''
DUMPBIN=''
ECHO_C=''
ECHO_N='-n'
ECHO_T=''
EGREP=''
ELIX_LEVEL_0_FALSE='#'
ELIX_LEVEL_0_TRUE=''
ELIX_LEVEL_1_FALSE=''
ELIX_LEVEL_1_TRUE='#'
ELIX_LEVEL_2_FALSE=''
ELIX_LEVEL_2_TRUE='#'
ELIX_LEVEL_3_FALSE=''
ELIX_LEVEL_3_TRUE='#'
ELIX_LEVEL_4_FALSE=''
ELIX_LEVEL_4_TRUE='#'
EXEEXT=''
EXTRA_DIRS=''
FGREP=''
GREP=''
HAVE_DOC_FALSE='#'
HAVE_DOC_TRUE=''
HAVE_LONG_DOUBLE_FALSE='#'
HAVE_LONG_DOUBLE_TRUE=''
INSTALL_DATA='/Volumes/ESPTools/esp-open-sdk/crosstool-NG/.build/tools/bin/install -c -m 644'
INSTALL_PROGRAM='/Volumes/ESPTools/esp-open-sdk/crosstool-NG/.build/tools/bin/install -c'
INSTALL_SCRIPT='/Volumes/ESPTools/esp-open-sdk/crosstool-NG/.build/tools/bin/install -c'
INSTALL_STRIP_PROGRAM='$(install_sh) -c -s'
LD='/Volumes/ESPTools/esp-open-sdk/crosstool-NG/.build/xtensa-lx106-elf/buildtools/lib/gcc/xtensa-lx106-elf/4.8.2/../../../../xtensa-lx106-elf/bin/ld'
LDFLAGS=''
LIBM_MACHINE_OBJECTLIST='libm/machine/xtensa/objectlist.awk.in'
LIBOBJS=''
LIBS=''
LIBTOOL=''
LIPO='xtensa-lx106-elf-lipo'
LN_S=''
LTLIBOBJS=''
MACHINE_OBJECTLIST='libc/machine/xtensa/objectlist.awk.in'
MAINT='#'
MAINTAINER_MODE_FALSE=''
MAINTAINER_MODE_TRUE='#'
MAKEINFO='makeinfo --split-size=5000000'
MAY_SUPPLY_SYSCALLS_FALSE='#'
MAY_SUPPLY_SYSCALLS_TRUE=''
MKDIR_P='/Volumes/ESPTools/esp-open-sdk/crosstool-NG/.build/src/newlib-2.0.0/newlib/../install-sh -c -d'
NEWLIB_CFLAGS=' -Os -mlongcalls -DREENTRANT_SYSCALLS_PROVIDED -DNO_FLOATING_POINT -DHAVE_RENAME_R -DHAVE_GETTIMEOFDAY -I. -fno-builtin'
NEWLIB_HW_FP_FALSE=''
NEWLIB_HW_FP_TRUE='#'
NM='xtensa-lx106-elf-nm'
NMEDIT=''
NO_INCLUDE_LIST=' rpc/types.h rpc/xdr.h'
OBJDUMP='xtensa-lx106-elf-objdump'
OBJEXT='o'
OTOOL64=''
OTOOL=''
PACKAGE='newlib'
PACKAGE_BUGREPORT=''
PACKAGE_NAME='newlib'
PACKAGE_STRING='newlib 2.0.0'
PACKAGE_TARNAME='newlib'
PACKAGE_URL=''
PACKAGE_VERSION='2.0.0'
PATH_SEPARATOR=':'
POSIX_OBJECTLIST=''
RANLIB='/Volumes/ESPTools/esp-open-sdk/crosstool-NG/.build/xtensa-lx106-elf/buildtools/lib/gcc/xtensa-lx106-elf/4.8.2/../../../../xtensa-lx106-elf/bin/ranlib'
READELF='xtensa-lx106-elf-readelf'
SED='/Volumes/ESPTools/esp-open-sdk/crosstool-NG/.build/tools/bin/sed'
SET_MAKE=''
SHELL='/bin/bash'
SIGNAL_OBJECTLIST='libc/signal/objectlist.awk.in'
STDIO64_OBJECTLIST=''
STRIP='/Volumes/ESPTools/esp-open-sdk/crosstool-NG/.build/xtensa-lx106-elf/buildtools/lib/gcc/xtensa-lx106-elf/4.8.2/../../../../xtensa-lx106-elf/bin/strip'
SYSCALL_OBJECTLIST='libc/syscalls/objectlist.awk.in'
SYS_MACH_OBJECTLIST=''
SYS_OBJECTLIST='libc/sys/xtensa/objectlist.awk.in'
UNIX_OBJECTLIST=''
USE_LIBTOOL_FALSE=''
USE_LIBTOOL_TRUE='#'
VERSION='2.0.0'
ac_ct_CC=''
ac_ct_DUMPBIN=''
aext='a'
am__EXEEXT_FALSE=''
am__EXEEXT_TRUE='#'
am__fastdepCC_FALSE='#'
am__fastdepCC_TRUE=''
am__include='include'
am__isrc=' -I$(srcdir)'
am__leading_dot='.'
am__nodep='_no'
am__quote=''
am__tar='$${TAR-tar} chof - "$$tardir"'
am__untar='$${TAR-tar} xf -'
bindir='${exec_prefix}/bin'
build='x86_64-apple-darwin14.0.0'
build_alias='x86_64-apple-darwin14.0.0'
build_cpu='x86_64'
build_os='darwin14.0.0'
build_vendor='apple'
datadir='${datarootdir}'
datarootdir='${prefix}/share'
docdir='${datarootdir}/doc/${PACKAGE_TARNAME}'
dvidir='${docdir}'
exec_prefix='${prefix}'
host='xtensa-lx106-elf'
host_alias='xtensa-lx106-elf'
host_cpu='xtensa'
host_os='elf'
host_vendor='lx106'
htmldir='${docdir}'
includedir='${prefix}/include'
infodir='${datarootdir}/info'
install_sh='${SHELL} /Volumes/ESPTools/esp-open-sdk/crosstool-NG/.build/src/newlib-2.0.0/install-sh'
libc_cv_initfinit_array='yes'
libdir='${exec_prefix}/lib'
libexecdir='${exec_prefix}/libexec'
libm_machine_dir='xtensa'
localedir='${datarootdir}/locale'
localstatedir='${prefix}/var'
lpfx='lib_a-'
machine_dir='xtensa'
mandir='${datarootdir}/man'
mkdir_p='/Volumes/ESPTools/esp-open-sdk/crosstool-NG/.build/src/newlib-2.0.0/newlib/../install-sh -c -d'
newlib_basedir='/Volumes/ESPTools/esp-open-sdk/crosstool-NG/.build/src/newlib-2.0.0/newlib/.'
oext='o'
oldincludedir='/usr/include'
pdfdir='${docdir}'
prefix='/esptools/esp-open-sdk/xtensa-lx106-elf'
program_transform_name='s&^&xtensa-lx106-elf-&'
psdir='${docdir}'
sbindir='${exec_prefix}/sbin'
sharedstatedir='${prefix}/com'
subdirs=' libc libm doc'
sys_dir='xtensa'
sysconfdir='${prefix}/etc'
target_alias='xtensa-lx106-elf'

## ----------- ##
## confdefs.h. ##
## ----------- ##

/* confdefs.h */
#define PACKAGE_NAME "newlib"
#define PACKAGE_TARNAME "newlib"
#define PACKAGE_VERSION "2.0.0"
#define PACKAGE_STRING "newlib 2.0.0"
#define PACKAGE_BUGREPORT ""
#define PACKAGE_URL ""
#define _MB_LEN_MAX 1
#define _NEWLIB_VERSION "2.0.0"
#define _ATEXIT_DYNAMIC_ALLOC 1
#define HAVE_INITFINI_ARRAY 1
#define _HAVE_LONG_DOUBLE 1
#define _LDBL_EQ_DBL 1

configure: exit 0
