This file contains any messages produced by compilers while
running configure, to aid debugging if configure makes a mistake.

It was created by package-unused configure version-unused, which was
generated by GNU Autoconf 2.64.  Invocation command line was

  $ /Volumes/ESPTools/esp-open-sdk/crosstool-NG/.build/src/gcc-4.8.2/libbacktrace/configure --cache-file=./config.cache --prefix=/esptools/esp-open-sdk/xtensa-lx106-elf --with-local-prefix=/esptools/esp-open-sdk/xtensa-lx106-elf/xtensa-lx106-elf/sysroot --with-sysroot=/esptools/esp-open-sdk/xtensa-lx106-elf/xtensa-lx106-elf/sysroot --with-newlib --enable-threads=no --disable-shared --with-pkgversion=crosstool-NG 1.20.0 --disable-__cxa_atexit --with-gmp=/Volumes/ESPTools/esp-open-sdk/crosstool-NG/.build/xtensa-lx106-elf/buildtools --with-mpfr=/Volumes/ESPTools/esp-open-sdk/crosstool-NG/.build/xtensa-lx106-elf/buildtools --with-mpc=/Volumes/ESPTools/esp-open-sdk/crosstool-NG/.build/xtensa-lx106-elf/buildtools --with-isl=/Volumes/ESPTools/esp-open-sdk/crosstool-NG/.build/xtensa-lx106-elf/buildtools --with-cloog=/Volumes/ESPTools/esp-open-sdk/crosstool-NG/.build/xtensa-lx106-elf/buildtools --with-libelf=/Volumes/ESPTools/esp-open-sdk/crosstool-NG/.build/xtensa-lx106-elf/buildtools --enable-lto --enable-target-optspace --disable-libgomp --disable-libmudflap --disable-nls --disable-multilib --enable-languages=c,c++,lto --program-transform-name=s&^&xtensa-lx106-elf-& --disable-option-checking --build=x86_64-build_apple-darwin14.0.0 --host=x86_64-build_apple-darwin14.0.0 --target=xtensa-lx106-elf --srcdir=/Volumes/ESPTools/esp-open-sdk/crosstool-NG/.build/src/gcc-4.8.2/libbacktrace

## --------- ##
## Platform. ##
## --------- ##

hostname = Macintosh-2.local
uname -m = x86_64
uname -r = 14.0.0
uname -s = Darwin
uname -v = Darwin Kernel Version 14.0.0: Fri Sep 19 00:26:44 PDT 2014; root:xnu-2782.1.97~2/RELEASE_X86_64

/usr/bin/uname -p = i386
/bin/uname -X     = unknown

/bin/arch              = unknown
/usr/bin/arch -k       = unknown
/usr/convex/getsysinfo = unknown
/usr/bin/hostinfo      = Mach kernel version:
	 Darwin Kernel Version 14.0.0: Fri Sep 19 00:26:44 PDT 2014; root:xnu-2782.1.97~2/RELEASE_X86_64
Kernel configured for up to 8 processors.
4 processors are physically available.
8 processors are logically available.
Processor type: i486 (Intel 80486)
Processors active: 0 1 2 3 4 5 6 7
Primary memory available: 16.00 gigabytes
Default processor set: 311 tasks, 1633 threads, 8 processors
Load average: 2.59, Mach factor: 5.52
/bin/machine           = unknown
/usr/bin/oslevel       = unknown
/bin/universe          = unknown

PATH: /esptools/esp-open-sdk/xtensa-lx106-elf/bin
PATH: /Volumes/ESPTools/esp-open-sdk/crosstool-NG/.build/xtensa-lx106-elf/buildtools/bin
PATH: /Volumes/ESPTools/esp-open-sdk/crosstool-NG/.build/tools/bin
PATH: /opt/local/bin
PATH: /opt/local/sbin
PATH: /opt/local/bin
PATH: /opt/local/sbin
PATH: /usr/bin
PATH: /bin
PATH: /usr/sbin
PATH: /sbin
PATH: /usr/local/bin
PATH: /opt/local/bin/
PATH: /opt/X11/bin
PATH: /usr/local/git/bin
PATH: /usr/local/MacGPG2/bin


## ----------- ##
## Core tests. ##
## ----------- ##

configure:2374: creating cache ./config.cache
configure:2481: checking build system type
configure:2495: result: x86_64-build_apple-darwin14.0.0
configure:2515: checking host system type
configure:2528: result: x86_64-build_apple-darwin14.0.0
configure:2548: checking target system type
configure:2561: result: xtensa-lx106-elf
configure:2598: checking for x86_64-build_apple-darwin14.0.0-gcc
configure:2625: result: x86_64-build_apple-darwin14.0.0-gcc
configure:2894: checking for C compiler version
configure:2903: x86_64-build_apple-darwin14.0.0-gcc --version >&5
Apple LLVM version 6.0 (clang-600.0.57) (based on LLVM 3.5svn)
Target: x86_64-apple-darwin14.0.0
Thread model: posix
Configured with: --prefix=/Applications/Xcode.app/Contents/Developer/usr --with-gxx-include-dir=/usr/include/c++/4.2.1
configure:2914: $? = 0
configure:2903: x86_64-build_apple-darwin14.0.0-gcc -v >&5
Configured with: --prefix=/Applications/Xcode.app/Contents/Developer/usr --with-gxx-include-dir=/usr/include/c++/4.2.1
Apple LLVM version 6.0 (clang-600.0.57) (based on LLVM 3.5svn)
Target: x86_64-apple-darwin14.0.0
Thread model: posix
configure:2914: $? = 0
configure:2903: x86_64-build_apple-darwin14.0.0-gcc -V >&5
clang: error: argument to '-V' is missing (expected 1 value)
clang: error: no input files
configure:2914: $? = 1
configure:2903: x86_64-build_apple-darwin14.0.0-gcc -qversion >&5
clang: error: unknown argument: '-qversion'
clang: error: no input files
configure:2914: $? = 1
configure:2934: checking for C compiler default output file name
configure:2956: x86_64-build_apple-darwin14.0.0-gcc -O2 -g -pipe    -lstdc++ -lm conftest.c  >&5
configure:2960: $? = 0
configure:2997: result: a.out
configure:3013: checking whether the C compiler works
configure:3022: ./a.out
configure:3026: $? = 0
configure:3041: result: yes
configure:3048: checking whether we are cross compiling
configure:3050: result: no
configure:3053: checking for suffix of executables
configure:3060: x86_64-build_apple-darwin14.0.0-gcc -o conftest -O2 -g -pipe    -lstdc++ -lm conftest.c  >&5
configure:3064: $? = 0
configure:3086: result: 
configure:3092: checking for suffix of object files
configure:3114: x86_64-build_apple-darwin14.0.0-gcc -c -O2 -g -pipe   conftest.c >&5
configure:3118: $? = 0
configure:3139: result: o
configure:3143: checking whether we are using the GNU C compiler
configure:3162: x86_64-build_apple-darwin14.0.0-gcc -c -O2 -g -pipe   conftest.c >&5
configure:3162: $? = 0
configure:3171: result: yes
configure:3180: checking whether x86_64-build_apple-darwin14.0.0-gcc accepts -g
configure:3200: x86_64-build_apple-darwin14.0.0-gcc -c -g  conftest.c >&5
configure:3200: $? = 0
configure:3241: result: yes
configure:3258: checking for x86_64-build_apple-darwin14.0.0-gcc option to accept ISO C89
configure:3322: x86_64-build_apple-darwin14.0.0-gcc  -c -O2 -g -pipe   conftest.c >&5
configure:3322: $? = 0
configure:3335: result: none needed
configure:3361: checking how to run the C preprocessor
configure:3392: x86_64-build_apple-darwin14.0.0-gcc -E  conftest.c
configure:3392: $? = 0
configure:3406: x86_64-build_apple-darwin14.0.0-gcc -E  conftest.c
conftest.c:9:10: fatal error: 'ac_nonexistent.h' file not found
#include <ac_nonexistent.h>
         ^
1 error generated.
configure:3406: $? = 1
configure: failed program was:
| /* confdefs.h */
| #define PACKAGE_NAME "package-unused"
| #define PACKAGE_TARNAME "libbacktrace"
| #define PACKAGE_VERSION "version-unused"
| #define PACKAGE_STRING "package-unused version-unused"
| #define PACKAGE_BUGREPORT ""
| #define PACKAGE_URL ""
| /* end confdefs.h.  */
| #include <ac_nonexistent.h>
configure:3431: result: x86_64-build_apple-darwin14.0.0-gcc -E
configure:3451: x86_64-build_apple-darwin14.0.0-gcc -E  conftest.c
configure:3451: $? = 0
configure:3465: x86_64-build_apple-darwin14.0.0-gcc -E  conftest.c
conftest.c:9:10: fatal error: 'ac_nonexistent.h' file not found
#include <ac_nonexistent.h>
         ^
1 error generated.
configure:3465: $? = 1
configure: failed program was:
| /* confdefs.h */
| #define PACKAGE_NAME "package-unused"
| #define PACKAGE_TARNAME "libbacktrace"
| #define PACKAGE_VERSION "version-unused"
| #define PACKAGE_STRING "package-unused version-unused"
| #define PACKAGE_BUGREPORT ""
| #define PACKAGE_URL ""
| /* end confdefs.h.  */
| #include <ac_nonexistent.h>
configure:3494: checking for grep that handles long lines and -e
configure:3552: result: /Volumes/ESPTools/esp-open-sdk/crosstool-NG/.build/tools/bin/grep
configure:3557: checking for egrep
configure:3619: result: /Volumes/ESPTools/esp-open-sdk/crosstool-NG/.build/tools/bin/grep -E
configure:3624: checking for ANSI C header files
configure:3644: x86_64-build_apple-darwin14.0.0-gcc -c -O2 -g -pipe   conftest.c >&5
configure:3644: $? = 0
configure:3717: x86_64-build_apple-darwin14.0.0-gcc -o conftest -O2 -g -pipe    -lstdc++ -lm conftest.c  >&5
configure:3717: $? = 0
configure:3717: ./conftest
configure:3717: $? = 0
configure:3728: result: yes
configure:3741: checking for sys/types.h
configure:3741: x86_64-build_apple-darwin14.0.0-gcc -c -O2 -g -pipe   conftest.c >&5
configure:3741: $? = 0
configure:3741: result: yes
configure:3741: checking for sys/stat.h
configure:3741: x86_64-build_apple-darwin14.0.0-gcc -c -O2 -g -pipe   conftest.c >&5
configure:3741: $? = 0
configure:3741: result: yes
configure:3741: checking for stdlib.h
configure:3741: x86_64-build_apple-darwin14.0.0-gcc -c -O2 -g -pipe   conftest.c >&5
configure:3741: $? = 0
configure:3741: result: yes
configure:3741: checking for string.h
configure:3741: x86_64-build_apple-darwin14.0.0-gcc -c -O2 -g -pipe   conftest.c >&5
configure:3741: $? = 0
configure:3741: result: yes
configure:3741: checking for memory.h
configure:3741: x86_64-build_apple-darwin14.0.0-gcc -c -O2 -g -pipe   conftest.c >&5
configure:3741: $? = 0
configure:3741: result: yes
configure:3741: checking for strings.h
configure:3741: x86_64-build_apple-darwin14.0.0-gcc -c -O2 -g -pipe   conftest.c >&5
configure:3741: $? = 0
configure:3741: result: yes
configure:3741: checking for inttypes.h
configure:3741: x86_64-build_apple-darwin14.0.0-gcc -c -O2 -g -pipe   conftest.c >&5
configure:3741: $? = 0
configure:3741: result: yes
configure:3741: checking for stdint.h
configure:3741: x86_64-build_apple-darwin14.0.0-gcc -c -O2 -g -pipe   conftest.c >&5
configure:3741: $? = 0
configure:3741: result: yes
configure:3741: checking for unistd.h
configure:3741: x86_64-build_apple-darwin14.0.0-gcc -c -O2 -g -pipe   conftest.c >&5
configure:3741: $? = 0
configure:3741: result: yes
configure:3755: checking minix/config.h usability
configure:3755: x86_64-build_apple-darwin14.0.0-gcc -c -O2 -g -pipe   conftest.c >&5
conftest.c:52:10: fatal error: 'minix/config.h' file not found
#include <minix/config.h>
         ^
1 error generated.
configure:3755: $? = 1
configure: failed program was:
| /* confdefs.h */
| #define PACKAGE_NAME "package-unused"
| #define PACKAGE_TARNAME "libbacktrace"
| #define PACKAGE_VERSION "version-unused"
| #define PACKAGE_STRING "package-unused version-unused"
| #define PACKAGE_BUGREPORT ""
| #define PACKAGE_URL ""
| #define STDC_HEADERS 1
| #define HAVE_SYS_TYPES_H 1
| #define HAVE_SYS_STAT_H 1
| #define HAVE_STDLIB_H 1
| #define HAVE_STRING_H 1
| #define HAVE_MEMORY_H 1
| #define HAVE_STRINGS_H 1
| #define HAVE_INTTYPES_H 1
| #define HAVE_STDINT_H 1
| #define HAVE_UNISTD_H 1
| /* end confdefs.h.  */
| #include <stdio.h>
| #ifdef HAVE_SYS_TYPES_H
| # include <sys/types.h>
| #endif
| #ifdef HAVE_SYS_STAT_H
| # include <sys/stat.h>
| #endif
| #ifdef STDC_HEADERS
| # include <stdlib.h>
| # include <stddef.h>
| #else
| # ifdef HAVE_STDLIB_H
| #  include <stdlib.h>
| # endif
| #endif
| #ifdef HAVE_STRING_H
| # if !defined STDC_HEADERS && defined HAVE_MEMORY_H
| #  include <memory.h>
| # endif
| # include <string.h>
| #endif
| #ifdef HAVE_STRINGS_H
| # include <strings.h>
| #endif
| #ifdef HAVE_INTTYPES_H
| # include <inttypes.h>
| #endif
| #ifdef HAVE_STDINT_H
| # include <stdint.h>
| #endif
| #ifdef HAVE_UNISTD_H
| # include <unistd.h>
| #endif
| #include <minix/config.h>
configure:3755: result: no
configure:3755: checking minix/config.h presence
configure:3755: x86_64-build_apple-darwin14.0.0-gcc -E  conftest.c
conftest.c:19:10: fatal error: 'minix/config.h' file not found
#include <minix/config.h>
         ^
1 error generated.
configure:3755: $? = 1
configure: failed program was:
| /* confdefs.h */
| #define PACKAGE_NAME "package-unused"
| #define PACKAGE_TARNAME "libbacktrace"
| #define PACKAGE_VERSION "version-unused"
| #define PACKAGE_STRING "package-unused version-unused"
| #define PACKAGE_BUGREPORT ""
| #define PACKAGE_URL ""
| #define STDC_HEADERS 1
| #define HAVE_SYS_TYPES_H 1
| #define HAVE_SYS_STAT_H 1
| #define HAVE_STDLIB_H 1
| #define HAVE_STRING_H 1
| #define HAVE_MEMORY_H 1
| #define HAVE_STRINGS_H 1
| #define HAVE_INTTYPES_H 1
| #define HAVE_STDINT_H 1
| #define HAVE_UNISTD_H 1
| /* end confdefs.h.  */
| #include <minix/config.h>
configure:3755: result: no
configure:3755: checking for minix/config.h
configure:3755: result: no
configure:3776: checking whether it is safe to define __EXTENSIONS__
configure:3794: x86_64-build_apple-darwin14.0.0-gcc -c -O2 -g -pipe   conftest.c >&5
configure:3794: $? = 0
configure:3801: result: yes
configure:3844: checking for a BSD-compatible install
configure:3912: result: /Volumes/ESPTools/esp-open-sdk/crosstool-NG/.build/tools/bin/install -c
configure:3923: checking whether build environment is sane
configure:3973: result: yes
configure:4114: checking for a thread-safe mkdir -p
configure:4153: result: /Volumes/ESPTools/esp-open-sdk/crosstool-NG/.build/src/gcc-4.8.2/libbacktrace/../install-sh -c -d
configure:4166: checking for gawk
configure:4193: result: gawk
configure:4204: checking whether make sets $(MAKE)
configure:4226: result: yes
configure:4299: checking whether to enable maintainer-specific portions of Makefiles
configure:4308: result: no
configure:4342: checking for x86_64-build_apple-darwin14.0.0-gcc
configure:4369: result: x86_64-build_apple-darwin14.0.0-gcc
configure:4638: checking for C compiler version
configure:4647: x86_64-build_apple-darwin14.0.0-gcc --version >&5
Apple LLVM version 6.0 (clang-600.0.57) (based on LLVM 3.5svn)
Target: x86_64-apple-darwin14.0.0
Thread model: posix
Configured with: --prefix=/Applications/Xcode.app/Contents/Developer/usr --with-gxx-include-dir=/usr/include/c++/4.2.1
configure:4658: $? = 0
configure:4647: x86_64-build_apple-darwin14.0.0-gcc -v >&5
Configured with: --prefix=/Applications/Xcode.app/Contents/Developer/usr --with-gxx-include-dir=/usr/include/c++/4.2.1
Apple LLVM version 6.0 (clang-600.0.57) (based on LLVM 3.5svn)
Target: x86_64-apple-darwin14.0.0
Thread model: posix
configure:4658: $? = 0
configure:4647: x86_64-build_apple-darwin14.0.0-gcc -V >&5
clang: error: argument to '-V' is missing (expected 1 value)
clang: error: no input files
configure:4658: $? = 1
configure:4647: x86_64-build_apple-darwin14.0.0-gcc -qversion >&5
clang: error: unknown argument: '-qversion'
clang: error: no input files
configure:4658: $? = 1
configure:4662: checking whether we are using the GNU C compiler
configure:4690: result: yes
configure:4699: checking whether x86_64-build_apple-darwin14.0.0-gcc accepts -g
configure:4760: result: yes
configure:4777: checking for x86_64-build_apple-darwin14.0.0-gcc option to accept ISO C89
configure:4854: result: none needed
configure:4881: checking for x86_64-build_apple-darwin14.0.0-ranlib
configure:4908: result: x86_64-build_apple-darwin14.0.0-ranlib
configure:4975: checking for gawk
configure:5002: result: gawk
configure:5063: checking how to print strings
configure:5090: result: printf
configure:5111: checking for a sed that does not truncate output
configure:5175: result: /Volumes/ESPTools/esp-open-sdk/crosstool-NG/.build/tools/bin/sed
configure:5193: checking for fgrep
configure:5255: result: /Volumes/ESPTools/esp-open-sdk/crosstool-NG/.build/tools/bin/grep -F
configure:5290: checking for ld used by x86_64-build_apple-darwin14.0.0-gcc
configure:5357: result: /Applications/Xcode.app/Contents/Developer/Toolchains/XcodeDefault.xctoolchain/usr/bin/ld
configure:5364: checking if the linker (/Applications/Xcode.app/Contents/Developer/Toolchains/XcodeDefault.xctoolchain/usr/bin/ld) is GNU ld
configure:5379: result: no
configure:5391: checking for BSD- or MS-compatible name lister (nm)
configure:5440: result: x86_64-build_apple-darwin14.0.0-nm
configure:5570: checking the name lister (x86_64-build_apple-darwin14.0.0-nm) interface
configure:5577: x86_64-build_apple-darwin14.0.0-gcc -c -O2 -g -pipe   conftest.c >&5
configure:5580: x86_64-build_apple-darwin14.0.0-nm "conftest.o"
configure:5583: output
0000000000000264 S _some_variable
configure:5590: result: BSD nm
configure:5593: checking whether ln -s works
configure:5597: result: yes
configure:5605: checking the maximum length of command line arguments
configure:5730: result: 196608
configure:5747: checking whether the shell understands some XSI constructs
configure:5757: result: yes
configure:5761: checking whether the shell understands "+="
configure:5767: result: yes
configure:5802: checking for /Applications/Xcode.app/Contents/Developer/Toolchains/XcodeDefault.xctoolchain/usr/bin/ld option to reload object files
configure:5809: result: -r
configure:5838: checking for x86_64-build_apple-darwin14.0.0-objdump
configure:5865: result: x86_64-build_apple-darwin14.0.0-objdump
configure:5937: checking how to recognize dependent libraries
configure:6138: result: pass_all
configure:6158: checking for x86_64-build_apple-darwin14.0.0-ar
configure:6185: result: x86_64-build_apple-darwin14.0.0-ar
configure:6263: checking for x86_64-build_apple-darwin14.0.0-strip
configure:6279: found /Volumes/ESPTools/esp-open-sdk/crosstool-NG/.build/xtensa-lx106-elf/buildtools/bin/x86_64-build_apple-darwin14.0.0-strip
configure:6290: result: x86_64-build_apple-darwin14.0.0-strip
configure:6362: checking for x86_64-build_apple-darwin14.0.0-ranlib
configure:6389: result: x86_64-build_apple-darwin14.0.0-ranlib
configure:6531: checking command to parse x86_64-build_apple-darwin14.0.0-nm output from x86_64-build_apple-darwin14.0.0-gcc object
configure:6649: x86_64-build_apple-darwin14.0.0-gcc -c -O2 -g -pipe   conftest.c >&5
configure:6652: $? = 0
configure:6656: x86_64-build_apple-darwin14.0.0-nm conftest.o \| sed -n -e 's/^.*[ ]\([BCDEGRST][BCDEGRST]*\)[ ][ ]*\([_A-Za-z][_A-Za-z0-9]*\)$/\1 \2 \2/p' \> conftest.nm
configure:6659: $? = 0
cannot find nm_test_var in conftest.nm
configure:6649: x86_64-build_apple-darwin14.0.0-gcc -c -O2 -g -pipe   conftest.c >&5
configure:6652: $? = 0
configure:6656: x86_64-build_apple-darwin14.0.0-nm conftest.o \| sed -n -e 's/^.*[ ]\([BCDEGRST][BCDEGRST]*\)[ ][ ]*_\([_A-Za-z][_A-Za-z0-9]*\)$/\1 _\2 \2/p' \> conftest.nm
configure:6659: $? = 0
configure:6713: x86_64-build_apple-darwin14.0.0-gcc -o conftest -O2 -g -pipe    -lstdc++ -lm conftest.c conftstm.o >&5
configure:6716: $? = 0
configure:6754: result: ok
configure:6985: checking for x86_64-build_apple-darwin14.0.0-dsymutil
configure:7015: result: no
configure:7025: checking for dsymutil
configure:7041: found /usr/bin/dsymutil
configure:7052: result: dsymutil
configure:7077: checking for x86_64-build_apple-darwin14.0.0-nmedit
configure:7107: result: no
configure:7117: checking for nmedit
configure:7133: found /usr/bin/nmedit
configure:7144: result: nmedit
configure:7169: checking for x86_64-build_apple-darwin14.0.0-lipo
configure:7199: result: no
configure:7209: checking for lipo
configure:7225: found /usr/bin/lipo
configure:7236: result: lipo
configure:7261: checking for x86_64-build_apple-darwin14.0.0-otool
configure:7291: result: no
configure:7301: checking for otool
configure:7317: found /usr/bin/otool
configure:7328: result: otool
configure:7353: checking for x86_64-build_apple-darwin14.0.0-otool64
configure:7383: result: no
configure:7393: checking for otool64
configure:7423: result: no
configure:7468: checking for -single_module linker flag
x86_64-build_apple-darwin14.0.0-gcc -O2 -g -pipe   -lstdc++ -lm -o libconftest.dylib -dynamiclib -Wl,-single_module conftest.c
configure:7495: result: yes
configure:7497: checking for -exported_symbols_list linker flag
configure:7517: x86_64-build_apple-darwin14.0.0-gcc -o conftest -O2 -g -pipe    -lstdc++ -lm -Wl,-exported_symbols_list,conftest.sym conftest.c  >&5
configure:7517: $? = 0
configure:7527: result: yes
configure:7529: checking for -force_load linker flag
x86_64-build_apple-darwin14.0.0-gcc -O2 -g -pipe  -c -o conftest.o conftest.c
x86_64-build_apple-darwin14.0.0-ar cru libconftest.a conftest.o
x86_64-build_apple-darwin14.0.0-gcc -O2 -g -pipe   -lstdc++ -lm -o conftest conftest.c -Wl,-force_load,./libconftest.a
configure:7557: result: yes
configure:7596: checking for dlfcn.h
configure:7596: x86_64-build_apple-darwin14.0.0-gcc -c -O2 -g -pipe   conftest.c >&5
configure:7596: $? = 0
configure:7596: result: yes
configure:7782: checking for objdir
configure:7797: result: .libs
configure:8068: checking if x86_64-build_apple-darwin14.0.0-gcc supports -fno-rtti -fno-exceptions
configure:8086: x86_64-build_apple-darwin14.0.0-gcc -c -O2 -g -pipe   -fno-rtti -fno-exceptions conftest.c >&5
configure:8090: $? = 0
configure:8103: result: yes
configure:8123: checking for x86_64-build_apple-darwin14.0.0-gcc option to produce PIC
configure:8409: result: -fno-common -DPIC
configure:8421: checking if x86_64-build_apple-darwin14.0.0-gcc PIC flag -fno-common -DPIC works
configure:8439: x86_64-build_apple-darwin14.0.0-gcc -c -O2 -g -pipe   -fno-common -DPIC -DPIC conftest.c >&5
configure:8443: $? = 0
configure:8456: result: yes
configure:8480: checking if x86_64-build_apple-darwin14.0.0-gcc static flag -static works
configure:8508: result: no
configure:8523: checking if x86_64-build_apple-darwin14.0.0-gcc supports -c -o file.o
configure:8544: x86_64-build_apple-darwin14.0.0-gcc -c -O2 -g -pipe   -o out/conftest2.o conftest.c >&5
configure:8548: $? = 0
configure:8570: result: yes
configure:8578: checking if x86_64-build_apple-darwin14.0.0-gcc supports -c -o file.o
configure:8625: result: yes
configure:8658: checking whether the x86_64-build_apple-darwin14.0.0-gcc linker (/Applications/Xcode.app/Contents/Developer/Toolchains/XcodeDefault.xctoolchain/usr/bin/ld) supports shared libraries
configure:9729: result: yes
configure:9974: checking dynamic linker characteristics
configure:10647: result: darwin14.0.0 dyld
configure:10754: checking how to hardcode library paths into programs
configure:10779: result: immediate
configure:11319: checking whether stripping libraries is possible
configure:11333: result: yes
configure:11359: checking if libtool supports shared libraries
configure:11361: result: yes
configure:11364: checking whether to build shared libraries
configure:11385: result: no
configure:11388: checking whether to build static libraries
configure:11392: result: yes
configure:11473: checking unwind.h usability
configure:11473: x86_64-build_apple-darwin14.0.0-gcc -c -O2 -g -pipe   conftest.c >&5
configure:11473: $? = 0
configure:11473: result: yes
configure:11473: checking unwind.h presence
configure:11473: x86_64-build_apple-darwin14.0.0-gcc -E  conftest.c
configure:11473: $? = 0
configure:11473: result: yes
configure:11473: checking for unwind.h
configure:11473: result: yes
configure:11475: checking for _Unwind_Backtrace
configure:11475: x86_64-build_apple-darwin14.0.0-gcc -o conftest -O2 -g -pipe    -lstdc++ -lm conftest.c  >&5
configure:11475: $? = 0
configure:11475: result: yes
configure:11496: checking for -funwind-tables option
configure:11514: x86_64-build_apple-darwin14.0.0-gcc -c -O2 -g -pipe  -funwind-tables  conftest.c >&5
configure:11514: $? = 0
configure:11522: result: yes
configure:11527: checking for -frandom-seed=string option
configure:11545: x86_64-build_apple-darwin14.0.0-gcc -c -O2 -g -pipe  -frandom-seed=conftest.lo  conftest.c >&5
configure:11545: $? = 0
configure:11553: result: yes
configure:11574: checking whether x86_64-build_apple-darwin14.0.0-gcc supports -W
configure:11591: x86_64-build_apple-darwin14.0.0-gcc -c -W  conftest.c >&5
configure:11591: $? = 0
configure:11600: result: yes
configure:11574: checking whether x86_64-build_apple-darwin14.0.0-gcc supports -Wall
configure:11591: x86_64-build_apple-darwin14.0.0-gcc -c -Wall  conftest.c >&5
configure:11591: $? = 0
configure:11600: result: yes
configure:11574: checking whether x86_64-build_apple-darwin14.0.0-gcc supports -Wwrite-strings
configure:11591: x86_64-build_apple-darwin14.0.0-gcc -c -Wwrite-strings  conftest.c >&5
configure:11591: $? = 0
configure:11600: result: yes
configure:11574: checking whether x86_64-build_apple-darwin14.0.0-gcc supports -Wstrict-prototypes
configure:11591: x86_64-build_apple-darwin14.0.0-gcc -c -Wstrict-prototypes  conftest.c >&5
configure:11591: $? = 0
configure:11600: result: yes
configure:11574: checking whether x86_64-build_apple-darwin14.0.0-gcc supports -Wmissing-prototypes
configure:11591: x86_64-build_apple-darwin14.0.0-gcc -c -Wmissing-prototypes  conftest.c >&5
configure:11591: $? = 0
configure:11600: result: yes
configure:11574: checking whether x86_64-build_apple-darwin14.0.0-gcc supports -Wold-style-definition
configure:11591: x86_64-build_apple-darwin14.0.0-gcc -c -Wold-style-definition  conftest.c >&5
configure:11591: $? = 0
configure:11600: result: yes
configure:11574: checking whether x86_64-build_apple-darwin14.0.0-gcc supports -Wmissing-format-attribute
configure:11591: x86_64-build_apple-darwin14.0.0-gcc -c -Wmissing-format-attribute  conftest.c >&5
configure:11591: $? = 0
configure:11600: result: yes
configure:11574: checking whether x86_64-build_apple-darwin14.0.0-gcc supports -Wcast-qual
configure:11591: x86_64-build_apple-darwin14.0.0-gcc -c -Wcast-qual  conftest.c >&5
configure:11591: $? = 0
configure:11600: result: yes
configure:11655: checking for _Unwind_GetIPInfo
configure:11670: x86_64-build_apple-darwin14.0.0-gcc -c -O2 -g -pipe  -Werror-implicit-function-declaration  conftest.c >&5
configure:11670: $? = 0
configure:11677: result: yes
configure:11696: checking __sync extensions
configure:11717: x86_64-build_apple-darwin14.0.0-gcc -o conftest -O2 -g -pipe    -lstdc++ -lm conftest.c  >&5
configure:11717: $? = 0
configure:11726: result: yes
configure:11740: checking output filetype
configure:11757: x86_64-build_apple-darwin14.0.0-gcc -c -O2 -g -pipe   conftest.c >&5
configure:11757: $? = 0
configure:11768: result: 
configure:11775: WARNING: could not determine output file type
configure:11814: checking for uintmax_t
configure:11814: x86_64-build_apple-darwin14.0.0-gcc -c -O2 -g -pipe   conftest.c >&5
configure:11814: $? = 0
configure:11814: x86_64-build_apple-darwin14.0.0-gcc -c -O2 -g -pipe   conftest.c >&5
conftest.c:35:24: error: expected expression
if (sizeof ((uintmax_t)))
                       ^
1 error generated.
configure:11814: $? = 1
configure: failed program was:
| /* confdefs.h */
| #define PACKAGE_NAME "package-unused"
| #define PACKAGE_TARNAME "libbacktrace"
| #define PACKAGE_VERSION "version-unused"
| #define PACKAGE_STRING "package-unused version-unused"
| #define PACKAGE_BUGREPORT ""
| #define PACKAGE_URL ""
| #define STDC_HEADERS 1
| #define HAVE_SYS_TYPES_H 1
| #define HAVE_SYS_STAT_H 1
| #define HAVE_STDLIB_H 1
| #define HAVE_STRING_H 1
| #define HAVE_MEMORY_H 1
| #define HAVE_STRINGS_H 1
| #define HAVE_INTTYPES_H 1
| #define HAVE_STDINT_H 1
| #define HAVE_UNISTD_H 1
| #define __EXTENSIONS__ 1
| #define _ALL_SOURCE 1
| #define _GNU_SOURCE 1
| #define _POSIX_PTHREAD_SEMANTICS 1
| #define _TANDEM_SOURCE 1
| #define HAVE_DLFCN_H 1
| #define LT_OBJDIR ".libs/"
| #define HAVE_GETIPINFO 1
| #define HAVE_SYNC_FUNCTIONS 1
| #define BACKTRACE_ELF_SIZE 
| /* end confdefs.h.  */
| #include <sys/types.h>
| #include <stdint.h>
| 
| int
| main ()
| {
| if (sizeof ((uintmax_t)))
| 	    return 0;
|   ;
|   return 0;
| }
configure:11814: result: yes
configure:11823: checking for uintptr_t
configure:11823: x86_64-build_apple-darwin14.0.0-gcc -c -O2 -g -pipe   conftest.c >&5
configure:11823: $? = 0
configure:11823: x86_64-build_apple-darwin14.0.0-gcc -c -O2 -g -pipe   conftest.c >&5
conftest.c:35:24: error: expected expression
if (sizeof ((uintptr_t)))
                       ^
1 error generated.
configure:11823: $? = 1
configure: failed program was:
| /* confdefs.h */
| #define PACKAGE_NAME "package-unused"
| #define PACKAGE_TARNAME "libbacktrace"
| #define PACKAGE_VERSION "version-unused"
| #define PACKAGE_STRING "package-unused version-unused"
| #define PACKAGE_BUGREPORT ""
| #define PACKAGE_URL ""
| #define STDC_HEADERS 1
| #define HAVE_SYS_TYPES_H 1
| #define HAVE_SYS_STAT_H 1
| #define HAVE_STDLIB_H 1
| #define HAVE_STRING_H 1
| #define HAVE_MEMORY_H 1
| #define HAVE_STRINGS_H 1
| #define HAVE_INTTYPES_H 1
| #define HAVE_STDINT_H 1
| #define HAVE_UNISTD_H 1
| #define __EXTENSIONS__ 1
| #define _ALL_SOURCE 1
| #define _GNU_SOURCE 1
| #define _POSIX_PTHREAD_SEMANTICS 1
| #define _TANDEM_SOURCE 1
| #define HAVE_DLFCN_H 1
| #define LT_OBJDIR ".libs/"
| #define HAVE_GETIPINFO 1
| #define HAVE_SYNC_FUNCTIONS 1
| #define BACKTRACE_ELF_SIZE 
| /* end confdefs.h.  */
| #include <sys/types.h>
| #include <stdint.h>
| 
| int
| main ()
| {
| if (sizeof ((uintptr_t)))
| 	    return 0;
|   ;
|   return 0;
| }
configure:11823: result: yes
configure:11832: checking for int_least32_t
configure:11832: x86_64-build_apple-darwin14.0.0-gcc -c -O2 -g -pipe   conftest.c >&5
configure:11832: $? = 0
configure:11832: x86_64-build_apple-darwin14.0.0-gcc -c -O2 -g -pipe   conftest.c >&5
conftest.c:35:28: error: expected expression
if (sizeof ((int_least32_t)))
                           ^
1 error generated.
configure:11832: $? = 1
configure: failed program was:
| /* confdefs.h */
| #define PACKAGE_NAME "package-unused"
| #define PACKAGE_TARNAME "libbacktrace"
| #define PACKAGE_VERSION "version-unused"
| #define PACKAGE_STRING "package-unused version-unused"
| #define PACKAGE_BUGREPORT ""
| #define PACKAGE_URL ""
| #define STDC_HEADERS 1
| #define HAVE_SYS_TYPES_H 1
| #define HAVE_SYS_STAT_H 1
| #define HAVE_STDLIB_H 1
| #define HAVE_STRING_H 1
| #define HAVE_MEMORY_H 1
| #define HAVE_STRINGS_H 1
| #define HAVE_INTTYPES_H 1
| #define HAVE_STDINT_H 1
| #define HAVE_UNISTD_H 1
| #define __EXTENSIONS__ 1
| #define _ALL_SOURCE 1
| #define _GNU_SOURCE 1
| #define _POSIX_PTHREAD_SEMANTICS 1
| #define _TANDEM_SOURCE 1
| #define HAVE_DLFCN_H 1
| #define LT_OBJDIR ".libs/"
| #define HAVE_GETIPINFO 1
| #define HAVE_SYNC_FUNCTIONS 1
| #define BACKTRACE_ELF_SIZE 
| /* end confdefs.h.  */
| #include <sys/types.h>
| #include <stdint.h>
| 
| int
| main ()
| {
| if (sizeof ((int_least32_t)))
| 	    return 0;
|   ;
|   return 0;
| }
configure:11832: result: yes
configure:11841: checking for int_fast32_t
configure:11841: x86_64-build_apple-darwin14.0.0-gcc -c -O2 -g -pipe   conftest.c >&5
configure:11841: $? = 0
configure:11841: x86_64-build_apple-darwin14.0.0-gcc -c -O2 -g -pipe   conftest.c >&5
conftest.c:35:27: error: expected expression
if (sizeof ((int_fast32_t)))
                          ^
1 error generated.
configure:11841: $? = 1
configure: failed program was:
| /* confdefs.h */
| #define PACKAGE_NAME "package-unused"
| #define PACKAGE_TARNAME "libbacktrace"
| #define PACKAGE_VERSION "version-unused"
| #define PACKAGE_STRING "package-unused version-unused"
| #define PACKAGE_BUGREPORT ""
| #define PACKAGE_URL ""
| #define STDC_HEADERS 1
| #define HAVE_SYS_TYPES_H 1
| #define HAVE_SYS_STAT_H 1
| #define HAVE_STDLIB_H 1
| #define HAVE_STRING_H 1
| #define HAVE_MEMORY_H 1
| #define HAVE_STRINGS_H 1
| #define HAVE_INTTYPES_H 1
| #define HAVE_STDINT_H 1
| #define HAVE_UNISTD_H 1
| #define __EXTENSIONS__ 1
| #define _ALL_SOURCE 1
| #define _GNU_SOURCE 1
| #define _POSIX_PTHREAD_SEMANTICS 1
| #define _TANDEM_SOURCE 1
| #define HAVE_DLFCN_H 1
| #define LT_OBJDIR ".libs/"
| #define HAVE_GETIPINFO 1
| #define HAVE_SYNC_FUNCTIONS 1
| #define BACKTRACE_ELF_SIZE 
| /* end confdefs.h.  */
| #include <sys/types.h>
| #include <stdint.h>
| 
| int
| main ()
| {
| if (sizeof ((int_fast32_t)))
| 	    return 0;
|   ;
|   return 0;
| }
configure:11841: result: yes
configure:11850: checking for uint64_t
configure:11850: x86_64-build_apple-darwin14.0.0-gcc -c -O2 -g -pipe   conftest.c >&5
configure:11850: $? = 0
configure:11850: x86_64-build_apple-darwin14.0.0-gcc -c -O2 -g -pipe   conftest.c >&5
conftest.c:35:23: error: expected expression
if (sizeof ((uint64_t)))
                      ^
1 error generated.
configure:11850: $? = 1
configure: failed program was:
| /* confdefs.h */
| #define PACKAGE_NAME "package-unused"
| #define PACKAGE_TARNAME "libbacktrace"
| #define PACKAGE_VERSION "version-unused"
| #define PACKAGE_STRING "package-unused version-unused"
| #define PACKAGE_BUGREPORT ""
| #define PACKAGE_URL ""
| #define STDC_HEADERS 1
| #define HAVE_SYS_TYPES_H 1
| #define HAVE_SYS_STAT_H 1
| #define HAVE_STDLIB_H 1
| #define HAVE_STRING_H 1
| #define HAVE_MEMORY_H 1
| #define HAVE_STRINGS_H 1
| #define HAVE_INTTYPES_H 1
| #define HAVE_STDINT_H 1
| #define HAVE_UNISTD_H 1
| #define __EXTENSIONS__ 1
| #define _ALL_SOURCE 1
| #define _GNU_SOURCE 1
| #define _POSIX_PTHREAD_SEMANTICS 1
| #define _TANDEM_SOURCE 1
| #define HAVE_DLFCN_H 1
| #define LT_OBJDIR ".libs/"
| #define HAVE_GETIPINFO 1
| #define HAVE_SYNC_FUNCTIONS 1
| #define BACKTRACE_ELF_SIZE 
| /* end confdefs.h.  */
| #include <sys/types.h>
| #include <stdint.h>
| 
| int
| main ()
| {
| if (sizeof ((uint64_t)))
| 	    return 0;
|   ;
|   return 0;
| }
configure:11850: result: yes
configure:11931: checking what to include in gstdint.h
configure:11959: result: stdint.h (already complete)
configure:12210: checking sys/mman.h usability
configure:12210: x86_64-build_apple-darwin14.0.0-gcc -c -O2 -g -pipe   conftest.c >&5
configure:12210: $? = 0
configure:12210: result: yes
configure:12210: checking sys/mman.h presence
configure:12210: x86_64-build_apple-darwin14.0.0-gcc -E  conftest.c
configure:12210: $? = 0
configure:12210: result: yes
configure:12210: checking for sys/mman.h
configure:12210: result: yes
configure:12228: checking for mmap
configure:12228: x86_64-build_apple-darwin14.0.0-gcc -o conftest -O2 -g -pipe    -lstdc++ -lm conftest.c  >&5
configure:12228: $? = 0
configure:12228: result: yes
configure:12251: x86_64-build_apple-darwin14.0.0-gcc -E  conftest.c
configure:12251: $? = 0
configure:12270: checking link.h usability
configure:12270: x86_64-build_apple-darwin14.0.0-gcc -c -O2 -g -pipe   conftest.c >&5
conftest.c:63:10: fatal error: 'link.h' file not found
#include <link.h>
         ^
1 error generated.
configure:12270: $? = 1
configure: failed program was:
| /* confdefs.h */
| #define PACKAGE_NAME "package-unused"
| #define PACKAGE_TARNAME "libbacktrace"
| #define PACKAGE_VERSION "version-unused"
| #define PACKAGE_STRING "package-unused version-unused"
| #define PACKAGE_BUGREPORT ""
| #define PACKAGE_URL ""
| #define STDC_HEADERS 1
| #define HAVE_SYS_TYPES_H 1
| #define HAVE_SYS_STAT_H 1
| #define HAVE_STDLIB_H 1
| #define HAVE_STRING_H 1
| #define HAVE_MEMORY_H 1
| #define HAVE_STRINGS_H 1
| #define HAVE_INTTYPES_H 1
| #define HAVE_STDINT_H 1
| #define HAVE_UNISTD_H 1
| #define __EXTENSIONS__ 1
| #define _ALL_SOURCE 1
| #define _GNU_SOURCE 1
| #define _POSIX_PTHREAD_SEMANTICS 1
| #define _TANDEM_SOURCE 1
| #define HAVE_DLFCN_H 1
| #define LT_OBJDIR ".libs/"
| #define HAVE_GETIPINFO 1
| #define HAVE_SYNC_FUNCTIONS 1
| #define BACKTRACE_ELF_SIZE 
| #define HAVE_SYS_MMAN_H 1
| /* end confdefs.h.  */
| #include <stdio.h>
| #ifdef HAVE_SYS_TYPES_H
| # include <sys/types.h>
| #endif
| #ifdef HAVE_SYS_STAT_H
| # include <sys/stat.h>
| #endif
| #ifdef STDC_HEADERS
| # include <stdlib.h>
| # include <stddef.h>
| #else
| # ifdef HAVE_STDLIB_H
| #  include <stdlib.h>
| # endif
| #endif
| #ifdef HAVE_STRING_H
| # if !defined STDC_HEADERS && defined HAVE_MEMORY_H
| #  include <memory.h>
| # endif
| # include <string.h>
| #endif
| #ifdef HAVE_STRINGS_H
| # include <strings.h>
| #endif
| #ifdef HAVE_INTTYPES_H
| # include <inttypes.h>
| #endif
| #ifdef HAVE_STDINT_H
| # include <stdint.h>
| #endif
| #ifdef HAVE_UNISTD_H
| # include <unistd.h>
| #endif
| #include <link.h>
configure:12270: result: no
configure:12270: checking link.h presence
configure:12270: x86_64-build_apple-darwin14.0.0-gcc -E  conftest.c
conftest.c:30:10: fatal error: 'link.h' file not found
#include <link.h>
         ^
1 error generated.
configure:12270: $? = 1
configure: failed program was:
| /* confdefs.h */
| #define PACKAGE_NAME "package-unused"
| #define PACKAGE_TARNAME "libbacktrace"
| #define PACKAGE_VERSION "version-unused"
| #define PACKAGE_STRING "package-unused version-unused"
| #define PACKAGE_BUGREPORT ""
| #define PACKAGE_URL ""
| #define STDC_HEADERS 1
| #define HAVE_SYS_TYPES_H 1
| #define HAVE_SYS_STAT_H 1
| #define HAVE_STDLIB_H 1
| #define HAVE_STRING_H 1
| #define HAVE_MEMORY_H 1
| #define HAVE_STRINGS_H 1
| #define HAVE_INTTYPES_H 1
| #define HAVE_STDINT_H 1
| #define HAVE_UNISTD_H 1
| #define __EXTENSIONS__ 1
| #define _ALL_SOURCE 1
| #define _GNU_SOURCE 1
| #define _POSIX_PTHREAD_SEMANTICS 1
| #define _TANDEM_SOURCE 1
| #define HAVE_DLFCN_H 1
| #define LT_OBJDIR ".libs/"
| #define HAVE_GETIPINFO 1
| #define HAVE_SYNC_FUNCTIONS 1
| #define BACKTRACE_ELF_SIZE 
| #define HAVE_SYS_MMAN_H 1
| /* end confdefs.h.  */
| #include <link.h>
configure:12270: result: no
configure:12270: checking for link.h
configure:12270: result: no
configure:12327: checking for fcntl
configure:12327: x86_64-build_apple-darwin14.0.0-gcc -o conftest -O2 -g -pipe    -lstdc++ -lm conftest.c  >&5
configure:12327: $? = 0
configure:12327: result: yes
configure:12341: checking whether strnlen is declared
configure:12341: x86_64-build_apple-darwin14.0.0-gcc -c -O2 -g -pipe   conftest.c >&5
configure:12341: $? = 0
configure:12341: result: yes
configure:12360: checking for getexecname
configure:12360: x86_64-build_apple-darwin14.0.0-gcc -o conftest -O2 -g -pipe    -lstdc++ -lm conftest.c  >&5
Undefined symbols for architecture x86_64:
  "_getexecname", referenced from:
      _main in conftest-5f19e1.o
ld: symbol(s) not found for architecture x86_64
clang: error: linker command failed with exit code 1 (use -v to see invocation)
configure:12360: $? = 1
configure: failed program was:
| /* confdefs.h */
| #define PACKAGE_NAME "package-unused"
| #define PACKAGE_TARNAME "libbacktrace"
| #define PACKAGE_VERSION "version-unused"
| #define PACKAGE_STRING "package-unused version-unused"
| #define PACKAGE_BUGREPORT ""
| #define PACKAGE_URL ""
| #define STDC_HEADERS 1
| #define HAVE_SYS_TYPES_H 1
| #define HAVE_SYS_STAT_H 1
| #define HAVE_STDLIB_H 1
| #define HAVE_STRING_H 1
| #define HAVE_MEMORY_H 1
| #define HAVE_STRINGS_H 1
| #define HAVE_INTTYPES_H 1
| #define HAVE_STDINT_H 1
| #define HAVE_UNISTD_H 1
| #define __EXTENSIONS__ 1
| #define _ALL_SOURCE 1
| #define _GNU_SOURCE 1
| #define _POSIX_PTHREAD_SEMANTICS 1
| #define _TANDEM_SOURCE 1
| #define HAVE_DLFCN_H 1
| #define LT_OBJDIR ".libs/"
| #define HAVE_GETIPINFO 1
| #define HAVE_SYNC_FUNCTIONS 1
| #define BACKTRACE_ELF_SIZE 
| #define HAVE_SYS_MMAN_H 1
| #define HAVE_FCNTL 1
| #define HAVE_DECL_STRNLEN 1
| /* end confdefs.h.  */
| /* Define getexecname to an innocuous variant, in case <limits.h> declares getexecname.
|    For example, HP-UX 11i <limits.h> declares gettimeofday.  */
| #define getexecname innocuous_getexecname
| 
| /* System header to define __stub macros and hopefully few prototypes,
|     which can conflict with char getexecname (); below.
|     Prefer <limits.h> to <assert.h> if __STDC__ is defined, since
|     <limits.h> exists even on freestanding compilers.  */
| 
| #ifdef __STDC__
| # include <limits.h>
| #else
| # include <assert.h>
| #endif
| 
| #undef getexecname
| 
| /* Override any GCC internal prototype to avoid an error.
|    Use char because int might match the return type of a GCC
|    builtin and then its argument prototype would still apply.  */
| #ifdef __cplusplus
| extern "C"
| #endif
| char getexecname ();
| /* The GNU C library defines this for functions which it implements
|     to always fail with ENOSYS.  Some functions are actually named
|     something starting with __ and the normal name is an alias.  */
| #if defined __stub_getexecname || defined __stub___getexecname
| choke me
| #endif
| 
| int
| main ()
| {
| return getexecname ();
|   ;
|   return 0;
| }
configure:12360: result: no
configure:12374: checking whether tests can run
configure:12393: x86_64-build_apple-darwin14.0.0-gcc -o conftest -O2 -g -pipe    -lstdc++ -lm conftest.c  >&5
configure:12393: $? = 0
configure:12393: ./conftest
configure:12393: $? = 0
configure:12403: result: yes
configure:12492: updating cache ./config.cache
configure:12545: creating ./config.status

## ---------------------- ##
## Running config.status. ##
## ---------------------- ##

This file was extended by package-unused config.status version-unused, which was
generated by GNU Autoconf 2.64.  Invocation command line was

  CONFIG_FILES    = 
  CONFIG_HEADERS  = 
  CONFIG_LINKS    = 
  CONFIG_COMMANDS = 
  $ ./config.status 

on Macintosh-2.local

config.status:1118: creating Makefile
config.status:1118: creating backtrace-supported.h
config.status:1118: creating config.h
config.status:1331: executing libtool commands
config.status:1331: executing gstdint.h commands
config.status:1331: executing default commands

## ---------------- ##
## Cache variables. ##
## ---------------- ##

ac_cv_build=x86_64-build_apple-darwin14.0.0
ac_cv_c_compiler_gnu=yes
ac_cv_env_CC_set=set
ac_cv_env_CC_value=x86_64-build_apple-darwin14.0.0-gcc
ac_cv_env_CFLAGS_set=set
ac_cv_env_CFLAGS_value='-O2 -g -pipe '
ac_cv_env_CPPFLAGS_set=
ac_cv_env_CPPFLAGS_value=
ac_cv_env_CPP_set=
ac_cv_env_CPP_value=
ac_cv_env_LDFLAGS_set=set
ac_cv_env_LDFLAGS_value=' -lstdc++ -lm'
ac_cv_env_LIBS_set=
ac_cv_env_LIBS_value=
ac_cv_env_build_alias_set=set
ac_cv_env_build_alias_value=x86_64-build_apple-darwin14.0.0
ac_cv_env_host_alias_set=set
ac_cv_env_host_alias_value=x86_64-build_apple-darwin14.0.0
ac_cv_env_target_alias_set=set
ac_cv_env_target_alias_value=xtensa-lx106-elf
ac_cv_func__Unwind_Backtrace=yes
ac_cv_func_fcntl=yes
ac_cv_func_getexecname=no
ac_cv_func_mmap=yes
ac_cv_have_decl_strnlen=yes
ac_cv_header_dlfcn_h=yes
ac_cv_header_inttypes_h=yes
ac_cv_header_link_h=no
ac_cv_header_memory_h=yes
ac_cv_header_minix_config_h=no
ac_cv_header_stdc=yes
ac_cv_header_stdint_h=yes
ac_cv_header_stdlib_h=yes
ac_cv_header_string_h=yes
ac_cv_header_strings_h=yes
ac_cv_header_sys_mman_h=yes
ac_cv_header_sys_stat_h=yes
ac_cv_header_sys_types_h=yes
ac_cv_header_unistd_h=yes
ac_cv_header_unwind_h=yes
ac_cv_host=x86_64-build_apple-darwin14.0.0
ac_cv_objext=o
ac_cv_path_EGREP='/Volumes/ESPTools/esp-open-sdk/crosstool-NG/.build/tools/bin/grep -E'
ac_cv_path_FGREP='/Volumes/ESPTools/esp-open-sdk/crosstool-NG/.build/tools/bin/grep -F'
ac_cv_path_GREP=/Volumes/ESPTools/esp-open-sdk/crosstool-NG/.build/tools/bin/grep
ac_cv_path_SED=/Volumes/ESPTools/esp-open-sdk/crosstool-NG/.build/tools/bin/sed
ac_cv_path_install='/Volumes/ESPTools/esp-open-sdk/crosstool-NG/.build/tools/bin/install -c'
ac_cv_prog_AR=x86_64-build_apple-darwin14.0.0-ar
ac_cv_prog_AWK=gawk
ac_cv_prog_CC=x86_64-build_apple-darwin14.0.0-gcc
ac_cv_prog_CPP='x86_64-build_apple-darwin14.0.0-gcc -E'
ac_cv_prog_OBJDUMP=x86_64-build_apple-darwin14.0.0-objdump
ac_cv_prog_RANLIB=x86_64-build_apple-darwin14.0.0-ranlib
ac_cv_prog_STRIP=x86_64-build_apple-darwin14.0.0-strip
ac_cv_prog_ac_ct_DSYMUTIL=dsymutil
ac_cv_prog_ac_ct_LIPO=lipo
ac_cv_prog_ac_ct_NMEDIT=nmedit
ac_cv_prog_ac_ct_OTOOL=otool
ac_cv_prog_cc_c89=
ac_cv_prog_cc_g=yes
ac_cv_prog_make_make_set=yes
ac_cv_safe_to_define___extensions__=yes
ac_cv_target=xtensa-lx106-elf
ac_cv_type_int_fast32_t=yes
ac_cv_type_int_least32_t=yes
ac_cv_type_u_int64_t=no
ac_cv_type_uint64_t=yes
ac_cv_type_uintmax_t=yes
ac_cv_type_uintptr_t=yes
acx_cv_header_stdint=stdint.h
acx_cv_header_stdint_kind='(already complete)'
acx_cv_prog_cc_warning__W=yes
acx_cv_prog_cc_warning__Wall=yes
acx_cv_prog_cc_warning__Wcast_qual=yes
acx_cv_prog_cc_warning__Wmissing_format_attribute=yes
acx_cv_prog_cc_warning__Wmissing_prototypes=yes
acx_cv_prog_cc_warning__Wold_style_definition=yes
acx_cv_prog_cc_warning__Wstrict_prototypes=yes
acx_cv_prog_cc_warning__Wwrite_strings=yes
libbacktrace_cv_c_random_seed_string=yes
libbacktrace_cv_c_unwind_tables=yes
libbacktrace_cv_sys_filetype=
libbacktrace_cv_sys_native=yes
libbacktrace_cv_sys_sync=yes
lt_cv_apple_cc_single_mod=yes
lt_cv_deplibs_check_method=pass_all
lt_cv_file_magic_cmd='$MAGIC_CMD'
lt_cv_file_magic_test_file=
lt_cv_ld_exported_symbols_list=yes
lt_cv_ld_force_load=yes
lt_cv_ld_reload_flag=-r
lt_cv_nm_interface='BSD nm'
lt_cv_objdir=.libs
lt_cv_path_LD=/Applications/Xcode.app/Contents/Developer/Toolchains/XcodeDefault.xctoolchain/usr/bin/ld
lt_cv_path_NM=x86_64-build_apple-darwin14.0.0-nm
lt_cv_prog_compiler_c_o=yes
lt_cv_prog_compiler_pic_works=yes
lt_cv_prog_compiler_rtti_exceptions=yes
lt_cv_prog_compiler_static_works=no
lt_cv_prog_gnu_ld=no
lt_cv_sys_global_symbol_pipe='sed -n -e '\''s/^.*[	 ]\([BCDEGRST][BCDEGRST]*\)[	 ][	 ]*_\([_A-Za-z][_A-Za-z0-9]*\)$/\1 _\2 \2/p'\'''
lt_cv_sys_global_symbol_to_c_name_address='sed -n -e '\''s/^: \([^ ]*\) $/  {\"\1\", (void *) 0},/p'\'' -e '\''s/^[BCDEGRST]* \([^ ]*\) \([^ ]*\)$/  {"\2", (void *) \&\2},/p'\'''
lt_cv_sys_global_symbol_to_c_name_address_lib_prefix='sed -n -e '\''s/^: \([^ ]*\) $/  {\"\1\", (void *) 0},/p'\'' -e '\''s/^[BCDEGRST]* \([^ ]*\) \(lib[^ ]*\)$/  {"\2", (void *) \&\2},/p'\'' -e '\''s/^[BCDEGRST]* \([^ ]*\) \([^ ]*\)$/  {"lib\2", (void *) \&\2},/p'\'''
lt_cv_sys_global_symbol_to_cdecl='sed -n -e '\''s/^T .* \(.*\)$/extern int \1();/p'\'' -e '\''s/^[BCDEGRST]* .* \(.*\)$/extern char \1;/p'\'''
lt_cv_sys_max_cmd_len=196608

## ----------------- ##
## Output variables. ##
## ----------------- ##

ACLOCAL='${SHELL} /Volumes/ESPTools/esp-open-sdk/crosstool-NG/.build/src/gcc-4.8.2/missing --run aclocal-1.11'
ALLOC_FILE='mmap.lo'
AMTAR='${SHELL} /Volumes/ESPTools/esp-open-sdk/crosstool-NG/.build/src/gcc-4.8.2/missing --run tar'
AR='x86_64-build_apple-darwin14.0.0-ar'
AUTOCONF='${SHELL} /Volumes/ESPTools/esp-open-sdk/crosstool-NG/.build/src/gcc-4.8.2/missing --run autoconf'
AUTOHEADER='${SHELL} /Volumes/ESPTools/esp-open-sdk/crosstool-NG/.build/src/gcc-4.8.2/missing --run autoheader'
AUTOMAKE='${SHELL} /Volumes/ESPTools/esp-open-sdk/crosstool-NG/.build/src/gcc-4.8.2/missing --run automake-1.11'
AWK='gawk'
BACKTRACE_FILE='backtrace.lo simple.lo'
BACKTRACE_SUPPORTED='0'
BACKTRACE_SUPPORTS_THREADS='1'
BACKTRACE_USES_MALLOC='0'
CC='x86_64-build_apple-darwin14.0.0-gcc'
CFLAGS='-O2 -g -pipe '
CPP='x86_64-build_apple-darwin14.0.0-gcc -E'
CPPFLAGS=''
CYGPATH_W='echo'
DEFS='-DHAVE_CONFIG_H'
DSYMUTIL='dsymutil'
DUMPBIN=''
ECHO_C=''
ECHO_N='-n'
ECHO_T=''
EGREP='/Volumes/ESPTools/esp-open-sdk/crosstool-NG/.build/tools/bin/grep -E'
EXEEXT=''
EXTRA_FLAGS='-funwind-tables -frandom-seed=$@'
FGREP='/Volumes/ESPTools/esp-open-sdk/crosstool-NG/.build/tools/bin/grep -F'
FORMAT_FILE='unknown.lo'
GREP='/Volumes/ESPTools/esp-open-sdk/crosstool-NG/.build/tools/bin/grep'
INSTALL_DATA='${INSTALL} -m 644'
INSTALL_PROGRAM='${INSTALL}'
INSTALL_SCRIPT='${INSTALL}'
INSTALL_STRIP_PROGRAM='$(install_sh) -c -s'
LD='/Applications/Xcode.app/Contents/Developer/Toolchains/XcodeDefault.xctoolchain/usr/bin/ld'
LDFLAGS=' -lstdc++ -lm'
LIBOBJS=''
LIBS=''
LIBTOOL='$(SHELL) $(top_builddir)/libtool'
LIPO='lipo'
LN_S='ln -s'
LTLIBOBJS=''
MAINT='#'
MAINTAINER_MODE_FALSE=''
MAINTAINER_MODE_TRUE='#'
MAKEINFO='makeinfo'
MKDIR_P='/Volumes/ESPTools/esp-open-sdk/crosstool-NG/.build/src/gcc-4.8.2/libbacktrace/../install-sh -c -d'
NATIVE_FALSE='#'
NATIVE_TRUE=''
NM='x86_64-build_apple-darwin14.0.0-nm'
NMEDIT='nmedit'
OBJDUMP='x86_64-build_apple-darwin14.0.0-objdump'
OBJEXT='o'
OTOOL64=':'
OTOOL='otool'
PACKAGE='libbacktrace'
PACKAGE_BUGREPORT=''
PACKAGE_NAME='package-unused'
PACKAGE_STRING='package-unused version-unused'
PACKAGE_TARNAME='libbacktrace'
PACKAGE_URL=''
PACKAGE_VERSION='version-unused'
PATH_SEPARATOR=':'
PIC_FLAG=''
RANLIB='x86_64-build_apple-darwin14.0.0-ranlib'
SED='/Volumes/ESPTools/esp-open-sdk/crosstool-NG/.build/tools/bin/sed'
SET_MAKE=''
SHELL='/bin/bash'
STRIP='x86_64-build_apple-darwin14.0.0-strip'
VERSION='version-unused'
VIEW_FILE='mmapio.lo'
WARN_FLAGS='-W -Wall -Wwrite-strings -Wstrict-prototypes -Wmissing-prototypes -Wold-style-definition -Wmissing-format-attribute -Wcast-qual'
ac_ct_CC=''
ac_ct_DUMPBIN=''
am__EXEEXT_FALSE=''
am__EXEEXT_TRUE='#'
am__isrc=' -I$(srcdir)'
am__leading_dot='.'
am__tar='${AMTAR} chof - "$$tardir"'
am__untar='${AMTAR} xf -'
bindir='${exec_prefix}/bin'
build='x86_64-build_apple-darwin14.0.0'
build_alias='x86_64-build_apple-darwin14.0.0'
build_cpu='x86_64'
build_os='darwin14.0.0'
build_vendor='build_apple'
datadir='${datarootdir}'
datarootdir='${prefix}/share'
docdir='${datarootdir}/doc/${PACKAGE_TARNAME}'
dvidir='${docdir}'
exec_prefix='${prefix}'
host='x86_64-build_apple-darwin14.0.0'
host_alias='x86_64-build_apple-darwin14.0.0'
host_cpu='x86_64'
host_os='darwin14.0.0'
host_vendor='build_apple'
htmldir='${docdir}'
includedir='${prefix}/include'
infodir='${datarootdir}/info'
install_sh='${SHELL} /Volumes/ESPTools/esp-open-sdk/crosstool-NG/.build/src/gcc-4.8.2/install-sh'
libdir='${exec_prefix}/lib'
libexecdir='${exec_prefix}/libexec'
libtool_VERSION='1:0:0'
localedir='${datarootdir}/locale'
localstatedir='${prefix}/var'
mandir='${datarootdir}/man'
mkdir_p='/Volumes/ESPTools/esp-open-sdk/crosstool-NG/.build/src/gcc-4.8.2/libbacktrace/../install-sh -c -d'
multi_basedir=''
oldincludedir='/usr/include'
pdfdir='${docdir}'
prefix='/esptools/esp-open-sdk/xtensa-lx106-elf'
program_transform_name='s&^&xtensa-lx106-elf-&'
psdir='${docdir}'
sbindir='${exec_prefix}/sbin'
sharedstatedir='${prefix}/com'
sysconfdir='${prefix}/etc'
target='xtensa-lx106-elf'
target_alias='xtensa-lx106-elf'
target_cpu='xtensa'
target_os='elf'
target_vendor='lx106'

## ----------- ##
## confdefs.h. ##
## ----------- ##

/* confdefs.h */
#define PACKAGE_NAME "package-unused"
#define PACKAGE_TARNAME "libbacktrace"
#define PACKAGE_VERSION "version-unused"
#define PACKAGE_STRING "package-unused version-unused"
#define PACKAGE_BUGREPORT ""
#define PACKAGE_URL ""
#define STDC_HEADERS 1
#define HAVE_SYS_TYPES_H 1
#define HAVE_SYS_STAT_H 1
#define HAVE_STDLIB_H 1
#define HAVE_STRING_H 1
#define HAVE_MEMORY_H 1
#define HAVE_STRINGS_H 1
#define HAVE_INTTYPES_H 1
#define HAVE_STDINT_H 1
#define HAVE_UNISTD_H 1
#define __EXTENSIONS__ 1
#define _ALL_SOURCE 1
#define _GNU_SOURCE 1
#define _POSIX_PTHREAD_SEMANTICS 1
#define _TANDEM_SOURCE 1
#define HAVE_DLFCN_H 1
#define LT_OBJDIR ".libs/"
#define HAVE_GETIPINFO 1
#define HAVE_SYNC_FUNCTIONS 1
#define BACKTRACE_ELF_SIZE 
#define HAVE_SYS_MMAN_H 1
#define HAVE_FCNTL 1
#define HAVE_DECL_STRNLEN 1

configure: exit 0
