This file contains any messages produced by compilers while
running configure, to aid debugging if configure makes a mistake.

It was created by newlib configure 2.0.0, which was
generated by GNU Autoconf 2.68.  Invocation command line was

  $ /Volumes/ESPTools/esp-open-sdk/crosstool-NG/.build/src/newlib-2.0.0/newlib/libc/configure --disable-option-checking --prefix=/esptools/esp-open-sdk/xtensa-lx106-elf --with-newlib --enable-multilib --with-cross-host=x86_64-build_apple-darwin14.0.0 --disable-newlib-io-c99-formats --disable-newlib-io-long-long --disable-newlib-io-float --disable-newlib-io-long-double --enable-newlib-supplied-syscalls --enable-target-optspace --program-transform-name=s&^&xtensa-lx106-elf-& --with-target-subdir=xtensa-lx106-elf --build=x86_64-apple-darwin14.0.0 --host=xtensa-lx106-elf --target=xtensa-lx106-elf build_alias=x86_64-apple-darwin14.0.0 host_alias=xtensa-lx106-elf target_alias=xtensa-lx106-elf CC=xtensa-lx106-elf-cc -B/Volumes/ESPTools/esp-open-sdk/crosstool-NG/.build/xtensa-lx106-elf/build/build-libc/xtensa-lx106-elf/newlib/ -isystem /Volumes/ESPTools/esp-open-sdk/crosstool-NG/.build/xtensa-lx106-elf/build/build-libc/xtensa-lx106-elf/newlib/targ-include -isystem /Volumes/ESPTools/esp-open-sdk/crosstool-NG/.build/src/newlib-2.0.0/newlib/libc/include    CFLAGS=-g -Os LDFLAGS= CPPFLAGS= --cache-file=.././config.cache --srcdir=/Volumes/ESPTools/esp-open-sdk/crosstool-NG/.build/src/newlib-2.0.0/newlib/libc

## --------- ##
## Platform. ##
## --------- ##

hostname = Macintosh-2.local
uname -m = x86_64
uname -r = 14.0.0
uname -s = Darwin
uname -v = Darwin Kernel Version 14.0.0: Fri Sep 19 00:26:44 PDT 2014; root:xnu-2782.1.97~2/RELEASE_X86_64

/usr/bin/uname -p = i386
/bin/uname -X     = unknown

/bin/arch              = unknown
/usr/bin/arch -k       = unknown
/usr/convex/getsysinfo = unknown
/usr/bin/hostinfo      = Mach kernel version:
	 Darwin Kernel Version 14.0.0: Fri Sep 19 00:26:44 PDT 2014; root:xnu-2782.1.97~2/RELEASE_X86_64
Kernel configured for up to 8 processors.
4 processors are physically available.
8 processors are logically available.
Processor type: i486 (Intel 80486)
Processors active: 0 1 2 3 4 5 6 7
Primary memory available: 16.00 gigabytes
Default processor set: 314 tasks, 1647 threads, 8 processors
Load average: 2.69, Mach factor: 5.30
/bin/machine           = unknown
/usr/bin/oslevel       = unknown
/bin/universe          = unknown

PATH: /esptools/esp-open-sdk/xtensa-lx106-elf/bin
PATH: /Volumes/ESPTools/esp-open-sdk/crosstool-NG/.build/xtensa-lx106-elf/buildtools/bin
PATH: /Volumes/ESPTools/esp-open-sdk/crosstool-NG/.build/tools/bin
PATH: /opt/local/bin
PATH: /opt/local/sbin
PATH: /opt/local/bin
PATH: /opt/local/sbin
PATH: /usr/bin
PATH: /bin
PATH: /usr/sbin
PATH: /sbin
PATH: /usr/local/bin
PATH: /opt/local/bin/
PATH: /opt/X11/bin
PATH: /usr/local/git/bin
PATH: /usr/local/MacGPG2/bin


## ----------- ##
## Core tests. ##
## ----------- ##

configure:2091: loading cache .././config.cache
configure:2220: checking build system type
configure:2234: result: x86_64-apple-darwin14.0.0
configure:2254: checking host system type
configure:2267: result: xtensa-lx106-elf
configure:2303: checking for a BSD-compatible install
configure:2371: result: /Volumes/ESPTools/esp-open-sdk/crosstool-NG/.build/tools/bin/install -c
configure:2382: checking whether build environment is sane
configure:2432: result: yes
configure:2481: checking for xtensa-lx106-elf-strip
configure:2508: result: /Volumes/ESPTools/esp-open-sdk/crosstool-NG/.build/xtensa-lx106-elf/buildtools/lib/gcc/xtensa-lx106-elf/4.8.2/../../../../xtensa-lx106-elf/bin/strip
configure:2573: checking for a thread-safe mkdir -p
configure:2612: result: /Volumes/ESPTools/esp-open-sdk/crosstool-NG/.build/src/newlib-2.0.0/newlib/libc/../../install-sh -c -d
configure:2625: checking for gawk
configure:2652: result: gawk
configure:2663: checking whether /Applications/Xcode.app/Contents/Developer/usr/bin/make sets $(MAKE)
configure:2685: result: yes
configure:2715: checking for style of include used by /Applications/Xcode.app/Contents/Developer/usr/bin/make
configure:2743: result: GNU
configure:2953: checking for gcc
configure:2980: result: xtensa-lx106-elf-cc -B/Volumes/ESPTools/esp-open-sdk/crosstool-NG/.build/xtensa-lx106-elf/build/build-libc/xtensa-lx106-elf/newlib/ -isystem /Volumes/ESPTools/esp-open-sdk/crosstool-NG/.build/xtensa-lx106-elf/build/build-libc/xtensa-lx106-elf/newlib/targ-include -isystem /Volumes/ESPTools/esp-open-sdk/crosstool-NG/.build/src/newlib-2.0.0/newlib/libc/include   
configure:2991: checking dependency style of xtensa-lx106-elf-cc -B/Volumes/ESPTools/esp-open-sdk/crosstool-NG/.build/xtensa-lx106-elf/build/build-libc/xtensa-lx106-elf/newlib/ -isystem /Volumes/ESPTools/esp-open-sdk/crosstool-NG/.build/xtensa-lx106-elf/build/build-libc/xtensa-lx106-elf/newlib/targ-include -isystem /Volumes/ESPTools/esp-open-sdk/crosstool-NG/.build/src/newlib-2.0.0/newlib/libc/include   
configure:3102: result: gcc3
configure:3175: checking whether we are using GNU C
configure:3196: result: yes
configure:3205: checking whether xtensa-lx106-elf-cc -B/Volumes/ESPTools/esp-open-sdk/crosstool-NG/.build/xtensa-lx106-elf/build/build-libc/xtensa-lx106-elf/newlib/ -isystem /Volumes/ESPTools/esp-open-sdk/crosstool-NG/.build/xtensa-lx106-elf/build/build-libc/xtensa-lx106-elf/newlib/targ-include -isystem /Volumes/ESPTools/esp-open-sdk/crosstool-NG/.build/src/newlib-2.0.0/newlib/libc/include    accepts -g
configure:3266: result: no
configure:3299: checking for xtensa-lx106-elf-as
configure:3326: result: /Volumes/ESPTools/esp-open-sdk/crosstool-NG/.build/xtensa-lx106-elf/buildtools/lib/gcc/xtensa-lx106-elf/4.8.2/../../../../xtensa-lx106-elf/bin/as
configure:3391: checking for xtensa-lx106-elf-ar
configure:3418: result: /Volumes/ESPTools/esp-open-sdk/crosstool-NG/.build/xtensa-lx106-elf/buildtools/lib/gcc/xtensa-lx106-elf/4.8.2/../../../../xtensa-lx106-elf/bin/ar
configure:3483: checking for xtensa-lx106-elf-ranlib
configure:3510: result: /Volumes/ESPTools/esp-open-sdk/crosstool-NG/.build/xtensa-lx106-elf/buildtools/lib/gcc/xtensa-lx106-elf/4.8.2/../../../../xtensa-lx106-elf/bin/ranlib
configure:3575: checking for xtensa-lx106-elf-readelf
configure:3602: result: xtensa-lx106-elf-readelf
configure:3671: checking whether to enable maintainer-specific portions of Makefiles
configure:3680: result: no
configure:3790: checking for a sed that does not truncate output
configure:3854: result: /Volumes/ESPTools/esp-open-sdk/crosstool-NG/.build/tools/bin/sed
configure:3876: checking how to print strings
configure:3903: result: printf
configure:11991: checking Checking long double support
configure:12015: result: yes
configure:12285: creating ./config.status

## ---------------------- ##
## Running config.status. ##
## ---------------------- ##

This file was extended by newlib config.status 2.0.0, which was
generated by GNU Autoconf 2.68.  Invocation command line was

  CONFIG_FILES    = 
  CONFIG_HEADERS  = 
  CONFIG_LINKS    = 
  CONFIG_COMMANDS = 
  $ ./config.status 

on Macintosh-2.local

config.status:1090: creating Makefile
config.status:1090: creating argz/Makefile
config.status:1090: creating ctype/Makefile
config.status:1090: creating errno/Makefile
config.status:1090: creating locale/Makefile
config.status:1090: creating misc/Makefile
config.status:1090: creating reent/Makefile
config.status:1090: creating search/Makefile
config.status:1090: creating stdio/Makefile
config.status:1090: creating stdio64/Makefile
config.status:1090: creating stdlib/Makefile
config.status:1090: creating string/Makefile
config.status:1090: creating time/Makefile
config.status:1090: creating posix/Makefile
config.status:1090: creating signal/Makefile
config.status:1090: creating syscalls/Makefile
config.status:1090: creating unix/Makefile
config.status:1090: creating iconv/Makefile
config.status:1090: creating iconv/ces/Makefile
config.status:1090: creating iconv/ccs/Makefile
config.status:1090: creating iconv/ccs/binary/Makefile
config.status:1090: creating iconv/lib/Makefile
config.status:1090: creating xdr/Makefile
config.status:1247: executing depfiles commands
configure:14426: === configuring in machine (/Volumes/ESPTools/esp-open-sdk/crosstool-NG/.build/xtensa-lx106-elf/build/build-libc/xtensa-lx106-elf/newlib/libc/machine)
configure:14489: running /bin/bash /Volumes/ESPTools/esp-open-sdk/crosstool-NG/.build/src/newlib-2.0.0/newlib/libc/machine/configure --disable-option-checking '--prefix=/esptools/esp-open-sdk/xtensa-lx106-elf'  '--with-newlib' '--enable-multilib' '--with-cross-host=x86_64-build_apple-darwin14.0.0' '--disable-newlib-io-c99-formats' '--disable-newlib-io-long-long' '--disable-newlib-io-float' '--disable-newlib-io-long-double' '--enable-newlib-supplied-syscalls' '--enable-target-optspace' '--program-transform-name=s&^&xtensa-lx106-elf-&' '--with-target-subdir=xtensa-lx106-elf' '--build=x86_64-apple-darwin14.0.0' '--host=xtensa-lx106-elf' '--target=xtensa-lx106-elf' 'build_alias=x86_64-apple-darwin14.0.0' 'host_alias=xtensa-lx106-elf' 'target_alias=xtensa-lx106-elf' 'CC=xtensa-lx106-elf-cc -B/Volumes/ESPTools/esp-open-sdk/crosstool-NG/.build/xtensa-lx106-elf/build/build-libc/xtensa-lx106-elf/newlib/ -isystem /Volumes/ESPTools/esp-open-sdk/crosstool-NG/.build/xtensa-lx106-elf/build/build-libc/xtensa-lx106-elf/newlib/targ-include -isystem /Volumes/ESPTools/esp-open-sdk/crosstool-NG/.build/src/newlib-2.0.0/newlib/libc/include   ' 'CFLAGS=-g -Os' 'LDFLAGS=' 'CPPFLAGS=' --cache-file=../.././config.cache --srcdir=/Volumes/ESPTools/esp-open-sdk/crosstool-NG/.build/src/newlib-2.0.0/newlib/libc/machine
configure:14426: === configuring in sys (/Volumes/ESPTools/esp-open-sdk/crosstool-NG/.build/xtensa-lx106-elf/build/build-libc/xtensa-lx106-elf/newlib/libc/sys)
configure:14489: running /bin/bash /Volumes/ESPTools/esp-open-sdk/crosstool-NG/.build/src/newlib-2.0.0/newlib/libc/sys/configure --disable-option-checking '--prefix=/esptools/esp-open-sdk/xtensa-lx106-elf'  '--with-newlib' '--enable-multilib' '--with-cross-host=x86_64-build_apple-darwin14.0.0' '--disable-newlib-io-c99-formats' '--disable-newlib-io-long-long' '--disable-newlib-io-float' '--disable-newlib-io-long-double' '--enable-newlib-supplied-syscalls' '--enable-target-optspace' '--program-transform-name=s&^&xtensa-lx106-elf-&' '--with-target-subdir=xtensa-lx106-elf' '--build=x86_64-apple-darwin14.0.0' '--host=xtensa-lx106-elf' '--target=xtensa-lx106-elf' 'build_alias=x86_64-apple-darwin14.0.0' 'host_alias=xtensa-lx106-elf' 'target_alias=xtensa-lx106-elf' 'CC=xtensa-lx106-elf-cc -B/Volumes/ESPTools/esp-open-sdk/crosstool-NG/.build/xtensa-lx106-elf/build/build-libc/xtensa-lx106-elf/newlib/ -isystem /Volumes/ESPTools/esp-open-sdk/crosstool-NG/.build/xtensa-lx106-elf/build/build-libc/xtensa-lx106-elf/newlib/targ-include -isystem /Volumes/ESPTools/esp-open-sdk/crosstool-NG/.build/src/newlib-2.0.0/newlib/libc/include   ' 'CFLAGS=-g -Os' 'LDFLAGS=' 'CPPFLAGS=' --cache-file=../.././config.cache --srcdir=/Volumes/ESPTools/esp-open-sdk/crosstool-NG/.build/src/newlib-2.0.0/newlib/libc/sys

## ---------------- ##
## Cache variables. ##
## ---------------- ##

ac_cv_build=x86_64-apple-darwin14.0.0
ac_cv_c_compiler_gnu=yes
ac_cv_env_CCASFLAGS_set=
ac_cv_env_CCASFLAGS_value=
ac_cv_env_CCAS_set=
ac_cv_env_CCAS_value=
ac_cv_env_CC_set=set
ac_cv_env_CC_value='xtensa-lx106-elf-cc -B/Volumes/ESPTools/esp-open-sdk/crosstool-NG/.build/xtensa-lx106-elf/build/build-libc/xtensa-lx106-elf/newlib/ -isystem /Volumes/ESPTools/esp-open-sdk/crosstool-NG/.build/xtensa-lx106-elf/build/build-libc/xtensa-lx106-elf/newlib/targ-include -isystem /Volumes/ESPTools/esp-open-sdk/crosstool-NG/.build/src/newlib-2.0.0/newlib/libc/include   '
ac_cv_env_CFLAGS_set=set
ac_cv_env_CFLAGS_value='-g -Os'
ac_cv_env_CPPFLAGS_set=set
ac_cv_env_CPPFLAGS_value=
ac_cv_env_CPP_set=
ac_cv_env_CPP_value=
ac_cv_env_LDFLAGS_set=set
ac_cv_env_LDFLAGS_value=
ac_cv_env_LIBS_set=
ac_cv_env_LIBS_value=
ac_cv_env_build_alias_set=set
ac_cv_env_build_alias_value=x86_64-apple-darwin14.0.0
ac_cv_env_host_alias_set=set
ac_cv_env_host_alias_value=xtensa-lx106-elf
ac_cv_env_target_alias_set=set
ac_cv_env_target_alias_value=xtensa-lx106-elf
ac_cv_host=xtensa-lx106-elf
ac_cv_path_SED=/Volumes/ESPTools/esp-open-sdk/crosstool-NG/.build/tools/bin/sed
ac_cv_prog_AR=/Volumes/ESPTools/esp-open-sdk/crosstool-NG/.build/xtensa-lx106-elf/buildtools/lib/gcc/xtensa-lx106-elf/4.8.2/../../../../xtensa-lx106-elf/bin/ar
ac_cv_prog_AS=/Volumes/ESPTools/esp-open-sdk/crosstool-NG/.build/xtensa-lx106-elf/buildtools/lib/gcc/xtensa-lx106-elf/4.8.2/../../../../xtensa-lx106-elf/bin/as
ac_cv_prog_AWK=gawk
ac_cv_prog_CC='xtensa-lx106-elf-cc -B/Volumes/ESPTools/esp-open-sdk/crosstool-NG/.build/xtensa-lx106-elf/build/build-libc/xtensa-lx106-elf/newlib/ -isystem /Volumes/ESPTools/esp-open-sdk/crosstool-NG/.build/xtensa-lx106-elf/build/build-libc/xtensa-lx106-elf/newlib/targ-include -isystem /Volumes/ESPTools/esp-open-sdk/crosstool-NG/.build/src/newlib-2.0.0/newlib/libc/include   '
ac_cv_prog_RANLIB=/Volumes/ESPTools/esp-open-sdk/crosstool-NG/.build/xtensa-lx106-elf/buildtools/lib/gcc/xtensa-lx106-elf/4.8.2/../../../../xtensa-lx106-elf/bin/ranlib
ac_cv_prog_READELF=xtensa-lx106-elf-readelf
ac_cv_prog_STRIP=/Volumes/ESPTools/esp-open-sdk/crosstool-NG/.build/xtensa-lx106-elf/buildtools/lib/gcc/xtensa-lx106-elf/4.8.2/../../../../xtensa-lx106-elf/bin/strip
ac_cv_prog_cc_g=no
ac_cv_prog_make__Applications_Xcode_app_Contents_Developer_usr_bin_make_set=yes
acnewlib_cv_type_long_double=yes
am_cv_CC_dependencies_compiler_type=gcc3
libc_cv_initfinit_array=yes
newlib_cv_ldbl_eq_dbl=yes

## ----------------- ##
## Output variables. ##
## ----------------- ##

ACLOCAL='${SHELL} /Volumes/ESPTools/esp-open-sdk/crosstool-NG/.build/src/newlib-2.0.0/missing --run aclocal-1.11'
AMDEPBACKSLASH='\'
AMDEP_FALSE='#'
AMDEP_TRUE=''
AMTAR='$${TAR-tar}'
AR='/Volumes/ESPTools/esp-open-sdk/crosstool-NG/.build/xtensa-lx106-elf/buildtools/lib/gcc/xtensa-lx106-elf/4.8.2/../../../../xtensa-lx106-elf/bin/ar'
AS='/Volumes/ESPTools/esp-open-sdk/crosstool-NG/.build/xtensa-lx106-elf/buildtools/lib/gcc/xtensa-lx106-elf/4.8.2/../../../../xtensa-lx106-elf/bin/as'
AUTOCONF='${SHELL} /Volumes/ESPTools/esp-open-sdk/crosstool-NG/.build/src/newlib-2.0.0/missing --run autoconf'
AUTOHEADER='${SHELL} /Volumes/ESPTools/esp-open-sdk/crosstool-NG/.build/src/newlib-2.0.0/missing --run autoheader'
AUTOMAKE='${SHELL} /Volumes/ESPTools/esp-open-sdk/crosstool-NG/.build/src/newlib-2.0.0/missing --run automake-1.11'
AWK='gawk'
CC='xtensa-lx106-elf-cc -B/Volumes/ESPTools/esp-open-sdk/crosstool-NG/.build/xtensa-lx106-elf/build/build-libc/xtensa-lx106-elf/newlib/ -isystem /Volumes/ESPTools/esp-open-sdk/crosstool-NG/.build/xtensa-lx106-elf/build/build-libc/xtensa-lx106-elf/newlib/targ-include -isystem /Volumes/ESPTools/esp-open-sdk/crosstool-NG/.build/src/newlib-2.0.0/newlib/libc/include   '
CCAS='xtensa-lx106-elf-cc -B/Volumes/ESPTools/esp-open-sdk/crosstool-NG/.build/xtensa-lx106-elf/build/build-libc/xtensa-lx106-elf/newlib/ -isystem /Volumes/ESPTools/esp-open-sdk/crosstool-NG/.build/xtensa-lx106-elf/build/build-libc/xtensa-lx106-elf/newlib/targ-include -isystem /Volumes/ESPTools/esp-open-sdk/crosstool-NG/.build/src/newlib-2.0.0/newlib/libc/include   '
CCASFLAGS='-g -Os'
CCDEPMODE='depmode=gcc3'
CFLAGS='-g -Os'
CPP=''
CPPFLAGS=''
CRT0='crt0.o'
CYGPATH_W='echo'
DEFS='-DPACKAGE_NAME=\"newlib\" -DPACKAGE_TARNAME=\"newlib\" -DPACKAGE_VERSION=\"2.0.0\" -DPACKAGE_STRING=\"newlib\ 2.0.0\" -DPACKAGE_BUGREPORT=\"\" -DPACKAGE_URL=\"\"'
DEPDIR='.deps'
DLLTOOL='xtensa-lx106-elf-dlltool'
DSYMUTIL=''
DUMPBIN=''
ECHO_C=''
ECHO_N='-n'
ECHO_T=''
EGREP=''
ELIX_LEVEL_0_FALSE='#'
ELIX_LEVEL_0_TRUE=''
ELIX_LEVEL_1_FALSE=''
ELIX_LEVEL_1_TRUE='#'
ELIX_LEVEL_2_FALSE=''
ELIX_LEVEL_2_TRUE='#'
ELIX_LEVEL_3_FALSE=''
ELIX_LEVEL_3_TRUE='#'
ELIX_LEVEL_4_FALSE=''
ELIX_LEVEL_4_TRUE='#'
ENABLE_NEWLIB_ICONV_FALSE=''
ENABLE_NEWLIB_ICONV_TRUE='#'
EXEEXT=''
FGREP=''
GREP=''
HAVE_LONG_DOUBLE_FALSE='#'
HAVE_LONG_DOUBLE_TRUE=''
HAVE_POSIX_DIR_FALSE=''
HAVE_POSIX_DIR_TRUE='#'
HAVE_SIGNAL_DIR_FALSE='#'
HAVE_SIGNAL_DIR_TRUE=''
HAVE_STDIO64_DIR_FALSE=''
HAVE_STDIO64_DIR_TRUE='#'
HAVE_STDIO_DIR_FALSE='#'
HAVE_STDIO_DIR_TRUE=''
HAVE_SYSCALL_DIR_FALSE='#'
HAVE_SYSCALL_DIR_TRUE=''
HAVE_UNIX_DIR_FALSE=''
HAVE_UNIX_DIR_TRUE='#'
HAVE_XDR_DIR_FALSE=''
HAVE_XDR_DIR_TRUE='#'
INSTALL_DATA='/Volumes/ESPTools/esp-open-sdk/crosstool-NG/.build/tools/bin/install -c -m 644'
INSTALL_PROGRAM='/Volumes/ESPTools/esp-open-sdk/crosstool-NG/.build/tools/bin/install -c'
INSTALL_SCRIPT='/Volumes/ESPTools/esp-open-sdk/crosstool-NG/.build/tools/bin/install -c'
INSTALL_STRIP_PROGRAM='$(install_sh) -c -s'
LD='/Volumes/ESPTools/esp-open-sdk/crosstool-NG/.build/xtensa-lx106-elf/buildtools/lib/gcc/xtensa-lx106-elf/4.8.2/../../../../xtensa-lx106-elf/bin/ld'
LDFLAGS=''
LIBC_EXTRA_DEF=''
LIBC_EXTRA_LIB=''
LIBC_MACHINE_LIB='machine/lib.a'
LIBC_POSIX_DEF=''
LIBC_POSIX_LIB=''
LIBC_SIGNAL_DEF='signal/stmp-def'
LIBC_SIGNAL_LIB='signal/lib.a'
LIBC_STDIO64_DEF=''
LIBC_STDIO64_LIB=''
LIBC_STDIO_DEF='stdio/stmp-def'
LIBC_STDIO_LIB='stdio/lib.a'
LIBC_SYSCALL_LIB='syscalls/lib.a'
LIBC_SYS_LIB='sys/lib.a'
LIBC_UNIX_LIB=''
LIBC_XDR_DEF=''
LIBC_XDR_LIB=''
LIBOBJS=''
LIBS=''
LIBTOOL=''
LIPO='xtensa-lx106-elf-lipo'
LN_S=''
LTLIBOBJS=''
MAINT='#'
MAINTAINER_MODE_FALSE=''
MAINTAINER_MODE_TRUE='#'
MAKEINFO='makeinfo --split-size=5000000'
MAY_SUPPLY_SYSCALLS_FALSE='#'
MAY_SUPPLY_SYSCALLS_TRUE=''
MKDIR_P='/Volumes/ESPTools/esp-open-sdk/crosstool-NG/.build/src/newlib-2.0.0/newlib/libc/../../install-sh -c -d'
NEWLIB_CFLAGS=' -Os -mlongcalls -DREENTRANT_SYSCALLS_PROVIDED -DNO_FLOATING_POINT -DHAVE_RENAME_R -DHAVE_GETTIMEOFDAY -I. -fno-builtin'
NM='xtensa-lx106-elf-nm'
NMEDIT=''
NO_INCLUDE_LIST=' rpc/types.h rpc/xdr.h'
OBJDUMP='xtensa-lx106-elf-objdump'
OBJEXT='o'
OTOOL64=''
OTOOL=''
PACKAGE='newlib'
PACKAGE_BUGREPORT=''
PACKAGE_NAME='newlib'
PACKAGE_STRING='newlib 2.0.0'
PACKAGE_TARNAME='newlib'
PACKAGE_URL=''
PACKAGE_VERSION='2.0.0'
PATH_SEPARATOR=':'
RANLIB='/Volumes/ESPTools/esp-open-sdk/crosstool-NG/.build/xtensa-lx106-elf/buildtools/lib/gcc/xtensa-lx106-elf/4.8.2/../../../../xtensa-lx106-elf/bin/ranlib'
READELF='xtensa-lx106-elf-readelf'
SED='/Volumes/ESPTools/esp-open-sdk/crosstool-NG/.build/tools/bin/sed'
SET_MAKE=''
SHELL='/bin/bash'
STRIP='/Volumes/ESPTools/esp-open-sdk/crosstool-NG/.build/xtensa-lx106-elf/buildtools/lib/gcc/xtensa-lx106-elf/4.8.2/../../../../xtensa-lx106-elf/bin/strip'
USE_LIBTOOL_FALSE=''
USE_LIBTOOL_TRUE='#'
VERSION='2.0.0'
ac_ct_CC=''
ac_ct_DUMPBIN=''
aext='a'
am__EXEEXT_FALSE=''
am__EXEEXT_TRUE='#'
am__fastdepCC_FALSE='#'
am__fastdepCC_TRUE=''
am__include='include'
am__isrc=' -I$(srcdir)'
am__leading_dot='.'
am__nodep='_no'
am__quote=''
am__tar='$${TAR-tar} chof - "$$tardir"'
am__untar='$${TAR-tar} xf -'
bindir='${exec_prefix}/bin'
build='x86_64-apple-darwin14.0.0'
build_alias='x86_64-apple-darwin14.0.0'
build_cpu='x86_64'
build_os='darwin14.0.0'
build_vendor='apple'
datadir='${datarootdir}'
datarootdir='${prefix}/share'
docdir='${datarootdir}/doc/${PACKAGE_TARNAME}'
dvidir='${docdir}'
exec_prefix='${prefix}'
extra_dir=''
host='xtensa-lx106-elf'
host_alias='xtensa-lx106-elf'
host_cpu='xtensa'
host_os='elf'
host_vendor='lx106'
htmldir='${docdir}'
includedir='${prefix}/include'
infodir='${datarootdir}/info'
install_sh='${SHELL} /Volumes/ESPTools/esp-open-sdk/crosstool-NG/.build/src/newlib-2.0.0/install-sh'
libdir='${exec_prefix}/lib'
libexecdir='${exec_prefix}/libexec'
libm_machine_dir='xtensa'
localedir='${datarootdir}/locale'
localstatedir='${prefix}/var'
lpfx='lib_a-'
machine_dir='xtensa'
mandir='${datarootdir}/man'
mkdir_p='/Volumes/ESPTools/esp-open-sdk/crosstool-NG/.build/src/newlib-2.0.0/newlib/libc/../../install-sh -c -d'
newlib_basedir='/Volumes/ESPTools/esp-open-sdk/crosstool-NG/.build/src/newlib-2.0.0/newlib/libc/..'
oext='o'
oldincludedir='/usr/include'
pdfdir='${docdir}'
prefix='/esptools/esp-open-sdk/xtensa-lx106-elf'
program_transform_name='s&^&xtensa-lx106-elf-&'
psdir='${docdir}'
sbindir='${exec_prefix}/sbin'
sharedstatedir='${prefix}/com'
subdirs=' machine sys'
sys_dir='xtensa'
sysconfdir='${prefix}/etc'
target_alias='xtensa-lx106-elf'

## ----------- ##
## confdefs.h. ##
## ----------- ##

/* confdefs.h */
#define PACKAGE_NAME "newlib"
#define PACKAGE_TARNAME "newlib"
#define PACKAGE_VERSION "2.0.0"
#define PACKAGE_STRING "newlib 2.0.0"
#define PACKAGE_BUGREPORT ""
#define PACKAGE_URL ""

configure: exit 0
